[2021-08-13 23:29:58,065] {scheduler_job.py:181} INFO - Started process (PID=24) to work on /opt/airflow/dags/coin-extractor.py
[2021-08-13 23:29:58,066] {scheduler_job.py:632} INFO - Processing file /opt/airflow/dags/coin-extractor.py for tasks to queue
[2021-08-13 23:29:58,066] {logging_mixin.py:104} INFO - [2021-08-13 23:29:58,066] {dagbag.py:496} INFO - Filling up the DagBag from /opt/airflow/dags/coin-extractor.py
[2021-08-13 23:29:58,199] {logging_mixin.py:104} INFO - [2021-08-13 23:29:58,156] {dagbag.py:329} ERROR - Failed to import: /opt/airflow/dags/coin-extractor.py
Traceback (most recent call last):
  File "/home/airflow/.local/lib/python3.6/site-packages/airflow/models/dagbag.py", line 326, in _load_modules_from_file
    loader.exec_module(new_module)
  File "<frozen importlib._bootstrap_external>", line 678, in exec_module
  File "<frozen importlib._bootstrap>", line 219, in _call_with_frames_removed
  File "/opt/airflow/dags/coin-extractor.py", line 5, in <module>
    from scripts.get_coins_price import get_coins_price
ModuleNotFoundError: No module named 'scripts.get_coins_price'
[2021-08-13 23:29:58,199] {scheduler_job.py:644} WARNING - No viable dags retrieved from /opt/airflow/dags/coin-extractor.py
[2021-08-13 23:29:58,301] {scheduler_job.py:189} INFO - Processing /opt/airflow/dags/coin-extractor.py took 0.268 seconds
[2021-08-13 23:30:28,537] {scheduler_job.py:181} INFO - Started process (PID=77) to work on /opt/airflow/dags/coin-extractor.py
[2021-08-13 23:30:28,538] {scheduler_job.py:632} INFO - Processing file /opt/airflow/dags/coin-extractor.py for tasks to queue
[2021-08-13 23:30:28,539] {logging_mixin.py:104} INFO - [2021-08-13 23:30:28,539] {dagbag.py:496} INFO - Filling up the DagBag from /opt/airflow/dags/coin-extractor.py
[2021-08-13 23:30:28,582] {logging_mixin.py:104} INFO - [2021-08-13 23:30:28,581] {dagbag.py:329} ERROR - Failed to import: /opt/airflow/dags/coin-extractor.py
Traceback (most recent call last):
  File "/home/airflow/.local/lib/python3.6/site-packages/airflow/models/dagbag.py", line 326, in _load_modules_from_file
    loader.exec_module(new_module)
  File "<frozen importlib._bootstrap_external>", line 678, in exec_module
  File "<frozen importlib._bootstrap>", line 219, in _call_with_frames_removed
  File "/opt/airflow/dags/coin-extractor.py", line 5, in <module>
    from scripts.get_coins_price import get_coins_price
ModuleNotFoundError: No module named 'scripts.get_coins_price'
[2021-08-13 23:30:28,597] {scheduler_job.py:644} WARNING - No viable dags retrieved from /opt/airflow/dags/coin-extractor.py
[2021-08-13 23:30:28,624] {scheduler_job.py:189} INFO - Processing /opt/airflow/dags/coin-extractor.py took 0.095 seconds
[2021-08-13 23:30:58,710] {scheduler_job.py:181} INFO - Started process (PID=132) to work on /opt/airflow/dags/coin-extractor.py
[2021-08-13 23:30:58,717] {scheduler_job.py:632} INFO - Processing file /opt/airflow/dags/coin-extractor.py for tasks to queue
[2021-08-13 23:30:58,717] {logging_mixin.py:104} INFO - [2021-08-13 23:30:58,717] {dagbag.py:496} INFO - Filling up the DagBag from /opt/airflow/dags/coin-extractor.py
[2021-08-13 23:30:58,740] {logging_mixin.py:104} INFO - [2021-08-13 23:30:58,739] {dagbag.py:329} ERROR - Failed to import: /opt/airflow/dags/coin-extractor.py
Traceback (most recent call last):
  File "/home/airflow/.local/lib/python3.6/site-packages/airflow/models/dagbag.py", line 326, in _load_modules_from_file
    loader.exec_module(new_module)
  File "<frozen importlib._bootstrap_external>", line 678, in exec_module
  File "<frozen importlib._bootstrap>", line 219, in _call_with_frames_removed
  File "/opt/airflow/dags/coin-extractor.py", line 5, in <module>
    from scripts.get_coins_price import get_coins_price
ModuleNotFoundError: No module named 'scripts.get_coins_price'
[2021-08-13 23:30:58,741] {scheduler_job.py:644} WARNING - No viable dags retrieved from /opt/airflow/dags/coin-extractor.py
[2021-08-13 23:30:58,763] {scheduler_job.py:189} INFO - Processing /opt/airflow/dags/coin-extractor.py took 0.060 seconds
[2021-08-13 23:31:28,857] {scheduler_job.py:181} INFO - Started process (PID=184) to work on /opt/airflow/dags/coin-extractor.py
[2021-08-13 23:31:28,858] {scheduler_job.py:632} INFO - Processing file /opt/airflow/dags/coin-extractor.py for tasks to queue
[2021-08-13 23:31:28,859] {logging_mixin.py:104} INFO - [2021-08-13 23:31:28,859] {dagbag.py:496} INFO - Filling up the DagBag from /opt/airflow/dags/coin-extractor.py
[2021-08-13 23:31:28,882] {logging_mixin.py:104} INFO - [2021-08-13 23:31:28,881] {dagbag.py:329} ERROR - Failed to import: /opt/airflow/dags/coin-extractor.py
Traceback (most recent call last):
  File "/home/airflow/.local/lib/python3.6/site-packages/airflow/models/dagbag.py", line 326, in _load_modules_from_file
    loader.exec_module(new_module)
  File "<frozen importlib._bootstrap_external>", line 678, in exec_module
  File "<frozen importlib._bootstrap>", line 219, in _call_with_frames_removed
  File "/opt/airflow/dags/coin-extractor.py", line 5, in <module>
    from scripts.get_coins_price import get_coins_price
ModuleNotFoundError: No module named 'scripts.get_coins_price'
[2021-08-13 23:31:28,882] {scheduler_job.py:644} WARNING - No viable dags retrieved from /opt/airflow/dags/coin-extractor.py
[2021-08-13 23:31:28,901] {scheduler_job.py:189} INFO - Processing /opt/airflow/dags/coin-extractor.py took 0.047 seconds
[2021-08-13 23:31:37,754] {scheduler_job.py:181} INFO - Started process (PID=219) to work on /opt/airflow/dags/coin-extractor.py
[2021-08-13 23:31:37,756] {scheduler_job.py:632} INFO - Processing file /opt/airflow/dags/coin-extractor.py for tasks to queue
[2021-08-13 23:31:37,757] {logging_mixin.py:104} INFO - [2021-08-13 23:31:37,757] {dagbag.py:496} INFO - Filling up the DagBag from /opt/airflow/dags/coin-extractor.py
[2021-08-13 23:31:37,807] {scheduler_job.py:642} INFO - DAG(s) dict_keys(['coin-extractor']) retrieved from /opt/airflow/dags/coin-extractor.py
[2021-08-13 23:31:46,753] {logging_mixin.py:104} INFO - [2021-08-13 23:31:46,751] {dag.py:1833} INFO - Sync 1 DAGs
[2021-08-13 23:31:46,781] {logging_mixin.py:104} INFO - [2021-08-13 23:31:46,779] {dag.py:1852} INFO - Creating ORM DAG for coin-extractor
[2021-08-13 23:31:46,794] {logging_mixin.py:104} INFO - [2021-08-13 23:31:46,794] {dag.py:2306} INFO - Setting next_dagrun for coin-extractor to 2021-08-10 07:00:00+00:00
[2021-08-13 23:31:46,811] {scheduler_job.py:189} INFO - Processing /opt/airflow/dags/coin-extractor.py took 9.061 seconds
[2021-08-13 23:32:16,914] {scheduler_job.py:181} INFO - Started process (PID=298) to work on /opt/airflow/dags/coin-extractor.py
[2021-08-13 23:32:16,915] {scheduler_job.py:632} INFO - Processing file /opt/airflow/dags/coin-extractor.py for tasks to queue
[2021-08-13 23:32:16,916] {logging_mixin.py:104} INFO - [2021-08-13 23:32:16,916] {dagbag.py:496} INFO - Filling up the DagBag from /opt/airflow/dags/coin-extractor.py
[2021-08-13 23:32:16,939] {logging_mixin.py:104} INFO - [2021-08-13 23:32:16,938] {dagbag.py:329} ERROR - Failed to import: /opt/airflow/dags/coin-extractor.py
Traceback (most recent call last):
  File "/home/airflow/.local/lib/python3.6/site-packages/airflow/models/dagbag.py", line 326, in _load_modules_from_file
    loader.exec_module(new_module)
  File "<frozen importlib._bootstrap_external>", line 678, in exec_module
  File "<frozen importlib._bootstrap>", line 219, in _call_with_frames_removed
  File "/opt/airflow/dags/coin-extractor.py", line 5, in <module>
    from dags.scripts.get_coins_price import get_coins_price
ModuleNotFoundError: No module named 'dags'
[2021-08-13 23:32:16,939] {scheduler_job.py:644} WARNING - No viable dags retrieved from /opt/airflow/dags/coin-extractor.py
[2021-08-13 23:32:16,981] {scheduler_job.py:189} INFO - Processing /opt/airflow/dags/coin-extractor.py took 0.071 seconds
[2021-08-13 23:32:42,431] {scheduler_job.py:181} INFO - Started process (PID=342) to work on /opt/airflow/dags/coin-extractor.py
[2021-08-13 23:32:42,437] {scheduler_job.py:632} INFO - Processing file /opt/airflow/dags/coin-extractor.py for tasks to queue
[2021-08-13 23:32:42,438] {logging_mixin.py:104} INFO - [2021-08-13 23:32:42,437] {dagbag.py:496} INFO - Filling up the DagBag from /opt/airflow/dags/coin-extractor.py
[2021-08-13 23:32:42,457] {scheduler_job.py:642} INFO - DAG(s) dict_keys(['coin-extractor']) retrieved from /opt/airflow/dags/coin-extractor.py
[2021-08-13 23:32:42,484] {logging_mixin.py:104} INFO - [2021-08-13 23:32:42,484] {dag.py:1833} INFO - Sync 1 DAGs
[2021-08-13 23:32:42,511] {logging_mixin.py:104} INFO - [2021-08-13 23:32:42,511] {dag.py:2306} INFO - Setting next_dagrun for coin-extractor to 2021-08-10 07:00:00+00:00
[2021-08-13 23:32:42,529] {scheduler_job.py:189} INFO - Processing /opt/airflow/dags/coin-extractor.py took 0.100 seconds
