[2021-08-13 22:58:21,426] {dag_processing.py:604} INFO - Processing files using up to 2 processes at a time 
[2021-08-13 22:58:21,458] {dag_processing.py:605} INFO - Process each file at most once every 30 seconds
[2021-08-13 22:58:21,458] {dag_processing.py:607} INFO - Checking for new files in /opt/airflow/dags every 300 seconds
[2021-08-13 22:58:21,459] {dag_processing.py:754} INFO - Searching for files in /opt/airflow/dags
[2021-08-13 22:58:21,539] {dag_processing.py:757} INFO - There are 31 files in /opt/airflow/dags
[2021-08-13 22:58:21,791] {dag_processing.py:1128} INFO - Finding 'running' jobs without a recent heartbeat
[2021-08-13 22:58:21,793] {dag_processing.py:1132} INFO - Failing jobs without heartbeat after 2021-08-13 22:53:21.793426+00:00
[2021-08-13 22:58:21,851] {dag_processing.py:861} INFO - 
================================================================================
DAG File Processing Stats

File Path                                                                                                           PID  Runtime      # DAGs    # Errors  Last Runtime    Last Run
----------------------------------------------------------------------------------------------------------------  -----  ---------  --------  ----------  --------------  ----------
/home/airflow/.local/lib/python3.6/site-packages/airflow/example_dags/example_bash_operator.py                       36  0.06s             0           0
/home/airflow/.local/lib/python3.6/site-packages/airflow/example_dags/example_trigger_target_dag.py                  37  0.06s             0           0
/home/airflow/.local/lib/python3.6/site-packages/airflow/example_dags/example_python_operator.py                                           0           0
/home/airflow/.local/lib/python3.6/site-packages/airflow/example_dags/example_short_circuit_operator.py                                    0           0
/home/airflow/.local/lib/python3.6/site-packages/airflow/example_dags/example_latest_only.py                                               0           0
/home/airflow/.local/lib/python3.6/site-packages/airflow/example_dags/tutorial_etl_dag.py                                                  0           0
/home/airflow/.local/lib/python3.6/site-packages/airflow/example_dags/example_task_group.py                                                0           0
/home/airflow/.local/lib/python3.6/site-packages/airflow/example_dags/example_branch_day_of_week_operator.py                               0           0
/home/airflow/.local/lib/python3.6/site-packages/airflow/example_dags/example_xcom.py                                                      0           0
/home/airflow/.local/lib/python3.6/site-packages/airflow/example_dags/example_branch_datetime_operator.py                                  0           0
/home/airflow/.local/lib/python3.6/site-packages/airflow/example_dags/example_branch_labels.py                                             0           0
/home/airflow/.local/lib/python3.6/site-packages/airflow/example_dags/example_kubernetes_executor_config.py                                0           0
/home/airflow/.local/lib/python3.6/site-packages/airflow/example_dags/example_task_group_decorator.py                                      0           0
/home/airflow/.local/lib/python3.6/site-packages/airflow/example_dags/test_utils.py                                                        0           0
/home/airflow/.local/lib/python3.6/site-packages/airflow/example_dags/example_subdag_operator.py                                           0           0
/home/airflow/.local/lib/python3.6/site-packages/airflow/example_dags/example_branch_operator.py                                           0           0
/home/airflow/.local/lib/python3.6/site-packages/airflow/example_dags/example_complex.py                                                   0           0
/home/airflow/.local/lib/python3.6/site-packages/airflow/example_dags/example_dag_decorator.py                                             0           0
/home/airflow/.local/lib/python3.6/site-packages/airflow/example_dags/tutorial.py                                                          0           0
/home/airflow/.local/lib/python3.6/site-packages/airflow/example_dags/example_latest_only_with_trigger.py                                  0           0
/home/airflow/.local/lib/python3.6/site-packages/airflow/example_dags/example_branch_python_dop_operator_3.py                              0           0
/home/airflow/.local/lib/python3.6/site-packages/airflow/example_dags/tutorial_taskflow_api_etl_virtualenv.py                              0           0
/home/airflow/.local/lib/python3.6/site-packages/airflow/example_dags/example_xcomargs.py                                                  0           0
/home/airflow/.local/lib/python3.6/site-packages/airflow/example_dags/example_nested_branch_dag.py                                         0           0
/home/airflow/.local/lib/python3.6/site-packages/airflow/example_dags/example_kubernetes_executor.py                                       0           0
/home/airflow/.local/lib/python3.6/site-packages/airflow/example_dags/example_external_task_marker_dag.py                                  0           0
/home/airflow/.local/lib/python3.6/site-packages/airflow/example_dags/example_passing_params_via_test_command.py                           0           0
/home/airflow/.local/lib/python3.6/site-packages/airflow/example_dags/example_skip_dag.py                                                  0           0
/home/airflow/.local/lib/python3.6/site-packages/airflow/example_dags/example_trigger_controller_dag.py                                    0           0
/home/airflow/.local/lib/python3.6/site-packages/airflow/example_dags/tutorial_taskflow_api_etl.py                                         0           0
/home/airflow/.local/lib/python3.6/site-packages/airflow/example_dags/subdags/subdag.py                                                    0           0
================================================================================
[2021-08-13 22:58:31,890] {dag_processing.py:1128} INFO - Finding 'running' jobs without a recent heartbeat
[2021-08-13 22:58:31,891] {dag_processing.py:1132} INFO - Failing jobs without heartbeat after 2021-08-13 22:53:31.891221+00:00
[2021-08-13 22:58:42,224] {dag_processing.py:1128} INFO - Finding 'running' jobs without a recent heartbeat
[2021-08-13 22:58:42,241] {dag_processing.py:1132} INFO - Failing jobs without heartbeat after 2021-08-13 22:53:42.241089+00:00
[2021-08-13 22:58:52,303] {dag_processing.py:1128} INFO - Finding 'running' jobs without a recent heartbeat
[2021-08-13 22:58:52,320] {dag_processing.py:1132} INFO - Failing jobs without heartbeat after 2021-08-13 22:53:52.319960+00:00
[2021-08-13 22:58:52,381] {dag_processing.py:861} INFO - 
================================================================================
DAG File Processing Stats

File Path                                                                                                           PID  Runtime      # DAGs    # Errors  Last Runtime    Last Run
----------------------------------------------------------------------------------------------------------------  -----  ---------  --------  ----------  --------------  -------------------
/home/airflow/.local/lib/python3.6/site-packages/airflow/example_dags/example_task_group.py                          79  6.69s             0           0
/home/airflow/.local/lib/python3.6/site-packages/airflow/example_dags/example_branch_day_of_week_operator.py         93  1.67s             0           0
/home/airflow/.local/lib/python3.6/site-packages/airflow/example_dags/example_xcom.py                                                      0           0
/home/airflow/.local/lib/python3.6/site-packages/airflow/example_dags/example_branch_datetime_operator.py                                  0           0
/home/airflow/.local/lib/python3.6/site-packages/airflow/example_dags/example_branch_labels.py                                             0           0
/home/airflow/.local/lib/python3.6/site-packages/airflow/example_dags/example_kubernetes_executor_config.py                                0           0
/home/airflow/.local/lib/python3.6/site-packages/airflow/example_dags/example_task_group_decorator.py                                      0           0
/home/airflow/.local/lib/python3.6/site-packages/airflow/example_dags/test_utils.py                                                        0           0
/home/airflow/.local/lib/python3.6/site-packages/airflow/example_dags/example_subdag_operator.py                                           0           0
/home/airflow/.local/lib/python3.6/site-packages/airflow/example_dags/example_branch_operator.py                                           0           0
/home/airflow/.local/lib/python3.6/site-packages/airflow/example_dags/example_complex.py                                                   0           0
/home/airflow/.local/lib/python3.6/site-packages/airflow/example_dags/example_dag_decorator.py                                             0           0
/home/airflow/.local/lib/python3.6/site-packages/airflow/example_dags/tutorial.py                                                          0           0
/home/airflow/.local/lib/python3.6/site-packages/airflow/example_dags/example_latest_only_with_trigger.py                                  0           0
/home/airflow/.local/lib/python3.6/site-packages/airflow/example_dags/example_branch_python_dop_operator_3.py                              0           0
/home/airflow/.local/lib/python3.6/site-packages/airflow/example_dags/tutorial_taskflow_api_etl_virtualenv.py                              0           0
/home/airflow/.local/lib/python3.6/site-packages/airflow/example_dags/example_xcomargs.py                                                  0           0
/home/airflow/.local/lib/python3.6/site-packages/airflow/example_dags/example_nested_branch_dag.py                                         0           0
/home/airflow/.local/lib/python3.6/site-packages/airflow/example_dags/example_kubernetes_executor.py                                       0           0
/home/airflow/.local/lib/python3.6/site-packages/airflow/example_dags/example_external_task_marker_dag.py                                  0           0
/home/airflow/.local/lib/python3.6/site-packages/airflow/example_dags/example_passing_params_via_test_command.py                           0           0
/home/airflow/.local/lib/python3.6/site-packages/airflow/example_dags/example_skip_dag.py                                                  0           0
/home/airflow/.local/lib/python3.6/site-packages/airflow/example_dags/example_trigger_controller_dag.py                                    0           0
/home/airflow/.local/lib/python3.6/site-packages/airflow/example_dags/tutorial_taskflow_api_etl.py                                         0           0
/home/airflow/.local/lib/python3.6/site-packages/airflow/example_dags/subdags/subdag.py                                                    0           0
/home/airflow/.local/lib/python3.6/site-packages/airflow/example_dags/example_bash_operator.py                                             1           0  10.99s          2021-08-13T22:58:32
/home/airflow/.local/lib/python3.6/site-packages/airflow/example_dags/example_trigger_target_dag.py                                        1           0  11.01s          2021-08-13T22:58:32
/home/airflow/.local/lib/python3.6/site-packages/airflow/example_dags/example_python_operator.py                                           1           0  9.01s           2021-08-13T22:58:41
/home/airflow/.local/lib/python3.6/site-packages/airflow/example_dags/example_short_circuit_operator.py                                    1           0  6.42s           2021-08-13T22:58:39
/home/airflow/.local/lib/python3.6/site-packages/airflow/example_dags/example_latest_only.py                                               1           0  6.43s           2021-08-13T22:58:45
/home/airflow/.local/lib/python3.6/site-packages/airflow/example_dags/tutorial_etl_dag.py                                                  1           0  8.89s           2021-08-13T22:58:50
================================================================================
[2021-08-13 22:59:02,704] {dag_processing.py:1128} INFO - Finding 'running' jobs without a recent heartbeat
[2021-08-13 22:59:02,708] {dag_processing.py:1132} INFO - Failing jobs without heartbeat after 2021-08-13 22:54:02.708187+00:00
[2021-08-13 22:59:13,186] {dag_processing.py:1128} INFO - Finding 'running' jobs without a recent heartbeat
[2021-08-13 22:59:13,187] {dag_processing.py:1132} INFO - Failing jobs without heartbeat after 2021-08-13 22:54:13.187755+00:00
[2021-08-13 22:59:22,519] {dag_processing.py:861} INFO - 
================================================================================
DAG File Processing Stats

File Path                                                                                                           PID  Runtime      # DAGs    # Errors  Last Runtime    Last Run
----------------------------------------------------------------------------------------------------------------  -----  ---------  --------  ----------  --------------  -------------------
/home/airflow/.local/lib/python3.6/site-packages/airflow/example_dags/test_utils.py                                 137  3.02s             0           0
/home/airflow/.local/lib/python3.6/site-packages/airflow/example_dags/example_subdag_operator.py                    142  0.17s             0           0
/home/airflow/.local/lib/python3.6/site-packages/airflow/example_dags/example_branch_operator.py                                           0           0
/home/airflow/.local/lib/python3.6/site-packages/airflow/example_dags/example_complex.py                                                   0           0
/home/airflow/.local/lib/python3.6/site-packages/airflow/example_dags/example_dag_decorator.py                                             0           0
/home/airflow/.local/lib/python3.6/site-packages/airflow/example_dags/tutorial.py                                                          0           0
/home/airflow/.local/lib/python3.6/site-packages/airflow/example_dags/example_latest_only_with_trigger.py                                  0           0
/home/airflow/.local/lib/python3.6/site-packages/airflow/example_dags/example_branch_python_dop_operator_3.py                              0           0
/home/airflow/.local/lib/python3.6/site-packages/airflow/example_dags/tutorial_taskflow_api_etl_virtualenv.py                              0           0
/home/airflow/.local/lib/python3.6/site-packages/airflow/example_dags/example_xcomargs.py                                                  0           0
/home/airflow/.local/lib/python3.6/site-packages/airflow/example_dags/example_nested_branch_dag.py                                         0           0
/home/airflow/.local/lib/python3.6/site-packages/airflow/example_dags/example_kubernetes_executor.py                                       0           0
/home/airflow/.local/lib/python3.6/site-packages/airflow/example_dags/example_external_task_marker_dag.py                                  0           0
/home/airflow/.local/lib/python3.6/site-packages/airflow/example_dags/example_passing_params_via_test_command.py                           0           0
/home/airflow/.local/lib/python3.6/site-packages/airflow/example_dags/example_skip_dag.py                                                  0           0
/home/airflow/.local/lib/python3.6/site-packages/airflow/example_dags/example_trigger_controller_dag.py                                    0           0
/home/airflow/.local/lib/python3.6/site-packages/airflow/example_dags/tutorial_taskflow_api_etl.py                                         0           0
/home/airflow/.local/lib/python3.6/site-packages/airflow/example_dags/subdags/subdag.py                                                    0           0
/home/airflow/.local/lib/python3.6/site-packages/airflow/example_dags/example_bash_operator.py                                             1           0  10.99s          2021-08-13T22:58:32
/home/airflow/.local/lib/python3.6/site-packages/airflow/example_dags/example_trigger_target_dag.py                                        1           0  11.01s          2021-08-13T22:58:32
/home/airflow/.local/lib/python3.6/site-packages/airflow/example_dags/example_python_operator.py                                           1           0  9.01s           2021-08-13T22:58:41
/home/airflow/.local/lib/python3.6/site-packages/airflow/example_dags/example_short_circuit_operator.py                                    1           0  6.42s           2021-08-13T22:58:39
/home/airflow/.local/lib/python3.6/site-packages/airflow/example_dags/example_latest_only.py                                               1           0  6.43s           2021-08-13T22:58:45
/home/airflow/.local/lib/python3.6/site-packages/airflow/example_dags/tutorial_etl_dag.py                                                  1           0  8.89s           2021-08-13T22:58:50
/home/airflow/.local/lib/python3.6/site-packages/airflow/example_dags/example_task_group.py                                                1           0  8.60s           2021-08-13T22:58:54
/home/airflow/.local/lib/python3.6/site-packages/airflow/example_dags/example_branch_day_of_week_operator.py                               1           0  11.37s          2021-08-13T22:59:02
/home/airflow/.local/lib/python3.6/site-packages/airflow/example_dags/example_xcom.py                                                      1           0  8.45s           2021-08-13T22:59:02
/home/airflow/.local/lib/python3.6/site-packages/airflow/example_dags/example_branch_datetime_operator.py                                  1           0  8.09s           2021-08-13T22:59:10
/home/airflow/.local/lib/python3.6/site-packages/airflow/example_dags/example_branch_labels.py                                             1           0  9.86s           2021-08-13T22:59:12
/home/airflow/.local/lib/python3.6/site-packages/airflow/example_dags/example_kubernetes_executor_config.py                                1           0  9.36s           2021-08-13T22:59:19
/home/airflow/.local/lib/python3.6/site-packages/airflow/example_dags/example_task_group_decorator.py                                      1           0  9.75s           2021-08-13T22:59:22
================================================================================
[2021-08-13 22:59:23,355] {dag_processing.py:1128} INFO - Finding 'running' jobs without a recent heartbeat
[2021-08-13 22:59:23,355] {dag_processing.py:1132} INFO - Failing jobs without heartbeat after 2021-08-13 22:54:23.355779+00:00
[2021-08-13 22:59:33,593] {dag_processing.py:1128} INFO - Finding 'running' jobs without a recent heartbeat
[2021-08-13 22:59:33,604] {dag_processing.py:1132} INFO - Failing jobs without heartbeat after 2021-08-13 22:54:33.604402+00:00
[2021-08-13 22:59:44,387] {dag_processing.py:1128} INFO - Finding 'running' jobs without a recent heartbeat
[2021-08-13 22:59:44,389] {dag_processing.py:1132} INFO - Failing jobs without heartbeat after 2021-08-13 22:54:44.389287+00:00
[2021-08-13 22:59:53,052] {dag_processing.py:861} INFO - 
================================================================================
DAG File Processing Stats

File Path                                                                                                           PID  Runtime      # DAGs    # Errors  Last Runtime    Last Run
----------------------------------------------------------------------------------------------------------------  -----  ---------  --------  ----------  --------------  -------------------
/home/airflow/.local/lib/python3.6/site-packages/airflow/example_dags/example_kubernetes_executor.py                211  2.88s             0           0
/home/airflow/.local/lib/python3.6/site-packages/airflow/example_dags/example_external_task_marker_dag.py           216  2.01s             0           0
/home/airflow/.local/lib/python3.6/site-packages/airflow/example_dags/example_passing_params_via_test_command.py                           0           0
/home/airflow/.local/lib/python3.6/site-packages/airflow/example_dags/example_skip_dag.py                                                  0           0
/home/airflow/.local/lib/python3.6/site-packages/airflow/example_dags/example_trigger_controller_dag.py                                    0           0
/home/airflow/.local/lib/python3.6/site-packages/airflow/example_dags/tutorial_taskflow_api_etl.py                                         0           0
/home/airflow/.local/lib/python3.6/site-packages/airflow/example_dags/subdags/subdag.py                                                    0           0
/home/airflow/.local/lib/python3.6/site-packages/airflow/example_dags/example_bash_operator.py                                             1           0  10.99s          2021-08-13T22:58:32
/home/airflow/.local/lib/python3.6/site-packages/airflow/example_dags/example_trigger_target_dag.py                                        1           0  11.01s          2021-08-13T22:58:32
/home/airflow/.local/lib/python3.6/site-packages/airflow/example_dags/example_python_operator.py                                           1           0  9.01s           2021-08-13T22:58:41
/home/airflow/.local/lib/python3.6/site-packages/airflow/example_dags/example_short_circuit_operator.py                                    1           0  6.42s           2021-08-13T22:58:39
/home/airflow/.local/lib/python3.6/site-packages/airflow/example_dags/example_latest_only.py                                               1           0  6.43s           2021-08-13T22:58:45
/home/airflow/.local/lib/python3.6/site-packages/airflow/example_dags/tutorial_etl_dag.py                                                  1           0  8.89s           2021-08-13T22:58:50
/home/airflow/.local/lib/python3.6/site-packages/airflow/example_dags/example_task_group.py                                                1           0  8.60s           2021-08-13T22:58:54
/home/airflow/.local/lib/python3.6/site-packages/airflow/example_dags/example_branch_day_of_week_operator.py                               1           0  11.37s          2021-08-13T22:59:02
/home/airflow/.local/lib/python3.6/site-packages/airflow/example_dags/example_xcom.py                                                      1           0  8.45s           2021-08-13T22:59:02
/home/airflow/.local/lib/python3.6/site-packages/airflow/example_dags/example_branch_datetime_operator.py                                  1           0  8.09s           2021-08-13T22:59:10
/home/airflow/.local/lib/python3.6/site-packages/airflow/example_dags/example_branch_labels.py                                             1           0  9.86s           2021-08-13T22:59:12
/home/airflow/.local/lib/python3.6/site-packages/airflow/example_dags/example_kubernetes_executor_config.py                                1           0  9.36s           2021-08-13T22:59:19
/home/airflow/.local/lib/python3.6/site-packages/airflow/example_dags/example_task_group_decorator.py                                      1           0  9.75s           2021-08-13T22:59:22
/home/airflow/.local/lib/python3.6/site-packages/airflow/example_dags/test_utils.py                                                        1           0  4.59s           2021-08-13T22:59:24
/home/airflow/.local/lib/python3.6/site-packages/airflow/example_dags/example_branch_operator.py                                           1           0  4.50s           2021-08-13T22:59:28
/home/airflow/.local/lib/python3.6/site-packages/airflow/example_dags/example_complex.py                                                   1           0  7.02s           2021-08-13T22:59:33
/home/airflow/.local/lib/python3.6/site-packages/airflow/example_dags/example_dag_decorator.py                                             1           0  5.50s           2021-08-13T22:59:34
/home/airflow/.local/lib/python3.6/site-packages/airflow/example_dags/tutorial.py                                                          1           0  5.37s           2021-08-13T22:59:38
/home/airflow/.local/lib/python3.6/site-packages/airflow/example_dags/example_latest_only_with_trigger.py                                  1           0  5.29s           2021-08-13T22:59:39
/home/airflow/.local/lib/python3.6/site-packages/airflow/example_dags/example_branch_python_dop_operator_3.py                              1           0  4.70s           2021-08-13T22:59:43
/home/airflow/.local/lib/python3.6/site-packages/airflow/example_dags/tutorial_taskflow_api_etl_virtualenv.py                              1           0  5.05s           2021-08-13T22:59:44
/home/airflow/.local/lib/python3.6/site-packages/airflow/example_dags/example_nested_branch_dag.py                                         1           0  6.61s           2021-08-13T22:59:51
/home/airflow/.local/lib/python3.6/site-packages/airflow/example_dags/example_xcomargs.py                                                  2           0  6.78s           2021-08-13T22:59:50
/home/airflow/.local/lib/python3.6/site-packages/airflow/example_dags/example_subdag_operator.py                                           3           0  3.94s           2021-08-13T22:59:26
================================================================================
[2021-08-13 22:59:54,435] {dag_processing.py:1128} INFO - Finding 'running' jobs without a recent heartbeat
[2021-08-13 22:59:54,436] {dag_processing.py:1132} INFO - Failing jobs without heartbeat after 2021-08-13 22:54:54.436123+00:00
[2021-08-13 23:00:04,784] {dag_processing.py:1128} INFO - Finding 'running' jobs without a recent heartbeat
[2021-08-13 23:00:04,785] {dag_processing.py:1132} INFO - Failing jobs without heartbeat after 2021-08-13 22:55:04.785287+00:00
[2021-08-13 23:00:14,916] {dag_processing.py:1128} INFO - Finding 'running' jobs without a recent heartbeat
[2021-08-13 23:00:14,918] {dag_processing.py:1132} INFO - Failing jobs without heartbeat after 2021-08-13 22:55:14.917976+00:00
[2021-08-13 23:00:23,316] {dag_processing.py:861} INFO - 
================================================================================
DAG File Processing Stats

File Path                                                                                                         PID    Runtime      # DAGs    # Errors  Last Runtime    Last Run
----------------------------------------------------------------------------------------------------------------  -----  ---------  --------  ----------  --------------  -------------------
/home/airflow/.local/lib/python3.6/site-packages/airflow/example_dags/subdags/subdag.py                                                    0           0  0.13s           2021-08-13T23:00:07
/home/airflow/.local/lib/python3.6/site-packages/airflow/example_dags/example_bash_operator.py                                             1           0  0.26s           2021-08-13T23:00:07
/home/airflow/.local/lib/python3.6/site-packages/airflow/example_dags/example_trigger_target_dag.py                                        1           0  0.14s           2021-08-13T23:00:07
/home/airflow/.local/lib/python3.6/site-packages/airflow/example_dags/example_python_operator.py                                           1           0  0.28s           2021-08-13T23:00:08
/home/airflow/.local/lib/python3.6/site-packages/airflow/example_dags/example_short_circuit_operator.py                                    1           0  0.25s           2021-08-13T23:00:08
/home/airflow/.local/lib/python3.6/site-packages/airflow/example_dags/example_latest_only.py                                               1           0  0.21s           2021-08-13T23:00:08
/home/airflow/.local/lib/python3.6/site-packages/airflow/example_dags/tutorial_etl_dag.py                                                  1           0  0.25s           2021-08-13T23:00:08
/home/airflow/.local/lib/python3.6/site-packages/airflow/example_dags/example_task_group.py                                                1           0  0.39s           2021-08-13T23:00:08
/home/airflow/.local/lib/python3.6/site-packages/airflow/example_dags/example_branch_day_of_week_operator.py                               1           0  0.25s           2021-08-13T23:00:08
/home/airflow/.local/lib/python3.6/site-packages/airflow/example_dags/example_xcom.py                                                      1           0  0.34s           2021-08-13T23:00:09
/home/airflow/.local/lib/python3.6/site-packages/airflow/example_dags/example_branch_datetime_operator.py                                  1           0  0.31s           2021-08-13T23:00:09
/home/airflow/.local/lib/python3.6/site-packages/airflow/example_dags/example_branch_labels.py                                             1           0  0.30s           2021-08-13T23:00:09
/home/airflow/.local/lib/python3.6/site-packages/airflow/example_dags/example_kubernetes_executor_config.py                                1           0  0.32s           2021-08-13T23:00:09
/home/airflow/.local/lib/python3.6/site-packages/airflow/example_dags/example_task_group_decorator.py                                      1           0  0.68s           2021-08-13T23:00:10
/home/airflow/.local/lib/python3.6/site-packages/airflow/example_dags/test_utils.py                                                        1           0  0.19s           2021-08-13T23:00:09
/home/airflow/.local/lib/python3.6/site-packages/airflow/example_dags/example_branch_operator.py                                           1           0  0.37s           2021-08-13T23:00:10
/home/airflow/.local/lib/python3.6/site-packages/airflow/example_dags/example_complex.py                                                   1           0  0.25s           2021-08-13T23:00:10
/home/airflow/.local/lib/python3.6/site-packages/airflow/example_dags/example_dag_decorator.py                                             1           0  0.57s           2021-08-13T23:00:10
/home/airflow/.local/lib/python3.6/site-packages/airflow/example_dags/tutorial.py                                                          1           0  0.18s           2021-08-13T23:00:10
/home/airflow/.local/lib/python3.6/site-packages/airflow/example_dags/example_latest_only_with_trigger.py                                  1           0  0.17s           2021-08-13T23:00:10
/home/airflow/.local/lib/python3.6/site-packages/airflow/example_dags/example_branch_python_dop_operator_3.py                              1           0  0.24s           2021-08-13T23:00:13
/home/airflow/.local/lib/python3.6/site-packages/airflow/example_dags/tutorial_taskflow_api_etl_virtualenv.py                              1           0  0.47s           2021-08-13T23:00:15
/home/airflow/.local/lib/python3.6/site-packages/airflow/example_dags/example_nested_branch_dag.py                                         1           0  0.11s           2021-08-13T23:00:21
/home/airflow/.local/lib/python3.6/site-packages/airflow/example_dags/example_kubernetes_executor.py                                       1           0  5.24s           2021-08-13T22:59:55
/home/airflow/.local/lib/python3.6/site-packages/airflow/example_dags/example_passing_params_via_test_command.py                           1           0  4.76s           2021-08-13T23:00:00
/home/airflow/.local/lib/python3.6/site-packages/airflow/example_dags/example_skip_dag.py                                                  1           0  4.46s           2021-08-13T23:00:00
/home/airflow/.local/lib/python3.6/site-packages/airflow/example_dags/example_trigger_controller_dag.py                                    1           0  7.23s           2021-08-13T23:00:07
/home/airflow/.local/lib/python3.6/site-packages/airflow/example_dags/tutorial_taskflow_api_etl.py                                         1           0  7.03s           2021-08-13T23:00:07
/home/airflow/.local/lib/python3.6/site-packages/airflow/example_dags/example_xcomargs.py                                                  2           0  0.39s           2021-08-13T23:00:20
/home/airflow/.local/lib/python3.6/site-packages/airflow/example_dags/example_external_task_marker_dag.py                                  2           0  5.26s           2021-08-13T22:59:56
/home/airflow/.local/lib/python3.6/site-packages/airflow/example_dags/example_subdag_operator.py                                           3           0  0.20s           2021-08-13T23:00:09
================================================================================
[2021-08-13 23:00:25,322] {dag_processing.py:1128} INFO - Finding 'running' jobs without a recent heartbeat
[2021-08-13 23:00:25,323] {dag_processing.py:1132} INFO - Failing jobs without heartbeat after 2021-08-13 22:55:25.323125+00:00
[2021-08-13 23:00:35,523] {dag_processing.py:1128} INFO - Finding 'running' jobs without a recent heartbeat
[2021-08-13 23:00:35,524] {dag_processing.py:1132} INFO - Failing jobs without heartbeat after 2021-08-13 22:55:35.524147+00:00
[2021-08-13 23:00:46,074] {dag_processing.py:1128} INFO - Finding 'running' jobs without a recent heartbeat
[2021-08-13 23:00:46,074] {dag_processing.py:1132} INFO - Failing jobs without heartbeat after 2021-08-13 22:55:46.074455+00:00
[2021-08-13 23:00:53,756] {dag_processing.py:861} INFO - 
================================================================================
DAG File Processing Stats

File Path                                                                                                         PID    Runtime      # DAGs    # Errors  Last Runtime    Last Run
----------------------------------------------------------------------------------------------------------------  -----  ---------  --------  ----------  --------------  -------------------
/home/airflow/.local/lib/python3.6/site-packages/airflow/example_dags/subdags/subdag.py                                                    0           0  0.07s           2021-08-13T23:00:37
/home/airflow/.local/lib/python3.6/site-packages/airflow/example_dags/example_bash_operator.py                                             1           0  0.13s           2021-08-13T23:00:38
/home/airflow/.local/lib/python3.6/site-packages/airflow/example_dags/example_trigger_target_dag.py                                        1           0  0.12s           2021-08-13T23:00:38
/home/airflow/.local/lib/python3.6/site-packages/airflow/example_dags/example_python_operator.py                                           1           0  0.13s           2021-08-13T23:00:38
/home/airflow/.local/lib/python3.6/site-packages/airflow/example_dags/example_short_circuit_operator.py                                    1           0  0.15s           2021-08-13T23:00:38
/home/airflow/.local/lib/python3.6/site-packages/airflow/example_dags/example_latest_only.py                                               1           0  0.22s           2021-08-13T23:00:39
/home/airflow/.local/lib/python3.6/site-packages/airflow/example_dags/tutorial_etl_dag.py                                                  1           0  0.17s           2021-08-13T23:00:39
/home/airflow/.local/lib/python3.6/site-packages/airflow/example_dags/example_task_group.py                                                1           0  0.16s           2021-08-13T23:00:39
/home/airflow/.local/lib/python3.6/site-packages/airflow/example_dags/example_branch_day_of_week_operator.py                               1           0  0.15s           2021-08-13T23:00:39
/home/airflow/.local/lib/python3.6/site-packages/airflow/example_dags/example_xcom.py                                                      1           0  0.20s           2021-08-13T23:00:39
/home/airflow/.local/lib/python3.6/site-packages/airflow/example_dags/example_branch_datetime_operator.py                                  1           0  0.25s           2021-08-13T23:00:39
/home/airflow/.local/lib/python3.6/site-packages/airflow/example_dags/example_branch_labels.py                                             1           0  0.21s           2021-08-13T23:00:39
/home/airflow/.local/lib/python3.6/site-packages/airflow/example_dags/example_kubernetes_executor_config.py                                1           0  0.17s           2021-08-13T23:00:40
/home/airflow/.local/lib/python3.6/site-packages/airflow/example_dags/example_task_group_decorator.py                                      1           0  0.98s           2021-08-13T23:00:41
/home/airflow/.local/lib/python3.6/site-packages/airflow/example_dags/test_utils.py                                                        1           0  0.21s           2021-08-13T23:00:40
/home/airflow/.local/lib/python3.6/site-packages/airflow/example_dags/example_branch_operator.py                                           1           0  0.28s           2021-08-13T23:00:41
/home/airflow/.local/lib/python3.6/site-packages/airflow/example_dags/example_complex.py                                                   1           0  0.27s           2021-08-13T23:00:41
/home/airflow/.local/lib/python3.6/site-packages/airflow/example_dags/example_dag_decorator.py                                             1           0  0.90s           2021-08-13T23:00:42
/home/airflow/.local/lib/python3.6/site-packages/airflow/example_dags/tutorial.py                                                          1           0  0.24s           2021-08-13T23:00:41
/home/airflow/.local/lib/python3.6/site-packages/airflow/example_dags/example_latest_only_with_trigger.py                                  1           0  0.24s           2021-08-13T23:00:41
/home/airflow/.local/lib/python3.6/site-packages/airflow/example_dags/example_branch_python_dop_operator_3.py                              1           0  0.14s           2021-08-13T23:00:44
/home/airflow/.local/lib/python3.6/site-packages/airflow/example_dags/tutorial_taskflow_api_etl_virtualenv.py                              1           0  0.63s           2021-08-13T23:00:46
/home/airflow/.local/lib/python3.6/site-packages/airflow/example_dags/example_nested_branch_dag.py                                         1           0  0.12s           2021-08-13T23:00:51
/home/airflow/.local/lib/python3.6/site-packages/airflow/example_dags/example_kubernetes_executor.py                                       1           0  0.13s           2021-08-13T23:00:26
/home/airflow/.local/lib/python3.6/site-packages/airflow/example_dags/example_passing_params_via_test_command.py                           1           0  0.25s           2021-08-13T23:00:30
/home/airflow/.local/lib/python3.6/site-packages/airflow/example_dags/example_skip_dag.py                                                  1           0  0.16s           2021-08-13T23:00:31
/home/airflow/.local/lib/python3.6/site-packages/airflow/example_dags/example_trigger_controller_dag.py                                    1           0  0.18s           2021-08-13T23:00:37
/home/airflow/.local/lib/python3.6/site-packages/airflow/example_dags/tutorial_taskflow_api_etl.py                                         1           0  0.59s           2021-08-13T23:00:39
/home/airflow/.local/lib/python3.6/site-packages/airflow/example_dags/example_xcomargs.py                                                  2           0  0.15s           2021-08-13T23:00:50
/home/airflow/.local/lib/python3.6/site-packages/airflow/example_dags/example_external_task_marker_dag.py                                  2           0  0.13s           2021-08-13T23:00:26
/home/airflow/.local/lib/python3.6/site-packages/airflow/example_dags/example_subdag_operator.py                                           3           0  0.71s           2021-08-13T23:00:40
================================================================================
[2021-08-13 23:00:56,774] {dag_processing.py:1128} INFO - Finding 'running' jobs without a recent heartbeat
[2021-08-13 23:00:56,775] {dag_processing.py:1132} INFO - Failing jobs without heartbeat after 2021-08-13 22:55:56.775143+00:00
[2021-08-13 23:01:07,189] {dag_processing.py:1128} INFO - Finding 'running' jobs without a recent heartbeat
[2021-08-13 23:01:07,190] {dag_processing.py:1132} INFO - Failing jobs without heartbeat after 2021-08-13 22:56:07.190368+00:00
[2021-08-13 23:01:17,991] {dag_processing.py:1128} INFO - Finding 'running' jobs without a recent heartbeat
[2021-08-13 23:01:17,991] {dag_processing.py:1132} INFO - Failing jobs without heartbeat after 2021-08-13 22:56:17.991731+00:00
[2021-08-13 23:01:24,042] {dag_processing.py:861} INFO - 
================================================================================
DAG File Processing Stats

File Path                                                                                                         PID    Runtime      # DAGs    # Errors  Last Runtime    Last Run
----------------------------------------------------------------------------------------------------------------  -----  ---------  --------  ----------  --------------  -------------------
/home/airflow/.local/lib/python3.6/site-packages/airflow/example_dags/subdags/subdag.py                                                    0           0  0.09s           2021-08-13T23:01:08
/home/airflow/.local/lib/python3.6/site-packages/airflow/example_dags/example_bash_operator.py                                             1           0  0.20s           2021-08-13T23:01:09
/home/airflow/.local/lib/python3.6/site-packages/airflow/example_dags/example_trigger_target_dag.py                                        1           0  0.16s           2021-08-13T23:01:09
/home/airflow/.local/lib/python3.6/site-packages/airflow/example_dags/example_python_operator.py                                           1           0  0.19s           2021-08-13T23:01:09
/home/airflow/.local/lib/python3.6/site-packages/airflow/example_dags/example_short_circuit_operator.py                                    1           0  0.18s           2021-08-13T23:01:09
/home/airflow/.local/lib/python3.6/site-packages/airflow/example_dags/example_latest_only.py                                               1           0  0.19s           2021-08-13T23:01:09
/home/airflow/.local/lib/python3.6/site-packages/airflow/example_dags/tutorial_etl_dag.py                                                  1           0  0.22s           2021-08-13T23:01:09
/home/airflow/.local/lib/python3.6/site-packages/airflow/example_dags/example_task_group.py                                                1           0  0.36s           2021-08-13T23:01:10
/home/airflow/.local/lib/python3.6/site-packages/airflow/example_dags/example_branch_day_of_week_operator.py                               1           0  0.25s           2021-08-13T23:01:10
/home/airflow/.local/lib/python3.6/site-packages/airflow/example_dags/example_xcom.py                                                      1           0  0.30s           2021-08-13T23:01:10
/home/airflow/.local/lib/python3.6/site-packages/airflow/example_dags/example_branch_datetime_operator.py                                  1           0  0.31s           2021-08-13T23:01:10
/home/airflow/.local/lib/python3.6/site-packages/airflow/example_dags/example_branch_labels.py                                             1           0  0.30s           2021-08-13T23:01:10
/home/airflow/.local/lib/python3.6/site-packages/airflow/example_dags/example_kubernetes_executor_config.py                                1           0  0.24s           2021-08-13T23:01:11
/home/airflow/.local/lib/python3.6/site-packages/airflow/example_dags/example_task_group_decorator.py                                      1           0  1.78s           2021-08-13T23:01:13
/home/airflow/.local/lib/python3.6/site-packages/airflow/example_dags/test_utils.py                                                        1           0  0.32s           2021-08-13T23:01:11
/home/airflow/.local/lib/python3.6/site-packages/airflow/example_dags/example_branch_operator.py                                           1           0  0.75s           2021-08-13T23:01:12
/home/airflow/.local/lib/python3.6/site-packages/airflow/example_dags/example_complex.py                                                   1           0  0.64s           2021-08-13T23:01:13
/home/airflow/.local/lib/python3.6/site-packages/airflow/example_dags/example_dag_decorator.py                                             1           0  1.77s           2021-08-13T23:01:14
/home/airflow/.local/lib/python3.6/site-packages/airflow/example_dags/tutorial.py                                                          1           0  0.47s           2021-08-13T23:01:14
/home/airflow/.local/lib/python3.6/site-packages/airflow/example_dags/example_latest_only_with_trigger.py                                  1           0  0.56s           2021-08-13T23:01:14
/home/airflow/.local/lib/python3.6/site-packages/airflow/example_dags/example_branch_python_dop_operator_3.py                              1           0  0.41s           2021-08-13T23:01:14
/home/airflow/.local/lib/python3.6/site-packages/airflow/example_dags/tutorial_taskflow_api_etl_virtualenv.py                              1           0  0.10s           2021-08-13T23:01:17
/home/airflow/.local/lib/python3.6/site-packages/airflow/example_dags/example_nested_branch_dag.py                                         1           0  0.10s           2021-08-13T23:01:22
/home/airflow/.local/lib/python3.6/site-packages/airflow/example_dags/example_kubernetes_executor.py                                       1           0  0.34s           2021-08-13T23:00:57
/home/airflow/.local/lib/python3.6/site-packages/airflow/example_dags/example_passing_params_via_test_command.py                           1           0  0.16s           2021-08-13T23:01:01
/home/airflow/.local/lib/python3.6/site-packages/airflow/example_dags/example_skip_dag.py                                                  1           0  0.09s           2021-08-13T23:01:02
/home/airflow/.local/lib/python3.6/site-packages/airflow/example_dags/example_trigger_controller_dag.py                                    1           0  0.17s           2021-08-13T23:01:08
/home/airflow/.local/lib/python3.6/site-packages/airflow/example_dags/tutorial_taskflow_api_etl.py                                         1           0  1.03s           2021-08-13T23:01:11
/home/airflow/.local/lib/python3.6/site-packages/airflow/example_dags/example_xcomargs.py                                                  2           0  0.41s           2021-08-13T23:01:21
/home/airflow/.local/lib/python3.6/site-packages/airflow/example_dags/example_external_task_marker_dag.py                                  2           0  0.32s           2021-08-13T23:00:57
/home/airflow/.local/lib/python3.6/site-packages/airflow/example_dags/example_subdag_operator.py                                           3           0  0.56s           2021-08-13T23:01:12
================================================================================
[2021-08-13 23:01:28,512] {dag_processing.py:1128} INFO - Finding 'running' jobs without a recent heartbeat
[2021-08-13 23:01:28,513] {dag_processing.py:1132} INFO - Failing jobs without heartbeat after 2021-08-13 22:56:28.513336+00:00
[2021-08-13 23:01:38,617] {dag_processing.py:1128} INFO - Finding 'running' jobs without a recent heartbeat
[2021-08-13 23:01:38,617] {dag_processing.py:1132} INFO - Failing jobs without heartbeat after 2021-08-13 22:56:38.617803+00:00
[2021-08-13 23:01:48,784] {dag_processing.py:1128} INFO - Finding 'running' jobs without a recent heartbeat
[2021-08-13 23:01:48,786] {dag_processing.py:1132} INFO - Failing jobs without heartbeat after 2021-08-13 22:56:48.786020+00:00
[2021-08-13 23:01:54,853] {dag_processing.py:861} INFO - 
================================================================================
DAG File Processing Stats

File Path                                                                                                         PID    Runtime      # DAGs    # Errors  Last Runtime    Last Run
----------------------------------------------------------------------------------------------------------------  -----  ---------  --------  ----------  --------------  -------------------
/home/airflow/.local/lib/python3.6/site-packages/airflow/example_dags/subdags/subdag.py                                                    0           0  0.16s           2021-08-13T23:01:38
/home/airflow/.local/lib/python3.6/site-packages/airflow/example_dags/example_bash_operator.py                                             1           0  0.21s           2021-08-13T23:01:40
/home/airflow/.local/lib/python3.6/site-packages/airflow/example_dags/example_trigger_target_dag.py                                        1           0  0.20s           2021-08-13T23:01:40
/home/airflow/.local/lib/python3.6/site-packages/airflow/example_dags/example_python_operator.py                                           1           0  0.15s           2021-08-13T23:01:40
/home/airflow/.local/lib/python3.6/site-packages/airflow/example_dags/example_short_circuit_operator.py                                    1           0  0.14s           2021-08-13T23:01:40
/home/airflow/.local/lib/python3.6/site-packages/airflow/example_dags/example_latest_only.py                                               1           0  0.14s           2021-08-13T23:01:40
/home/airflow/.local/lib/python3.6/site-packages/airflow/example_dags/tutorial_etl_dag.py                                                  1           0  0.14s           2021-08-13T23:01:40
/home/airflow/.local/lib/python3.6/site-packages/airflow/example_dags/example_task_group.py                                                1           0  0.12s           2021-08-13T23:01:40
/home/airflow/.local/lib/python3.6/site-packages/airflow/example_dags/example_branch_day_of_week_operator.py                               1           0  0.13s           2021-08-13T23:01:40
/home/airflow/.local/lib/python3.6/site-packages/airflow/example_dags/example_xcom.py                                                      1           0  0.16s           2021-08-13T23:01:41
/home/airflow/.local/lib/python3.6/site-packages/airflow/example_dags/example_branch_datetime_operator.py                                  1           0  0.18s           2021-08-13T23:01:41
/home/airflow/.local/lib/python3.6/site-packages/airflow/example_dags/example_branch_labels.py                                             1           0  0.12s           2021-08-13T23:01:41
/home/airflow/.local/lib/python3.6/site-packages/airflow/example_dags/example_kubernetes_executor_config.py                                1           0  0.19s           2021-08-13T23:01:41
/home/airflow/.local/lib/python3.6/site-packages/airflow/example_dags/example_task_group_decorator.py                                      1           0  0.61s           2021-08-13T23:01:43
/home/airflow/.local/lib/python3.6/site-packages/airflow/example_dags/test_utils.py                                                        1           0  0.14s           2021-08-13T23:01:41
/home/airflow/.local/lib/python3.6/site-packages/airflow/example_dags/example_branch_operator.py                                           1           0  0.20s           2021-08-13T23:01:43
/home/airflow/.local/lib/python3.6/site-packages/airflow/example_dags/example_complex.py                                                   1           0  0.17s           2021-08-13T23:01:43
/home/airflow/.local/lib/python3.6/site-packages/airflow/example_dags/example_dag_decorator.py                                             1           0  0.48s           2021-08-13T23:01:45
/home/airflow/.local/lib/python3.6/site-packages/airflow/example_dags/tutorial.py                                                          1           0  0.10s           2021-08-13T23:01:44
/home/airflow/.local/lib/python3.6/site-packages/airflow/example_dags/example_latest_only_with_trigger.py                                  1           0  0.14s           2021-08-13T23:01:44
/home/airflow/.local/lib/python3.6/site-packages/airflow/example_dags/example_branch_python_dop_operator_3.py                              1           0  0.13s           2021-08-13T23:01:45
/home/airflow/.local/lib/python3.6/site-packages/airflow/example_dags/tutorial_taskflow_api_etl_virtualenv.py                              1           0  0.37s           2021-08-13T23:01:47
/home/airflow/.local/lib/python3.6/site-packages/airflow/example_dags/example_nested_branch_dag.py                                         1           0  0.16s           2021-08-13T23:01:52
/home/airflow/.local/lib/python3.6/site-packages/airflow/example_dags/example_kubernetes_executor.py                                       1           0  0.27s           2021-08-13T23:01:27
/home/airflow/.local/lib/python3.6/site-packages/airflow/example_dags/example_passing_params_via_test_command.py                           1           0  0.20s           2021-08-13T23:01:31
/home/airflow/.local/lib/python3.6/site-packages/airflow/example_dags/example_skip_dag.py                                                  1           0  0.10s           2021-08-13T23:01:32
/home/airflow/.local/lib/python3.6/site-packages/airflow/example_dags/example_trigger_controller_dag.py                                    1           0  0.19s           2021-08-13T23:01:38
/home/airflow/.local/lib/python3.6/site-packages/airflow/example_dags/tutorial_taskflow_api_etl.py                                         1           0  0.45s           2021-08-13T23:01:42
/home/airflow/.local/lib/python3.6/site-packages/airflow/example_dags/example_xcomargs.py                                                  2           0  0.45s           2021-08-13T23:01:52
/home/airflow/.local/lib/python3.6/site-packages/airflow/example_dags/example_external_task_marker_dag.py                                  2           0  0.35s           2021-08-13T23:01:27
/home/airflow/.local/lib/python3.6/site-packages/airflow/example_dags/example_subdag_operator.py                                           3           0  0.18s           2021-08-13T23:01:42
================================================================================
[2021-08-13 23:01:59,246] {dag_processing.py:1128} INFO - Finding 'running' jobs without a recent heartbeat
[2021-08-13 23:01:59,246] {dag_processing.py:1132} INFO - Failing jobs without heartbeat after 2021-08-13 22:56:59.246560+00:00
[2021-08-13 23:02:09,322] {dag_processing.py:1128} INFO - Finding 'running' jobs without a recent heartbeat
[2021-08-13 23:02:09,322] {dag_processing.py:1132} INFO - Failing jobs without heartbeat after 2021-08-13 22:57:09.322863+00:00
[2021-08-13 23:02:19,447] {dag_processing.py:1128} INFO - Finding 'running' jobs without a recent heartbeat
[2021-08-13 23:02:19,448] {dag_processing.py:1132} INFO - Failing jobs without heartbeat after 2021-08-13 22:57:19.448181+00:00
[2021-08-13 23:02:24,796] {dag_processing.py:585} INFO - Exiting gracefully upon receiving signal 15
[2021-08-13 23:29:57,900] {dag_processing.py:604} INFO - Processing files using up to 2 processes at a time 
[2021-08-13 23:29:57,902] {dag_processing.py:605} INFO - Process each file at most once every 30 seconds
[2021-08-13 23:29:57,902] {dag_processing.py:607} INFO - Checking for new files in /opt/airflow/dags every 300 seconds
[2021-08-13 23:29:57,902] {dag_processing.py:754} INFO - Searching for files in /opt/airflow/dags
[2021-08-13 23:29:57,944] {dag_processing.py:757} INFO - There are 32 files in /opt/airflow/dags
[2021-08-13 23:29:58,035] {dag_processing.py:1128} INFO - Finding 'running' jobs without a recent heartbeat
[2021-08-13 23:29:58,036] {dag_processing.py:1132} INFO - Failing jobs without heartbeat after 2021-08-13 23:24:58.036258+00:00
[2021-08-13 23:29:58,079] {dag_processing.py:861} INFO - 
================================================================================
DAG File Processing Stats

File Path                                                                                                           PID  Runtime      # DAGs    # Errors  Last Runtime    Last Run
----------------------------------------------------------------------------------------------------------------  -----  ---------  --------  ----------  --------------  ----------
/opt/airflow/dags/coin-extractor.py                                                                                  24  0.04s             0           0
/home/airflow/.local/lib/python3.6/site-packages/airflow/example_dags/example_bash_operator.py                       25  0.04s             0           0
/home/airflow/.local/lib/python3.6/site-packages/airflow/example_dags/example_trigger_target_dag.py                                        0           0
/home/airflow/.local/lib/python3.6/site-packages/airflow/example_dags/example_python_operator.py                                           0           0
/home/airflow/.local/lib/python3.6/site-packages/airflow/example_dags/example_short_circuit_operator.py                                    0           0
/home/airflow/.local/lib/python3.6/site-packages/airflow/example_dags/example_latest_only.py                                               0           0
/home/airflow/.local/lib/python3.6/site-packages/airflow/example_dags/tutorial_etl_dag.py                                                  0           0
/home/airflow/.local/lib/python3.6/site-packages/airflow/example_dags/example_task_group.py                                                0           0
/home/airflow/.local/lib/python3.6/site-packages/airflow/example_dags/example_branch_day_of_week_operator.py                               0           0
/home/airflow/.local/lib/python3.6/site-packages/airflow/example_dags/example_xcom.py                                                      0           0
/home/airflow/.local/lib/python3.6/site-packages/airflow/example_dags/example_branch_datetime_operator.py                                  0           0
/home/airflow/.local/lib/python3.6/site-packages/airflow/example_dags/example_branch_labels.py                                             0           0
/home/airflow/.local/lib/python3.6/site-packages/airflow/example_dags/example_kubernetes_executor_config.py                                0           0
/home/airflow/.local/lib/python3.6/site-packages/airflow/example_dags/example_task_group_decorator.py                                      0           0
/home/airflow/.local/lib/python3.6/site-packages/airflow/example_dags/test_utils.py                                                        0           0
/home/airflow/.local/lib/python3.6/site-packages/airflow/example_dags/example_subdag_operator.py                                           0           0
/home/airflow/.local/lib/python3.6/site-packages/airflow/example_dags/example_branch_operator.py                                           0           0
/home/airflow/.local/lib/python3.6/site-packages/airflow/example_dags/example_complex.py                                                   0           0
/home/airflow/.local/lib/python3.6/site-packages/airflow/example_dags/example_dag_decorator.py                                             0           0
/home/airflow/.local/lib/python3.6/site-packages/airflow/example_dags/tutorial.py                                                          0           0
/home/airflow/.local/lib/python3.6/site-packages/airflow/example_dags/example_latest_only_with_trigger.py                                  0           0
/home/airflow/.local/lib/python3.6/site-packages/airflow/example_dags/example_branch_python_dop_operator_3.py                              0           0
/home/airflow/.local/lib/python3.6/site-packages/airflow/example_dags/tutorial_taskflow_api_etl_virtualenv.py                              0           0
/home/airflow/.local/lib/python3.6/site-packages/airflow/example_dags/example_xcomargs.py                                                  0           0
/home/airflow/.local/lib/python3.6/site-packages/airflow/example_dags/example_nested_branch_dag.py                                         0           0
/home/airflow/.local/lib/python3.6/site-packages/airflow/example_dags/example_kubernetes_executor.py                                       0           0
/home/airflow/.local/lib/python3.6/site-packages/airflow/example_dags/example_external_task_marker_dag.py                                  0           0
/home/airflow/.local/lib/python3.6/site-packages/airflow/example_dags/example_passing_params_via_test_command.py                           0           0
/home/airflow/.local/lib/python3.6/site-packages/airflow/example_dags/example_skip_dag.py                                                  0           0
/home/airflow/.local/lib/python3.6/site-packages/airflow/example_dags/example_trigger_controller_dag.py                                    0           0
/home/airflow/.local/lib/python3.6/site-packages/airflow/example_dags/tutorial_taskflow_api_etl.py                                         0           0
/home/airflow/.local/lib/python3.6/site-packages/airflow/example_dags/subdags/subdag.py                                                    0           0
================================================================================
[2021-08-13 23:30:08,165] {dag_processing.py:1128} INFO - Finding 'running' jobs without a recent heartbeat
[2021-08-13 23:30:08,165] {dag_processing.py:1132} INFO - Failing jobs without heartbeat after 2021-08-13 23:25:08.165692+00:00
[2021-08-13 23:30:18,435] {dag_processing.py:1128} INFO - Finding 'running' jobs without a recent heartbeat
[2021-08-13 23:30:18,436] {dag_processing.py:1132} INFO - Failing jobs without heartbeat after 2021-08-13 23:25:18.435964+00:00
[2021-08-13 23:30:28,495] {dag_processing.py:1128} INFO - Finding 'running' jobs without a recent heartbeat
[2021-08-13 23:30:28,495] {dag_processing.py:1132} INFO - Failing jobs without heartbeat after 2021-08-13 23:25:28.495414+00:00
[2021-08-13 23:30:28,579] {dag_processing.py:861} INFO - 
================================================================================
DAG File Processing Stats

File Path                                                                                                           PID  Runtime      # DAGs    # Errors  Last Runtime    Last Run
----------------------------------------------------------------------------------------------------------------  -----  ---------  --------  ----------  --------------  -------------------
/opt/airflow/dags/coin-extractor.py                                                                                  77  0.03s             0           1  0.29s           2021-08-13T23:29:58
/home/airflow/.local/lib/python3.6/site-packages/airflow/example_dags/subdags/subdag.py                                                    0           0  0.19s           2021-08-13T23:30:10
/home/airflow/.local/lib/python3.6/site-packages/airflow/example_dags/example_bash_operator.py                       78  0.01s             1           0  0.40s           2021-08-13T23:29:58
/home/airflow/.local/lib/python3.6/site-packages/airflow/example_dags/example_trigger_target_dag.py                                        1           0  0.21s           2021-08-13T23:29:58
/home/airflow/.local/lib/python3.6/site-packages/airflow/example_dags/example_python_operator.py                                           1           0  0.34s           2021-08-13T23:29:58
/home/airflow/.local/lib/python3.6/site-packages/airflow/example_dags/example_short_circuit_operator.py                                    1           0  0.31s           2021-08-13T23:29:58
/home/airflow/.local/lib/python3.6/site-packages/airflow/example_dags/example_latest_only.py                                               1           0  0.25s           2021-08-13T23:29:59
/home/airflow/.local/lib/python3.6/site-packages/airflow/example_dags/tutorial_etl_dag.py                                                  1           0  0.30s           2021-08-13T23:29:59
/home/airflow/.local/lib/python3.6/site-packages/airflow/example_dags/example_task_group.py                                                1           0  0.27s           2021-08-13T23:29:59
/home/airflow/.local/lib/python3.6/site-packages/airflow/example_dags/example_branch_day_of_week_operator.py                               1           0  0.36s           2021-08-13T23:29:59
/home/airflow/.local/lib/python3.6/site-packages/airflow/example_dags/example_xcom.py                                                      1           0  0.38s           2021-08-13T23:29:59
/home/airflow/.local/lib/python3.6/site-packages/airflow/example_dags/example_branch_datetime_operator.py                                  1           0  0.62s           2021-08-13T23:30:00
/home/airflow/.local/lib/python3.6/site-packages/airflow/example_dags/example_branch_labels.py                                             1           0  0.65s           2021-08-13T23:30:00
/home/airflow/.local/lib/python3.6/site-packages/airflow/example_dags/example_kubernetes_executor_config.py                                1           0  0.77s           2021-08-13T23:30:00
/home/airflow/.local/lib/python3.6/site-packages/airflow/example_dags/example_task_group_decorator.py                                      1           0  2.81s           2021-08-13T23:30:03
/home/airflow/.local/lib/python3.6/site-packages/airflow/example_dags/test_utils.py                                                        1           0  0.85s           2021-08-13T23:30:01
/home/airflow/.local/lib/python3.6/site-packages/airflow/example_dags/example_branch_operator.py                                           1           0  1.23s           2021-08-13T23:30:03
/home/airflow/.local/lib/python3.6/site-packages/airflow/example_dags/example_complex.py                                                   1           0  0.64s           2021-08-13T23:30:03
/home/airflow/.local/lib/python3.6/site-packages/airflow/example_dags/example_dag_decorator.py                                             1           0  2.09s           2021-08-13T23:30:05
/home/airflow/.local/lib/python3.6/site-packages/airflow/example_dags/tutorial.py                                                          1           0  0.97s           2021-08-13T23:30:04
/home/airflow/.local/lib/python3.6/site-packages/airflow/example_dags/example_latest_only_with_trigger.py                                  1           0  0.91s           2021-08-13T23:30:05
/home/airflow/.local/lib/python3.6/site-packages/airflow/example_dags/example_branch_python_dop_operator_3.py                              1           0  0.71s           2021-08-13T23:30:06
/home/airflow/.local/lib/python3.6/site-packages/airflow/example_dags/tutorial_taskflow_api_etl_virtualenv.py                              1           0  1.43s           2021-08-13T23:30:07
/home/airflow/.local/lib/python3.6/site-packages/airflow/example_dags/example_nested_branch_dag.py                                         1           0  0.38s           2021-08-13T23:30:07
/home/airflow/.local/lib/python3.6/site-packages/airflow/example_dags/example_kubernetes_executor.py                                       1           0  0.47s           2021-08-13T23:30:08
/home/airflow/.local/lib/python3.6/site-packages/airflow/example_dags/example_passing_params_via_test_command.py                           1           0  0.57s           2021-08-13T23:30:09
/home/airflow/.local/lib/python3.6/site-packages/airflow/example_dags/example_skip_dag.py                                                  1           0  0.48s           2021-08-13T23:30:10
/home/airflow/.local/lib/python3.6/site-packages/airflow/example_dags/example_trigger_controller_dag.py                                    1           0  0.33s           2021-08-13T23:30:10
/home/airflow/.local/lib/python3.6/site-packages/airflow/example_dags/tutorial_taskflow_api_etl.py                                         1           0  1.39s           2021-08-13T23:30:11
/home/airflow/.local/lib/python3.6/site-packages/airflow/example_dags/example_xcomargs.py                                                  2           0  2.48s           2021-08-13T23:30:09
/home/airflow/.local/lib/python3.6/site-packages/airflow/example_dags/example_external_task_marker_dag.py                                  2           0  1.93s           2021-08-13T23:30:10
/home/airflow/.local/lib/python3.6/site-packages/airflow/example_dags/example_subdag_operator.py                                           3           0  0.97s           2021-08-13T23:30:02
================================================================================
[2021-08-13 23:30:38,917] {dag_processing.py:1128} INFO - Finding 'running' jobs without a recent heartbeat
[2021-08-13 23:30:38,918] {dag_processing.py:1132} INFO - Failing jobs without heartbeat after 2021-08-13 23:25:38.918284+00:00
[2021-08-13 23:30:49,649] {dag_processing.py:1128} INFO - Finding 'running' jobs without a recent heartbeat
[2021-08-13 23:30:49,663] {dag_processing.py:1132} INFO - Failing jobs without heartbeat after 2021-08-13 23:25:49.663054+00:00
[2021-08-13 23:30:58,711] {dag_processing.py:861} INFO - 
================================================================================
DAG File Processing Stats

File Path                                                                                                           PID  Runtime      # DAGs    # Errors  Last Runtime    Last Run
----------------------------------------------------------------------------------------------------------------  -----  ---------  --------  ----------  --------------  -------------------
/opt/airflow/dags/coin-extractor.py                                                                                 132  0.00s             0           1  0.12s           2021-08-13T23:30:28
/home/airflow/.local/lib/python3.6/site-packages/airflow/example_dags/subdags/subdag.py                                                    0           0  0.06s           2021-08-13T23:30:41
/home/airflow/.local/lib/python3.6/site-packages/airflow/example_dags/example_bash_operator.py                                             1           0  0.52s           2021-08-13T23:30:29
/home/airflow/.local/lib/python3.6/site-packages/airflow/example_dags/example_trigger_target_dag.py                                        1           0  0.27s           2021-08-13T23:30:28
/home/airflow/.local/lib/python3.6/site-packages/airflow/example_dags/example_python_operator.py                                           1           0  0.25s           2021-08-13T23:30:29
/home/airflow/.local/lib/python3.6/site-packages/airflow/example_dags/example_short_circuit_operator.py                                    1           0  0.30s           2021-08-13T23:30:29
/home/airflow/.local/lib/python3.6/site-packages/airflow/example_dags/example_latest_only.py                                               1           0  0.26s           2021-08-13T23:30:29
/home/airflow/.local/lib/python3.6/site-packages/airflow/example_dags/tutorial_etl_dag.py                                                  1           0  0.47s           2021-08-13T23:30:29
/home/airflow/.local/lib/python3.6/site-packages/airflow/example_dags/example_task_group.py                                                1           0  0.49s           2021-08-13T23:30:29
/home/airflow/.local/lib/python3.6/site-packages/airflow/example_dags/example_branch_day_of_week_operator.py                               1           0  0.43s           2021-08-13T23:30:30
/home/airflow/.local/lib/python3.6/site-packages/airflow/example_dags/example_xcom.py                                                      1           0  0.37s           2021-08-13T23:30:30
/home/airflow/.local/lib/python3.6/site-packages/airflow/example_dags/example_branch_datetime_operator.py                                  1           0  0.31s           2021-08-13T23:30:30
/home/airflow/.local/lib/python3.6/site-packages/airflow/example_dags/example_branch_labels.py                                             1           0  0.26s           2021-08-13T23:30:30
/home/airflow/.local/lib/python3.6/site-packages/airflow/example_dags/example_kubernetes_executor_config.py                                1           0  0.19s           2021-08-13T23:30:31
/home/airflow/.local/lib/python3.6/site-packages/airflow/example_dags/example_task_group_decorator.py                                      1           0  1.16s           2021-08-13T23:30:34
/home/airflow/.local/lib/python3.6/site-packages/airflow/example_dags/test_utils.py                                                        1           0  0.34s           2021-08-13T23:30:32
/home/airflow/.local/lib/python3.6/site-packages/airflow/example_dags/example_branch_operator.py                                           1           0  0.24s           2021-08-13T23:30:34
/home/airflow/.local/lib/python3.6/site-packages/airflow/example_dags/example_complex.py                                                   1           0  0.43s           2021-08-13T23:30:34
/home/airflow/.local/lib/python3.6/site-packages/airflow/example_dags/example_dag_decorator.py                                             1           0  0.90s           2021-08-13T23:30:36
/home/airflow/.local/lib/python3.6/site-packages/airflow/example_dags/tutorial.py                                                          1           0  0.20s           2021-08-13T23:30:35
/home/airflow/.local/lib/python3.6/site-packages/airflow/example_dags/example_latest_only_with_trigger.py                                  1           0  0.31s           2021-08-13T23:30:36
/home/airflow/.local/lib/python3.6/site-packages/airflow/example_dags/example_branch_python_dop_operator_3.py                              1           0  0.36s           2021-08-13T23:30:37
/home/airflow/.local/lib/python3.6/site-packages/airflow/example_dags/tutorial_taskflow_api_etl_virtualenv.py                              1           0  1.56s           2021-08-13T23:30:39
/home/airflow/.local/lib/python3.6/site-packages/airflow/example_dags/example_nested_branch_dag.py                                         1           0  0.41s           2021-08-13T23:30:38
/home/airflow/.local/lib/python3.6/site-packages/airflow/example_dags/example_kubernetes_executor.py                                       1           0  0.53s           2021-08-13T23:30:38
/home/airflow/.local/lib/python3.6/site-packages/airflow/example_dags/example_passing_params_via_test_command.py                           1           0  0.40s           2021-08-13T23:30:40
/home/airflow/.local/lib/python3.6/site-packages/airflow/example_dags/example_skip_dag.py                                                  1           0  0.54s           2021-08-13T23:30:41
/home/airflow/.local/lib/python3.6/site-packages/airflow/example_dags/example_trigger_controller_dag.py                                    1           0  0.31s           2021-08-13T23:30:41
/home/airflow/.local/lib/python3.6/site-packages/airflow/example_dags/tutorial_taskflow_api_etl.py                                         1           0  2.05s           2021-08-13T23:30:43
/home/airflow/.local/lib/python3.6/site-packages/airflow/example_dags/example_xcomargs.py                                                  2           0  0.94s           2021-08-13T23:30:40
/home/airflow/.local/lib/python3.6/site-packages/airflow/example_dags/example_external_task_marker_dag.py                                  2           0  0.96s           2021-08-13T23:30:41
/home/airflow/.local/lib/python3.6/site-packages/airflow/example_dags/example_subdag_operator.py                                           3           0  0.33s           2021-08-13T23:30:33
================================================================================
[2021-08-13 23:30:59,715] {dag_processing.py:1128} INFO - Finding 'running' jobs without a recent heartbeat
[2021-08-13 23:30:59,715] {dag_processing.py:1132} INFO - Failing jobs without heartbeat after 2021-08-13 23:25:59.715959+00:00
[2021-08-13 23:31:09,988] {dag_processing.py:1128} INFO - Finding 'running' jobs without a recent heartbeat
[2021-08-13 23:31:09,988] {dag_processing.py:1132} INFO - Failing jobs without heartbeat after 2021-08-13 23:26:09.988631+00:00
[2021-08-13 23:31:20,208] {dag_processing.py:1128} INFO - Finding 'running' jobs without a recent heartbeat
[2021-08-13 23:31:20,208] {dag_processing.py:1132} INFO - Failing jobs without heartbeat after 2021-08-13 23:26:20.208454+00:00
[2021-08-13 23:31:28,858] {dag_processing.py:861} INFO - 
================================================================================
DAG File Processing Stats

File Path                                                                                                           PID  Runtime      # DAGs    # Errors  Last Runtime    Last Run
----------------------------------------------------------------------------------------------------------------  -----  ---------  --------  ----------  --------------  -------------------
/opt/airflow/dags/coin-extractor.py                                                                                 184  0.00s             0           1  0.07s           2021-08-13T23:30:58
/home/airflow/.local/lib/python3.6/site-packages/airflow/example_dags/subdags/subdag.py                                                    0           0  0.10s           2021-08-13T23:31:12
/home/airflow/.local/lib/python3.6/site-packages/airflow/example_dags/example_bash_operator.py                                             1           0  0.14s           2021-08-13T23:30:59
/home/airflow/.local/lib/python3.6/site-packages/airflow/example_dags/example_trigger_target_dag.py                                        1           0  0.12s           2021-08-13T23:30:59
/home/airflow/.local/lib/python3.6/site-packages/airflow/example_dags/example_python_operator.py                                           1           0  0.11s           2021-08-13T23:30:59
/home/airflow/.local/lib/python3.6/site-packages/airflow/example_dags/example_short_circuit_operator.py                                    1           0  0.19s           2021-08-13T23:31:00
/home/airflow/.local/lib/python3.6/site-packages/airflow/example_dags/example_latest_only.py                                               1           0  0.20s           2021-08-13T23:31:00
/home/airflow/.local/lib/python3.6/site-packages/airflow/example_dags/tutorial_etl_dag.py                                                  1           0  0.17s           2021-08-13T23:31:00
/home/airflow/.local/lib/python3.6/site-packages/airflow/example_dags/example_task_group.py                                                1           0  0.12s           2021-08-13T23:31:00
/home/airflow/.local/lib/python3.6/site-packages/airflow/example_dags/example_branch_day_of_week_operator.py                               1           0  0.14s           2021-08-13T23:31:00
/home/airflow/.local/lib/python3.6/site-packages/airflow/example_dags/example_xcom.py                                                      1           0  0.13s           2021-08-13T23:31:00
/home/airflow/.local/lib/python3.6/site-packages/airflow/example_dags/example_branch_datetime_operator.py                                  1           0  0.18s           2021-08-13T23:31:00
/home/airflow/.local/lib/python3.6/site-packages/airflow/example_dags/example_branch_labels.py                                             1           0  0.10s           2021-08-13T23:31:01
/home/airflow/.local/lib/python3.6/site-packages/airflow/example_dags/example_kubernetes_executor_config.py                                1           0  0.14s           2021-08-13T23:31:02
/home/airflow/.local/lib/python3.6/site-packages/airflow/example_dags/example_task_group_decorator.py                                      1           0  0.39s           2021-08-13T23:31:06
/home/airflow/.local/lib/python3.6/site-packages/airflow/example_dags/test_utils.py                                                        1           0  0.10s           2021-08-13T23:31:02
/home/airflow/.local/lib/python3.6/site-packages/airflow/example_dags/example_branch_operator.py                                           1           0  0.12s           2021-08-13T23:31:04
/home/airflow/.local/lib/python3.6/site-packages/airflow/example_dags/example_complex.py                                                   1           0  0.14s           2021-08-13T23:31:04
/home/airflow/.local/lib/python3.6/site-packages/airflow/example_dags/example_dag_decorator.py                                             1           0  0.47s           2021-08-13T23:31:07
/home/airflow/.local/lib/python3.6/site-packages/airflow/example_dags/tutorial.py                                                          1           0  0.13s           2021-08-13T23:31:06
/home/airflow/.local/lib/python3.6/site-packages/airflow/example_dags/example_latest_only_with_trigger.py                                  1           0  0.11s           2021-08-13T23:31:07
/home/airflow/.local/lib/python3.6/site-packages/airflow/example_dags/example_branch_python_dop_operator_3.py                              1           0  0.22s           2021-08-13T23:31:07
/home/airflow/.local/lib/python3.6/site-packages/airflow/example_dags/tutorial_taskflow_api_etl_virtualenv.py                              1           0  0.48s           2021-08-13T23:31:09
/home/airflow/.local/lib/python3.6/site-packages/airflow/example_dags/example_nested_branch_dag.py                                         1           0  0.12s           2021-08-13T23:31:08
/home/airflow/.local/lib/python3.6/site-packages/airflow/example_dags/example_kubernetes_executor.py                                       1           0  0.16s           2021-08-13T23:31:09
/home/airflow/.local/lib/python3.6/site-packages/airflow/example_dags/example_passing_params_via_test_command.py                           1           0  0.14s           2021-08-13T23:31:11
/home/airflow/.local/lib/python3.6/site-packages/airflow/example_dags/example_skip_dag.py                                                  1           0  0.27s           2021-08-13T23:31:12
/home/airflow/.local/lib/python3.6/site-packages/airflow/example_dags/example_trigger_controller_dag.py                                    1           0  0.25s           2021-08-13T23:31:12
/home/airflow/.local/lib/python3.6/site-packages/airflow/example_dags/tutorial_taskflow_api_etl.py                                         1           0  0.42s           2021-08-13T23:31:14
/home/airflow/.local/lib/python3.6/site-packages/airflow/example_dags/example_xcomargs.py                                                  2           0  0.41s           2021-08-13T23:31:11
/home/airflow/.local/lib/python3.6/site-packages/airflow/example_dags/example_external_task_marker_dag.py                                  2           0  0.70s           2021-08-13T23:31:12
/home/airflow/.local/lib/python3.6/site-packages/airflow/example_dags/example_subdag_operator.py                                           3           0  0.13s           2021-08-13T23:31:03
================================================================================
[2021-08-13 23:31:31,036] {dag_processing.py:1128} INFO - Finding 'running' jobs without a recent heartbeat
[2021-08-13 23:31:31,037] {dag_processing.py:1132} INFO - Failing jobs without heartbeat after 2021-08-13 23:26:31.037196+00:00
[2021-08-13 23:31:41,271] {dag_processing.py:1128} INFO - Finding 'running' jobs without a recent heartbeat
[2021-08-13 23:31:41,283] {dag_processing.py:1132} INFO - Failing jobs without heartbeat after 2021-08-13 23:26:41.283173+00:00
[2021-08-13 23:31:51,678] {dag_processing.py:1128} INFO - Finding 'running' jobs without a recent heartbeat
[2021-08-13 23:31:51,679] {dag_processing.py:1132} INFO - Failing jobs without heartbeat after 2021-08-13 23:26:51.678981+00:00
[2021-08-13 23:31:58,897] {dag_processing.py:861} INFO - 
================================================================================
DAG File Processing Stats

File Path                                                                                                         PID    Runtime      # DAGs    # Errors  Last Runtime    Last Run
----------------------------------------------------------------------------------------------------------------  -----  ---------  --------  ----------  --------------  -------------------
/home/airflow/.local/lib/python3.6/site-packages/airflow/example_dags/subdags/subdag.py                                                    0           0  0.20s           2021-08-13T23:31:44
/opt/airflow/dags/coin-extractor.py                                                                                                        1           0  9.10s           2021-08-13T23:31:46
/home/airflow/.local/lib/python3.6/site-packages/airflow/example_dags/example_bash_operator.py                                             1           0  0.12s           2021-08-13T23:31:30
/home/airflow/.local/lib/python3.6/site-packages/airflow/example_dags/example_trigger_target_dag.py                                        1           0  0.10s           2021-08-13T23:31:29
/home/airflow/.local/lib/python3.6/site-packages/airflow/example_dags/example_python_operator.py                                           1           0  0.09s           2021-08-13T23:31:30
/home/airflow/.local/lib/python3.6/site-packages/airflow/example_dags/example_short_circuit_operator.py                                    1           0  0.16s           2021-08-13T23:31:31
/home/airflow/.local/lib/python3.6/site-packages/airflow/example_dags/example_latest_only.py                                               1           0  0.18s           2021-08-13T23:31:31
/home/airflow/.local/lib/python3.6/site-packages/airflow/example_dags/tutorial_etl_dag.py                                                  1           0  0.22s           2021-08-13T23:31:31
/home/airflow/.local/lib/python3.6/site-packages/airflow/example_dags/example_task_group.py                                                1           0  0.28s           2021-08-13T23:31:31
/home/airflow/.local/lib/python3.6/site-packages/airflow/example_dags/example_branch_day_of_week_operator.py                               1           0  0.56s           2021-08-13T23:31:32
/home/airflow/.local/lib/python3.6/site-packages/airflow/example_dags/example_xcom.py                                                      1           0  0.22s           2021-08-13T23:31:31
/home/airflow/.local/lib/python3.6/site-packages/airflow/example_dags/example_branch_datetime_operator.py                                  1           0  0.27s           2021-08-13T23:31:32
/home/airflow/.local/lib/python3.6/site-packages/airflow/example_dags/example_branch_labels.py                                             1           0  0.24s           2021-08-13T23:31:32
/home/airflow/.local/lib/python3.6/site-packages/airflow/example_dags/example_kubernetes_executor_config.py                                1           0  0.32s           2021-08-13T23:31:33
/home/airflow/.local/lib/python3.6/site-packages/airflow/example_dags/example_task_group_decorator.py                                      1           0  0.55s           2021-08-13T23:31:37
/home/airflow/.local/lib/python3.6/site-packages/airflow/example_dags/test_utils.py                                                        1           0  0.31s           2021-08-13T23:31:33
/home/airflow/.local/lib/python3.6/site-packages/airflow/example_dags/example_branch_operator.py                                           1           0  0.15s           2021-08-13T23:31:35
/home/airflow/.local/lib/python3.6/site-packages/airflow/example_dags/example_complex.py                                                   1           0  0.17s           2021-08-13T23:31:35
/home/airflow/.local/lib/python3.6/site-packages/airflow/example_dags/example_dag_decorator.py                                             1           0  0.61s           2021-08-13T23:31:38
/home/airflow/.local/lib/python3.6/site-packages/airflow/example_dags/tutorial.py                                                          1           0  0.14s           2021-08-13T23:31:36
/home/airflow/.local/lib/python3.6/site-packages/airflow/example_dags/example_latest_only_with_trigger.py                                  1           0  0.13s           2021-08-13T23:31:38
/home/airflow/.local/lib/python3.6/site-packages/airflow/example_dags/example_branch_python_dop_operator_3.py                              1           0  0.43s           2021-08-13T23:31:38
/home/airflow/.local/lib/python3.6/site-packages/airflow/example_dags/tutorial_taskflow_api_etl_virtualenv.py                              1           0  1.17s           2021-08-13T23:31:41
/home/airflow/.local/lib/python3.6/site-packages/airflow/example_dags/example_nested_branch_dag.py                                         1           0  0.46s           2021-08-13T23:31:39
/home/airflow/.local/lib/python3.6/site-packages/airflow/example_dags/example_kubernetes_executor.py                                       1           0  0.30s           2021-08-13T23:31:40
/home/airflow/.local/lib/python3.6/site-packages/airflow/example_dags/example_passing_params_via_test_command.py                           1           0  0.31s           2021-08-13T23:31:43
/home/airflow/.local/lib/python3.6/site-packages/airflow/example_dags/example_skip_dag.py                                                  1           0  0.22s           2021-08-13T23:31:44
/home/airflow/.local/lib/python3.6/site-packages/airflow/example_dags/example_trigger_controller_dag.py                                    1           0  0.21s           2021-08-13T23:31:44
/home/airflow/.local/lib/python3.6/site-packages/airflow/example_dags/tutorial_taskflow_api_etl.py                                         1           0  0.84s           2021-08-13T23:31:45
/home/airflow/.local/lib/python3.6/site-packages/airflow/example_dags/example_xcomargs.py                                                  2           0  1.32s           2021-08-13T23:31:42
/home/airflow/.local/lib/python3.6/site-packages/airflow/example_dags/example_external_task_marker_dag.py                                  2           0  1.10s           2021-08-13T23:31:44
/home/airflow/.local/lib/python3.6/site-packages/airflow/example_dags/example_subdag_operator.py                                           3           0  0.39s           2021-08-13T23:31:34
================================================================================
[2021-08-13 23:32:01,938] {dag_processing.py:1128} INFO - Finding 'running' jobs without a recent heartbeat
[2021-08-13 23:32:01,938] {dag_processing.py:1132} INFO - Failing jobs without heartbeat after 2021-08-13 23:27:01.938503+00:00
[2021-08-13 23:32:12,115] {dag_processing.py:1128} INFO - Finding 'running' jobs without a recent heartbeat
[2021-08-13 23:32:12,116] {dag_processing.py:1132} INFO - Failing jobs without heartbeat after 2021-08-13 23:27:12.116176+00:00
[2021-08-13 23:32:22,928] {dag_processing.py:1128} INFO - Finding 'running' jobs without a recent heartbeat
[2021-08-13 23:32:22,929] {dag_processing.py:1132} INFO - Failing jobs without heartbeat after 2021-08-13 23:27:22.929432+00:00
[2021-08-13 23:32:28,980] {dag_processing.py:861} INFO - 
================================================================================
DAG File Processing Stats

File Path                                                                                                         PID    Runtime      # DAGs    # Errors  Last Runtime    Last Run
----------------------------------------------------------------------------------------------------------------  -----  ---------  --------  ----------  --------------  -------------------
/opt/airflow/dags/coin-extractor.py                                                                                                        0           1  0.09s           2021-08-13T23:32:16
/home/airflow/.local/lib/python3.6/site-packages/airflow/example_dags/subdags/subdag.py                                                    0           0  0.08s           2021-08-13T23:32:14
/home/airflow/.local/lib/python3.6/site-packages/airflow/example_dags/example_bash_operator.py                                             1           0  0.21s           2021-08-13T23:32:00
/home/airflow/.local/lib/python3.6/site-packages/airflow/example_dags/example_trigger_target_dag.py                                        1           0  0.19s           2021-08-13T23:32:00
/home/airflow/.local/lib/python3.6/site-packages/airflow/example_dags/example_python_operator.py                                           1           0  0.24s           2021-08-13T23:32:01
/home/airflow/.local/lib/python3.6/site-packages/airflow/example_dags/example_short_circuit_operator.py                                    1           0  0.10s           2021-08-13T23:32:02
/home/airflow/.local/lib/python3.6/site-packages/airflow/example_dags/example_latest_only.py                                               1           0  0.11s           2021-08-13T23:32:02
/home/airflow/.local/lib/python3.6/site-packages/airflow/example_dags/tutorial_etl_dag.py                                                  1           0  0.15s           2021-08-13T23:32:02
/home/airflow/.local/lib/python3.6/site-packages/airflow/example_dags/example_task_group.py                                                1           0  0.21s           2021-08-13T23:32:02
/home/airflow/.local/lib/python3.6/site-packages/airflow/example_dags/example_branch_day_of_week_operator.py                               1           0  0.19s           2021-08-13T23:32:02
/home/airflow/.local/lib/python3.6/site-packages/airflow/example_dags/example_xcom.py                                                      1           0  0.18s           2021-08-13T23:32:02
/home/airflow/.local/lib/python3.6/site-packages/airflow/example_dags/example_branch_datetime_operator.py                                  1           0  0.15s           2021-08-13T23:32:02
/home/airflow/.local/lib/python3.6/site-packages/airflow/example_dags/example_branch_labels.py                                             1           0  0.19s           2021-08-13T23:32:02
/home/airflow/.local/lib/python3.6/site-packages/airflow/example_dags/example_kubernetes_executor_config.py                                1           0  0.23s           2021-08-13T23:32:03
/home/airflow/.local/lib/python3.6/site-packages/airflow/example_dags/example_task_group_decorator.py                                      1           0  0.57s           2021-08-13T23:32:07
/home/airflow/.local/lib/python3.6/site-packages/airflow/example_dags/test_utils.py                                                        1           0  0.28s           2021-08-13T23:32:03
/home/airflow/.local/lib/python3.6/site-packages/airflow/example_dags/example_branch_operator.py                                           1           0  0.14s           2021-08-13T23:32:05
/home/airflow/.local/lib/python3.6/site-packages/airflow/example_dags/example_complex.py                                                   1           0  0.14s           2021-08-13T23:32:06
/home/airflow/.local/lib/python3.6/site-packages/airflow/example_dags/example_dag_decorator.py                                             1           0  0.83s           2021-08-13T23:32:09
/home/airflow/.local/lib/python3.6/site-packages/airflow/example_dags/tutorial.py                                                          1           0  0.14s           2021-08-13T23:32:07
/home/airflow/.local/lib/python3.6/site-packages/airflow/example_dags/example_latest_only_with_trigger.py                                  1           0  0.29s           2021-08-13T23:32:09
/home/airflow/.local/lib/python3.6/site-packages/airflow/example_dags/example_branch_python_dop_operator_3.py                              1           0  0.33s           2021-08-13T23:32:09
/home/airflow/.local/lib/python3.6/site-packages/airflow/example_dags/tutorial_taskflow_api_etl_virtualenv.py                              1           0  0.55s           2021-08-13T23:32:12
/home/airflow/.local/lib/python3.6/site-packages/airflow/example_dags/example_nested_branch_dag.py                                         1           0  0.32s           2021-08-13T23:32:09
/home/airflow/.local/lib/python3.6/site-packages/airflow/example_dags/example_kubernetes_executor.py                                       1           0  0.19s           2021-08-13T23:32:10
/home/airflow/.local/lib/python3.6/site-packages/airflow/example_dags/example_passing_params_via_test_command.py                           1           0  0.30s           2021-08-13T23:32:13
/home/airflow/.local/lib/python3.6/site-packages/airflow/example_dags/example_skip_dag.py                                                  1           0  0.19s           2021-08-13T23:32:14
/home/airflow/.local/lib/python3.6/site-packages/airflow/example_dags/example_trigger_controller_dag.py                                    1           0  0.20s           2021-08-13T23:32:14
/home/airflow/.local/lib/python3.6/site-packages/airflow/example_dags/tutorial_taskflow_api_etl.py                                         1           0  0.40s           2021-08-13T23:32:16
/home/airflow/.local/lib/python3.6/site-packages/airflow/example_dags/example_xcomargs.py                                                  2           0  0.64s           2021-08-13T23:32:13
/home/airflow/.local/lib/python3.6/site-packages/airflow/example_dags/example_external_task_marker_dag.py                                  2           0  0.26s           2021-08-13T23:32:14
/home/airflow/.local/lib/python3.6/site-packages/airflow/example_dags/example_subdag_operator.py                                           3           0  0.21s           2021-08-13T23:32:04
================================================================================
[2021-08-13 23:32:33,696] {dag_processing.py:1128} INFO - Finding 'running' jobs without a recent heartbeat
[2021-08-13 23:32:33,697] {dag_processing.py:1132} INFO - Failing jobs without heartbeat after 2021-08-13 23:27:33.697323+00:00
[2021-08-13 23:32:43,950] {dag_processing.py:1128} INFO - Finding 'running' jobs without a recent heartbeat
[2021-08-13 23:32:43,951] {dag_processing.py:1132} INFO - Failing jobs without heartbeat after 2021-08-13 23:27:43.951015+00:00
[2021-08-13 23:32:54,467] {dag_processing.py:1128} INFO - Finding 'running' jobs without a recent heartbeat
[2021-08-13 23:32:54,467] {dag_processing.py:1132} INFO - Failing jobs without heartbeat after 2021-08-13 23:27:54.467559+00:00
[2021-08-13 23:32:54,913] {dag_processing.py:585} INFO - Exiting gracefully upon receiving signal 15
