[2021-08-13 22:59:38,691] {scheduler_job.py:181} INFO - Started process (PID=181) to work on /home/airflow/.local/lib/python3.6/site-packages/airflow/example_dags/example_branch_python_dop_operator_3.py
[2021-08-13 22:59:38,693] {scheduler_job.py:632} INFO - Processing file /home/airflow/.local/lib/python3.6/site-packages/airflow/example_dags/example_branch_python_dop_operator_3.py for tasks to queue
[2021-08-13 22:59:38,694] {logging_mixin.py:104} INFO - [2021-08-13 22:59:38,694] {dagbag.py:496} INFO - Filling up the DagBag from /home/airflow/.local/lib/python3.6/site-packages/airflow/example_dags/example_branch_python_dop_operator_3.py
[2021-08-13 22:59:38,717] {scheduler_job.py:642} INFO - DAG(s) dict_keys(['example_branch_dop_operator_v3']) retrieved from /home/airflow/.local/lib/python3.6/site-packages/airflow/example_dags/example_branch_python_dop_operator_3.py
[2021-08-13 22:59:43,223] {logging_mixin.py:104} INFO - [2021-08-13 22:59:43,221] {dag.py:1833} INFO - Sync 1 DAGs
[2021-08-13 22:59:43,259] {logging_mixin.py:104} INFO - [2021-08-13 22:59:43,257] {dag.py:1852} INFO - Creating ORM DAG for example_branch_dop_operator_v3
[2021-08-13 22:59:43,288] {logging_mixin.py:104} INFO - [2021-08-13 22:59:43,288] {dag.py:2306} INFO - Setting next_dagrun for example_branch_dop_operator_v3 to 2021-08-11 00:00:00+00:00
[2021-08-13 22:59:43,325] {scheduler_job.py:189} INFO - Processing /home/airflow/.local/lib/python3.6/site-packages/airflow/example_dags/example_branch_python_dop_operator_3.py took 4.637 seconds
[2021-08-13 23:00:13,722] {scheduler_job.py:181} INFO - Started process (PID=273) to work on /home/airflow/.local/lib/python3.6/site-packages/airflow/example_dags/example_branch_python_dop_operator_3.py
[2021-08-13 23:00:13,736] {scheduler_job.py:632} INFO - Processing file /home/airflow/.local/lib/python3.6/site-packages/airflow/example_dags/example_branch_python_dop_operator_3.py for tasks to queue
[2021-08-13 23:00:13,739] {logging_mixin.py:104} INFO - [2021-08-13 23:00:13,738] {dagbag.py:496} INFO - Filling up the DagBag from /home/airflow/.local/lib/python3.6/site-packages/airflow/example_dags/example_branch_python_dop_operator_3.py
[2021-08-13 23:00:13,795] {scheduler_job.py:642} INFO - DAG(s) dict_keys(['example_branch_dop_operator_v3']) retrieved from /home/airflow/.local/lib/python3.6/site-packages/airflow/example_dags/example_branch_python_dop_operator_3.py
[2021-08-13 23:00:13,828] {logging_mixin.py:104} INFO - [2021-08-13 23:00:13,828] {dag.py:1833} INFO - Sync 1 DAGs
[2021-08-13 23:00:13,893] {logging_mixin.py:104} INFO - [2021-08-13 23:00:13,893] {dag.py:2306} INFO - Setting next_dagrun for example_branch_dop_operator_v3 to 2021-08-11 00:00:00+00:00
[2021-08-13 23:00:13,904] {scheduler_job.py:189} INFO - Processing /home/airflow/.local/lib/python3.6/site-packages/airflow/example_dags/example_branch_python_dop_operator_3.py took 0.196 seconds
[2021-08-13 23:00:44,073] {scheduler_job.py:181} INFO - Started process (PID=333) to work on /home/airflow/.local/lib/python3.6/site-packages/airflow/example_dags/example_branch_python_dop_operator_3.py
[2021-08-13 23:00:44,074] {scheduler_job.py:632} INFO - Processing file /home/airflow/.local/lib/python3.6/site-packages/airflow/example_dags/example_branch_python_dop_operator_3.py for tasks to queue
[2021-08-13 23:00:44,075] {logging_mixin.py:104} INFO - [2021-08-13 23:00:44,075] {dagbag.py:496} INFO - Filling up the DagBag from /home/airflow/.local/lib/python3.6/site-packages/airflow/example_dags/example_branch_python_dop_operator_3.py
[2021-08-13 23:00:44,101] {scheduler_job.py:642} INFO - DAG(s) dict_keys(['example_branch_dop_operator_v3']) retrieved from /home/airflow/.local/lib/python3.6/site-packages/airflow/example_dags/example_branch_python_dop_operator_3.py
[2021-08-13 23:00:44,131] {logging_mixin.py:104} INFO - [2021-08-13 23:00:44,131] {dag.py:1833} INFO - Sync 1 DAGs
[2021-08-13 23:00:44,175] {logging_mixin.py:104} INFO - [2021-08-13 23:00:44,175] {dag.py:2306} INFO - Setting next_dagrun for example_branch_dop_operator_v3 to 2021-08-11 00:00:00+00:00
[2021-08-13 23:00:44,190] {scheduler_job.py:189} INFO - Processing /home/airflow/.local/lib/python3.6/site-packages/airflow/example_dags/example_branch_python_dop_operator_3.py took 0.122 seconds
[2021-08-13 23:01:14,593] {scheduler_job.py:181} INFO - Started process (PID=385) to work on /home/airflow/.local/lib/python3.6/site-packages/airflow/example_dags/example_branch_python_dop_operator_3.py
[2021-08-13 23:01:14,595] {scheduler_job.py:632} INFO - Processing file /home/airflow/.local/lib/python3.6/site-packages/airflow/example_dags/example_branch_python_dop_operator_3.py for tasks to queue
[2021-08-13 23:01:14,595] {logging_mixin.py:104} INFO - [2021-08-13 23:01:14,595] {dagbag.py:496} INFO - Filling up the DagBag from /home/airflow/.local/lib/python3.6/site-packages/airflow/example_dags/example_branch_python_dop_operator_3.py
[2021-08-13 23:01:14,664] {scheduler_job.py:642} INFO - DAG(s) dict_keys(['example_branch_dop_operator_v3']) retrieved from /home/airflow/.local/lib/python3.6/site-packages/airflow/example_dags/example_branch_python_dop_operator_3.py
[2021-08-13 23:01:14,797] {logging_mixin.py:104} INFO - [2021-08-13 23:01:14,797] {dag.py:1833} INFO - Sync 1 DAGs
[2021-08-13 23:01:14,892] {logging_mixin.py:104} INFO - [2021-08-13 23:01:14,892] {dag.py:2306} INFO - Setting next_dagrun for example_branch_dop_operator_v3 to 2021-08-11 00:00:00+00:00
[2021-08-13 23:01:14,952] {scheduler_job.py:189} INFO - Processing /home/airflow/.local/lib/python3.6/site-packages/airflow/example_dags/example_branch_python_dop_operator_3.py took 0.372 seconds
[2021-08-13 23:01:45,417] {scheduler_job.py:181} INFO - Started process (PID=436) to work on /home/airflow/.local/lib/python3.6/site-packages/airflow/example_dags/example_branch_python_dop_operator_3.py
[2021-08-13 23:01:45,418] {scheduler_job.py:632} INFO - Processing file /home/airflow/.local/lib/python3.6/site-packages/airflow/example_dags/example_branch_python_dop_operator_3.py for tasks to queue
[2021-08-13 23:01:45,419] {logging_mixin.py:104} INFO - [2021-08-13 23:01:45,419] {dagbag.py:496} INFO - Filling up the DagBag from /home/airflow/.local/lib/python3.6/site-packages/airflow/example_dags/example_branch_python_dop_operator_3.py
[2021-08-13 23:01:45,439] {scheduler_job.py:642} INFO - DAG(s) dict_keys(['example_branch_dop_operator_v3']) retrieved from /home/airflow/.local/lib/python3.6/site-packages/airflow/example_dags/example_branch_python_dop_operator_3.py
[2021-08-13 23:01:45,464] {logging_mixin.py:104} INFO - [2021-08-13 23:01:45,463] {dag.py:1833} INFO - Sync 1 DAGs
[2021-08-13 23:01:45,501] {logging_mixin.py:104} INFO - [2021-08-13 23:01:45,501] {dag.py:2306} INFO - Setting next_dagrun for example_branch_dop_operator_v3 to 2021-08-11 00:00:00+00:00
[2021-08-13 23:01:45,530] {scheduler_job.py:189} INFO - Processing /home/airflow/.local/lib/python3.6/site-packages/airflow/example_dags/example_branch_python_dop_operator_3.py took 0.118 seconds
[2021-08-13 23:02:16,067] {scheduler_job.py:181} INFO - Started process (PID=493) to work on /home/airflow/.local/lib/python3.6/site-packages/airflow/example_dags/example_branch_python_dop_operator_3.py
[2021-08-13 23:02:16,068] {scheduler_job.py:632} INFO - Processing file /home/airflow/.local/lib/python3.6/site-packages/airflow/example_dags/example_branch_python_dop_operator_3.py for tasks to queue
[2021-08-13 23:02:16,069] {logging_mixin.py:104} INFO - [2021-08-13 23:02:16,069] {dagbag.py:496} INFO - Filling up the DagBag from /home/airflow/.local/lib/python3.6/site-packages/airflow/example_dags/example_branch_python_dop_operator_3.py
[2021-08-13 23:02:16,092] {scheduler_job.py:642} INFO - DAG(s) dict_keys(['example_branch_dop_operator_v3']) retrieved from /home/airflow/.local/lib/python3.6/site-packages/airflow/example_dags/example_branch_python_dop_operator_3.py
[2021-08-13 23:02:16,125] {logging_mixin.py:104} INFO - [2021-08-13 23:02:16,125] {dag.py:1833} INFO - Sync 1 DAGs
[2021-08-13 23:02:16,172] {logging_mixin.py:104} INFO - [2021-08-13 23:02:16,171] {dag.py:2306} INFO - Setting next_dagrun for example_branch_dop_operator_v3 to 2021-08-11 00:00:00+00:00
[2021-08-13 23:02:16,197] {scheduler_job.py:189} INFO - Processing /home/airflow/.local/lib/python3.6/site-packages/airflow/example_dags/example_branch_python_dop_operator_3.py took 0.135 seconds
[2021-08-13 23:30:05,855] {scheduler_job.py:181} INFO - Started process (PID=55) to work on /home/airflow/.local/lib/python3.6/site-packages/airflow/example_dags/example_branch_python_dop_operator_3.py
[2021-08-13 23:30:05,858] {scheduler_job.py:632} INFO - Processing file /home/airflow/.local/lib/python3.6/site-packages/airflow/example_dags/example_branch_python_dop_operator_3.py for tasks to queue
[2021-08-13 23:30:05,859] {logging_mixin.py:104} INFO - [2021-08-13 23:30:05,859] {dagbag.py:496} INFO - Filling up the DagBag from /home/airflow/.local/lib/python3.6/site-packages/airflow/example_dags/example_branch_python_dop_operator_3.py
[2021-08-13 23:30:05,977] {scheduler_job.py:642} INFO - DAG(s) dict_keys(['example_branch_dop_operator_v3']) retrieved from /home/airflow/.local/lib/python3.6/site-packages/airflow/example_dags/example_branch_python_dop_operator_3.py
[2021-08-13 23:30:06,157] {logging_mixin.py:104} INFO - [2021-08-13 23:30:06,157] {dag.py:1833} INFO - Sync 1 DAGs
[2021-08-13 23:30:06,369] {logging_mixin.py:104} INFO - [2021-08-13 23:30:06,369] {dag.py:2306} INFO - Setting next_dagrun for example_branch_dop_operator_v3 to 2021-08-11 00:00:00+00:00
[2021-08-13 23:30:06,447] {scheduler_job.py:189} INFO - Processing /home/airflow/.local/lib/python3.6/site-packages/airflow/example_dags/example_branch_python_dop_operator_3.py took 0.599 seconds
[2021-08-13 23:30:36,967] {scheduler_job.py:181} INFO - Started process (PID=110) to work on /home/airflow/.local/lib/python3.6/site-packages/airflow/example_dags/example_branch_python_dop_operator_3.py
[2021-08-13 23:30:36,977] {scheduler_job.py:632} INFO - Processing file /home/airflow/.local/lib/python3.6/site-packages/airflow/example_dags/example_branch_python_dop_operator_3.py for tasks to queue
[2021-08-13 23:30:36,978] {logging_mixin.py:104} INFO - [2021-08-13 23:30:36,978] {dagbag.py:496} INFO - Filling up the DagBag from /home/airflow/.local/lib/python3.6/site-packages/airflow/example_dags/example_branch_python_dop_operator_3.py
[2021-08-13 23:30:37,029] {scheduler_job.py:642} INFO - DAG(s) dict_keys(['example_branch_dop_operator_v3']) retrieved from /home/airflow/.local/lib/python3.6/site-packages/airflow/example_dags/example_branch_python_dop_operator_3.py
[2021-08-13 23:30:37,145] {logging_mixin.py:104} INFO - [2021-08-13 23:30:37,144] {dag.py:1833} INFO - Sync 1 DAGs
[2021-08-13 23:30:37,215] {logging_mixin.py:104} INFO - [2021-08-13 23:30:37,215] {dag.py:2306} INFO - Setting next_dagrun for example_branch_dop_operator_v3 to 2021-08-11 00:00:00+00:00
[2021-08-13 23:30:37,260] {scheduler_job.py:189} INFO - Processing /home/airflow/.local/lib/python3.6/site-packages/airflow/example_dags/example_branch_python_dop_operator_3.py took 0.297 seconds
[2021-08-13 23:31:07,504] {scheduler_job.py:181} INFO - Started process (PID=163) to work on /home/airflow/.local/lib/python3.6/site-packages/airflow/example_dags/example_branch_python_dop_operator_3.py
[2021-08-13 23:31:07,508] {scheduler_job.py:632} INFO - Processing file /home/airflow/.local/lib/python3.6/site-packages/airflow/example_dags/example_branch_python_dop_operator_3.py for tasks to queue
[2021-08-13 23:31:07,509] {logging_mixin.py:104} INFO - [2021-08-13 23:31:07,508] {dagbag.py:496} INFO - Filling up the DagBag from /home/airflow/.local/lib/python3.6/site-packages/airflow/example_dags/example_branch_python_dop_operator_3.py
[2021-08-13 23:31:07,553] {scheduler_job.py:642} INFO - DAG(s) dict_keys(['example_branch_dop_operator_v3']) retrieved from /home/airflow/.local/lib/python3.6/site-packages/airflow/example_dags/example_branch_python_dop_operator_3.py
[2021-08-13 23:31:07,618] {logging_mixin.py:104} INFO - [2021-08-13 23:31:07,618] {dag.py:1833} INFO - Sync 1 DAGs
[2021-08-13 23:31:07,686] {logging_mixin.py:104} INFO - [2021-08-13 23:31:07,686] {dag.py:2306} INFO - Setting next_dagrun for example_branch_dop_operator_v3 to 2021-08-11 00:00:00+00:00
[2021-08-13 23:31:07,700] {scheduler_job.py:189} INFO - Processing /home/airflow/.local/lib/python3.6/site-packages/airflow/example_dags/example_branch_python_dop_operator_3.py took 0.199 seconds
[2021-08-13 23:31:38,510] {scheduler_job.py:181} INFO - Started process (PID=222) to work on /home/airflow/.local/lib/python3.6/site-packages/airflow/example_dags/example_branch_python_dop_operator_3.py
[2021-08-13 23:31:38,511] {scheduler_job.py:632} INFO - Processing file /home/airflow/.local/lib/python3.6/site-packages/airflow/example_dags/example_branch_python_dop_operator_3.py for tasks to queue
[2021-08-13 23:31:38,512] {logging_mixin.py:104} INFO - [2021-08-13 23:31:38,512] {dagbag.py:496} INFO - Filling up the DagBag from /home/airflow/.local/lib/python3.6/site-packages/airflow/example_dags/example_branch_python_dop_operator_3.py
[2021-08-13 23:31:38,563] {scheduler_job.py:642} INFO - DAG(s) dict_keys(['example_branch_dop_operator_v3']) retrieved from /home/airflow/.local/lib/python3.6/site-packages/airflow/example_dags/example_branch_python_dop_operator_3.py
[2021-08-13 23:31:38,673] {logging_mixin.py:104} INFO - [2021-08-13 23:31:38,673] {dag.py:1833} INFO - Sync 1 DAGs
[2021-08-13 23:31:38,862] {logging_mixin.py:104} INFO - [2021-08-13 23:31:38,862] {dag.py:2306} INFO - Setting next_dagrun for example_branch_dop_operator_v3 to 2021-08-11 00:00:00+00:00
[2021-08-13 23:31:38,909] {scheduler_job.py:189} INFO - Processing /home/airflow/.local/lib/python3.6/site-packages/airflow/example_dags/example_branch_python_dop_operator_3.py took 0.406 seconds
[2021-08-13 23:32:09,047] {scheduler_job.py:181} INFO - Started process (PID=277) to work on /home/airflow/.local/lib/python3.6/site-packages/airflow/example_dags/example_branch_python_dop_operator_3.py
[2021-08-13 23:32:09,053] {scheduler_job.py:632} INFO - Processing file /home/airflow/.local/lib/python3.6/site-packages/airflow/example_dags/example_branch_python_dop_operator_3.py for tasks to queue
[2021-08-13 23:32:09,055] {logging_mixin.py:104} INFO - [2021-08-13 23:32:09,054] {dagbag.py:496} INFO - Filling up the DagBag from /home/airflow/.local/lib/python3.6/site-packages/airflow/example_dags/example_branch_python_dop_operator_3.py
[2021-08-13 23:32:09,112] {scheduler_job.py:642} INFO - DAG(s) dict_keys(['example_branch_dop_operator_v3']) retrieved from /home/airflow/.local/lib/python3.6/site-packages/airflow/example_dags/example_branch_python_dop_operator_3.py
[2021-08-13 23:32:09,166] {logging_mixin.py:104} INFO - [2021-08-13 23:32:09,166] {dag.py:1833} INFO - Sync 1 DAGs
[2021-08-13 23:32:09,266] {logging_mixin.py:104} INFO - [2021-08-13 23:32:09,265] {dag.py:2306} INFO - Setting next_dagrun for example_branch_dop_operator_v3 to 2021-08-11 00:00:00+00:00
[2021-08-13 23:32:09,321] {scheduler_job.py:189} INFO - Processing /home/airflow/.local/lib/python3.6/site-packages/airflow/example_dags/example_branch_python_dop_operator_3.py took 0.282 seconds
[2021-08-13 23:32:39,504] {scheduler_job.py:181} INFO - Started process (PID=337) to work on /home/airflow/.local/lib/python3.6/site-packages/airflow/example_dags/example_branch_python_dop_operator_3.py
[2021-08-13 23:32:39,510] {scheduler_job.py:632} INFO - Processing file /home/airflow/.local/lib/python3.6/site-packages/airflow/example_dags/example_branch_python_dop_operator_3.py for tasks to queue
[2021-08-13 23:32:39,511] {logging_mixin.py:104} INFO - [2021-08-13 23:32:39,511] {dagbag.py:496} INFO - Filling up the DagBag from /home/airflow/.local/lib/python3.6/site-packages/airflow/example_dags/example_branch_python_dop_operator_3.py
[2021-08-13 23:32:39,530] {scheduler_job.py:642} INFO - DAG(s) dict_keys(['example_branch_dop_operator_v3']) retrieved from /home/airflow/.local/lib/python3.6/site-packages/airflow/example_dags/example_branch_python_dop_operator_3.py
[2021-08-13 23:32:39,558] {logging_mixin.py:104} INFO - [2021-08-13 23:32:39,557] {dag.py:1833} INFO - Sync 1 DAGs
[2021-08-13 23:32:39,602] {logging_mixin.py:104} INFO - [2021-08-13 23:32:39,602] {dag.py:2306} INFO - Setting next_dagrun for example_branch_dop_operator_v3 to 2021-08-11 00:00:00+00:00
[2021-08-13 23:32:39,621] {scheduler_job.py:189} INFO - Processing /home/airflow/.local/lib/python3.6/site-packages/airflow/example_dags/example_branch_python_dop_operator_3.py took 0.121 seconds
