[2021-08-13 22:59:02,086] {scheduler_job.py:181} INFO - Started process (PID=107) to work on /home/airflow/.local/lib/python3.6/site-packages/airflow/example_dags/example_branch_datetime_operator.py
[2021-08-13 22:59:02,101] {scheduler_job.py:632} INFO - Processing file /home/airflow/.local/lib/python3.6/site-packages/airflow/example_dags/example_branch_datetime_operator.py for tasks to queue
[2021-08-13 22:59:02,103] {logging_mixin.py:104} INFO - [2021-08-13 22:59:02,103] {dagbag.py:496} INFO - Filling up the DagBag from /home/airflow/.local/lib/python3.6/site-packages/airflow/example_dags/example_branch_datetime_operator.py
[2021-08-13 22:59:02,235] {scheduler_job.py:642} INFO - DAG(s) dict_keys(['example_branch_datetime_operator_2']) retrieved from /home/airflow/.local/lib/python3.6/site-packages/airflow/example_dags/example_branch_datetime_operator.py
[2021-08-13 22:59:09,881] {logging_mixin.py:104} INFO - [2021-08-13 22:59:09,878] {dag.py:1833} INFO - Sync 1 DAGs
[2021-08-13 22:59:09,979] {logging_mixin.py:104} INFO - [2021-08-13 22:59:09,977] {dag.py:1852} INFO - Creating ORM DAG for example_branch_datetime_operator_2
[2021-08-13 22:59:10,028] {logging_mixin.py:104} INFO - [2021-08-13 22:59:10,027] {dag.py:2306} INFO - Setting next_dagrun for example_branch_datetime_operator_2 to 2021-08-11 00:00:00+00:00
[2021-08-13 22:59:10,081] {scheduler_job.py:189} INFO - Processing /home/airflow/.local/lib/python3.6/site-packages/airflow/example_dags/example_branch_datetime_operator.py took 8.000 seconds
[2021-08-13 23:00:08,840] {scheduler_job.py:181} INFO - Started process (PID=262) to work on /home/airflow/.local/lib/python3.6/site-packages/airflow/example_dags/example_branch_datetime_operator.py
[2021-08-13 23:00:08,856] {scheduler_job.py:632} INFO - Processing file /home/airflow/.local/lib/python3.6/site-packages/airflow/example_dags/example_branch_datetime_operator.py for tasks to queue
[2021-08-13 23:00:08,857] {logging_mixin.py:104} INFO - [2021-08-13 23:00:08,857] {dagbag.py:496} INFO - Filling up the DagBag from /home/airflow/.local/lib/python3.6/site-packages/airflow/example_dags/example_branch_datetime_operator.py
[2021-08-13 23:00:08,935] {scheduler_job.py:642} INFO - DAG(s) dict_keys(['example_branch_datetime_operator_2']) retrieved from /home/airflow/.local/lib/python3.6/site-packages/airflow/example_dags/example_branch_datetime_operator.py
[2021-08-13 23:00:09,012] {logging_mixin.py:104} INFO - [2021-08-13 23:00:09,012] {dag.py:1833} INFO - Sync 1 DAGs
[2021-08-13 23:00:09,060] {logging_mixin.py:104} INFO - [2021-08-13 23:00:09,060] {dag.py:2306} INFO - Setting next_dagrun for example_branch_datetime_operator_2 to 2021-08-11 00:00:00+00:00
[2021-08-13 23:00:09,092] {scheduler_job.py:189} INFO - Processing /home/airflow/.local/lib/python3.6/site-packages/airflow/example_dags/example_branch_datetime_operator.py took 0.265 seconds
[2021-08-13 23:00:39,666] {scheduler_job.py:181} INFO - Started process (PID=313) to work on /home/airflow/.local/lib/python3.6/site-packages/airflow/example_dags/example_branch_datetime_operator.py
[2021-08-13 23:00:39,667] {scheduler_job.py:632} INFO - Processing file /home/airflow/.local/lib/python3.6/site-packages/airflow/example_dags/example_branch_datetime_operator.py for tasks to queue
[2021-08-13 23:00:39,668] {logging_mixin.py:104} INFO - [2021-08-13 23:00:39,668] {dagbag.py:496} INFO - Filling up the DagBag from /home/airflow/.local/lib/python3.6/site-packages/airflow/example_dags/example_branch_datetime_operator.py
[2021-08-13 23:00:39,721] {scheduler_job.py:642} INFO - DAG(s) dict_keys(['example_branch_datetime_operator_2']) retrieved from /home/airflow/.local/lib/python3.6/site-packages/airflow/example_dags/example_branch_datetime_operator.py
[2021-08-13 23:00:39,774] {logging_mixin.py:104} INFO - [2021-08-13 23:00:39,774] {dag.py:1833} INFO - Sync 1 DAGs
[2021-08-13 23:00:39,820] {logging_mixin.py:104} INFO - [2021-08-13 23:00:39,820] {dag.py:2306} INFO - Setting next_dagrun for example_branch_datetime_operator_2 to 2021-08-11 00:00:00+00:00
[2021-08-13 23:00:39,862] {scheduler_job.py:189} INFO - Processing /home/airflow/.local/lib/python3.6/site-packages/airflow/example_dags/example_branch_datetime_operator.py took 0.212 seconds
[2021-08-13 23:01:10,252] {scheduler_job.py:181} INFO - Started process (PID=363) to work on /home/airflow/.local/lib/python3.6/site-packages/airflow/example_dags/example_branch_datetime_operator.py
[2021-08-13 23:01:10,254] {scheduler_job.py:632} INFO - Processing file /home/airflow/.local/lib/python3.6/site-packages/airflow/example_dags/example_branch_datetime_operator.py for tasks to queue
[2021-08-13 23:01:10,255] {logging_mixin.py:104} INFO - [2021-08-13 23:01:10,255] {dagbag.py:496} INFO - Filling up the DagBag from /home/airflow/.local/lib/python3.6/site-packages/airflow/example_dags/example_branch_datetime_operator.py
[2021-08-13 23:01:10,314] {scheduler_job.py:642} INFO - DAG(s) dict_keys(['example_branch_datetime_operator_2']) retrieved from /home/airflow/.local/lib/python3.6/site-packages/airflow/example_dags/example_branch_datetime_operator.py
[2021-08-13 23:01:10,393] {logging_mixin.py:104} INFO - [2021-08-13 23:01:10,393] {dag.py:1833} INFO - Sync 1 DAGs
[2021-08-13 23:01:10,497] {logging_mixin.py:104} INFO - [2021-08-13 23:01:10,496] {dag.py:2306} INFO - Setting next_dagrun for example_branch_datetime_operator_2 to 2021-08-11 00:00:00+00:00
[2021-08-13 23:01:10,524] {scheduler_job.py:189} INFO - Processing /home/airflow/.local/lib/python3.6/site-packages/airflow/example_dags/example_branch_datetime_operator.py took 0.289 seconds
[2021-08-13 23:01:41,366] {scheduler_job.py:181} INFO - Started process (PID=423) to work on /home/airflow/.local/lib/python3.6/site-packages/airflow/example_dags/example_branch_datetime_operator.py
[2021-08-13 23:01:41,368] {scheduler_job.py:632} INFO - Processing file /home/airflow/.local/lib/python3.6/site-packages/airflow/example_dags/example_branch_datetime_operator.py for tasks to queue
[2021-08-13 23:01:41,369] {logging_mixin.py:104} INFO - [2021-08-13 23:01:41,369] {dagbag.py:496} INFO - Filling up the DagBag from /home/airflow/.local/lib/python3.6/site-packages/airflow/example_dags/example_branch_datetime_operator.py
[2021-08-13 23:01:41,392] {scheduler_job.py:642} INFO - DAG(s) dict_keys(['example_branch_datetime_operator_2']) retrieved from /home/airflow/.local/lib/python3.6/site-packages/airflow/example_dags/example_branch_datetime_operator.py
[2021-08-13 23:01:41,441] {logging_mixin.py:104} INFO - [2021-08-13 23:01:41,441] {dag.py:1833} INFO - Sync 1 DAGs
[2021-08-13 23:01:41,496] {logging_mixin.py:104} INFO - [2021-08-13 23:01:41,496] {dag.py:2306} INFO - Setting next_dagrun for example_branch_datetime_operator_2 to 2021-08-11 00:00:00+00:00
[2021-08-13 23:01:41,516] {scheduler_job.py:189} INFO - Processing /home/airflow/.local/lib/python3.6/site-packages/airflow/example_dags/example_branch_datetime_operator.py took 0.155 seconds
[2021-08-13 23:02:12,071] {scheduler_job.py:181} INFO - Started process (PID=481) to work on /home/airflow/.local/lib/python3.6/site-packages/airflow/example_dags/example_branch_datetime_operator.py
[2021-08-13 23:02:12,085] {scheduler_job.py:632} INFO - Processing file /home/airflow/.local/lib/python3.6/site-packages/airflow/example_dags/example_branch_datetime_operator.py for tasks to queue
[2021-08-13 23:02:12,086] {logging_mixin.py:104} INFO - [2021-08-13 23:02:12,086] {dagbag.py:496} INFO - Filling up the DagBag from /home/airflow/.local/lib/python3.6/site-packages/airflow/example_dags/example_branch_datetime_operator.py
[2021-08-13 23:02:12,122] {scheduler_job.py:642} INFO - DAG(s) dict_keys(['example_branch_datetime_operator_2']) retrieved from /home/airflow/.local/lib/python3.6/site-packages/airflow/example_dags/example_branch_datetime_operator.py
[2021-08-13 23:02:12,174] {logging_mixin.py:104} INFO - [2021-08-13 23:02:12,174] {dag.py:1833} INFO - Sync 1 DAGs
[2021-08-13 23:02:12,202] {logging_mixin.py:104} INFO - [2021-08-13 23:02:12,202] {dag.py:2306} INFO - Setting next_dagrun for example_branch_datetime_operator_2 to 2021-08-11 00:00:00+00:00
[2021-08-13 23:02:12,263] {scheduler_job.py:189} INFO - Processing /home/airflow/.local/lib/python3.6/site-packages/airflow/example_dags/example_branch_datetime_operator.py took 0.195 seconds
[2021-08-13 23:29:59,544] {scheduler_job.py:181} INFO - Started process (PID=34) to work on /home/airflow/.local/lib/python3.6/site-packages/airflow/example_dags/example_branch_datetime_operator.py
[2021-08-13 23:29:59,555] {scheduler_job.py:632} INFO - Processing file /home/airflow/.local/lib/python3.6/site-packages/airflow/example_dags/example_branch_datetime_operator.py for tasks to queue
[2021-08-13 23:29:59,556] {logging_mixin.py:104} INFO - [2021-08-13 23:29:59,556] {dagbag.py:496} INFO - Filling up the DagBag from /home/airflow/.local/lib/python3.6/site-packages/airflow/example_dags/example_branch_datetime_operator.py
[2021-08-13 23:29:59,654] {scheduler_job.py:642} INFO - DAG(s) dict_keys(['example_branch_datetime_operator_2']) retrieved from /home/airflow/.local/lib/python3.6/site-packages/airflow/example_dags/example_branch_datetime_operator.py
[2021-08-13 23:29:59,770] {logging_mixin.py:104} INFO - [2021-08-13 23:29:59,769] {dag.py:1833} INFO - Sync 1 DAGs
[2021-08-13 23:29:59,936] {logging_mixin.py:104} INFO - [2021-08-13 23:29:59,935] {dag.py:2306} INFO - Setting next_dagrun for example_branch_datetime_operator_2 to 2021-08-11 00:00:00+00:00
[2021-08-13 23:30:00,078] {scheduler_job.py:189} INFO - Processing /home/airflow/.local/lib/python3.6/site-packages/airflow/example_dags/example_branch_datetime_operator.py took 0.557 seconds
[2021-08-13 23:30:30,329] {scheduler_job.py:181} INFO - Started process (PID=87) to work on /home/airflow/.local/lib/python3.6/site-packages/airflow/example_dags/example_branch_datetime_operator.py
[2021-08-13 23:30:30,330] {scheduler_job.py:632} INFO - Processing file /home/airflow/.local/lib/python3.6/site-packages/airflow/example_dags/example_branch_datetime_operator.py for tasks to queue
[2021-08-13 23:30:30,331] {logging_mixin.py:104} INFO - [2021-08-13 23:30:30,331] {dagbag.py:496} INFO - Filling up the DagBag from /home/airflow/.local/lib/python3.6/site-packages/airflow/example_dags/example_branch_datetime_operator.py
[2021-08-13 23:30:30,374] {scheduler_job.py:642} INFO - DAG(s) dict_keys(['example_branch_datetime_operator_2']) retrieved from /home/airflow/.local/lib/python3.6/site-packages/airflow/example_dags/example_branch_datetime_operator.py
[2021-08-13 23:30:30,453] {logging_mixin.py:104} INFO - [2021-08-13 23:30:30,452] {dag.py:1833} INFO - Sync 1 DAGs
[2021-08-13 23:30:30,524] {logging_mixin.py:104} INFO - [2021-08-13 23:30:30,524] {dag.py:2306} INFO - Setting next_dagrun for example_branch_datetime_operator_2 to 2021-08-11 00:00:00+00:00
[2021-08-13 23:30:30,559] {scheduler_job.py:189} INFO - Processing /home/airflow/.local/lib/python3.6/site-packages/airflow/example_dags/example_branch_datetime_operator.py took 0.235 seconds
[2021-08-13 23:31:00,599] {scheduler_job.py:181} INFO - Started process (PID=142) to work on /home/airflow/.local/lib/python3.6/site-packages/airflow/example_dags/example_branch_datetime_operator.py
[2021-08-13 23:31:00,642] {scheduler_job.py:632} INFO - Processing file /home/airflow/.local/lib/python3.6/site-packages/airflow/example_dags/example_branch_datetime_operator.py for tasks to queue
[2021-08-13 23:31:00,643] {logging_mixin.py:104} INFO - [2021-08-13 23:31:00,643] {dagbag.py:496} INFO - Filling up the DagBag from /home/airflow/.local/lib/python3.6/site-packages/airflow/example_dags/example_branch_datetime_operator.py
[2021-08-13 23:31:00,669] {scheduler_job.py:642} INFO - DAG(s) dict_keys(['example_branch_datetime_operator_2']) retrieved from /home/airflow/.local/lib/python3.6/site-packages/airflow/example_dags/example_branch_datetime_operator.py
[2021-08-13 23:31:00,712] {logging_mixin.py:104} INFO - [2021-08-13 23:31:00,712] {dag.py:1833} INFO - Sync 1 DAGs
[2021-08-13 23:31:00,740] {logging_mixin.py:104} INFO - [2021-08-13 23:31:00,740] {dag.py:2306} INFO - Setting next_dagrun for example_branch_datetime_operator_2 to 2021-08-11 00:00:00+00:00
[2021-08-13 23:31:00,756] {scheduler_job.py:189} INFO - Processing /home/airflow/.local/lib/python3.6/site-packages/airflow/example_dags/example_branch_datetime_operator.py took 0.161 seconds
[2021-08-13 23:31:31,835] {scheduler_job.py:181} INFO - Started process (PID=207) to work on /home/airflow/.local/lib/python3.6/site-packages/airflow/example_dags/example_branch_datetime_operator.py
[2021-08-13 23:31:31,856] {scheduler_job.py:632} INFO - Processing file /home/airflow/.local/lib/python3.6/site-packages/airflow/example_dags/example_branch_datetime_operator.py for tasks to queue
[2021-08-13 23:31:31,857] {logging_mixin.py:104} INFO - [2021-08-13 23:31:31,857] {dagbag.py:496} INFO - Filling up the DagBag from /home/airflow/.local/lib/python3.6/site-packages/airflow/example_dags/example_branch_datetime_operator.py
[2021-08-13 23:31:31,896] {scheduler_job.py:642} INFO - DAG(s) dict_keys(['example_branch_datetime_operator_2']) retrieved from /home/airflow/.local/lib/python3.6/site-packages/airflow/example_dags/example_branch_datetime_operator.py
[2021-08-13 23:31:31,946] {logging_mixin.py:104} INFO - [2021-08-13 23:31:31,946] {dag.py:1833} INFO - Sync 1 DAGs
[2021-08-13 23:31:31,977] {logging_mixin.py:104} INFO - [2021-08-13 23:31:31,977] {dag.py:2306} INFO - Setting next_dagrun for example_branch_datetime_operator_2 to 2021-08-11 00:00:00+00:00
[2021-08-13 23:31:31,995] {scheduler_job.py:189} INFO - Processing /home/airflow/.local/lib/python3.6/site-packages/airflow/example_dags/example_branch_datetime_operator.py took 0.172 seconds
[2021-08-13 23:32:02,409] {scheduler_job.py:181} INFO - Started process (PID=266) to work on /home/airflow/.local/lib/python3.6/site-packages/airflow/example_dags/example_branch_datetime_operator.py
[2021-08-13 23:32:02,410] {scheduler_job.py:632} INFO - Processing file /home/airflow/.local/lib/python3.6/site-packages/airflow/example_dags/example_branch_datetime_operator.py for tasks to queue
[2021-08-13 23:32:02,411] {logging_mixin.py:104} INFO - [2021-08-13 23:32:02,411] {dagbag.py:496} INFO - Filling up the DagBag from /home/airflow/.local/lib/python3.6/site-packages/airflow/example_dags/example_branch_datetime_operator.py
[2021-08-13 23:32:02,436] {scheduler_job.py:642} INFO - DAG(s) dict_keys(['example_branch_datetime_operator_2']) retrieved from /home/airflow/.local/lib/python3.6/site-packages/airflow/example_dags/example_branch_datetime_operator.py
[2021-08-13 23:32:02,473] {logging_mixin.py:104} INFO - [2021-08-13 23:32:02,473] {dag.py:1833} INFO - Sync 1 DAGs
[2021-08-13 23:32:02,501] {logging_mixin.py:104} INFO - [2021-08-13 23:32:02,501] {dag.py:2306} INFO - Setting next_dagrun for example_branch_datetime_operator_2 to 2021-08-11 00:00:00+00:00
[2021-08-13 23:32:02,524] {scheduler_job.py:189} INFO - Processing /home/airflow/.local/lib/python3.6/site-packages/airflow/example_dags/example_branch_datetime_operator.py took 0.118 seconds
[2021-08-13 23:32:32,583] {scheduler_job.py:181} INFO - Started process (PID=319) to work on /home/airflow/.local/lib/python3.6/site-packages/airflow/example_dags/example_branch_datetime_operator.py
[2021-08-13 23:32:32,584] {scheduler_job.py:632} INFO - Processing file /home/airflow/.local/lib/python3.6/site-packages/airflow/example_dags/example_branch_datetime_operator.py for tasks to queue
[2021-08-13 23:32:32,585] {logging_mixin.py:104} INFO - [2021-08-13 23:32:32,585] {dagbag.py:496} INFO - Filling up the DagBag from /home/airflow/.local/lib/python3.6/site-packages/airflow/example_dags/example_branch_datetime_operator.py
[2021-08-13 23:32:32,610] {scheduler_job.py:642} INFO - DAG(s) dict_keys(['example_branch_datetime_operator_2']) retrieved from /home/airflow/.local/lib/python3.6/site-packages/airflow/example_dags/example_branch_datetime_operator.py
[2021-08-13 23:32:32,643] {logging_mixin.py:104} INFO - [2021-08-13 23:32:32,643] {dag.py:1833} INFO - Sync 1 DAGs
[2021-08-13 23:32:32,669] {logging_mixin.py:104} INFO - [2021-08-13 23:32:32,669] {dag.py:2306} INFO - Setting next_dagrun for example_branch_datetime_operator_2 to 2021-08-11 00:00:00+00:00
[2021-08-13 23:32:32,683] {scheduler_job.py:189} INFO - Processing /home/airflow/.local/lib/python3.6/site-packages/airflow/example_dags/example_branch_datetime_operator.py took 0.103 seconds
