[2021-08-13 22:59:12,644] {scheduler_job.py:181} INFO - Started process (PID=131) to work on /home/airflow/.local/lib/python3.6/site-packages/airflow/example_dags/example_task_group_decorator.py
[2021-08-13 22:59:12,670] {scheduler_job.py:632} INFO - Processing file /home/airflow/.local/lib/python3.6/site-packages/airflow/example_dags/example_task_group_decorator.py for tasks to queue
[2021-08-13 22:59:12,671] {logging_mixin.py:104} INFO - [2021-08-13 22:59:12,671] {dagbag.py:496} INFO - Filling up the DagBag from /home/airflow/.local/lib/python3.6/site-packages/airflow/example_dags/example_task_group_decorator.py
[2021-08-13 22:59:13,001] {scheduler_job.py:642} INFO - DAG(s) dict_keys(['example_task_group_decorator']) retrieved from /home/airflow/.local/lib/python3.6/site-packages/airflow/example_dags/example_task_group_decorator.py
[2021-08-13 22:59:22,274] {logging_mixin.py:104} INFO - [2021-08-13 22:59:22,272] {dag.py:1833} INFO - Sync 1 DAGs
[2021-08-13 22:59:22,294] {logging_mixin.py:104} INFO - [2021-08-13 22:59:22,292] {dag.py:1852} INFO - Creating ORM DAG for example_task_group_decorator
[2021-08-13 22:59:22,304] {logging_mixin.py:104} INFO - [2021-08-13 22:59:22,304] {dag.py:2306} INFO - Setting next_dagrun for example_task_group_decorator to 2021-08-11 00:00:00+00:00
[2021-08-13 22:59:22,320] {scheduler_job.py:189} INFO - Processing /home/airflow/.local/lib/python3.6/site-packages/airflow/example_dags/example_task_group_decorator.py took 9.684 seconds
[2021-08-13 23:00:09,386] {scheduler_job.py:181} INFO - Started process (PID=265) to work on /home/airflow/.local/lib/python3.6/site-packages/airflow/example_dags/example_task_group_decorator.py
[2021-08-13 23:00:09,388] {scheduler_job.py:632} INFO - Processing file /home/airflow/.local/lib/python3.6/site-packages/airflow/example_dags/example_task_group_decorator.py for tasks to queue
[2021-08-13 23:00:09,388] {logging_mixin.py:104} INFO - [2021-08-13 23:00:09,388] {dagbag.py:496} INFO - Filling up the DagBag from /home/airflow/.local/lib/python3.6/site-packages/airflow/example_dags/example_task_group_decorator.py
[2021-08-13 23:00:09,466] {scheduler_job.py:642} INFO - DAG(s) dict_keys(['example_task_group_decorator']) retrieved from /home/airflow/.local/lib/python3.6/site-packages/airflow/example_dags/example_task_group_decorator.py
[2021-08-13 23:00:09,992] {logging_mixin.py:104} INFO - [2021-08-13 23:00:09,992] {dag.py:1833} INFO - Sync 1 DAGs
[2021-08-13 23:00:10,013] {logging_mixin.py:104} INFO - [2021-08-13 23:00:10,013] {dag.py:2306} INFO - Setting next_dagrun for example_task_group_decorator to 2021-08-11 00:00:00+00:00
[2021-08-13 23:00:10,036] {scheduler_job.py:189} INFO - Processing /home/airflow/.local/lib/python3.6/site-packages/airflow/example_dags/example_task_group_decorator.py took 0.657 seconds
[2021-08-13 23:00:40,082] {scheduler_job.py:181} INFO - Started process (PID=317) to work on /home/airflow/.local/lib/python3.6/site-packages/airflow/example_dags/example_task_group_decorator.py
[2021-08-13 23:00:40,083] {scheduler_job.py:632} INFO - Processing file /home/airflow/.local/lib/python3.6/site-packages/airflow/example_dags/example_task_group_decorator.py for tasks to queue
[2021-08-13 23:00:40,084] {logging_mixin.py:104} INFO - [2021-08-13 23:00:40,084] {dagbag.py:496} INFO - Filling up the DagBag from /home/airflow/.local/lib/python3.6/site-packages/airflow/example_dags/example_task_group_decorator.py
[2021-08-13 23:00:40,173] {scheduler_job.py:642} INFO - DAG(s) dict_keys(['example_task_group_decorator']) retrieved from /home/airflow/.local/lib/python3.6/site-packages/airflow/example_dags/example_task_group_decorator.py
[2021-08-13 23:00:40,951] {logging_mixin.py:104} INFO - [2021-08-13 23:00:40,951] {dag.py:1833} INFO - Sync 1 DAGs
[2021-08-13 23:00:40,979] {logging_mixin.py:104} INFO - [2021-08-13 23:00:40,979] {dag.py:2306} INFO - Setting next_dagrun for example_task_group_decorator to 2021-08-11 00:00:00+00:00
[2021-08-13 23:00:41,023] {scheduler_job.py:189} INFO - Processing /home/airflow/.local/lib/python3.6/site-packages/airflow/example_dags/example_task_group_decorator.py took 0.945 seconds
[2021-08-13 23:01:11,383] {scheduler_job.py:181} INFO - Started process (PID=377) to work on /home/airflow/.local/lib/python3.6/site-packages/airflow/example_dags/example_task_group_decorator.py
[2021-08-13 23:01:11,394] {scheduler_job.py:632} INFO - Processing file /home/airflow/.local/lib/python3.6/site-packages/airflow/example_dags/example_task_group_decorator.py for tasks to queue
[2021-08-13 23:01:11,395] {logging_mixin.py:104} INFO - [2021-08-13 23:01:11,394] {dagbag.py:496} INFO - Filling up the DagBag from /home/airflow/.local/lib/python3.6/site-packages/airflow/example_dags/example_task_group_decorator.py
[2021-08-13 23:01:11,514] {scheduler_job.py:642} INFO - DAG(s) dict_keys(['example_task_group_decorator']) retrieved from /home/airflow/.local/lib/python3.6/site-packages/airflow/example_dags/example_task_group_decorator.py
[2021-08-13 23:01:12,950] {logging_mixin.py:104} INFO - [2021-08-13 23:01:12,950] {dag.py:1833} INFO - Sync 1 DAGs
[2021-08-13 23:01:13,013] {logging_mixin.py:104} INFO - [2021-08-13 23:01:13,013] {dag.py:2306} INFO - Setting next_dagrun for example_task_group_decorator to 2021-08-11 00:00:00+00:00
[2021-08-13 23:01:13,113] {scheduler_job.py:189} INFO - Processing /home/airflow/.local/lib/python3.6/site-packages/airflow/example_dags/example_task_group_decorator.py took 1.738 seconds
[2021-08-13 23:01:43,215] {scheduler_job.py:181} INFO - Started process (PID=430) to work on /home/airflow/.local/lib/python3.6/site-packages/airflow/example_dags/example_task_group_decorator.py
[2021-08-13 23:01:43,216] {scheduler_job.py:632} INFO - Processing file /home/airflow/.local/lib/python3.6/site-packages/airflow/example_dags/example_task_group_decorator.py for tasks to queue
[2021-08-13 23:01:43,217] {logging_mixin.py:104} INFO - [2021-08-13 23:01:43,217] {dagbag.py:496} INFO - Filling up the DagBag from /home/airflow/.local/lib/python3.6/site-packages/airflow/example_dags/example_task_group_decorator.py
[2021-08-13 23:01:43,266] {scheduler_job.py:642} INFO - DAG(s) dict_keys(['example_task_group_decorator']) retrieved from /home/airflow/.local/lib/python3.6/site-packages/airflow/example_dags/example_task_group_decorator.py
[2021-08-13 23:01:43,749] {logging_mixin.py:104} INFO - [2021-08-13 23:01:43,748] {dag.py:1833} INFO - Sync 1 DAGs
[2021-08-13 23:01:43,773] {logging_mixin.py:104} INFO - [2021-08-13 23:01:43,773] {dag.py:2306} INFO - Setting next_dagrun for example_task_group_decorator to 2021-08-11 00:00:00+00:00
[2021-08-13 23:01:43,795] {scheduler_job.py:189} INFO - Processing /home/airflow/.local/lib/python3.6/site-packages/airflow/example_dags/example_task_group_decorator.py took 0.586 seconds
[2021-08-13 23:02:14,592] {scheduler_job.py:181} INFO - Started process (PID=488) to work on /home/airflow/.local/lib/python3.6/site-packages/airflow/example_dags/example_task_group_decorator.py
[2021-08-13 23:02:14,594] {scheduler_job.py:632} INFO - Processing file /home/airflow/.local/lib/python3.6/site-packages/airflow/example_dags/example_task_group_decorator.py for tasks to queue
[2021-08-13 23:02:14,595] {logging_mixin.py:104} INFO - [2021-08-13 23:02:14,595] {dagbag.py:496} INFO - Filling up the DagBag from /home/airflow/.local/lib/python3.6/site-packages/airflow/example_dags/example_task_group_decorator.py
[2021-08-13 23:02:14,634] {scheduler_job.py:642} INFO - DAG(s) dict_keys(['example_task_group_decorator']) retrieved from /home/airflow/.local/lib/python3.6/site-packages/airflow/example_dags/example_task_group_decorator.py
[2021-08-13 23:02:14,916] {logging_mixin.py:104} INFO - [2021-08-13 23:02:14,915] {dag.py:1833} INFO - Sync 1 DAGs
[2021-08-13 23:02:14,929] {logging_mixin.py:104} INFO - [2021-08-13 23:02:14,929] {dag.py:2306} INFO - Setting next_dagrun for example_task_group_decorator to 2021-08-11 00:00:00+00:00
[2021-08-13 23:02:14,942] {scheduler_job.py:189} INFO - Processing /home/airflow/.local/lib/python3.6/site-packages/airflow/example_dags/example_task_group_decorator.py took 0.356 seconds
[2021-08-13 23:30:00,419] {scheduler_job.py:181} INFO - Started process (PID=37) to work on /home/airflow/.local/lib/python3.6/site-packages/airflow/example_dags/example_task_group_decorator.py
[2021-08-13 23:30:00,421] {scheduler_job.py:632} INFO - Processing file /home/airflow/.local/lib/python3.6/site-packages/airflow/example_dags/example_task_group_decorator.py for tasks to queue
[2021-08-13 23:30:00,426] {logging_mixin.py:104} INFO - [2021-08-13 23:30:00,426] {dagbag.py:496} INFO - Filling up the DagBag from /home/airflow/.local/lib/python3.6/site-packages/airflow/example_dags/example_task_group_decorator.py
[2021-08-13 23:30:00,826] {scheduler_job.py:642} INFO - DAG(s) dict_keys(['example_task_group_decorator']) retrieved from /home/airflow/.local/lib/python3.6/site-packages/airflow/example_dags/example_task_group_decorator.py
[2021-08-13 23:30:02,676] {logging_mixin.py:104} INFO - [2021-08-13 23:30:02,676] {dag.py:1833} INFO - Sync 1 DAGs
[2021-08-13 23:30:03,078] {logging_mixin.py:104} INFO - [2021-08-13 23:30:03,078] {dag.py:2306} INFO - Setting next_dagrun for example_task_group_decorator to 2021-08-11 00:00:00+00:00
[2021-08-13 23:30:03,135] {scheduler_job.py:189} INFO - Processing /home/airflow/.local/lib/python3.6/site-packages/airflow/example_dags/example_task_group_decorator.py took 2.754 seconds
[2021-08-13 23:30:33,827] {scheduler_job.py:181} INFO - Started process (PID=92) to work on /home/airflow/.local/lib/python3.6/site-packages/airflow/example_dags/example_task_group_decorator.py
[2021-08-13 23:30:33,833] {scheduler_job.py:632} INFO - Processing file /home/airflow/.local/lib/python3.6/site-packages/airflow/example_dags/example_task_group_decorator.py for tasks to queue
[2021-08-13 23:30:33,833] {logging_mixin.py:104} INFO - [2021-08-13 23:30:33,833] {dagbag.py:496} INFO - Filling up the DagBag from /home/airflow/.local/lib/python3.6/site-packages/airflow/example_dags/example_task_group_decorator.py
[2021-08-13 23:30:33,990] {scheduler_job.py:642} INFO - DAG(s) dict_keys(['example_task_group_decorator']) retrieved from /home/airflow/.local/lib/python3.6/site-packages/airflow/example_dags/example_task_group_decorator.py
[2021-08-13 23:30:34,890] {logging_mixin.py:104} INFO - [2021-08-13 23:30:34,890] {dag.py:1833} INFO - Sync 1 DAGs
[2021-08-13 23:30:34,926] {logging_mixin.py:104} INFO - [2021-08-13 23:30:34,926] {dag.py:2306} INFO - Setting next_dagrun for example_task_group_decorator to 2021-08-11 00:00:00+00:00
[2021-08-13 23:30:34,965] {scheduler_job.py:189} INFO - Processing /home/airflow/.local/lib/python3.6/site-packages/airflow/example_dags/example_task_group_decorator.py took 1.141 seconds
[2021-08-13 23:31:05,899] {scheduler_job.py:181} INFO - Started process (PID=149) to work on /home/airflow/.local/lib/python3.6/site-packages/airflow/example_dags/example_task_group_decorator.py
[2021-08-13 23:31:05,902] {scheduler_job.py:632} INFO - Processing file /home/airflow/.local/lib/python3.6/site-packages/airflow/example_dags/example_task_group_decorator.py for tasks to queue
[2021-08-13 23:31:05,903] {logging_mixin.py:104} INFO - [2021-08-13 23:31:05,903] {dagbag.py:496} INFO - Filling up the DagBag from /home/airflow/.local/lib/python3.6/site-packages/airflow/example_dags/example_task_group_decorator.py
[2021-08-13 23:31:05,970] {scheduler_job.py:642} INFO - DAG(s) dict_keys(['example_task_group_decorator']) retrieved from /home/airflow/.local/lib/python3.6/site-packages/airflow/example_dags/example_task_group_decorator.py
[2021-08-13 23:31:06,234] {logging_mixin.py:104} INFO - [2021-08-13 23:31:06,234] {dag.py:1833} INFO - Sync 1 DAGs
[2021-08-13 23:31:06,250] {logging_mixin.py:104} INFO - [2021-08-13 23:31:06,250] {dag.py:2306} INFO - Setting next_dagrun for example_task_group_decorator to 2021-08-11 00:00:00+00:00
[2021-08-13 23:31:06,264] {scheduler_job.py:189} INFO - Processing /home/airflow/.local/lib/python3.6/site-packages/airflow/example_dags/example_task_group_decorator.py took 0.370 seconds
[2021-08-13 23:31:36,621] {scheduler_job.py:181} INFO - Started process (PID=217) to work on /home/airflow/.local/lib/python3.6/site-packages/airflow/example_dags/example_task_group_decorator.py
[2021-08-13 23:31:36,623] {scheduler_job.py:632} INFO - Processing file /home/airflow/.local/lib/python3.6/site-packages/airflow/example_dags/example_task_group_decorator.py for tasks to queue
[2021-08-13 23:31:36,624] {logging_mixin.py:104} INFO - [2021-08-13 23:31:36,624] {dagbag.py:496} INFO - Filling up the DagBag from /home/airflow/.local/lib/python3.6/site-packages/airflow/example_dags/example_task_group_decorator.py
[2021-08-13 23:31:36,667] {scheduler_job.py:642} INFO - DAG(s) dict_keys(['example_task_group_decorator']) retrieved from /home/airflow/.local/lib/python3.6/site-packages/airflow/example_dags/example_task_group_decorator.py
[2021-08-13 23:31:37,079] {logging_mixin.py:104} INFO - [2021-08-13 23:31:37,079] {dag.py:1833} INFO - Sync 1 DAGs
[2021-08-13 23:31:37,103] {logging_mixin.py:104} INFO - [2021-08-13 23:31:37,103] {dag.py:2306} INFO - Setting next_dagrun for example_task_group_decorator to 2021-08-11 00:00:00+00:00
[2021-08-13 23:31:37,119] {scheduler_job.py:189} INFO - Processing /home/airflow/.local/lib/python3.6/site-packages/airflow/example_dags/example_task_group_decorator.py took 0.503 seconds
[2021-08-13 23:32:07,185] {scheduler_job.py:181} INFO - Started process (PID=274) to work on /home/airflow/.local/lib/python3.6/site-packages/airflow/example_dags/example_task_group_decorator.py
[2021-08-13 23:32:07,186] {scheduler_job.py:632} INFO - Processing file /home/airflow/.local/lib/python3.6/site-packages/airflow/example_dags/example_task_group_decorator.py for tasks to queue
[2021-08-13 23:32:07,187] {logging_mixin.py:104} INFO - [2021-08-13 23:32:07,187] {dagbag.py:496} INFO - Filling up the DagBag from /home/airflow/.local/lib/python3.6/site-packages/airflow/example_dags/example_task_group_decorator.py
[2021-08-13 23:32:07,233] {scheduler_job.py:642} INFO - DAG(s) dict_keys(['example_task_group_decorator']) retrieved from /home/airflow/.local/lib/python3.6/site-packages/airflow/example_dags/example_task_group_decorator.py
[2021-08-13 23:32:07,627] {logging_mixin.py:104} INFO - [2021-08-13 23:32:07,627] {dag.py:1833} INFO - Sync 1 DAGs
[2021-08-13 23:32:07,680] {logging_mixin.py:104} INFO - [2021-08-13 23:32:07,680] {dag.py:2306} INFO - Setting next_dagrun for example_task_group_decorator to 2021-08-11 00:00:00+00:00
[2021-08-13 23:32:07,698] {scheduler_job.py:189} INFO - Processing /home/airflow/.local/lib/python3.6/site-packages/airflow/example_dags/example_task_group_decorator.py took 0.529 seconds
[2021-08-13 23:32:38,284] {scheduler_job.py:181} INFO - Started process (PID=327) to work on /home/airflow/.local/lib/python3.6/site-packages/airflow/example_dags/example_task_group_decorator.py
[2021-08-13 23:32:38,290] {scheduler_job.py:632} INFO - Processing file /home/airflow/.local/lib/python3.6/site-packages/airflow/example_dags/example_task_group_decorator.py for tasks to queue
[2021-08-13 23:32:38,291] {logging_mixin.py:104} INFO - [2021-08-13 23:32:38,291] {dagbag.py:496} INFO - Filling up the DagBag from /home/airflow/.local/lib/python3.6/site-packages/airflow/example_dags/example_task_group_decorator.py
[2021-08-13 23:32:38,332] {scheduler_job.py:642} INFO - DAG(s) dict_keys(['example_task_group_decorator']) retrieved from /home/airflow/.local/lib/python3.6/site-packages/airflow/example_dags/example_task_group_decorator.py
[2021-08-13 23:32:38,815] {logging_mixin.py:104} INFO - [2021-08-13 23:32:38,815] {dag.py:1833} INFO - Sync 1 DAGs
[2021-08-13 23:32:38,877] {logging_mixin.py:104} INFO - [2021-08-13 23:32:38,877] {dag.py:2306} INFO - Setting next_dagrun for example_task_group_decorator to 2021-08-11 00:00:00+00:00
[2021-08-13 23:32:38,907] {scheduler_job.py:189} INFO - Processing /home/airflow/.local/lib/python3.6/site-packages/airflow/example_dags/example_task_group_decorator.py took 0.627 seconds
