[2021-08-13 22:58:32,810] {scheduler_job.py:181} INFO - Started process (PID=59) to work on /home/airflow/.local/lib/python3.6/site-packages/airflow/example_dags/example_short_circuit_operator.py
[2021-08-13 22:58:32,812] {scheduler_job.py:632} INFO - Processing file /home/airflow/.local/lib/python3.6/site-packages/airflow/example_dags/example_short_circuit_operator.py for tasks to queue
[2021-08-13 22:58:32,814] {logging_mixin.py:104} INFO - [2021-08-13 22:58:32,814] {dagbag.py:496} INFO - Filling up the DagBag from /home/airflow/.local/lib/python3.6/site-packages/airflow/example_dags/example_short_circuit_operator.py
[2021-08-13 22:58:32,847] {scheduler_job.py:642} INFO - DAG(s) dict_keys(['example_short_circuit_operator']) retrieved from /home/airflow/.local/lib/python3.6/site-packages/airflow/example_dags/example_short_circuit_operator.py
[2021-08-13 22:58:39,009] {logging_mixin.py:104} INFO - [2021-08-13 22:58:39,008] {dag.py:1833} INFO - Sync 1 DAGs
[2021-08-13 22:58:39,061] {logging_mixin.py:104} INFO - [2021-08-13 22:58:39,055] {dag.py:1852} INFO - Creating ORM DAG for example_short_circuit_operator
[2021-08-13 22:58:39,080] {logging_mixin.py:104} INFO - [2021-08-13 22:58:39,079] {dag.py:2306} INFO - Setting next_dagrun for example_short_circuit_operator to 2021-08-11 00:00:00+00:00
[2021-08-13 22:58:39,129] {scheduler_job.py:189} INFO - Processing /home/airflow/.local/lib/python3.6/site-packages/airflow/example_dags/example_short_circuit_operator.py took 6.323 seconds
[2021-08-13 23:00:07,977] {scheduler_job.py:181} INFO - Started process (PID=256) to work on /home/airflow/.local/lib/python3.6/site-packages/airflow/example_dags/example_short_circuit_operator.py
[2021-08-13 23:00:07,979] {scheduler_job.py:632} INFO - Processing file /home/airflow/.local/lib/python3.6/site-packages/airflow/example_dags/example_short_circuit_operator.py for tasks to queue
[2021-08-13 23:00:07,980] {logging_mixin.py:104} INFO - [2021-08-13 23:00:07,980] {dagbag.py:496} INFO - Filling up the DagBag from /home/airflow/.local/lib/python3.6/site-packages/airflow/example_dags/example_short_circuit_operator.py
[2021-08-13 23:00:08,017] {scheduler_job.py:642} INFO - DAG(s) dict_keys(['example_short_circuit_operator']) retrieved from /home/airflow/.local/lib/python3.6/site-packages/airflow/example_dags/example_short_circuit_operator.py
[2021-08-13 23:00:08,066] {logging_mixin.py:104} INFO - [2021-08-13 23:00:08,066] {dag.py:1833} INFO - Sync 1 DAGs
[2021-08-13 23:00:08,111] {logging_mixin.py:104} INFO - [2021-08-13 23:00:08,111] {dag.py:2306} INFO - Setting next_dagrun for example_short_circuit_operator to 2021-08-11 00:00:00+00:00
[2021-08-13 23:00:08,148] {scheduler_job.py:189} INFO - Processing /home/airflow/.local/lib/python3.6/site-packages/airflow/example_dags/example_short_circuit_operator.py took 0.183 seconds
[2021-08-13 23:00:38,792] {scheduler_job.py:181} INFO - Started process (PID=306) to work on /home/airflow/.local/lib/python3.6/site-packages/airflow/example_dags/example_short_circuit_operator.py
[2021-08-13 23:00:38,794] {scheduler_job.py:632} INFO - Processing file /home/airflow/.local/lib/python3.6/site-packages/airflow/example_dags/example_short_circuit_operator.py for tasks to queue
[2021-08-13 23:00:38,796] {logging_mixin.py:104} INFO - [2021-08-13 23:00:38,795] {dagbag.py:496} INFO - Filling up the DagBag from /home/airflow/.local/lib/python3.6/site-packages/airflow/example_dags/example_short_circuit_operator.py
[2021-08-13 23:00:38,812] {scheduler_job.py:642} INFO - DAG(s) dict_keys(['example_short_circuit_operator']) retrieved from /home/airflow/.local/lib/python3.6/site-packages/airflow/example_dags/example_short_circuit_operator.py
[2021-08-13 23:00:38,842] {logging_mixin.py:104} INFO - [2021-08-13 23:00:38,841] {dag.py:1833} INFO - Sync 1 DAGs
[2021-08-13 23:00:38,870] {logging_mixin.py:104} INFO - [2021-08-13 23:00:38,869] {dag.py:2306} INFO - Setting next_dagrun for example_short_circuit_operator to 2021-08-11 00:00:00+00:00
[2021-08-13 23:00:38,898] {scheduler_job.py:189} INFO - Processing /home/airflow/.local/lib/python3.6/site-packages/airflow/example_dags/example_short_circuit_operator.py took 0.113 seconds
[2021-08-13 23:01:09,528] {scheduler_job.py:181} INFO - Started process (PID=357) to work on /home/airflow/.local/lib/python3.6/site-packages/airflow/example_dags/example_short_circuit_operator.py
[2021-08-13 23:01:09,534] {scheduler_job.py:632} INFO - Processing file /home/airflow/.local/lib/python3.6/site-packages/airflow/example_dags/example_short_circuit_operator.py for tasks to queue
[2021-08-13 23:01:09,535] {logging_mixin.py:104} INFO - [2021-08-13 23:01:09,535] {dagbag.py:496} INFO - Filling up the DagBag from /home/airflow/.local/lib/python3.6/site-packages/airflow/example_dags/example_short_circuit_operator.py
[2021-08-13 23:01:09,571] {scheduler_job.py:642} INFO - DAG(s) dict_keys(['example_short_circuit_operator']) retrieved from /home/airflow/.local/lib/python3.6/site-packages/airflow/example_dags/example_short_circuit_operator.py
[2021-08-13 23:01:09,627] {logging_mixin.py:104} INFO - [2021-08-13 23:01:09,627] {dag.py:1833} INFO - Sync 1 DAGs
[2021-08-13 23:01:09,657] {logging_mixin.py:104} INFO - [2021-08-13 23:01:09,657] {dag.py:2306} INFO - Setting next_dagrun for example_short_circuit_operator to 2021-08-11 00:00:00+00:00
[2021-08-13 23:01:09,686] {scheduler_job.py:189} INFO - Processing /home/airflow/.local/lib/python3.6/site-packages/airflow/example_dags/example_short_circuit_operator.py took 0.162 seconds
[2021-08-13 23:01:40,065] {scheduler_job.py:181} INFO - Started process (PID=408) to work on /home/airflow/.local/lib/python3.6/site-packages/airflow/example_dags/example_short_circuit_operator.py
[2021-08-13 23:01:40,066] {scheduler_job.py:632} INFO - Processing file /home/airflow/.local/lib/python3.6/site-packages/airflow/example_dags/example_short_circuit_operator.py for tasks to queue
[2021-08-13 23:01:40,067] {logging_mixin.py:104} INFO - [2021-08-13 23:01:40,067] {dagbag.py:496} INFO - Filling up the DagBag from /home/airflow/.local/lib/python3.6/site-packages/airflow/example_dags/example_short_circuit_operator.py
[2021-08-13 23:01:40,086] {scheduler_job.py:642} INFO - DAG(s) dict_keys(['example_short_circuit_operator']) retrieved from /home/airflow/.local/lib/python3.6/site-packages/airflow/example_dags/example_short_circuit_operator.py
[2021-08-13 23:01:40,121] {logging_mixin.py:104} INFO - [2021-08-13 23:01:40,121] {dag.py:1833} INFO - Sync 1 DAGs
[2021-08-13 23:01:40,143] {logging_mixin.py:104} INFO - [2021-08-13 23:01:40,143] {dag.py:2306} INFO - Setting next_dagrun for example_short_circuit_operator to 2021-08-11 00:00:00+00:00
[2021-08-13 23:01:40,166] {scheduler_job.py:189} INFO - Processing /home/airflow/.local/lib/python3.6/site-packages/airflow/example_dags/example_short_circuit_operator.py took 0.105 seconds
[2021-08-13 23:02:10,642] {scheduler_job.py:181} INFO - Started process (PID=475) to work on /home/airflow/.local/lib/python3.6/site-packages/airflow/example_dags/example_short_circuit_operator.py
[2021-08-13 23:02:10,644] {scheduler_job.py:632} INFO - Processing file /home/airflow/.local/lib/python3.6/site-packages/airflow/example_dags/example_short_circuit_operator.py for tasks to queue
[2021-08-13 23:02:10,646] {logging_mixin.py:104} INFO - [2021-08-13 23:02:10,645] {dagbag.py:496} INFO - Filling up the DagBag from /home/airflow/.local/lib/python3.6/site-packages/airflow/example_dags/example_short_circuit_operator.py
[2021-08-13 23:02:10,675] {scheduler_job.py:642} INFO - DAG(s) dict_keys(['example_short_circuit_operator']) retrieved from /home/airflow/.local/lib/python3.6/site-packages/airflow/example_dags/example_short_circuit_operator.py
[2021-08-13 23:02:10,723] {logging_mixin.py:104} INFO - [2021-08-13 23:02:10,723] {dag.py:1833} INFO - Sync 1 DAGs
[2021-08-13 23:02:10,748] {logging_mixin.py:104} INFO - [2021-08-13 23:02:10,748] {dag.py:2306} INFO - Setting next_dagrun for example_short_circuit_operator to 2021-08-11 00:00:00+00:00
[2021-08-13 23:02:10,778] {scheduler_job.py:189} INFO - Processing /home/airflow/.local/lib/python3.6/site-packages/airflow/example_dags/example_short_circuit_operator.py took 0.143 seconds
[2021-08-13 23:29:58,540] {scheduler_job.py:181} INFO - Started process (PID=28) to work on /home/airflow/.local/lib/python3.6/site-packages/airflow/example_dags/example_short_circuit_operator.py
[2021-08-13 23:29:58,542] {scheduler_job.py:632} INFO - Processing file /home/airflow/.local/lib/python3.6/site-packages/airflow/example_dags/example_short_circuit_operator.py for tasks to queue
[2021-08-13 23:29:58,543] {logging_mixin.py:104} INFO - [2021-08-13 23:29:58,543] {dagbag.py:496} INFO - Filling up the DagBag from /home/airflow/.local/lib/python3.6/site-packages/airflow/example_dags/example_short_circuit_operator.py
[2021-08-13 23:29:58,576] {scheduler_job.py:642} INFO - DAG(s) dict_keys(['example_short_circuit_operator']) retrieved from /home/airflow/.local/lib/python3.6/site-packages/airflow/example_dags/example_short_circuit_operator.py
[2021-08-13 23:29:58,668] {logging_mixin.py:104} INFO - [2021-08-13 23:29:58,668] {dag.py:1833} INFO - Sync 1 DAGs
[2021-08-13 23:29:58,716] {logging_mixin.py:104} INFO - [2021-08-13 23:29:58,716] {dag.py:2306} INFO - Setting next_dagrun for example_short_circuit_operator to 2021-08-11 00:00:00+00:00
[2021-08-13 23:29:58,791] {scheduler_job.py:189} INFO - Processing /home/airflow/.local/lib/python3.6/site-packages/airflow/example_dags/example_short_circuit_operator.py took 0.255 seconds
[2021-08-13 23:30:29,087] {scheduler_job.py:181} INFO - Started process (PID=81) to work on /home/airflow/.local/lib/python3.6/site-packages/airflow/example_dags/example_short_circuit_operator.py
[2021-08-13 23:30:29,089] {scheduler_job.py:632} INFO - Processing file /home/airflow/.local/lib/python3.6/site-packages/airflow/example_dags/example_short_circuit_operator.py for tasks to queue
[2021-08-13 23:30:29,091] {logging_mixin.py:104} INFO - [2021-08-13 23:30:29,090] {dagbag.py:496} INFO - Filling up the DagBag from /home/airflow/.local/lib/python3.6/site-packages/airflow/example_dags/example_short_circuit_operator.py
[2021-08-13 23:30:29,119] {scheduler_job.py:642} INFO - DAG(s) dict_keys(['example_short_circuit_operator']) retrieved from /home/airflow/.local/lib/python3.6/site-packages/airflow/example_dags/example_short_circuit_operator.py
[2021-08-13 23:30:29,196] {logging_mixin.py:104} INFO - [2021-08-13 23:30:29,196] {dag.py:1833} INFO - Sync 1 DAGs
[2021-08-13 23:30:29,264] {logging_mixin.py:104} INFO - [2021-08-13 23:30:29,264] {dag.py:2306} INFO - Setting next_dagrun for example_short_circuit_operator to 2021-08-11 00:00:00+00:00
[2021-08-13 23:30:29,313] {scheduler_job.py:189} INFO - Processing /home/airflow/.local/lib/python3.6/site-packages/airflow/example_dags/example_short_circuit_operator.py took 0.231 seconds
[2021-08-13 23:30:59,977] {scheduler_job.py:181} INFO - Started process (PID=136) to work on /home/airflow/.local/lib/python3.6/site-packages/airflow/example_dags/example_short_circuit_operator.py
[2021-08-13 23:31:00,008] {scheduler_job.py:632} INFO - Processing file /home/airflow/.local/lib/python3.6/site-packages/airflow/example_dags/example_short_circuit_operator.py for tasks to queue
[2021-08-13 23:31:00,009] {logging_mixin.py:104} INFO - [2021-08-13 23:31:00,009] {dagbag.py:496} INFO - Filling up the DagBag from /home/airflow/.local/lib/python3.6/site-packages/airflow/example_dags/example_short_circuit_operator.py
[2021-08-13 23:31:00,031] {scheduler_job.py:642} INFO - DAG(s) dict_keys(['example_short_circuit_operator']) retrieved from /home/airflow/.local/lib/python3.6/site-packages/airflow/example_dags/example_short_circuit_operator.py
[2021-08-13 23:31:00,082] {logging_mixin.py:104} INFO - [2021-08-13 23:31:00,082] {dag.py:1833} INFO - Sync 1 DAGs
[2021-08-13 23:31:00,112] {logging_mixin.py:104} INFO - [2021-08-13 23:31:00,112] {dag.py:2306} INFO - Setting next_dagrun for example_short_circuit_operator to 2021-08-11 00:00:00+00:00
[2021-08-13 23:31:00,134] {scheduler_job.py:189} INFO - Processing /home/airflow/.local/lib/python3.6/site-packages/airflow/example_dags/example_short_circuit_operator.py took 0.162 seconds
[2021-08-13 23:31:31,059] {scheduler_job.py:181} INFO - Started process (PID=188) to work on /home/airflow/.local/lib/python3.6/site-packages/airflow/example_dags/example_short_circuit_operator.py
[2021-08-13 23:31:31,061] {scheduler_job.py:632} INFO - Processing file /home/airflow/.local/lib/python3.6/site-packages/airflow/example_dags/example_short_circuit_operator.py for tasks to queue
[2021-08-13 23:31:31,062] {logging_mixin.py:104} INFO - [2021-08-13 23:31:31,062] {dagbag.py:496} INFO - Filling up the DagBag from /home/airflow/.local/lib/python3.6/site-packages/airflow/example_dags/example_short_circuit_operator.py
[2021-08-13 23:31:31,099] {scheduler_job.py:642} INFO - DAG(s) dict_keys(['example_short_circuit_operator']) retrieved from /home/airflow/.local/lib/python3.6/site-packages/airflow/example_dags/example_short_circuit_operator.py
[2021-08-13 23:31:31,157] {logging_mixin.py:104} INFO - [2021-08-13 23:31:31,157] {dag.py:1833} INFO - Sync 1 DAGs
[2021-08-13 23:31:31,181] {logging_mixin.py:104} INFO - [2021-08-13 23:31:31,181] {dag.py:2306} INFO - Setting next_dagrun for example_short_circuit_operator to 2021-08-11 00:00:00+00:00
[2021-08-13 23:31:31,199] {scheduler_job.py:189} INFO - Processing /home/airflow/.local/lib/python3.6/site-packages/airflow/example_dags/example_short_circuit_operator.py took 0.144 seconds
[2021-08-13 23:32:01,955] {scheduler_job.py:181} INFO - Started process (PID=260) to work on /home/airflow/.local/lib/python3.6/site-packages/airflow/example_dags/example_short_circuit_operator.py
[2021-08-13 23:32:01,957] {scheduler_job.py:632} INFO - Processing file /home/airflow/.local/lib/python3.6/site-packages/airflow/example_dags/example_short_circuit_operator.py for tasks to queue
[2021-08-13 23:32:01,958] {logging_mixin.py:104} INFO - [2021-08-13 23:32:01,958] {dagbag.py:496} INFO - Filling up the DagBag from /home/airflow/.local/lib/python3.6/site-packages/airflow/example_dags/example_short_circuit_operator.py
[2021-08-13 23:32:01,978] {scheduler_job.py:642} INFO - DAG(s) dict_keys(['example_short_circuit_operator']) retrieved from /home/airflow/.local/lib/python3.6/site-packages/airflow/example_dags/example_short_circuit_operator.py
[2021-08-13 23:32:02,007] {logging_mixin.py:104} INFO - [2021-08-13 23:32:02,007] {dag.py:1833} INFO - Sync 1 DAGs
[2021-08-13 23:32:02,029] {logging_mixin.py:104} INFO - [2021-08-13 23:32:02,029] {dag.py:2306} INFO - Setting next_dagrun for example_short_circuit_operator to 2021-08-11 00:00:00+00:00
[2021-08-13 23:32:02,044] {scheduler_job.py:189} INFO - Processing /home/airflow/.local/lib/python3.6/site-packages/airflow/example_dags/example_short_circuit_operator.py took 0.092 seconds
[2021-08-13 23:32:32,229] {scheduler_job.py:181} INFO - Started process (PID=313) to work on /home/airflow/.local/lib/python3.6/site-packages/airflow/example_dags/example_short_circuit_operator.py
[2021-08-13 23:32:32,237] {scheduler_job.py:632} INFO - Processing file /home/airflow/.local/lib/python3.6/site-packages/airflow/example_dags/example_short_circuit_operator.py for tasks to queue
[2021-08-13 23:32:32,241] {logging_mixin.py:104} INFO - [2021-08-13 23:32:32,240] {dagbag.py:496} INFO - Filling up the DagBag from /home/airflow/.local/lib/python3.6/site-packages/airflow/example_dags/example_short_circuit_operator.py
[2021-08-13 23:32:32,292] {scheduler_job.py:642} INFO - DAG(s) dict_keys(['example_short_circuit_operator']) retrieved from /home/airflow/.local/lib/python3.6/site-packages/airflow/example_dags/example_short_circuit_operator.py
[2021-08-13 23:32:32,323] {logging_mixin.py:104} INFO - [2021-08-13 23:32:32,323] {dag.py:1833} INFO - Sync 1 DAGs
[2021-08-13 23:32:32,342] {logging_mixin.py:104} INFO - [2021-08-13 23:32:32,342] {dag.py:2306} INFO - Setting next_dagrun for example_short_circuit_operator to 2021-08-11 00:00:00+00:00
[2021-08-13 23:32:32,353] {scheduler_job.py:189} INFO - Processing /home/airflow/.local/lib/python3.6/site-packages/airflow/example_dags/example_short_circuit_operator.py took 0.141 seconds
