[2021-08-13 22:58:54,369] {scheduler_job.py:181} INFO - Started process (PID=101) to work on /home/airflow/.local/lib/python3.6/site-packages/airflow/example_dags/example_xcom.py
[2021-08-13 22:58:54,371] {scheduler_job.py:632} INFO - Processing file /home/airflow/.local/lib/python3.6/site-packages/airflow/example_dags/example_xcom.py for tasks to queue
[2021-08-13 22:58:54,372] {logging_mixin.py:104} INFO - [2021-08-13 22:58:54,371] {dagbag.py:496} INFO - Filling up the DagBag from /home/airflow/.local/lib/python3.6/site-packages/airflow/example_dags/example_xcom.py
[2021-08-13 22:58:54,508] {scheduler_job.py:642} INFO - DAG(s) dict_keys(['example_xcom']) retrieved from /home/airflow/.local/lib/python3.6/site-packages/airflow/example_dags/example_xcom.py
[2021-08-13 22:59:02,527] {logging_mixin.py:104} INFO - [2021-08-13 22:59:02,523] {dag.py:1833} INFO - Sync 1 DAGs
[2021-08-13 22:59:02,563] {logging_mixin.py:104} INFO - [2021-08-13 22:59:02,558] {dag.py:1852} INFO - Creating ORM DAG for example_xcom
[2021-08-13 22:59:02,581] {logging_mixin.py:104} INFO - [2021-08-13 22:59:02,581] {dag.py:2306} INFO - Setting next_dagrun for example_xcom to 2021-08-11 00:00:00+00:00
[2021-08-13 22:59:02,634] {scheduler_job.py:189} INFO - Processing /home/airflow/.local/lib/python3.6/site-packages/airflow/example_dags/example_xcom.py took 8.274 seconds
[2021-08-13 23:00:08,795] {scheduler_job.py:181} INFO - Started process (PID=261) to work on /home/airflow/.local/lib/python3.6/site-packages/airflow/example_dags/example_xcom.py
[2021-08-13 23:00:08,797] {scheduler_job.py:632} INFO - Processing file /home/airflow/.local/lib/python3.6/site-packages/airflow/example_dags/example_xcom.py for tasks to queue
[2021-08-13 23:00:08,798] {logging_mixin.py:104} INFO - [2021-08-13 23:00:08,798] {dagbag.py:496} INFO - Filling up the DagBag from /home/airflow/.local/lib/python3.6/site-packages/airflow/example_dags/example_xcom.py
[2021-08-13 23:00:08,875] {scheduler_job.py:642} INFO - DAG(s) dict_keys(['example_xcom']) retrieved from /home/airflow/.local/lib/python3.6/site-packages/airflow/example_dags/example_xcom.py
[2021-08-13 23:00:08,939] {logging_mixin.py:104} INFO - [2021-08-13 23:00:08,939] {dag.py:1833} INFO - Sync 1 DAGs
[2021-08-13 23:00:09,005] {logging_mixin.py:104} INFO - [2021-08-13 23:00:09,005] {dag.py:2306} INFO - Setting next_dagrun for example_xcom to 2021-08-11 00:00:00+00:00
[2021-08-13 23:00:09,034] {scheduler_job.py:189} INFO - Processing /home/airflow/.local/lib/python3.6/site-packages/airflow/example_dags/example_xcom.py took 0.257 seconds
[2021-08-13 23:00:39,458] {scheduler_job.py:181} INFO - Started process (PID=312) to work on /home/airflow/.local/lib/python3.6/site-packages/airflow/example_dags/example_xcom.py
[2021-08-13 23:00:39,459] {scheduler_job.py:632} INFO - Processing file /home/airflow/.local/lib/python3.6/site-packages/airflow/example_dags/example_xcom.py for tasks to queue
[2021-08-13 23:00:39,460] {logging_mixin.py:104} INFO - [2021-08-13 23:00:39,460] {dagbag.py:496} INFO - Filling up the DagBag from /home/airflow/.local/lib/python3.6/site-packages/airflow/example_dags/example_xcom.py
[2021-08-13 23:00:39,479] {scheduler_job.py:642} INFO - DAG(s) dict_keys(['example_xcom']) retrieved from /home/airflow/.local/lib/python3.6/site-packages/airflow/example_dags/example_xcom.py
[2021-08-13 23:00:39,523] {logging_mixin.py:104} INFO - [2021-08-13 23:00:39,523] {dag.py:1833} INFO - Sync 1 DAGs
[2021-08-13 23:00:39,562] {logging_mixin.py:104} INFO - [2021-08-13 23:00:39,562] {dag.py:2306} INFO - Setting next_dagrun for example_xcom to 2021-08-11 00:00:00+00:00
[2021-08-13 23:00:39,605] {scheduler_job.py:189} INFO - Processing /home/airflow/.local/lib/python3.6/site-packages/airflow/example_dags/example_xcom.py took 0.151 seconds
[2021-08-13 23:01:10,187] {scheduler_job.py:181} INFO - Started process (PID=362) to work on /home/airflow/.local/lib/python3.6/site-packages/airflow/example_dags/example_xcom.py
[2021-08-13 23:01:10,189] {scheduler_job.py:632} INFO - Processing file /home/airflow/.local/lib/python3.6/site-packages/airflow/example_dags/example_xcom.py for tasks to queue
[2021-08-13 23:01:10,190] {logging_mixin.py:104} INFO - [2021-08-13 23:01:10,190] {dagbag.py:496} INFO - Filling up the DagBag from /home/airflow/.local/lib/python3.6/site-packages/airflow/example_dags/example_xcom.py
[2021-08-13 23:01:10,209] {scheduler_job.py:642} INFO - DAG(s) dict_keys(['example_xcom']) retrieved from /home/airflow/.local/lib/python3.6/site-packages/airflow/example_dags/example_xcom.py
[2021-08-13 23:01:10,307] {logging_mixin.py:104} INFO - [2021-08-13 23:01:10,307] {dag.py:1833} INFO - Sync 1 DAGs
[2021-08-13 23:01:10,406] {logging_mixin.py:104} INFO - [2021-08-13 23:01:10,406] {dag.py:2306} INFO - Setting next_dagrun for example_xcom to 2021-08-11 00:00:00+00:00
[2021-08-13 23:01:10,447] {scheduler_job.py:189} INFO - Processing /home/airflow/.local/lib/python3.6/site-packages/airflow/example_dags/example_xcom.py took 0.264 seconds
[2021-08-13 23:01:41,356] {scheduler_job.py:181} INFO - Started process (PID=422) to work on /home/airflow/.local/lib/python3.6/site-packages/airflow/example_dags/example_xcom.py
[2021-08-13 23:01:41,359] {scheduler_job.py:632} INFO - Processing file /home/airflow/.local/lib/python3.6/site-packages/airflow/example_dags/example_xcom.py for tasks to queue
[2021-08-13 23:01:41,360] {logging_mixin.py:104} INFO - [2021-08-13 23:01:41,360] {dagbag.py:496} INFO - Filling up the DagBag from /home/airflow/.local/lib/python3.6/site-packages/airflow/example_dags/example_xcom.py
[2021-08-13 23:01:41,377] {scheduler_job.py:642} INFO - DAG(s) dict_keys(['example_xcom']) retrieved from /home/airflow/.local/lib/python3.6/site-packages/airflow/example_dags/example_xcom.py
[2021-08-13 23:01:41,415] {logging_mixin.py:104} INFO - [2021-08-13 23:01:41,415] {dag.py:1833} INFO - Sync 1 DAGs
[2021-08-13 23:01:41,461] {logging_mixin.py:104} INFO - [2021-08-13 23:01:41,461] {dag.py:2306} INFO - Setting next_dagrun for example_xcom to 2021-08-11 00:00:00+00:00
[2021-08-13 23:01:41,496] {scheduler_job.py:189} INFO - Processing /home/airflow/.local/lib/python3.6/site-packages/airflow/example_dags/example_xcom.py took 0.145 seconds
[2021-08-13 23:02:12,068] {scheduler_job.py:181} INFO - Started process (PID=480) to work on /home/airflow/.local/lib/python3.6/site-packages/airflow/example_dags/example_xcom.py
[2021-08-13 23:02:12,072] {scheduler_job.py:632} INFO - Processing file /home/airflow/.local/lib/python3.6/site-packages/airflow/example_dags/example_xcom.py for tasks to queue
[2021-08-13 23:02:12,073] {logging_mixin.py:104} INFO - [2021-08-13 23:02:12,072] {dagbag.py:496} INFO - Filling up the DagBag from /home/airflow/.local/lib/python3.6/site-packages/airflow/example_dags/example_xcom.py
[2021-08-13 23:02:12,093] {scheduler_job.py:642} INFO - DAG(s) dict_keys(['example_xcom']) retrieved from /home/airflow/.local/lib/python3.6/site-packages/airflow/example_dags/example_xcom.py
[2021-08-13 23:02:12,132] {logging_mixin.py:104} INFO - [2021-08-13 23:02:12,132] {dag.py:1833} INFO - Sync 1 DAGs
[2021-08-13 23:02:12,167] {logging_mixin.py:104} INFO - [2021-08-13 23:02:12,166] {dag.py:2306} INFO - Setting next_dagrun for example_xcom to 2021-08-11 00:00:00+00:00
[2021-08-13 23:02:12,183] {scheduler_job.py:189} INFO - Processing /home/airflow/.local/lib/python3.6/site-packages/airflow/example_dags/example_xcom.py took 0.119 seconds
[2021-08-13 23:29:59,318] {scheduler_job.py:181} INFO - Started process (PID=33) to work on /home/airflow/.local/lib/python3.6/site-packages/airflow/example_dags/example_xcom.py
[2021-08-13 23:29:59,319] {scheduler_job.py:632} INFO - Processing file /home/airflow/.local/lib/python3.6/site-packages/airflow/example_dags/example_xcom.py for tasks to queue
[2021-08-13 23:29:59,326] {logging_mixin.py:104} INFO - [2021-08-13 23:29:59,320] {dagbag.py:496} INFO - Filling up the DagBag from /home/airflow/.local/lib/python3.6/site-packages/airflow/example_dags/example_xcom.py
[2021-08-13 23:29:59,377] {scheduler_job.py:642} INFO - DAG(s) dict_keys(['example_xcom']) retrieved from /home/airflow/.local/lib/python3.6/site-packages/airflow/example_dags/example_xcom.py
[2021-08-13 23:29:59,558] {logging_mixin.py:104} INFO - [2021-08-13 23:29:59,557] {dag.py:1833} INFO - Sync 1 DAGs
[2021-08-13 23:29:59,619] {logging_mixin.py:104} INFO - [2021-08-13 23:29:59,619] {dag.py:2306} INFO - Setting next_dagrun for example_xcom to 2021-08-11 00:00:00+00:00
[2021-08-13 23:29:59,664] {scheduler_job.py:189} INFO - Processing /home/airflow/.local/lib/python3.6/site-packages/airflow/example_dags/example_xcom.py took 0.353 seconds
[2021-08-13 23:30:29,974] {scheduler_job.py:181} INFO - Started process (PID=86) to work on /home/airflow/.local/lib/python3.6/site-packages/airflow/example_dags/example_xcom.py
[2021-08-13 23:30:29,975] {scheduler_job.py:632} INFO - Processing file /home/airflow/.local/lib/python3.6/site-packages/airflow/example_dags/example_xcom.py for tasks to queue
[2021-08-13 23:30:29,985] {logging_mixin.py:104} INFO - [2021-08-13 23:30:29,985] {dagbag.py:496} INFO - Filling up the DagBag from /home/airflow/.local/lib/python3.6/site-packages/airflow/example_dags/example_xcom.py
[2021-08-13 23:30:30,068] {scheduler_job.py:642} INFO - DAG(s) dict_keys(['example_xcom']) retrieved from /home/airflow/.local/lib/python3.6/site-packages/airflow/example_dags/example_xcom.py
[2021-08-13 23:30:30,175] {logging_mixin.py:104} INFO - [2021-08-13 23:30:30,175] {dag.py:1833} INFO - Sync 1 DAGs
[2021-08-13 23:30:30,209] {logging_mixin.py:104} INFO - [2021-08-13 23:30:30,209] {dag.py:2306} INFO - Setting next_dagrun for example_xcom to 2021-08-11 00:00:00+00:00
[2021-08-13 23:30:30,277] {scheduler_job.py:189} INFO - Processing /home/airflow/.local/lib/python3.6/site-packages/airflow/example_dags/example_xcom.py took 0.306 seconds
[2021-08-13 23:31:00,469] {scheduler_job.py:181} INFO - Started process (PID=141) to work on /home/airflow/.local/lib/python3.6/site-packages/airflow/example_dags/example_xcom.py
[2021-08-13 23:31:00,470] {scheduler_job.py:632} INFO - Processing file /home/airflow/.local/lib/python3.6/site-packages/airflow/example_dags/example_xcom.py for tasks to queue
[2021-08-13 23:31:00,471] {logging_mixin.py:104} INFO - [2021-08-13 23:31:00,471] {dagbag.py:496} INFO - Filling up the DagBag from /home/airflow/.local/lib/python3.6/site-packages/airflow/example_dags/example_xcom.py
[2021-08-13 23:31:00,491] {scheduler_job.py:642} INFO - DAG(s) dict_keys(['example_xcom']) retrieved from /home/airflow/.local/lib/python3.6/site-packages/airflow/example_dags/example_xcom.py
[2021-08-13 23:31:00,541] {logging_mixin.py:104} INFO - [2021-08-13 23:31:00,541] {dag.py:1833} INFO - Sync 1 DAGs
[2021-08-13 23:31:00,564] {logging_mixin.py:104} INFO - [2021-08-13 23:31:00,564] {dag.py:2306} INFO - Setting next_dagrun for example_xcom to 2021-08-11 00:00:00+00:00
[2021-08-13 23:31:00,578] {scheduler_job.py:189} INFO - Processing /home/airflow/.local/lib/python3.6/site-packages/airflow/example_dags/example_xcom.py took 0.113 seconds
[2021-08-13 23:31:31,589] {scheduler_job.py:181} INFO - Started process (PID=206) to work on /home/airflow/.local/lib/python3.6/site-packages/airflow/example_dags/example_xcom.py
[2021-08-13 23:31:31,609] {scheduler_job.py:632} INFO - Processing file /home/airflow/.local/lib/python3.6/site-packages/airflow/example_dags/example_xcom.py for tasks to queue
[2021-08-13 23:31:31,610] {logging_mixin.py:104} INFO - [2021-08-13 23:31:31,610] {dagbag.py:496} INFO - Filling up the DagBag from /home/airflow/.local/lib/python3.6/site-packages/airflow/example_dags/example_xcom.py
[2021-08-13 23:31:31,654] {scheduler_job.py:642} INFO - DAG(s) dict_keys(['example_xcom']) retrieved from /home/airflow/.local/lib/python3.6/site-packages/airflow/example_dags/example_xcom.py
[2021-08-13 23:31:31,697] {logging_mixin.py:104} INFO - [2021-08-13 23:31:31,697] {dag.py:1833} INFO - Sync 1 DAGs
[2021-08-13 23:31:31,723] {logging_mixin.py:104} INFO - [2021-08-13 23:31:31,723] {dag.py:2306} INFO - Setting next_dagrun for example_xcom to 2021-08-11 00:00:00+00:00
[2021-08-13 23:31:31,740] {scheduler_job.py:189} INFO - Processing /home/airflow/.local/lib/python3.6/site-packages/airflow/example_dags/example_xcom.py took 0.166 seconds
[2021-08-13 23:32:02,230] {scheduler_job.py:181} INFO - Started process (PID=264) to work on /home/airflow/.local/lib/python3.6/site-packages/airflow/example_dags/example_xcom.py
[2021-08-13 23:32:02,232] {scheduler_job.py:632} INFO - Processing file /home/airflow/.local/lib/python3.6/site-packages/airflow/example_dags/example_xcom.py for tasks to queue
[2021-08-13 23:32:02,235] {logging_mixin.py:104} INFO - [2021-08-13 23:32:02,234] {dagbag.py:496} INFO - Filling up the DagBag from /home/airflow/.local/lib/python3.6/site-packages/airflow/example_dags/example_xcom.py
[2021-08-13 23:32:02,259] {scheduler_job.py:642} INFO - DAG(s) dict_keys(['example_xcom']) retrieved from /home/airflow/.local/lib/python3.6/site-packages/airflow/example_dags/example_xcom.py
[2021-08-13 23:32:02,315] {logging_mixin.py:104} INFO - [2021-08-13 23:32:02,315] {dag.py:1833} INFO - Sync 1 DAGs
[2021-08-13 23:32:02,349] {logging_mixin.py:104} INFO - [2021-08-13 23:32:02,349] {dag.py:2306} INFO - Setting next_dagrun for example_xcom to 2021-08-11 00:00:00+00:00
[2021-08-13 23:32:02,365] {scheduler_job.py:189} INFO - Processing /home/airflow/.local/lib/python3.6/site-packages/airflow/example_dags/example_xcom.py took 0.143 seconds
[2021-08-13 23:32:32,483] {scheduler_job.py:181} INFO - Started process (PID=317) to work on /home/airflow/.local/lib/python3.6/site-packages/airflow/example_dags/example_xcom.py
[2021-08-13 23:32:32,485] {scheduler_job.py:632} INFO - Processing file /home/airflow/.local/lib/python3.6/site-packages/airflow/example_dags/example_xcom.py for tasks to queue
[2021-08-13 23:32:32,485] {logging_mixin.py:104} INFO - [2021-08-13 23:32:32,485] {dagbag.py:496} INFO - Filling up the DagBag from /home/airflow/.local/lib/python3.6/site-packages/airflow/example_dags/example_xcom.py
[2021-08-13 23:32:32,507] {scheduler_job.py:642} INFO - DAG(s) dict_keys(['example_xcom']) retrieved from /home/airflow/.local/lib/python3.6/site-packages/airflow/example_dags/example_xcom.py
[2021-08-13 23:32:32,533] {logging_mixin.py:104} INFO - [2021-08-13 23:32:32,532] {dag.py:1833} INFO - Sync 1 DAGs
[2021-08-13 23:32:32,550] {logging_mixin.py:104} INFO - [2021-08-13 23:32:32,550] {dag.py:2306} INFO - Setting next_dagrun for example_xcom to 2021-08-11 00:00:00+00:00
[2021-08-13 23:32:32,562] {scheduler_job.py:189} INFO - Processing /home/airflow/.local/lib/python3.6/site-packages/airflow/example_dags/example_xcom.py took 0.089 seconds
