[2021-08-13 22:59:24,092] {scheduler_job.py:181} INFO - Started process (PID=147) to work on /home/airflow/.local/lib/python3.6/site-packages/airflow/example_dags/example_branch_operator.py
[2021-08-13 22:59:24,093] {scheduler_job.py:632} INFO - Processing file /home/airflow/.local/lib/python3.6/site-packages/airflow/example_dags/example_branch_operator.py for tasks to queue
[2021-08-13 22:59:24,094] {logging_mixin.py:104} INFO - [2021-08-13 22:59:24,094] {dagbag.py:496} INFO - Filling up the DagBag from /home/airflow/.local/lib/python3.6/site-packages/airflow/example_dags/example_branch_operator.py
[2021-08-13 22:59:24,119] {scheduler_job.py:642} INFO - DAG(s) dict_keys(['example_branch_operator']) retrieved from /home/airflow/.local/lib/python3.6/site-packages/airflow/example_dags/example_branch_operator.py
[2021-08-13 22:59:28,508] {logging_mixin.py:104} INFO - [2021-08-13 22:59:28,506] {dag.py:1833} INFO - Sync 1 DAGs
[2021-08-13 22:59:28,526] {logging_mixin.py:104} INFO - [2021-08-13 22:59:28,524] {dag.py:1852} INFO - Creating ORM DAG for example_branch_operator
[2021-08-13 22:59:28,539] {logging_mixin.py:104} INFO - [2021-08-13 22:59:28,539] {dag.py:2306} INFO - Setting next_dagrun for example_branch_operator to 2021-08-11 00:00:00+00:00
[2021-08-13 22:59:28,557] {scheduler_job.py:189} INFO - Processing /home/airflow/.local/lib/python3.6/site-packages/airflow/example_dags/example_branch_operator.py took 4.467 seconds
[2021-08-13 23:00:09,855] {scheduler_job.py:181} INFO - Started process (PID=268) to work on /home/airflow/.local/lib/python3.6/site-packages/airflow/example_dags/example_branch_operator.py
[2021-08-13 23:00:09,874] {scheduler_job.py:632} INFO - Processing file /home/airflow/.local/lib/python3.6/site-packages/airflow/example_dags/example_branch_operator.py for tasks to queue
[2021-08-13 23:00:09,875] {logging_mixin.py:104} INFO - [2021-08-13 23:00:09,875] {dagbag.py:496} INFO - Filling up the DagBag from /home/airflow/.local/lib/python3.6/site-packages/airflow/example_dags/example_branch_operator.py
[2021-08-13 23:00:09,909] {scheduler_job.py:642} INFO - DAG(s) dict_keys(['example_branch_operator']) retrieved from /home/airflow/.local/lib/python3.6/site-packages/airflow/example_dags/example_branch_operator.py
[2021-08-13 23:00:10,028] {logging_mixin.py:104} INFO - [2021-08-13 23:00:10,028] {dag.py:1833} INFO - Sync 1 DAGs
[2021-08-13 23:00:10,102] {logging_mixin.py:104} INFO - [2021-08-13 23:00:10,101] {dag.py:2306} INFO - Setting next_dagrun for example_branch_operator to 2021-08-11 00:00:00+00:00
[2021-08-13 23:00:10,151] {scheduler_job.py:189} INFO - Processing /home/airflow/.local/lib/python3.6/site-packages/airflow/example_dags/example_branch_operator.py took 0.299 seconds
[2021-08-13 23:00:40,886] {scheduler_job.py:181} INFO - Started process (PID=319) to work on /home/airflow/.local/lib/python3.6/site-packages/airflow/example_dags/example_branch_operator.py
[2021-08-13 23:00:40,888] {scheduler_job.py:632} INFO - Processing file /home/airflow/.local/lib/python3.6/site-packages/airflow/example_dags/example_branch_operator.py for tasks to queue
[2021-08-13 23:00:40,896] {logging_mixin.py:104} INFO - [2021-08-13 23:00:40,896] {dagbag.py:496} INFO - Filling up the DagBag from /home/airflow/.local/lib/python3.6/site-packages/airflow/example_dags/example_branch_operator.py
[2021-08-13 23:00:40,922] {scheduler_job.py:642} INFO - DAG(s) dict_keys(['example_branch_operator']) retrieved from /home/airflow/.local/lib/python3.6/site-packages/airflow/example_dags/example_branch_operator.py
[2021-08-13 23:00:41,013] {logging_mixin.py:104} INFO - [2021-08-13 23:00:41,013] {dag.py:1833} INFO - Sync 1 DAGs
[2021-08-13 23:00:41,052] {logging_mixin.py:104} INFO - [2021-08-13 23:00:41,052] {dag.py:2306} INFO - Setting next_dagrun for example_branch_operator to 2021-08-11 00:00:00+00:00
[2021-08-13 23:00:41,115] {scheduler_job.py:189} INFO - Processing /home/airflow/.local/lib/python3.6/site-packages/airflow/example_dags/example_branch_operator.py took 0.232 seconds
[2021-08-13 23:01:12,198] {scheduler_job.py:181} INFO - Started process (PID=379) to work on /home/airflow/.local/lib/python3.6/site-packages/airflow/example_dags/example_branch_operator.py
[2021-08-13 23:01:12,348] {scheduler_job.py:632} INFO - Processing file /home/airflow/.local/lib/python3.6/site-packages/airflow/example_dags/example_branch_operator.py for tasks to queue
[2021-08-13 23:01:12,349] {logging_mixin.py:104} INFO - [2021-08-13 23:01:12,349] {dagbag.py:496} INFO - Filling up the DagBag from /home/airflow/.local/lib/python3.6/site-packages/airflow/example_dags/example_branch_operator.py
[2021-08-13 23:01:12,449] {scheduler_job.py:642} INFO - DAG(s) dict_keys(['example_branch_operator']) retrieved from /home/airflow/.local/lib/python3.6/site-packages/airflow/example_dags/example_branch_operator.py
[2021-08-13 23:01:12,598] {logging_mixin.py:104} INFO - [2021-08-13 23:01:12,598] {dag.py:1833} INFO - Sync 1 DAGs
[2021-08-13 23:01:12,712] {logging_mixin.py:104} INFO - [2021-08-13 23:01:12,712] {dag.py:2306} INFO - Setting next_dagrun for example_branch_operator to 2021-08-11 00:00:00+00:00
[2021-08-13 23:01:12,835] {scheduler_job.py:189} INFO - Processing /home/airflow/.local/lib/python3.6/site-packages/airflow/example_dags/example_branch_operator.py took 0.668 seconds
[2021-08-13 23:01:43,225] {scheduler_job.py:181} INFO - Started process (PID=431) to work on /home/airflow/.local/lib/python3.6/site-packages/airflow/example_dags/example_branch_operator.py
[2021-08-13 23:01:43,226] {scheduler_job.py:632} INFO - Processing file /home/airflow/.local/lib/python3.6/site-packages/airflow/example_dags/example_branch_operator.py for tasks to queue
[2021-08-13 23:01:43,227] {logging_mixin.py:104} INFO - [2021-08-13 23:01:43,227] {dagbag.py:496} INFO - Filling up the DagBag from /home/airflow/.local/lib/python3.6/site-packages/airflow/example_dags/example_branch_operator.py
[2021-08-13 23:01:43,263] {scheduler_job.py:642} INFO - DAG(s) dict_keys(['example_branch_operator']) retrieved from /home/airflow/.local/lib/python3.6/site-packages/airflow/example_dags/example_branch_operator.py
[2021-08-13 23:01:43,309] {logging_mixin.py:104} INFO - [2021-08-13 23:01:43,308] {dag.py:1833} INFO - Sync 1 DAGs
[2021-08-13 23:01:43,370] {logging_mixin.py:104} INFO - [2021-08-13 23:01:43,370] {dag.py:2306} INFO - Setting next_dagrun for example_branch_operator to 2021-08-11 00:00:00+00:00
[2021-08-13 23:01:43,390] {scheduler_job.py:189} INFO - Processing /home/airflow/.local/lib/python3.6/site-packages/airflow/example_dags/example_branch_operator.py took 0.176 seconds
[2021-08-13 23:02:13,580] {scheduler_job.py:181} INFO - Started process (PID=487) to work on /home/airflow/.local/lib/python3.6/site-packages/airflow/example_dags/example_branch_operator.py
[2021-08-13 23:02:13,581] {scheduler_job.py:632} INFO - Processing file /home/airflow/.local/lib/python3.6/site-packages/airflow/example_dags/example_branch_operator.py for tasks to queue
[2021-08-13 23:02:13,582] {logging_mixin.py:104} INFO - [2021-08-13 23:02:13,582] {dagbag.py:496} INFO - Filling up the DagBag from /home/airflow/.local/lib/python3.6/site-packages/airflow/example_dags/example_branch_operator.py
[2021-08-13 23:02:13,600] {scheduler_job.py:642} INFO - DAG(s) dict_keys(['example_branch_operator']) retrieved from /home/airflow/.local/lib/python3.6/site-packages/airflow/example_dags/example_branch_operator.py
[2021-08-13 23:02:13,627] {logging_mixin.py:104} INFO - [2021-08-13 23:02:13,626] {dag.py:1833} INFO - Sync 1 DAGs
[2021-08-13 23:02:13,659] {logging_mixin.py:104} INFO - [2021-08-13 23:02:13,659] {dag.py:2306} INFO - Setting next_dagrun for example_branch_operator to 2021-08-11 00:00:00+00:00
[2021-08-13 23:02:13,674] {scheduler_job.py:189} INFO - Processing /home/airflow/.local/lib/python3.6/site-packages/airflow/example_dags/example_branch_operator.py took 0.098 seconds
[2021-08-13 23:30:02,835] {scheduler_job.py:181} INFO - Started process (PID=48) to work on /home/airflow/.local/lib/python3.6/site-packages/airflow/example_dags/example_branch_operator.py
[2021-08-13 23:30:02,857] {scheduler_job.py:632} INFO - Processing file /home/airflow/.local/lib/python3.6/site-packages/airflow/example_dags/example_branch_operator.py for tasks to queue
[2021-08-13 23:30:02,858] {logging_mixin.py:104} INFO - [2021-08-13 23:30:02,858] {dagbag.py:496} INFO - Filling up the DagBag from /home/airflow/.local/lib/python3.6/site-packages/airflow/example_dags/example_branch_operator.py
[2021-08-13 23:30:03,161] {scheduler_job.py:642} INFO - DAG(s) dict_keys(['example_branch_operator']) retrieved from /home/airflow/.local/lib/python3.6/site-packages/airflow/example_dags/example_branch_operator.py
[2021-08-13 23:30:03,498] {logging_mixin.py:104} INFO - [2021-08-13 23:30:03,498] {dag.py:1833} INFO - Sync 1 DAGs
[2021-08-13 23:30:03,719] {logging_mixin.py:104} INFO - [2021-08-13 23:30:03,719] {dag.py:2306} INFO - Setting next_dagrun for example_branch_operator to 2021-08-11 00:00:00+00:00
[2021-08-13 23:30:03,841] {scheduler_job.py:189} INFO - Processing /home/airflow/.local/lib/python3.6/site-packages/airflow/example_dags/example_branch_operator.py took 1.090 seconds
[2021-08-13 23:30:34,281] {scheduler_job.py:181} INFO - Started process (PID=94) to work on /home/airflow/.local/lib/python3.6/site-packages/airflow/example_dags/example_branch_operator.py
[2021-08-13 23:30:34,282] {scheduler_job.py:632} INFO - Processing file /home/airflow/.local/lib/python3.6/site-packages/airflow/example_dags/example_branch_operator.py for tasks to queue
[2021-08-13 23:30:34,283] {logging_mixin.py:104} INFO - [2021-08-13 23:30:34,283] {dagbag.py:496} INFO - Filling up the DagBag from /home/airflow/.local/lib/python3.6/site-packages/airflow/example_dags/example_branch_operator.py
[2021-08-13 23:30:34,358] {scheduler_job.py:642} INFO - DAG(s) dict_keys(['example_branch_operator']) retrieved from /home/airflow/.local/lib/python3.6/site-packages/airflow/example_dags/example_branch_operator.py
[2021-08-13 23:30:34,401] {logging_mixin.py:104} INFO - [2021-08-13 23:30:34,401] {dag.py:1833} INFO - Sync 1 DAGs
[2021-08-13 23:30:34,463] {logging_mixin.py:104} INFO - [2021-08-13 23:30:34,462] {dag.py:2306} INFO - Setting next_dagrun for example_branch_operator to 2021-08-11 00:00:00+00:00
[2021-08-13 23:30:34,482] {scheduler_job.py:189} INFO - Processing /home/airflow/.local/lib/python3.6/site-packages/airflow/example_dags/example_branch_operator.py took 0.210 seconds
[2021-08-13 23:31:04,764] {scheduler_job.py:181} INFO - Started process (PID=147) to work on /home/airflow/.local/lib/python3.6/site-packages/airflow/example_dags/example_branch_operator.py
[2021-08-13 23:31:04,765] {scheduler_job.py:632} INFO - Processing file /home/airflow/.local/lib/python3.6/site-packages/airflow/example_dags/example_branch_operator.py for tasks to queue
[2021-08-13 23:31:04,766] {logging_mixin.py:104} INFO - [2021-08-13 23:31:04,766] {dagbag.py:496} INFO - Filling up the DagBag from /home/airflow/.local/lib/python3.6/site-packages/airflow/example_dags/example_branch_operator.py
[2021-08-13 23:31:04,794] {scheduler_job.py:642} INFO - DAG(s) dict_keys(['example_branch_operator']) retrieved from /home/airflow/.local/lib/python3.6/site-packages/airflow/example_dags/example_branch_operator.py
[2021-08-13 23:31:04,835] {logging_mixin.py:104} INFO - [2021-08-13 23:31:04,835] {dag.py:1833} INFO - Sync 1 DAGs
[2021-08-13 23:31:04,858] {logging_mixin.py:104} INFO - [2021-08-13 23:31:04,858] {dag.py:2306} INFO - Setting next_dagrun for example_branch_operator to 2021-08-11 00:00:00+00:00
[2021-08-13 23:31:04,871] {scheduler_job.py:189} INFO - Processing /home/airflow/.local/lib/python3.6/site-packages/airflow/example_dags/example_branch_operator.py took 0.111 seconds
[2021-08-13 23:31:35,426] {scheduler_job.py:181} INFO - Started process (PID=215) to work on /home/airflow/.local/lib/python3.6/site-packages/airflow/example_dags/example_branch_operator.py
[2021-08-13 23:31:35,427] {scheduler_job.py:632} INFO - Processing file /home/airflow/.local/lib/python3.6/site-packages/airflow/example_dags/example_branch_operator.py for tasks to queue
[2021-08-13 23:31:35,428] {logging_mixin.py:104} INFO - [2021-08-13 23:31:35,428] {dagbag.py:496} INFO - Filling up the DagBag from /home/airflow/.local/lib/python3.6/site-packages/airflow/example_dags/example_branch_operator.py
[2021-08-13 23:31:35,454] {scheduler_job.py:642} INFO - DAG(s) dict_keys(['example_branch_operator']) retrieved from /home/airflow/.local/lib/python3.6/site-packages/airflow/example_dags/example_branch_operator.py
[2021-08-13 23:31:35,493] {logging_mixin.py:104} INFO - [2021-08-13 23:31:35,493] {dag.py:1833} INFO - Sync 1 DAGs
[2021-08-13 23:31:35,520] {logging_mixin.py:104} INFO - [2021-08-13 23:31:35,520] {dag.py:2306} INFO - Setting next_dagrun for example_branch_operator to 2021-08-11 00:00:00+00:00
[2021-08-13 23:31:35,540] {scheduler_job.py:189} INFO - Processing /home/airflow/.local/lib/python3.6/site-packages/airflow/example_dags/example_branch_operator.py took 0.117 seconds
[2021-08-13 23:32:05,869] {scheduler_job.py:181} INFO - Started process (PID=271) to work on /home/airflow/.local/lib/python3.6/site-packages/airflow/example_dags/example_branch_operator.py
[2021-08-13 23:32:05,873] {scheduler_job.py:632} INFO - Processing file /home/airflow/.local/lib/python3.6/site-packages/airflow/example_dags/example_branch_operator.py for tasks to queue
[2021-08-13 23:32:05,874] {logging_mixin.py:104} INFO - [2021-08-13 23:32:05,874] {dagbag.py:496} INFO - Filling up the DagBag from /home/airflow/.local/lib/python3.6/site-packages/airflow/example_dags/example_branch_operator.py
[2021-08-13 23:32:05,899] {scheduler_job.py:642} INFO - DAG(s) dict_keys(['example_branch_operator']) retrieved from /home/airflow/.local/lib/python3.6/site-packages/airflow/example_dags/example_branch_operator.py
[2021-08-13 23:32:05,939] {logging_mixin.py:104} INFO - [2021-08-13 23:32:05,939] {dag.py:1833} INFO - Sync 1 DAGs
[2021-08-13 23:32:05,966] {logging_mixin.py:104} INFO - [2021-08-13 23:32:05,965] {dag.py:2306} INFO - Setting next_dagrun for example_branch_operator to 2021-08-11 00:00:00+00:00
[2021-08-13 23:32:05,979] {scheduler_job.py:189} INFO - Processing /home/airflow/.local/lib/python3.6/site-packages/airflow/example_dags/example_branch_operator.py took 0.114 seconds
[2021-08-13 23:32:36,015] {scheduler_job.py:181} INFO - Started process (PID=324) to work on /home/airflow/.local/lib/python3.6/site-packages/airflow/example_dags/example_branch_operator.py
[2021-08-13 23:32:36,021] {scheduler_job.py:632} INFO - Processing file /home/airflow/.local/lib/python3.6/site-packages/airflow/example_dags/example_branch_operator.py for tasks to queue
[2021-08-13 23:32:36,023] {logging_mixin.py:104} INFO - [2021-08-13 23:32:36,022] {dagbag.py:496} INFO - Filling up the DagBag from /home/airflow/.local/lib/python3.6/site-packages/airflow/example_dags/example_branch_operator.py
[2021-08-13 23:32:36,043] {scheduler_job.py:642} INFO - DAG(s) dict_keys(['example_branch_operator']) retrieved from /home/airflow/.local/lib/python3.6/site-packages/airflow/example_dags/example_branch_operator.py
[2021-08-13 23:32:36,092] {logging_mixin.py:104} INFO - [2021-08-13 23:32:36,092] {dag.py:1833} INFO - Sync 1 DAGs
[2021-08-13 23:32:36,135] {logging_mixin.py:104} INFO - [2021-08-13 23:32:36,135] {dag.py:2306} INFO - Setting next_dagrun for example_branch_operator to 2021-08-11 00:00:00+00:00
[2021-08-13 23:32:36,160] {scheduler_job.py:189} INFO - Processing /home/airflow/.local/lib/python3.6/site-packages/airflow/example_dags/example_branch_operator.py took 0.150 seconds
