[2021-08-13 22:59:10,168] {scheduler_job.py:181} INFO - Started process (PID=116) to work on /home/airflow/.local/lib/python3.6/site-packages/airflow/example_dags/example_kubernetes_executor_config.py
[2021-08-13 22:59:10,170] {scheduler_job.py:632} INFO - Processing file /home/airflow/.local/lib/python3.6/site-packages/airflow/example_dags/example_kubernetes_executor_config.py for tasks to queue
[2021-08-13 22:59:10,170] {logging_mixin.py:104} INFO - [2021-08-13 22:59:10,170] {dagbag.py:496} INFO - Filling up the DagBag from /home/airflow/.local/lib/python3.6/site-packages/airflow/example_dags/example_kubernetes_executor_config.py
[2021-08-13 22:59:10,302] {scheduler_job.py:642} INFO - DAG(s) dict_keys(['example_kubernetes_executor_config']) retrieved from /home/airflow/.local/lib/python3.6/site-packages/airflow/example_dags/example_kubernetes_executor_config.py
[2021-08-13 22:59:19,368] {logging_mixin.py:104} INFO - [2021-08-13 22:59:19,364] {dag.py:1833} INFO - Sync 1 DAGs
[2021-08-13 22:59:19,411] {logging_mixin.py:104} INFO - [2021-08-13 22:59:19,408] {dag.py:1852} INFO - Creating ORM DAG for example_kubernetes_executor_config
[2021-08-13 22:59:19,431] {logging_mixin.py:104} INFO - [2021-08-13 22:59:19,431] {dag.py:2306} INFO - Setting next_dagrun for example_kubernetes_executor_config to None
[2021-08-13 22:59:19,459] {scheduler_job.py:189} INFO - Processing /home/airflow/.local/lib/python3.6/site-packages/airflow/example_dags/example_kubernetes_executor_config.py took 9.298 seconds
[2021-08-13 23:00:09,159] {scheduler_job.py:181} INFO - Started process (PID=264) to work on /home/airflow/.local/lib/python3.6/site-packages/airflow/example_dags/example_kubernetes_executor_config.py
[2021-08-13 23:00:09,169] {scheduler_job.py:632} INFO - Processing file /home/airflow/.local/lib/python3.6/site-packages/airflow/example_dags/example_kubernetes_executor_config.py for tasks to queue
[2021-08-13 23:00:09,185] {logging_mixin.py:104} INFO - [2021-08-13 23:00:09,184] {dagbag.py:496} INFO - Filling up the DagBag from /home/airflow/.local/lib/python3.6/site-packages/airflow/example_dags/example_kubernetes_executor_config.py
[2021-08-13 23:00:09,217] {scheduler_job.py:642} INFO - DAG(s) dict_keys(['example_kubernetes_executor_config']) retrieved from /home/airflow/.local/lib/python3.6/site-packages/airflow/example_dags/example_kubernetes_executor_config.py
[2021-08-13 23:00:09,305] {logging_mixin.py:104} INFO - [2021-08-13 23:00:09,305] {dag.py:1833} INFO - Sync 1 DAGs
[2021-08-13 23:00:09,381] {logging_mixin.py:104} INFO - [2021-08-13 23:00:09,381] {dag.py:2306} INFO - Setting next_dagrun for example_kubernetes_executor_config to None
[2021-08-13 23:00:09,407] {scheduler_job.py:189} INFO - Processing /home/airflow/.local/lib/python3.6/site-packages/airflow/example_dags/example_kubernetes_executor_config.py took 0.265 seconds
[2021-08-13 23:00:39,913] {scheduler_job.py:181} INFO - Started process (PID=315) to work on /home/airflow/.local/lib/python3.6/site-packages/airflow/example_dags/example_kubernetes_executor_config.py
[2021-08-13 23:00:39,914] {scheduler_job.py:632} INFO - Processing file /home/airflow/.local/lib/python3.6/site-packages/airflow/example_dags/example_kubernetes_executor_config.py for tasks to queue
[2021-08-13 23:00:39,915] {logging_mixin.py:104} INFO - [2021-08-13 23:00:39,914] {dagbag.py:496} INFO - Filling up the DagBag from /home/airflow/.local/lib/python3.6/site-packages/airflow/example_dags/example_kubernetes_executor_config.py
[2021-08-13 23:00:39,938] {scheduler_job.py:642} INFO - DAG(s) dict_keys(['example_kubernetes_executor_config']) retrieved from /home/airflow/.local/lib/python3.6/site-packages/airflow/example_dags/example_kubernetes_executor_config.py
[2021-08-13 23:00:39,974] {logging_mixin.py:104} INFO - [2021-08-13 23:00:39,974] {dag.py:1833} INFO - Sync 1 DAGs
[2021-08-13 23:00:40,009] {logging_mixin.py:104} INFO - [2021-08-13 23:00:40,009] {dag.py:2306} INFO - Setting next_dagrun for example_kubernetes_executor_config to None
[2021-08-13 23:00:40,034] {scheduler_job.py:189} INFO - Processing /home/airflow/.local/lib/python3.6/site-packages/airflow/example_dags/example_kubernetes_executor_config.py took 0.125 seconds
[2021-08-13 23:01:10,801] {scheduler_job.py:181} INFO - Started process (PID=373) to work on /home/airflow/.local/lib/python3.6/site-packages/airflow/example_dags/example_kubernetes_executor_config.py
[2021-08-13 23:01:10,803] {scheduler_job.py:632} INFO - Processing file /home/airflow/.local/lib/python3.6/site-packages/airflow/example_dags/example_kubernetes_executor_config.py for tasks to queue
[2021-08-13 23:01:10,803] {logging_mixin.py:104} INFO - [2021-08-13 23:01:10,803] {dagbag.py:496} INFO - Filling up the DagBag from /home/airflow/.local/lib/python3.6/site-packages/airflow/example_dags/example_kubernetes_executor_config.py
[2021-08-13 23:01:10,869] {scheduler_job.py:642} INFO - DAG(s) dict_keys(['example_kubernetes_executor_config']) retrieved from /home/airflow/.local/lib/python3.6/site-packages/airflow/example_dags/example_kubernetes_executor_config.py
[2021-08-13 23:01:10,933] {logging_mixin.py:104} INFO - [2021-08-13 23:01:10,933] {dag.py:1833} INFO - Sync 1 DAGs
[2021-08-13 23:01:10,973] {logging_mixin.py:104} INFO - [2021-08-13 23:01:10,972] {dag.py:2306} INFO - Setting next_dagrun for example_kubernetes_executor_config to None
[2021-08-13 23:01:10,999] {scheduler_job.py:189} INFO - Processing /home/airflow/.local/lib/python3.6/site-packages/airflow/example_dags/example_kubernetes_executor_config.py took 0.209 seconds
[2021-08-13 23:01:41,556] {scheduler_job.py:181} INFO - Started process (PID=426) to work on /home/airflow/.local/lib/python3.6/site-packages/airflow/example_dags/example_kubernetes_executor_config.py
[2021-08-13 23:01:41,560] {scheduler_job.py:632} INFO - Processing file /home/airflow/.local/lib/python3.6/site-packages/airflow/example_dags/example_kubernetes_executor_config.py for tasks to queue
[2021-08-13 23:01:41,562] {logging_mixin.py:104} INFO - [2021-08-13 23:01:41,561] {dagbag.py:496} INFO - Filling up the DagBag from /home/airflow/.local/lib/python3.6/site-packages/airflow/example_dags/example_kubernetes_executor_config.py
[2021-08-13 23:01:41,582] {scheduler_job.py:642} INFO - DAG(s) dict_keys(['example_kubernetes_executor_config']) retrieved from /home/airflow/.local/lib/python3.6/site-packages/airflow/example_dags/example_kubernetes_executor_config.py
[2021-08-13 23:01:41,638] {logging_mixin.py:104} INFO - [2021-08-13 23:01:41,638] {dag.py:1833} INFO - Sync 1 DAGs
[2021-08-13 23:01:41,671] {logging_mixin.py:104} INFO - [2021-08-13 23:01:41,671] {dag.py:2306} INFO - Setting next_dagrun for example_kubernetes_executor_config to None
[2021-08-13 23:01:41,714] {scheduler_job.py:189} INFO - Processing /home/airflow/.local/lib/python3.6/site-packages/airflow/example_dags/example_kubernetes_executor_config.py took 0.168 seconds
[2021-08-13 23:02:12,291] {scheduler_job.py:181} INFO - Started process (PID=483) to work on /home/airflow/.local/lib/python3.6/site-packages/airflow/example_dags/example_kubernetes_executor_config.py
[2021-08-13 23:02:12,292] {scheduler_job.py:632} INFO - Processing file /home/airflow/.local/lib/python3.6/site-packages/airflow/example_dags/example_kubernetes_executor_config.py for tasks to queue
[2021-08-13 23:02:12,293] {logging_mixin.py:104} INFO - [2021-08-13 23:02:12,293] {dagbag.py:496} INFO - Filling up the DagBag from /home/airflow/.local/lib/python3.6/site-packages/airflow/example_dags/example_kubernetes_executor_config.py
[2021-08-13 23:02:12,315] {scheduler_job.py:642} INFO - DAG(s) dict_keys(['example_kubernetes_executor_config']) retrieved from /home/airflow/.local/lib/python3.6/site-packages/airflow/example_dags/example_kubernetes_executor_config.py
[2021-08-13 23:02:12,352] {logging_mixin.py:104} INFO - [2021-08-13 23:02:12,352] {dag.py:1833} INFO - Sync 1 DAGs
[2021-08-13 23:02:12,378] {logging_mixin.py:104} INFO - [2021-08-13 23:02:12,377] {dag.py:2306} INFO - Setting next_dagrun for example_kubernetes_executor_config to None
[2021-08-13 23:02:12,394] {scheduler_job.py:189} INFO - Processing /home/airflow/.local/lib/python3.6/site-packages/airflow/example_dags/example_kubernetes_executor_config.py took 0.107 seconds
[2021-08-13 23:30:00,214] {scheduler_job.py:181} INFO - Started process (PID=36) to work on /home/airflow/.local/lib/python3.6/site-packages/airflow/example_dags/example_kubernetes_executor_config.py
[2021-08-13 23:30:00,223] {scheduler_job.py:632} INFO - Processing file /home/airflow/.local/lib/python3.6/site-packages/airflow/example_dags/example_kubernetes_executor_config.py for tasks to queue
[2021-08-13 23:30:00,224] {logging_mixin.py:104} INFO - [2021-08-13 23:30:00,224] {dagbag.py:496} INFO - Filling up the DagBag from /home/airflow/.local/lib/python3.6/site-packages/airflow/example_dags/example_kubernetes_executor_config.py
[2021-08-13 23:30:00,386] {scheduler_job.py:642} INFO - DAG(s) dict_keys(['example_kubernetes_executor_config']) retrieved from /home/airflow/.local/lib/python3.6/site-packages/airflow/example_dags/example_kubernetes_executor_config.py
[2021-08-13 23:30:00,672] {logging_mixin.py:104} INFO - [2021-08-13 23:30:00,672] {dag.py:1833} INFO - Sync 1 DAGs
[2021-08-13 23:30:00,781] {logging_mixin.py:104} INFO - [2021-08-13 23:30:00,780] {dag.py:2306} INFO - Setting next_dagrun for example_kubernetes_executor_config to None
[2021-08-13 23:30:00,841] {scheduler_job.py:189} INFO - Processing /home/airflow/.local/lib/python3.6/site-packages/airflow/example_dags/example_kubernetes_executor_config.py took 0.652 seconds
[2021-08-13 23:30:31,602] {scheduler_job.py:181} INFO - Started process (PID=89) to work on /home/airflow/.local/lib/python3.6/site-packages/airflow/example_dags/example_kubernetes_executor_config.py
[2021-08-13 23:30:31,604] {scheduler_job.py:632} INFO - Processing file /home/airflow/.local/lib/python3.6/site-packages/airflow/example_dags/example_kubernetes_executor_config.py for tasks to queue
[2021-08-13 23:30:31,621] {logging_mixin.py:104} INFO - [2021-08-13 23:30:31,620] {dagbag.py:496} INFO - Filling up the DagBag from /home/airflow/.local/lib/python3.6/site-packages/airflow/example_dags/example_kubernetes_executor_config.py
[2021-08-13 23:30:31,651] {scheduler_job.py:642} INFO - DAG(s) dict_keys(['example_kubernetes_executor_config']) retrieved from /home/airflow/.local/lib/python3.6/site-packages/airflow/example_dags/example_kubernetes_executor_config.py
[2021-08-13 23:30:31,722] {logging_mixin.py:104} INFO - [2021-08-13 23:30:31,722] {dag.py:1833} INFO - Sync 1 DAGs
[2021-08-13 23:30:31,750] {logging_mixin.py:104} INFO - [2021-08-13 23:30:31,750] {dag.py:2306} INFO - Setting next_dagrun for example_kubernetes_executor_config to None
[2021-08-13 23:30:31,772] {scheduler_job.py:189} INFO - Processing /home/airflow/.local/lib/python3.6/site-packages/airflow/example_dags/example_kubernetes_executor_config.py took 0.173 seconds
[2021-08-13 23:31:02,616] {scheduler_job.py:181} INFO - Started process (PID=144) to work on /home/airflow/.local/lib/python3.6/site-packages/airflow/example_dags/example_kubernetes_executor_config.py
[2021-08-13 23:31:02,624] {scheduler_job.py:632} INFO - Processing file /home/airflow/.local/lib/python3.6/site-packages/airflow/example_dags/example_kubernetes_executor_config.py for tasks to queue
[2021-08-13 23:31:02,625] {logging_mixin.py:104} INFO - [2021-08-13 23:31:02,625] {dagbag.py:496} INFO - Filling up the DagBag from /home/airflow/.local/lib/python3.6/site-packages/airflow/example_dags/example_kubernetes_executor_config.py
[2021-08-13 23:31:02,652] {scheduler_job.py:642} INFO - DAG(s) dict_keys(['example_kubernetes_executor_config']) retrieved from /home/airflow/.local/lib/python3.6/site-packages/airflow/example_dags/example_kubernetes_executor_config.py
[2021-08-13 23:31:02,689] {logging_mixin.py:104} INFO - [2021-08-13 23:31:02,689] {dag.py:1833} INFO - Sync 1 DAGs
[2021-08-13 23:31:02,709] {logging_mixin.py:104} INFO - [2021-08-13 23:31:02,709] {dag.py:2306} INFO - Setting next_dagrun for example_kubernetes_executor_config to None
[2021-08-13 23:31:02,720] {scheduler_job.py:189} INFO - Processing /home/airflow/.local/lib/python3.6/site-packages/airflow/example_dags/example_kubernetes_executor_config.py took 0.108 seconds
[2021-08-13 23:31:33,085] {scheduler_job.py:181} INFO - Started process (PID=212) to work on /home/airflow/.local/lib/python3.6/site-packages/airflow/example_dags/example_kubernetes_executor_config.py
[2021-08-13 23:31:33,092] {scheduler_job.py:632} INFO - Processing file /home/airflow/.local/lib/python3.6/site-packages/airflow/example_dags/example_kubernetes_executor_config.py for tasks to queue
[2021-08-13 23:31:33,093] {logging_mixin.py:104} INFO - [2021-08-13 23:31:33,093] {dagbag.py:496} INFO - Filling up the DagBag from /home/airflow/.local/lib/python3.6/site-packages/airflow/example_dags/example_kubernetes_executor_config.py
[2021-08-13 23:31:33,161] {scheduler_job.py:642} INFO - DAG(s) dict_keys(['example_kubernetes_executor_config']) retrieved from /home/airflow/.local/lib/python3.6/site-packages/airflow/example_dags/example_kubernetes_executor_config.py
[2021-08-13 23:31:33,241] {logging_mixin.py:104} INFO - [2021-08-13 23:31:33,241] {dag.py:1833} INFO - Sync 1 DAGs
[2021-08-13 23:31:33,296] {logging_mixin.py:104} INFO - [2021-08-13 23:31:33,296] {dag.py:2306} INFO - Setting next_dagrun for example_kubernetes_executor_config to None
[2021-08-13 23:31:33,326] {scheduler_job.py:189} INFO - Processing /home/airflow/.local/lib/python3.6/site-packages/airflow/example_dags/example_kubernetes_executor_config.py took 0.245 seconds
[2021-08-13 23:32:03,558] {scheduler_job.py:181} INFO - Started process (PID=268) to work on /home/airflow/.local/lib/python3.6/site-packages/airflow/example_dags/example_kubernetes_executor_config.py
[2021-08-13 23:32:03,559] {scheduler_job.py:632} INFO - Processing file /home/airflow/.local/lib/python3.6/site-packages/airflow/example_dags/example_kubernetes_executor_config.py for tasks to queue
[2021-08-13 23:32:03,561] {logging_mixin.py:104} INFO - [2021-08-13 23:32:03,561] {dagbag.py:496} INFO - Filling up the DagBag from /home/airflow/.local/lib/python3.6/site-packages/airflow/example_dags/example_kubernetes_executor_config.py
[2021-08-13 23:32:03,607] {scheduler_job.py:642} INFO - DAG(s) dict_keys(['example_kubernetes_executor_config']) retrieved from /home/airflow/.local/lib/python3.6/site-packages/airflow/example_dags/example_kubernetes_executor_config.py
[2021-08-13 23:32:03,716] {logging_mixin.py:104} INFO - [2021-08-13 23:32:03,716] {dag.py:1833} INFO - Sync 1 DAGs
[2021-08-13 23:32:03,749] {logging_mixin.py:104} INFO - [2021-08-13 23:32:03,749] {dag.py:2306} INFO - Setting next_dagrun for example_kubernetes_executor_config to None
[2021-08-13 23:32:03,772] {scheduler_job.py:189} INFO - Processing /home/airflow/.local/lib/python3.6/site-packages/airflow/example_dags/example_kubernetes_executor_config.py took 0.217 seconds
[2021-08-13 23:32:33,814] {scheduler_job.py:181} INFO - Started process (PID=321) to work on /home/airflow/.local/lib/python3.6/site-packages/airflow/example_dags/example_kubernetes_executor_config.py
[2021-08-13 23:32:33,820] {scheduler_job.py:632} INFO - Processing file /home/airflow/.local/lib/python3.6/site-packages/airflow/example_dags/example_kubernetes_executor_config.py for tasks to queue
[2021-08-13 23:32:33,821] {logging_mixin.py:104} INFO - [2021-08-13 23:32:33,821] {dagbag.py:496} INFO - Filling up the DagBag from /home/airflow/.local/lib/python3.6/site-packages/airflow/example_dags/example_kubernetes_executor_config.py
[2021-08-13 23:32:33,838] {scheduler_job.py:642} INFO - DAG(s) dict_keys(['example_kubernetes_executor_config']) retrieved from /home/airflow/.local/lib/python3.6/site-packages/airflow/example_dags/example_kubernetes_executor_config.py
[2021-08-13 23:32:33,866] {logging_mixin.py:104} INFO - [2021-08-13 23:32:33,866] {dag.py:1833} INFO - Sync 1 DAGs
[2021-08-13 23:32:33,883] {logging_mixin.py:104} INFO - [2021-08-13 23:32:33,883] {dag.py:2306} INFO - Setting next_dagrun for example_kubernetes_executor_config to None
[2021-08-13 23:32:33,895] {scheduler_job.py:189} INFO - Processing /home/airflow/.local/lib/python3.6/site-packages/airflow/example_dags/example_kubernetes_executor_config.py took 0.083 seconds
