[2021-08-13 22:59:50,177] {scheduler_job.py:181} INFO - Started process (PID=211) to work on /home/airflow/.local/lib/python3.6/site-packages/airflow/example_dags/example_kubernetes_executor.py
[2021-08-13 22:59:50,178] {scheduler_job.py:632} INFO - Processing file /home/airflow/.local/lib/python3.6/site-packages/airflow/example_dags/example_kubernetes_executor.py for tasks to queue
[2021-08-13 22:59:50,179] {logging_mixin.py:104} INFO - [2021-08-13 22:59:50,179] {dagbag.py:496} INFO - Filling up the DagBag from /home/airflow/.local/lib/python3.6/site-packages/airflow/example_dags/example_kubernetes_executor.py
[2021-08-13 22:59:50,211] {scheduler_job.py:642} INFO - DAG(s) dict_keys(['example_kubernetes_executor']) retrieved from /home/airflow/.local/lib/python3.6/site-packages/airflow/example_dags/example_kubernetes_executor.py
[2021-08-13 22:59:55,238] {logging_mixin.py:104} INFO - [2021-08-13 22:59:55,236] {dag.py:1833} INFO - Sync 1 DAGs
[2021-08-13 22:59:55,305] {logging_mixin.py:104} INFO - [2021-08-13 22:59:55,299] {dag.py:1852} INFO - Creating ORM DAG for example_kubernetes_executor
[2021-08-13 22:59:55,317] {logging_mixin.py:104} INFO - [2021-08-13 22:59:55,317] {dag.py:2306} INFO - Setting next_dagrun for example_kubernetes_executor to None
[2021-08-13 22:59:55,348] {scheduler_job.py:189} INFO - Processing /home/airflow/.local/lib/python3.6/site-packages/airflow/example_dags/example_kubernetes_executor.py took 5.177 seconds
[2021-08-13 23:00:26,350] {scheduler_job.py:181} INFO - Started process (PID=288) to work on /home/airflow/.local/lib/python3.6/site-packages/airflow/example_dags/example_kubernetes_executor.py
[2021-08-13 23:00:26,370] {scheduler_job.py:632} INFO - Processing file /home/airflow/.local/lib/python3.6/site-packages/airflow/example_dags/example_kubernetes_executor.py for tasks to queue
[2021-08-13 23:00:26,371] {logging_mixin.py:104} INFO - [2021-08-13 23:00:26,371] {dagbag.py:496} INFO - Filling up the DagBag from /home/airflow/.local/lib/python3.6/site-packages/airflow/example_dags/example_kubernetes_executor.py
[2021-08-13 23:00:26,393] {scheduler_job.py:642} INFO - DAG(s) dict_keys(['example_kubernetes_executor']) retrieved from /home/airflow/.local/lib/python3.6/site-packages/airflow/example_dags/example_kubernetes_executor.py
[2021-08-13 23:00:26,427] {logging_mixin.py:104} INFO - [2021-08-13 23:00:26,427] {dag.py:1833} INFO - Sync 1 DAGs
[2021-08-13 23:00:26,449] {logging_mixin.py:104} INFO - [2021-08-13 23:00:26,449] {dag.py:2306} INFO - Setting next_dagrun for example_kubernetes_executor to None
[2021-08-13 23:00:26,460] {scheduler_job.py:189} INFO - Processing /home/airflow/.local/lib/python3.6/site-packages/airflow/example_dags/example_kubernetes_executor.py took 0.115 seconds
[2021-08-13 23:00:56,839] {scheduler_job.py:181} INFO - Started process (PID=344) to work on /home/airflow/.local/lib/python3.6/site-packages/airflow/example_dags/example_kubernetes_executor.py
[2021-08-13 23:00:56,842] {scheduler_job.py:632} INFO - Processing file /home/airflow/.local/lib/python3.6/site-packages/airflow/example_dags/example_kubernetes_executor.py for tasks to queue
[2021-08-13 23:00:56,843] {logging_mixin.py:104} INFO - [2021-08-13 23:00:56,843] {dagbag.py:496} INFO - Filling up the DagBag from /home/airflow/.local/lib/python3.6/site-packages/airflow/example_dags/example_kubernetes_executor.py
[2021-08-13 23:00:56,880] {scheduler_job.py:642} INFO - DAG(s) dict_keys(['example_kubernetes_executor']) retrieved from /home/airflow/.local/lib/python3.6/site-packages/airflow/example_dags/example_kubernetes_executor.py
[2021-08-13 23:00:57,057] {logging_mixin.py:104} INFO - [2021-08-13 23:00:57,056] {dag.py:1833} INFO - Sync 1 DAGs
[2021-08-13 23:00:57,086] {logging_mixin.py:104} INFO - [2021-08-13 23:00:57,086] {dag.py:2306} INFO - Setting next_dagrun for example_kubernetes_executor to None
[2021-08-13 23:00:57,124] {scheduler_job.py:189} INFO - Processing /home/airflow/.local/lib/python3.6/site-packages/airflow/example_dags/example_kubernetes_executor.py took 0.293 seconds
[2021-08-13 23:01:27,540] {scheduler_job.py:181} INFO - Started process (PID=399) to work on /home/airflow/.local/lib/python3.6/site-packages/airflow/example_dags/example_kubernetes_executor.py
[2021-08-13 23:01:27,542] {scheduler_job.py:632} INFO - Processing file /home/airflow/.local/lib/python3.6/site-packages/airflow/example_dags/example_kubernetes_executor.py for tasks to queue
[2021-08-13 23:01:27,543] {logging_mixin.py:104} INFO - [2021-08-13 23:01:27,543] {dagbag.py:496} INFO - Filling up the DagBag from /home/airflow/.local/lib/python3.6/site-packages/airflow/example_dags/example_kubernetes_executor.py
[2021-08-13 23:01:27,587] {scheduler_job.py:642} INFO - DAG(s) dict_keys(['example_kubernetes_executor']) retrieved from /home/airflow/.local/lib/python3.6/site-packages/airflow/example_dags/example_kubernetes_executor.py
[2021-08-13 23:01:27,642] {logging_mixin.py:104} INFO - [2021-08-13 23:01:27,641] {dag.py:1833} INFO - Sync 1 DAGs
[2021-08-13 23:01:27,665] {logging_mixin.py:104} INFO - [2021-08-13 23:01:27,665] {dag.py:2306} INFO - Setting next_dagrun for example_kubernetes_executor to None
[2021-08-13 23:01:27,726] {scheduler_job.py:189} INFO - Processing /home/airflow/.local/lib/python3.6/site-packages/airflow/example_dags/example_kubernetes_executor.py took 0.210 seconds
[2021-08-13 23:01:57,874] {scheduler_job.py:181} INFO - Started process (PID=450) to work on /home/airflow/.local/lib/python3.6/site-packages/airflow/example_dags/example_kubernetes_executor.py
[2021-08-13 23:01:57,877] {scheduler_job.py:632} INFO - Processing file /home/airflow/.local/lib/python3.6/site-packages/airflow/example_dags/example_kubernetes_executor.py for tasks to queue
[2021-08-13 23:01:57,878] {logging_mixin.py:104} INFO - [2021-08-13 23:01:57,878] {dagbag.py:496} INFO - Filling up the DagBag from /home/airflow/.local/lib/python3.6/site-packages/airflow/example_dags/example_kubernetes_executor.py
[2021-08-13 23:01:57,906] {scheduler_job.py:642} INFO - DAG(s) dict_keys(['example_kubernetes_executor']) retrieved from /home/airflow/.local/lib/python3.6/site-packages/airflow/example_dags/example_kubernetes_executor.py
[2021-08-13 23:01:58,002] {logging_mixin.py:104} INFO - [2021-08-13 23:01:58,002] {dag.py:1833} INFO - Sync 1 DAGs
[2021-08-13 23:01:58,151] {logging_mixin.py:104} INFO - [2021-08-13 23:01:58,151] {dag.py:2306} INFO - Setting next_dagrun for example_kubernetes_executor to None
[2021-08-13 23:01:58,251] {scheduler_job.py:189} INFO - Processing /home/airflow/.local/lib/python3.6/site-packages/airflow/example_dags/example_kubernetes_executor.py took 0.381 seconds
[2021-08-13 23:30:07,734] {scheduler_job.py:181} INFO - Started process (PID=60) to work on /home/airflow/.local/lib/python3.6/site-packages/airflow/example_dags/example_kubernetes_executor.py
[2021-08-13 23:30:07,741] {scheduler_job.py:632} INFO - Processing file /home/airflow/.local/lib/python3.6/site-packages/airflow/example_dags/example_kubernetes_executor.py for tasks to queue
[2021-08-13 23:30:07,742] {logging_mixin.py:104} INFO - [2021-08-13 23:30:07,742] {dagbag.py:496} INFO - Filling up the DagBag from /home/airflow/.local/lib/python3.6/site-packages/airflow/example_dags/example_kubernetes_executor.py
[2021-08-13 23:30:07,804] {scheduler_job.py:642} INFO - DAG(s) dict_keys(['example_kubernetes_executor']) retrieved from /home/airflow/.local/lib/python3.6/site-packages/airflow/example_dags/example_kubernetes_executor.py
[2021-08-13 23:30:07,905] {logging_mixin.py:104} INFO - [2021-08-13 23:30:07,905] {dag.py:1833} INFO - Sync 1 DAGs
[2021-08-13 23:30:08,019] {logging_mixin.py:104} INFO - [2021-08-13 23:30:08,019] {dag.py:2306} INFO - Setting next_dagrun for example_kubernetes_executor to None
[2021-08-13 23:30:08,142] {scheduler_job.py:189} INFO - Processing /home/airflow/.local/lib/python3.6/site-packages/airflow/example_dags/example_kubernetes_executor.py took 0.415 seconds
[2021-08-13 23:30:38,397] {scheduler_job.py:181} INFO - Started process (PID=114) to work on /home/airflow/.local/lib/python3.6/site-packages/airflow/example_dags/example_kubernetes_executor.py
[2021-08-13 23:30:38,408] {scheduler_job.py:632} INFO - Processing file /home/airflow/.local/lib/python3.6/site-packages/airflow/example_dags/example_kubernetes_executor.py for tasks to queue
[2021-08-13 23:30:38,408] {logging_mixin.py:104} INFO - [2021-08-13 23:30:38,408] {dagbag.py:496} INFO - Filling up the DagBag from /home/airflow/.local/lib/python3.6/site-packages/airflow/example_dags/example_kubernetes_executor.py
[2021-08-13 23:30:38,507] {scheduler_job.py:642} INFO - DAG(s) dict_keys(['example_kubernetes_executor']) retrieved from /home/airflow/.local/lib/python3.6/site-packages/airflow/example_dags/example_kubernetes_executor.py
[2021-08-13 23:30:38,737] {logging_mixin.py:104} INFO - [2021-08-13 23:30:38,737] {dag.py:1833} INFO - Sync 1 DAGs
[2021-08-13 23:30:38,850] {logging_mixin.py:104} INFO - [2021-08-13 23:30:38,850] {dag.py:2306} INFO - Setting next_dagrun for example_kubernetes_executor to None
[2021-08-13 23:30:38,885] {scheduler_job.py:189} INFO - Processing /home/airflow/.local/lib/python3.6/site-packages/airflow/example_dags/example_kubernetes_executor.py took 0.497 seconds
[2021-08-13 23:31:09,527] {scheduler_job.py:181} INFO - Started process (PID=166) to work on /home/airflow/.local/lib/python3.6/site-packages/airflow/example_dags/example_kubernetes_executor.py
[2021-08-13 23:31:09,530] {scheduler_job.py:632} INFO - Processing file /home/airflow/.local/lib/python3.6/site-packages/airflow/example_dags/example_kubernetes_executor.py for tasks to queue
[2021-08-13 23:31:09,530] {logging_mixin.py:104} INFO - [2021-08-13 23:31:09,530] {dagbag.py:496} INFO - Filling up the DagBag from /home/airflow/.local/lib/python3.6/site-packages/airflow/example_dags/example_kubernetes_executor.py
[2021-08-13 23:31:09,553] {scheduler_job.py:642} INFO - DAG(s) dict_keys(['example_kubernetes_executor']) retrieved from /home/airflow/.local/lib/python3.6/site-packages/airflow/example_dags/example_kubernetes_executor.py
[2021-08-13 23:31:09,599] {logging_mixin.py:104} INFO - [2021-08-13 23:31:09,599] {dag.py:1833} INFO - Sync 1 DAGs
[2021-08-13 23:31:09,629] {logging_mixin.py:104} INFO - [2021-08-13 23:31:09,629] {dag.py:2306} INFO - Setting next_dagrun for example_kubernetes_executor to None
[2021-08-13 23:31:09,662] {scheduler_job.py:189} INFO - Processing /home/airflow/.local/lib/python3.6/site-packages/airflow/example_dags/example_kubernetes_executor.py took 0.139 seconds
[2021-08-13 23:31:40,019] {scheduler_job.py:181} INFO - Started process (PID=227) to work on /home/airflow/.local/lib/python3.6/site-packages/airflow/example_dags/example_kubernetes_executor.py
[2021-08-13 23:31:40,025] {scheduler_job.py:632} INFO - Processing file /home/airflow/.local/lib/python3.6/site-packages/airflow/example_dags/example_kubernetes_executor.py for tasks to queue
[2021-08-13 23:31:40,026] {logging_mixin.py:104} INFO - [2021-08-13 23:31:40,026] {dagbag.py:496} INFO - Filling up the DagBag from /home/airflow/.local/lib/python3.6/site-packages/airflow/example_dags/example_kubernetes_executor.py
[2021-08-13 23:31:40,120] {scheduler_job.py:642} INFO - DAG(s) dict_keys(['example_kubernetes_executor']) retrieved from /home/airflow/.local/lib/python3.6/site-packages/airflow/example_dags/example_kubernetes_executor.py
[2021-08-13 23:31:40,164] {logging_mixin.py:104} INFO - [2021-08-13 23:31:40,164] {dag.py:1833} INFO - Sync 1 DAGs
[2021-08-13 23:31:40,209] {logging_mixin.py:104} INFO - [2021-08-13 23:31:40,209] {dag.py:2306} INFO - Setting next_dagrun for example_kubernetes_executor to None
[2021-08-13 23:31:40,254] {scheduler_job.py:189} INFO - Processing /home/airflow/.local/lib/python3.6/site-packages/airflow/example_dags/example_kubernetes_executor.py took 0.246 seconds
[2021-08-13 23:32:10,598] {scheduler_job.py:181} INFO - Started process (PID=279) to work on /home/airflow/.local/lib/python3.6/site-packages/airflow/example_dags/example_kubernetes_executor.py
[2021-08-13 23:32:10,599] {scheduler_job.py:632} INFO - Processing file /home/airflow/.local/lib/python3.6/site-packages/airflow/example_dags/example_kubernetes_executor.py for tasks to queue
[2021-08-13 23:32:10,600] {logging_mixin.py:104} INFO - [2021-08-13 23:32:10,600] {dagbag.py:496} INFO - Filling up the DagBag from /home/airflow/.local/lib/python3.6/site-packages/airflow/example_dags/example_kubernetes_executor.py
[2021-08-13 23:32:10,643] {scheduler_job.py:642} INFO - DAG(s) dict_keys(['example_kubernetes_executor']) retrieved from /home/airflow/.local/lib/python3.6/site-packages/airflow/example_dags/example_kubernetes_executor.py
[2021-08-13 23:32:10,690] {logging_mixin.py:104} INFO - [2021-08-13 23:32:10,690] {dag.py:1833} INFO - Sync 1 DAGs
[2021-08-13 23:32:10,725] {logging_mixin.py:104} INFO - [2021-08-13 23:32:10,725] {dag.py:2306} INFO - Setting next_dagrun for example_kubernetes_executor to None
[2021-08-13 23:32:10,747] {scheduler_job.py:189} INFO - Processing /home/airflow/.local/lib/python3.6/site-packages/airflow/example_dags/example_kubernetes_executor.py took 0.172 seconds
[2021-08-13 23:32:41,427] {scheduler_job.py:181} INFO - Started process (PID=341) to work on /home/airflow/.local/lib/python3.6/site-packages/airflow/example_dags/example_kubernetes_executor.py
[2021-08-13 23:32:41,435] {scheduler_job.py:632} INFO - Processing file /home/airflow/.local/lib/python3.6/site-packages/airflow/example_dags/example_kubernetes_executor.py for tasks to queue
[2021-08-13 23:32:41,436] {logging_mixin.py:104} INFO - [2021-08-13 23:32:41,436] {dagbag.py:496} INFO - Filling up the DagBag from /home/airflow/.local/lib/python3.6/site-packages/airflow/example_dags/example_kubernetes_executor.py
[2021-08-13 23:32:41,470] {scheduler_job.py:642} INFO - DAG(s) dict_keys(['example_kubernetes_executor']) retrieved from /home/airflow/.local/lib/python3.6/site-packages/airflow/example_dags/example_kubernetes_executor.py
[2021-08-13 23:32:41,515] {logging_mixin.py:104} INFO - [2021-08-13 23:32:41,515] {dag.py:1833} INFO - Sync 1 DAGs
[2021-08-13 23:32:41,538] {logging_mixin.py:104} INFO - [2021-08-13 23:32:41,538] {dag.py:2306} INFO - Setting next_dagrun for example_kubernetes_executor to None
[2021-08-13 23:32:41,554] {scheduler_job.py:189} INFO - Processing /home/airflow/.local/lib/python3.6/site-packages/airflow/example_dags/example_kubernetes_executor.py took 0.132 seconds
