[2021-08-13 22:59:34,157] {scheduler_job.py:181} INFO - Started process (PID=173) to work on /home/airflow/.local/lib/python3.6/site-packages/airflow/example_dags/example_latest_only_with_trigger.py
[2021-08-13 22:59:34,158] {scheduler_job.py:632} INFO - Processing file /home/airflow/.local/lib/python3.6/site-packages/airflow/example_dags/example_latest_only_with_trigger.py for tasks to queue
[2021-08-13 22:59:34,193] {logging_mixin.py:104} INFO - [2021-08-13 22:59:34,159] {dagbag.py:496} INFO - Filling up the DagBag from /home/airflow/.local/lib/python3.6/site-packages/airflow/example_dags/example_latest_only_with_trigger.py
[2021-08-13 22:59:34,261] {scheduler_job.py:642} INFO - DAG(s) dict_keys(['latest_only_with_trigger']) retrieved from /home/airflow/.local/lib/python3.6/site-packages/airflow/example_dags/example_latest_only_with_trigger.py
[2021-08-13 22:59:39,259] {logging_mixin.py:104} INFO - [2021-08-13 22:59:39,257] {dag.py:1833} INFO - Sync 1 DAGs
[2021-08-13 22:59:39,293] {logging_mixin.py:104} INFO - [2021-08-13 22:59:39,289] {dag.py:1852} INFO - Creating ORM DAG for latest_only_with_trigger
[2021-08-13 22:59:39,307] {logging_mixin.py:104} INFO - [2021-08-13 22:59:39,307] {dag.py:2306} INFO - Setting next_dagrun for latest_only_with_trigger to 2021-08-11 00:00:00+00:00
[2021-08-13 22:59:39,337] {scheduler_job.py:189} INFO - Processing /home/airflow/.local/lib/python3.6/site-packages/airflow/example_dags/example_latest_only_with_trigger.py took 5.215 seconds
[2021-08-13 23:00:10,506] {scheduler_job.py:181} INFO - Started process (PID=272) to work on /home/airflow/.local/lib/python3.6/site-packages/airflow/example_dags/example_latest_only_with_trigger.py
[2021-08-13 23:00:10,509] {scheduler_job.py:632} INFO - Processing file /home/airflow/.local/lib/python3.6/site-packages/airflow/example_dags/example_latest_only_with_trigger.py for tasks to queue
[2021-08-13 23:00:10,510] {logging_mixin.py:104} INFO - [2021-08-13 23:00:10,509] {dagbag.py:496} INFO - Filling up the DagBag from /home/airflow/.local/lib/python3.6/site-packages/airflow/example_dags/example_latest_only_with_trigger.py
[2021-08-13 23:00:10,540] {scheduler_job.py:642} INFO - DAG(s) dict_keys(['latest_only_with_trigger']) retrieved from /home/airflow/.local/lib/python3.6/site-packages/airflow/example_dags/example_latest_only_with_trigger.py
[2021-08-13 23:00:10,593] {logging_mixin.py:104} INFO - [2021-08-13 23:00:10,593] {dag.py:1833} INFO - Sync 1 DAGs
[2021-08-13 23:00:10,630] {logging_mixin.py:104} INFO - [2021-08-13 23:00:10,630] {dag.py:2306} INFO - Setting next_dagrun for latest_only_with_trigger to 2021-08-11 00:00:00+00:00
[2021-08-13 23:00:10,652] {scheduler_job.py:189} INFO - Processing /home/airflow/.local/lib/python3.6/site-packages/airflow/example_dags/example_latest_only_with_trigger.py took 0.152 seconds
[2021-08-13 23:00:41,592] {scheduler_job.py:181} INFO - Started process (PID=323) to work on /home/airflow/.local/lib/python3.6/site-packages/airflow/example_dags/example_latest_only_with_trigger.py
[2021-08-13 23:00:41,596] {scheduler_job.py:632} INFO - Processing file /home/airflow/.local/lib/python3.6/site-packages/airflow/example_dags/example_latest_only_with_trigger.py for tasks to queue
[2021-08-13 23:00:41,596] {logging_mixin.py:104} INFO - [2021-08-13 23:00:41,596] {dagbag.py:496} INFO - Filling up the DagBag from /home/airflow/.local/lib/python3.6/site-packages/airflow/example_dags/example_latest_only_with_trigger.py
[2021-08-13 23:00:41,630] {scheduler_job.py:642} INFO - DAG(s) dict_keys(['latest_only_with_trigger']) retrieved from /home/airflow/.local/lib/python3.6/site-packages/airflow/example_dags/example_latest_only_with_trigger.py
[2021-08-13 23:00:41,725] {logging_mixin.py:104} INFO - [2021-08-13 23:00:41,725] {dag.py:1833} INFO - Sync 1 DAGs
[2021-08-13 23:00:41,764] {logging_mixin.py:104} INFO - [2021-08-13 23:00:41,764] {dag.py:2306} INFO - Setting next_dagrun for latest_only_with_trigger to 2021-08-11 00:00:00+00:00
[2021-08-13 23:00:41,784] {scheduler_job.py:189} INFO - Processing /home/airflow/.local/lib/python3.6/site-packages/airflow/example_dags/example_latest_only_with_trigger.py took 0.206 seconds
[2021-08-13 23:01:14,082] {scheduler_job.py:181} INFO - Started process (PID=384) to work on /home/airflow/.local/lib/python3.6/site-packages/airflow/example_dags/example_latest_only_with_trigger.py
[2021-08-13 23:01:14,085] {scheduler_job.py:632} INFO - Processing file /home/airflow/.local/lib/python3.6/site-packages/airflow/example_dags/example_latest_only_with_trigger.py for tasks to queue
[2021-08-13 23:01:14,086] {logging_mixin.py:104} INFO - [2021-08-13 23:01:14,085] {dagbag.py:496} INFO - Filling up the DagBag from /home/airflow/.local/lib/python3.6/site-packages/airflow/example_dags/example_latest_only_with_trigger.py
[2021-08-13 23:01:14,150] {scheduler_job.py:642} INFO - DAG(s) dict_keys(['latest_only_with_trigger']) retrieved from /home/airflow/.local/lib/python3.6/site-packages/airflow/example_dags/example_latest_only_with_trigger.py
[2021-08-13 23:01:14,325] {logging_mixin.py:104} INFO - [2021-08-13 23:01:14,325] {dag.py:1833} INFO - Sync 1 DAGs
[2021-08-13 23:01:14,456] {logging_mixin.py:104} INFO - [2021-08-13 23:01:14,455] {dag.py:2306} INFO - Setting next_dagrun for latest_only_with_trigger to 2021-08-11 00:00:00+00:00
[2021-08-13 23:01:14,545] {scheduler_job.py:189} INFO - Processing /home/airflow/.local/lib/python3.6/site-packages/airflow/example_dags/example_latest_only_with_trigger.py took 0.472 seconds
[2021-08-13 23:01:44,831] {scheduler_job.py:181} INFO - Started process (PID=434) to work on /home/airflow/.local/lib/python3.6/site-packages/airflow/example_dags/example_latest_only_with_trigger.py
[2021-08-13 23:01:44,832] {scheduler_job.py:632} INFO - Processing file /home/airflow/.local/lib/python3.6/site-packages/airflow/example_dags/example_latest_only_with_trigger.py for tasks to queue
[2021-08-13 23:01:44,833] {logging_mixin.py:104} INFO - [2021-08-13 23:01:44,833] {dagbag.py:496} INFO - Filling up the DagBag from /home/airflow/.local/lib/python3.6/site-packages/airflow/example_dags/example_latest_only_with_trigger.py
[2021-08-13 23:01:44,851] {scheduler_job.py:642} INFO - DAG(s) dict_keys(['latest_only_with_trigger']) retrieved from /home/airflow/.local/lib/python3.6/site-packages/airflow/example_dags/example_latest_only_with_trigger.py
[2021-08-13 23:01:44,883] {logging_mixin.py:104} INFO - [2021-08-13 23:01:44,883] {dag.py:1833} INFO - Sync 1 DAGs
[2021-08-13 23:01:44,914] {logging_mixin.py:104} INFO - [2021-08-13 23:01:44,914] {dag.py:2306} INFO - Setting next_dagrun for latest_only_with_trigger to 2021-08-11 00:00:00+00:00
[2021-08-13 23:01:44,933] {scheduler_job.py:189} INFO - Processing /home/airflow/.local/lib/python3.6/site-packages/airflow/example_dags/example_latest_only_with_trigger.py took 0.106 seconds
[2021-08-13 23:02:15,054] {scheduler_job.py:181} INFO - Started process (PID=491) to work on /home/airflow/.local/lib/python3.6/site-packages/airflow/example_dags/example_latest_only_with_trigger.py
[2021-08-13 23:02:15,055] {scheduler_job.py:632} INFO - Processing file /home/airflow/.local/lib/python3.6/site-packages/airflow/example_dags/example_latest_only_with_trigger.py for tasks to queue
[2021-08-13 23:02:15,056] {logging_mixin.py:104} INFO - [2021-08-13 23:02:15,056] {dagbag.py:496} INFO - Filling up the DagBag from /home/airflow/.local/lib/python3.6/site-packages/airflow/example_dags/example_latest_only_with_trigger.py
[2021-08-13 23:02:15,073] {scheduler_job.py:642} INFO - DAG(s) dict_keys(['latest_only_with_trigger']) retrieved from /home/airflow/.local/lib/python3.6/site-packages/airflow/example_dags/example_latest_only_with_trigger.py
[2021-08-13 23:02:15,117] {logging_mixin.py:104} INFO - [2021-08-13 23:02:15,117] {dag.py:1833} INFO - Sync 1 DAGs
[2021-08-13 23:02:15,152] {logging_mixin.py:104} INFO - [2021-08-13 23:02:15,152] {dag.py:2306} INFO - Setting next_dagrun for latest_only_with_trigger to 2021-08-11 00:00:00+00:00
[2021-08-13 23:02:15,170] {scheduler_job.py:189} INFO - Processing /home/airflow/.local/lib/python3.6/site-packages/airflow/example_dags/example_latest_only_with_trigger.py took 0.120 seconds
[2021-08-13 23:30:05,004] {scheduler_job.py:181} INFO - Started process (PID=54) to work on /home/airflow/.local/lib/python3.6/site-packages/airflow/example_dags/example_latest_only_with_trigger.py
[2021-08-13 23:30:05,014] {scheduler_job.py:632} INFO - Processing file /home/airflow/.local/lib/python3.6/site-packages/airflow/example_dags/example_latest_only_with_trigger.py for tasks to queue
[2021-08-13 23:30:05,015] {logging_mixin.py:104} INFO - [2021-08-13 23:30:05,014] {dagbag.py:496} INFO - Filling up the DagBag from /home/airflow/.local/lib/python3.6/site-packages/airflow/example_dags/example_latest_only_with_trigger.py
[2021-08-13 23:30:05,184] {scheduler_job.py:642} INFO - DAG(s) dict_keys(['latest_only_with_trigger']) retrieved from /home/airflow/.local/lib/python3.6/site-packages/airflow/example_dags/example_latest_only_with_trigger.py
[2021-08-13 23:30:05,584] {logging_mixin.py:104} INFO - [2021-08-13 23:30:05,584] {dag.py:1833} INFO - Sync 1 DAGs
[2021-08-13 23:30:05,737] {logging_mixin.py:104} INFO - [2021-08-13 23:30:05,737] {dag.py:2306} INFO - Setting next_dagrun for latest_only_with_trigger to 2021-08-11 00:00:00+00:00
[2021-08-13 23:30:05,813] {scheduler_job.py:189} INFO - Processing /home/airflow/.local/lib/python3.6/site-packages/airflow/example_dags/example_latest_only_with_trigger.py took 0.813 seconds
[2021-08-13 23:30:36,021] {scheduler_job.py:181} INFO - Started process (PID=97) to work on /home/airflow/.local/lib/python3.6/site-packages/airflow/example_dags/example_latest_only_with_trigger.py
[2021-08-13 23:30:36,036] {scheduler_job.py:632} INFO - Processing file /home/airflow/.local/lib/python3.6/site-packages/airflow/example_dags/example_latest_only_with_trigger.py for tasks to queue
[2021-08-13 23:30:36,037] {logging_mixin.py:104} INFO - [2021-08-13 23:30:36,036] {dagbag.py:496} INFO - Filling up the DagBag from /home/airflow/.local/lib/python3.6/site-packages/airflow/example_dags/example_latest_only_with_trigger.py
[2021-08-13 23:30:36,103] {scheduler_job.py:642} INFO - DAG(s) dict_keys(['latest_only_with_trigger']) retrieved from /home/airflow/.local/lib/python3.6/site-packages/airflow/example_dags/example_latest_only_with_trigger.py
[2021-08-13 23:30:36,153] {logging_mixin.py:104} INFO - [2021-08-13 23:30:36,152] {dag.py:1833} INFO - Sync 1 DAGs
[2021-08-13 23:30:36,219] {logging_mixin.py:104} INFO - [2021-08-13 23:30:36,219] {dag.py:2306} INFO - Setting next_dagrun for latest_only_with_trigger to 2021-08-11 00:00:00+00:00
[2021-08-13 23:30:36,289] {scheduler_job.py:189} INFO - Processing /home/airflow/.local/lib/python3.6/site-packages/airflow/example_dags/example_latest_only_with_trigger.py took 0.273 seconds
[2021-08-13 23:31:07,035] {scheduler_job.py:181} INFO - Started process (PID=162) to work on /home/airflow/.local/lib/python3.6/site-packages/airflow/example_dags/example_latest_only_with_trigger.py
[2021-08-13 23:31:07,036] {scheduler_job.py:632} INFO - Processing file /home/airflow/.local/lib/python3.6/site-packages/airflow/example_dags/example_latest_only_with_trigger.py for tasks to queue
[2021-08-13 23:31:07,037] {logging_mixin.py:104} INFO - [2021-08-13 23:31:07,037] {dagbag.py:496} INFO - Filling up the DagBag from /home/airflow/.local/lib/python3.6/site-packages/airflow/example_dags/example_latest_only_with_trigger.py
[2021-08-13 23:31:07,053] {scheduler_job.py:642} INFO - DAG(s) dict_keys(['latest_only_with_trigger']) retrieved from /home/airflow/.local/lib/python3.6/site-packages/airflow/example_dags/example_latest_only_with_trigger.py
[2021-08-13 23:31:07,085] {logging_mixin.py:104} INFO - [2021-08-13 23:31:07,085] {dag.py:1833} INFO - Sync 1 DAGs
[2021-08-13 23:31:07,106] {logging_mixin.py:104} INFO - [2021-08-13 23:31:07,106] {dag.py:2306} INFO - Setting next_dagrun for latest_only_with_trigger to 2021-08-11 00:00:00+00:00
[2021-08-13 23:31:07,121] {scheduler_job.py:189} INFO - Processing /home/airflow/.local/lib/python3.6/site-packages/airflow/example_dags/example_latest_only_with_trigger.py took 0.089 seconds
[2021-08-13 23:31:38,366] {scheduler_job.py:181} INFO - Started process (PID=221) to work on /home/airflow/.local/lib/python3.6/site-packages/airflow/example_dags/example_latest_only_with_trigger.py
[2021-08-13 23:31:38,367] {scheduler_job.py:632} INFO - Processing file /home/airflow/.local/lib/python3.6/site-packages/airflow/example_dags/example_latest_only_with_trigger.py for tasks to queue
[2021-08-13 23:31:38,368] {logging_mixin.py:104} INFO - [2021-08-13 23:31:38,368] {dagbag.py:496} INFO - Filling up the DagBag from /home/airflow/.local/lib/python3.6/site-packages/airflow/example_dags/example_latest_only_with_trigger.py
[2021-08-13 23:31:38,388] {scheduler_job.py:642} INFO - DAG(s) dict_keys(['latest_only_with_trigger']) retrieved from /home/airflow/.local/lib/python3.6/site-packages/airflow/example_dags/example_latest_only_with_trigger.py
[2021-08-13 23:31:38,433] {logging_mixin.py:104} INFO - [2021-08-13 23:31:38,432] {dag.py:1833} INFO - Sync 1 DAGs
[2021-08-13 23:31:38,453] {logging_mixin.py:104} INFO - [2021-08-13 23:31:38,453] {dag.py:2306} INFO - Setting next_dagrun for latest_only_with_trigger to 2021-08-11 00:00:00+00:00
[2021-08-13 23:31:38,475] {scheduler_job.py:189} INFO - Processing /home/airflow/.local/lib/python3.6/site-packages/airflow/example_dags/example_latest_only_with_trigger.py took 0.113 seconds
[2021-08-13 23:32:08,772] {scheduler_job.py:181} INFO - Started process (PID=276) to work on /home/airflow/.local/lib/python3.6/site-packages/airflow/example_dags/example_latest_only_with_trigger.py
[2021-08-13 23:32:08,773] {scheduler_job.py:632} INFO - Processing file /home/airflow/.local/lib/python3.6/site-packages/airflow/example_dags/example_latest_only_with_trigger.py for tasks to queue
[2021-08-13 23:32:08,774] {logging_mixin.py:104} INFO - [2021-08-13 23:32:08,774] {dagbag.py:496} INFO - Filling up the DagBag from /home/airflow/.local/lib/python3.6/site-packages/airflow/example_dags/example_latest_only_with_trigger.py
[2021-08-13 23:32:08,798] {scheduler_job.py:642} INFO - DAG(s) dict_keys(['latest_only_with_trigger']) retrieved from /home/airflow/.local/lib/python3.6/site-packages/airflow/example_dags/example_latest_only_with_trigger.py
[2021-08-13 23:32:08,886] {logging_mixin.py:104} INFO - [2021-08-13 23:32:08,885] {dag.py:1833} INFO - Sync 1 DAGs
[2021-08-13 23:32:08,964] {logging_mixin.py:104} INFO - [2021-08-13 23:32:08,963] {dag.py:2306} INFO - Setting next_dagrun for latest_only_with_trigger to 2021-08-11 00:00:00+00:00
[2021-08-13 23:32:08,999] {scheduler_job.py:189} INFO - Processing /home/airflow/.local/lib/python3.6/site-packages/airflow/example_dags/example_latest_only_with_trigger.py took 0.269 seconds
[2021-08-13 23:32:39,335] {scheduler_job.py:181} INFO - Started process (PID=336) to work on /home/airflow/.local/lib/python3.6/site-packages/airflow/example_dags/example_latest_only_with_trigger.py
[2021-08-13 23:32:39,357] {scheduler_job.py:632} INFO - Processing file /home/airflow/.local/lib/python3.6/site-packages/airflow/example_dags/example_latest_only_with_trigger.py for tasks to queue
[2021-08-13 23:32:39,358] {logging_mixin.py:104} INFO - [2021-08-13 23:32:39,357] {dagbag.py:496} INFO - Filling up the DagBag from /home/airflow/.local/lib/python3.6/site-packages/airflow/example_dags/example_latest_only_with_trigger.py
[2021-08-13 23:32:39,377] {scheduler_job.py:642} INFO - DAG(s) dict_keys(['latest_only_with_trigger']) retrieved from /home/airflow/.local/lib/python3.6/site-packages/airflow/example_dags/example_latest_only_with_trigger.py
[2021-08-13 23:32:39,427] {logging_mixin.py:104} INFO - [2021-08-13 23:32:39,427] {dag.py:1833} INFO - Sync 1 DAGs
[2021-08-13 23:32:39,454] {logging_mixin.py:104} INFO - [2021-08-13 23:32:39,454] {dag.py:2306} INFO - Setting next_dagrun for latest_only_with_trigger to 2021-08-11 00:00:00+00:00
[2021-08-13 23:32:39,468] {scheduler_job.py:189} INFO - Processing /home/airflow/.local/lib/python3.6/site-packages/airflow/example_dags/example_latest_only_with_trigger.py took 0.137 seconds
