[2021-08-13 22:59:22,368] {scheduler_job.py:181} INFO - Started process (PID=142) to work on /home/airflow/.local/lib/python3.6/site-packages/airflow/example_dags/example_subdag_operator.py
[2021-08-13 22:59:22,375] {scheduler_job.py:632} INFO - Processing file /home/airflow/.local/lib/python3.6/site-packages/airflow/example_dags/example_subdag_operator.py for tasks to queue
[2021-08-13 22:59:22,376] {logging_mixin.py:104} INFO - [2021-08-13 22:59:22,375] {dagbag.py:496} INFO - Filling up the DagBag from /home/airflow/.local/lib/python3.6/site-packages/airflow/example_dags/example_subdag_operator.py
[2021-08-13 22:59:22,425] {scheduler_job.py:642} INFO - DAG(s) dict_keys(['example_subdag_operator.section-1', 'example_subdag_operator.section-2', 'example_subdag_operator']) retrieved from /home/airflow/.local/lib/python3.6/site-packages/airflow/example_dags/example_subdag_operator.py
[2021-08-13 22:59:25,993] {logging_mixin.py:104} INFO - [2021-08-13 22:59:25,991] {dag.py:1833} INFO - Sync 3 DAGs
[2021-08-13 22:59:26,025] {logging_mixin.py:104} INFO - [2021-08-13 22:59:26,023] {dag.py:1852} INFO - Creating ORM DAG for example_subdag_operator.section-1
[2021-08-13 22:59:26,025] {logging_mixin.py:104} INFO - [2021-08-13 22:59:26,025] {dag.py:1852} INFO - Creating ORM DAG for example_subdag_operator.section-2
[2021-08-13 22:59:26,026] {logging_mixin.py:104} INFO - [2021-08-13 22:59:26,026] {dag.py:1852} INFO - Creating ORM DAG for example_subdag_operator
[2021-08-13 22:59:26,047] {logging_mixin.py:104} INFO - [2021-08-13 22:59:26,047] {dag.py:2306} INFO - Setting next_dagrun for example_subdag_operator to 2021-08-11 00:00:00+00:00
[2021-08-13 22:59:26,056] {logging_mixin.py:104} INFO - [2021-08-13 22:59:26,048] {dag.py:2306} INFO - Setting next_dagrun for example_subdag_operator.section-1 to None
[2021-08-13 22:59:26,067] {logging_mixin.py:104} INFO - [2021-08-13 22:59:26,067] {dag.py:2306} INFO - Setting next_dagrun for example_subdag_operator.section-2 to None
[2021-08-13 22:59:26,116] {logging_mixin.py:104} INFO - [2021-08-13 22:59:26,116] {dag.py:1833} INFO - Sync 2 DAGs
[2021-08-13 22:59:26,157] {logging_mixin.py:104} INFO - [2021-08-13 22:59:26,157] {dag.py:2306} INFO - Setting next_dagrun for example_subdag_operator.section-1 to None
[2021-08-13 22:59:26,158] {logging_mixin.py:104} INFO - [2021-08-13 22:59:26,158] {dag.py:2306} INFO - Setting next_dagrun for example_subdag_operator.section-2 to None
[2021-08-13 22:59:26,206] {scheduler_job.py:189} INFO - Processing /home/airflow/.local/lib/python3.6/site-packages/airflow/example_dags/example_subdag_operator.py took 3.846 seconds
[2021-08-13 23:00:09,623] {scheduler_job.py:181} INFO - Started process (PID=267) to work on /home/airflow/.local/lib/python3.6/site-packages/airflow/example_dags/example_subdag_operator.py
[2021-08-13 23:00:09,624] {scheduler_job.py:632} INFO - Processing file /home/airflow/.local/lib/python3.6/site-packages/airflow/example_dags/example_subdag_operator.py for tasks to queue
[2021-08-13 23:00:09,625] {logging_mixin.py:104} INFO - [2021-08-13 23:00:09,625] {dagbag.py:496} INFO - Filling up the DagBag from /home/airflow/.local/lib/python3.6/site-packages/airflow/example_dags/example_subdag_operator.py
[2021-08-13 23:00:09,665] {scheduler_job.py:642} INFO - DAG(s) dict_keys(['example_subdag_operator.section-1', 'example_subdag_operator.section-2', 'example_subdag_operator']) retrieved from /home/airflow/.local/lib/python3.6/site-packages/airflow/example_dags/example_subdag_operator.py
[2021-08-13 23:00:09,690] {logging_mixin.py:104} INFO - [2021-08-13 23:00:09,690] {dag.py:1833} INFO - Sync 3 DAGs
[2021-08-13 23:00:09,731] {logging_mixin.py:104} INFO - [2021-08-13 23:00:09,730] {dag.py:2306} INFO - Setting next_dagrun for example_subdag_operator to 2021-08-11 00:00:00+00:00
[2021-08-13 23:00:09,732] {logging_mixin.py:104} INFO - [2021-08-13 23:00:09,732] {dag.py:2306} INFO - Setting next_dagrun for example_subdag_operator.section-1 to None
[2021-08-13 23:00:09,732] {logging_mixin.py:104} INFO - [2021-08-13 23:00:09,732] {dag.py:2306} INFO - Setting next_dagrun for example_subdag_operator.section-2 to None
[2021-08-13 23:00:09,751] {logging_mixin.py:104} INFO - [2021-08-13 23:00:09,750] {dag.py:1833} INFO - Sync 2 DAGs
[2021-08-13 23:00:09,776] {logging_mixin.py:104} INFO - [2021-08-13 23:00:09,776] {dag.py:2306} INFO - Setting next_dagrun for example_subdag_operator.section-1 to None
[2021-08-13 23:00:09,776] {logging_mixin.py:104} INFO - [2021-08-13 23:00:09,776] {dag.py:2306} INFO - Setting next_dagrun for example_subdag_operator.section-2 to None
[2021-08-13 23:00:09,806] {scheduler_job.py:189} INFO - Processing /home/airflow/.local/lib/python3.6/site-packages/airflow/example_dags/example_subdag_operator.py took 0.187 seconds
[2021-08-13 23:00:40,161] {scheduler_job.py:181} INFO - Started process (PID=318) to work on /home/airflow/.local/lib/python3.6/site-packages/airflow/example_dags/example_subdag_operator.py
[2021-08-13 23:00:40,162] {scheduler_job.py:632} INFO - Processing file /home/airflow/.local/lib/python3.6/site-packages/airflow/example_dags/example_subdag_operator.py for tasks to queue
[2021-08-13 23:00:40,162] {logging_mixin.py:104} INFO - [2021-08-13 23:00:40,162] {dagbag.py:496} INFO - Filling up the DagBag from /home/airflow/.local/lib/python3.6/site-packages/airflow/example_dags/example_subdag_operator.py
[2021-08-13 23:00:40,378] {scheduler_job.py:642} INFO - DAG(s) dict_keys(['example_subdag_operator.section-1', 'example_subdag_operator.section-2', 'example_subdag_operator']) retrieved from /home/airflow/.local/lib/python3.6/site-packages/airflow/example_dags/example_subdag_operator.py
[2021-08-13 23:00:40,516] {logging_mixin.py:104} INFO - [2021-08-13 23:00:40,510] {dag.py:1833} INFO - Sync 3 DAGs
[2021-08-13 23:00:40,685] {logging_mixin.py:104} INFO - [2021-08-13 23:00:40,685] {dag.py:2306} INFO - Setting next_dagrun for example_subdag_operator to 2021-08-11 00:00:00+00:00
[2021-08-13 23:00:40,686] {logging_mixin.py:104} INFO - [2021-08-13 23:00:40,686] {dag.py:2306} INFO - Setting next_dagrun for example_subdag_operator.section-1 to None
[2021-08-13 23:00:40,686] {logging_mixin.py:104} INFO - [2021-08-13 23:00:40,686] {dag.py:2306} INFO - Setting next_dagrun for example_subdag_operator.section-2 to None
[2021-08-13 23:00:40,734] {logging_mixin.py:104} INFO - [2021-08-13 23:00:40,734] {dag.py:1833} INFO - Sync 2 DAGs
[2021-08-13 23:00:40,815] {logging_mixin.py:104} INFO - [2021-08-13 23:00:40,815] {dag.py:2306} INFO - Setting next_dagrun for example_subdag_operator.section-1 to None
[2021-08-13 23:00:40,816] {logging_mixin.py:104} INFO - [2021-08-13 23:00:40,816] {dag.py:2306} INFO - Setting next_dagrun for example_subdag_operator.section-2 to None
[2021-08-13 23:00:40,833] {scheduler_job.py:189} INFO - Processing /home/airflow/.local/lib/python3.6/site-packages/airflow/example_dags/example_subdag_operator.py took 0.676 seconds
[2021-08-13 23:01:11,615] {scheduler_job.py:181} INFO - Started process (PID=378) to work on /home/airflow/.local/lib/python3.6/site-packages/airflow/example_dags/example_subdag_operator.py
[2021-08-13 23:01:11,630] {scheduler_job.py:632} INFO - Processing file /home/airflow/.local/lib/python3.6/site-packages/airflow/example_dags/example_subdag_operator.py for tasks to queue
[2021-08-13 23:01:11,631] {logging_mixin.py:104} INFO - [2021-08-13 23:01:11,631] {dagbag.py:496} INFO - Filling up the DagBag from /home/airflow/.local/lib/python3.6/site-packages/airflow/example_dags/example_subdag_operator.py
[2021-08-13 23:01:11,748] {scheduler_job.py:642} INFO - DAG(s) dict_keys(['example_subdag_operator.section-1', 'example_subdag_operator.section-2', 'example_subdag_operator']) retrieved from /home/airflow/.local/lib/python3.6/site-packages/airflow/example_dags/example_subdag_operator.py
[2021-08-13 23:01:11,809] {logging_mixin.py:104} INFO - [2021-08-13 23:01:11,809] {dag.py:1833} INFO - Sync 3 DAGs
[2021-08-13 23:01:11,889] {logging_mixin.py:104} INFO - [2021-08-13 23:01:11,889] {dag.py:2306} INFO - Setting next_dagrun for example_subdag_operator to 2021-08-11 00:00:00+00:00
[2021-08-13 23:01:11,890] {logging_mixin.py:104} INFO - [2021-08-13 23:01:11,890] {dag.py:2306} INFO - Setting next_dagrun for example_subdag_operator.section-1 to None
[2021-08-13 23:01:11,890] {logging_mixin.py:104} INFO - [2021-08-13 23:01:11,890] {dag.py:2306} INFO - Setting next_dagrun for example_subdag_operator.section-2 to None
[2021-08-13 23:01:12,008] {logging_mixin.py:104} INFO - [2021-08-13 23:01:12,008] {dag.py:1833} INFO - Sync 2 DAGs
[2021-08-13 23:01:12,073] {logging_mixin.py:104} INFO - [2021-08-13 23:01:12,073] {dag.py:2306} INFO - Setting next_dagrun for example_subdag_operator.section-1 to None
[2021-08-13 23:01:12,073] {logging_mixin.py:104} INFO - [2021-08-13 23:01:12,073] {dag.py:2306} INFO - Setting next_dagrun for example_subdag_operator.section-2 to None
[2021-08-13 23:01:12,121] {scheduler_job.py:189} INFO - Processing /home/airflow/.local/lib/python3.6/site-packages/airflow/example_dags/example_subdag_operator.py took 0.513 seconds
[2021-08-13 23:01:42,205] {scheduler_job.py:181} INFO - Started process (PID=429) to work on /home/airflow/.local/lib/python3.6/site-packages/airflow/example_dags/example_subdag_operator.py
[2021-08-13 23:01:42,206] {scheduler_job.py:632} INFO - Processing file /home/airflow/.local/lib/python3.6/site-packages/airflow/example_dags/example_subdag_operator.py for tasks to queue
[2021-08-13 23:01:42,207] {logging_mixin.py:104} INFO - [2021-08-13 23:01:42,207] {dagbag.py:496} INFO - Filling up the DagBag from /home/airflow/.local/lib/python3.6/site-packages/airflow/example_dags/example_subdag_operator.py
[2021-08-13 23:01:42,255] {scheduler_job.py:642} INFO - DAG(s) dict_keys(['example_subdag_operator.section-1', 'example_subdag_operator.section-2', 'example_subdag_operator']) retrieved from /home/airflow/.local/lib/python3.6/site-packages/airflow/example_dags/example_subdag_operator.py
[2021-08-13 23:01:42,274] {logging_mixin.py:104} INFO - [2021-08-13 23:01:42,274] {dag.py:1833} INFO - Sync 3 DAGs
[2021-08-13 23:01:42,309] {logging_mixin.py:104} INFO - [2021-08-13 23:01:42,309] {dag.py:2306} INFO - Setting next_dagrun for example_subdag_operator to 2021-08-11 00:00:00+00:00
[2021-08-13 23:01:42,310] {logging_mixin.py:104} INFO - [2021-08-13 23:01:42,310] {dag.py:2306} INFO - Setting next_dagrun for example_subdag_operator.section-1 to None
[2021-08-13 23:01:42,311] {logging_mixin.py:104} INFO - [2021-08-13 23:01:42,310] {dag.py:2306} INFO - Setting next_dagrun for example_subdag_operator.section-2 to None
[2021-08-13 23:01:42,324] {logging_mixin.py:104} INFO - [2021-08-13 23:01:42,324] {dag.py:1833} INFO - Sync 2 DAGs
[2021-08-13 23:01:42,334] {logging_mixin.py:104} INFO - [2021-08-13 23:01:42,334] {dag.py:2306} INFO - Setting next_dagrun for example_subdag_operator.section-1 to None
[2021-08-13 23:01:42,335] {logging_mixin.py:104} INFO - [2021-08-13 23:01:42,335] {dag.py:2306} INFO - Setting next_dagrun for example_subdag_operator.section-2 to None
[2021-08-13 23:01:42,343] {scheduler_job.py:189} INFO - Processing /home/airflow/.local/lib/python3.6/site-packages/airflow/example_dags/example_subdag_operator.py took 0.146 seconds
[2021-08-13 23:02:12,418] {scheduler_job.py:181} INFO - Started process (PID=485) to work on /home/airflow/.local/lib/python3.6/site-packages/airflow/example_dags/example_subdag_operator.py
[2021-08-13 23:02:12,419] {scheduler_job.py:632} INFO - Processing file /home/airflow/.local/lib/python3.6/site-packages/airflow/example_dags/example_subdag_operator.py for tasks to queue
[2021-08-13 23:02:12,420] {logging_mixin.py:104} INFO - [2021-08-13 23:02:12,420] {dagbag.py:496} INFO - Filling up the DagBag from /home/airflow/.local/lib/python3.6/site-packages/airflow/example_dags/example_subdag_operator.py
[2021-08-13 23:02:12,469] {scheduler_job.py:642} INFO - DAG(s) dict_keys(['example_subdag_operator.section-1', 'example_subdag_operator.section-2', 'example_subdag_operator']) retrieved from /home/airflow/.local/lib/python3.6/site-packages/airflow/example_dags/example_subdag_operator.py
[2021-08-13 23:02:12,486] {logging_mixin.py:104} INFO - [2021-08-13 23:02:12,486] {dag.py:1833} INFO - Sync 3 DAGs
[2021-08-13 23:02:12,510] {logging_mixin.py:104} INFO - [2021-08-13 23:02:12,510] {dag.py:2306} INFO - Setting next_dagrun for example_subdag_operator to 2021-08-11 00:00:00+00:00
[2021-08-13 23:02:12,514] {logging_mixin.py:104} INFO - [2021-08-13 23:02:12,514] {dag.py:2306} INFO - Setting next_dagrun for example_subdag_operator.section-1 to None
[2021-08-13 23:02:12,514] {logging_mixin.py:104} INFO - [2021-08-13 23:02:12,514] {dag.py:2306} INFO - Setting next_dagrun for example_subdag_operator.section-2 to None
[2021-08-13 23:02:12,526] {logging_mixin.py:104} INFO - [2021-08-13 23:02:12,526] {dag.py:1833} INFO - Sync 2 DAGs
[2021-08-13 23:02:12,539] {logging_mixin.py:104} INFO - [2021-08-13 23:02:12,539] {dag.py:2306} INFO - Setting next_dagrun for example_subdag_operator.section-1 to None
[2021-08-13 23:02:12,539] {logging_mixin.py:104} INFO - [2021-08-13 23:02:12,539] {dag.py:2306} INFO - Setting next_dagrun for example_subdag_operator.section-2 to None
[2021-08-13 23:02:12,549] {scheduler_job.py:189} INFO - Processing /home/airflow/.local/lib/python3.6/site-packages/airflow/example_dags/example_subdag_operator.py took 0.137 seconds
[2021-08-13 23:30:01,834] {scheduler_job.py:181} INFO - Started process (PID=46) to work on /home/airflow/.local/lib/python3.6/site-packages/airflow/example_dags/example_subdag_operator.py
[2021-08-13 23:30:01,836] {scheduler_job.py:632} INFO - Processing file /home/airflow/.local/lib/python3.6/site-packages/airflow/example_dags/example_subdag_operator.py for tasks to queue
[2021-08-13 23:30:01,850] {logging_mixin.py:104} INFO - [2021-08-13 23:30:01,850] {dagbag.py:496} INFO - Filling up the DagBag from /home/airflow/.local/lib/python3.6/site-packages/airflow/example_dags/example_subdag_operator.py
[2021-08-13 23:30:02,059] {scheduler_job.py:642} INFO - DAG(s) dict_keys(['example_subdag_operator.section-1', 'example_subdag_operator.section-2', 'example_subdag_operator']) retrieved from /home/airflow/.local/lib/python3.6/site-packages/airflow/example_dags/example_subdag_operator.py
[2021-08-13 23:30:02,109] {logging_mixin.py:104} INFO - [2021-08-13 23:30:02,109] {dag.py:1833} INFO - Sync 3 DAGs
[2021-08-13 23:30:02,251] {logging_mixin.py:104} INFO - [2021-08-13 23:30:02,251] {dag.py:2306} INFO - Setting next_dagrun for example_subdag_operator to 2021-08-11 00:00:00+00:00
[2021-08-13 23:30:02,255] {logging_mixin.py:104} INFO - [2021-08-13 23:30:02,255] {dag.py:2306} INFO - Setting next_dagrun for example_subdag_operator.section-1 to None
[2021-08-13 23:30:02,256] {logging_mixin.py:104} INFO - [2021-08-13 23:30:02,255] {dag.py:2306} INFO - Setting next_dagrun for example_subdag_operator.section-2 to None
[2021-08-13 23:30:02,321] {logging_mixin.py:104} INFO - [2021-08-13 23:30:02,321] {dag.py:1833} INFO - Sync 2 DAGs
[2021-08-13 23:30:02,460] {logging_mixin.py:104} INFO - [2021-08-13 23:30:02,460] {dag.py:2306} INFO - Setting next_dagrun for example_subdag_operator.section-1 to None
[2021-08-13 23:30:02,465] {logging_mixin.py:104} INFO - [2021-08-13 23:30:02,464] {dag.py:2306} INFO - Setting next_dagrun for example_subdag_operator.section-2 to None
[2021-08-13 23:30:02,625] {scheduler_job.py:189} INFO - Processing /home/airflow/.local/lib/python3.6/site-packages/airflow/example_dags/example_subdag_operator.py took 0.831 seconds
[2021-08-13 23:30:32,829] {scheduler_job.py:181} INFO - Started process (PID=91) to work on /home/airflow/.local/lib/python3.6/site-packages/airflow/example_dags/example_subdag_operator.py
[2021-08-13 23:30:32,830] {scheduler_job.py:632} INFO - Processing file /home/airflow/.local/lib/python3.6/site-packages/airflow/example_dags/example_subdag_operator.py for tasks to queue
[2021-08-13 23:30:32,832] {logging_mixin.py:104} INFO - [2021-08-13 23:30:32,831] {dagbag.py:496} INFO - Filling up the DagBag from /home/airflow/.local/lib/python3.6/site-packages/airflow/example_dags/example_subdag_operator.py
[2021-08-13 23:30:32,931] {scheduler_job.py:642} INFO - DAG(s) dict_keys(['example_subdag_operator.section-1', 'example_subdag_operator.section-2', 'example_subdag_operator']) retrieved from /home/airflow/.local/lib/python3.6/site-packages/airflow/example_dags/example_subdag_operator.py
[2021-08-13 23:30:32,978] {logging_mixin.py:104} INFO - [2021-08-13 23:30:32,978] {dag.py:1833} INFO - Sync 3 DAGs
[2021-08-13 23:30:33,041] {logging_mixin.py:104} INFO - [2021-08-13 23:30:33,040] {dag.py:2306} INFO - Setting next_dagrun for example_subdag_operator to 2021-08-11 00:00:00+00:00
[2021-08-13 23:30:33,042] {logging_mixin.py:104} INFO - [2021-08-13 23:30:33,042] {dag.py:2306} INFO - Setting next_dagrun for example_subdag_operator.section-1 to None
[2021-08-13 23:30:33,042] {logging_mixin.py:104} INFO - [2021-08-13 23:30:33,042] {dag.py:2306} INFO - Setting next_dagrun for example_subdag_operator.section-2 to None
[2021-08-13 23:30:33,061] {logging_mixin.py:104} INFO - [2021-08-13 23:30:33,061] {dag.py:1833} INFO - Sync 2 DAGs
[2021-08-13 23:30:33,093] {logging_mixin.py:104} INFO - [2021-08-13 23:30:33,093] {dag.py:2306} INFO - Setting next_dagrun for example_subdag_operator.section-1 to None
[2021-08-13 23:30:33,094] {logging_mixin.py:104} INFO - [2021-08-13 23:30:33,093] {dag.py:2306} INFO - Setting next_dagrun for example_subdag_operator.section-2 to None
[2021-08-13 23:30:33,109] {scheduler_job.py:189} INFO - Processing /home/airflow/.local/lib/python3.6/site-packages/airflow/example_dags/example_subdag_operator.py took 0.292 seconds
[2021-08-13 23:31:03,732] {scheduler_job.py:181} INFO - Started process (PID=146) to work on /home/airflow/.local/lib/python3.6/site-packages/airflow/example_dags/example_subdag_operator.py
[2021-08-13 23:31:03,733] {scheduler_job.py:632} INFO - Processing file /home/airflow/.local/lib/python3.6/site-packages/airflow/example_dags/example_subdag_operator.py for tasks to queue
[2021-08-13 23:31:03,734] {logging_mixin.py:104} INFO - [2021-08-13 23:31:03,734] {dagbag.py:496} INFO - Filling up the DagBag from /home/airflow/.local/lib/python3.6/site-packages/airflow/example_dags/example_subdag_operator.py
[2021-08-13 23:31:03,780] {scheduler_job.py:642} INFO - DAG(s) dict_keys(['example_subdag_operator.section-1', 'example_subdag_operator.section-2', 'example_subdag_operator']) retrieved from /home/airflow/.local/lib/python3.6/site-packages/airflow/example_dags/example_subdag_operator.py
[2021-08-13 23:31:03,794] {logging_mixin.py:104} INFO - [2021-08-13 23:31:03,794] {dag.py:1833} INFO - Sync 3 DAGs
[2021-08-13 23:31:03,814] {logging_mixin.py:104} INFO - [2021-08-13 23:31:03,813] {dag.py:2306} INFO - Setting next_dagrun for example_subdag_operator to 2021-08-11 00:00:00+00:00
[2021-08-13 23:31:03,814] {logging_mixin.py:104} INFO - [2021-08-13 23:31:03,814] {dag.py:2306} INFO - Setting next_dagrun for example_subdag_operator.section-1 to None
[2021-08-13 23:31:03,815] {logging_mixin.py:104} INFO - [2021-08-13 23:31:03,815] {dag.py:2306} INFO - Setting next_dagrun for example_subdag_operator.section-2 to None
[2021-08-13 23:31:03,824] {logging_mixin.py:104} INFO - [2021-08-13 23:31:03,824] {dag.py:1833} INFO - Sync 2 DAGs
[2021-08-13 23:31:03,833] {logging_mixin.py:104} INFO - [2021-08-13 23:31:03,833] {dag.py:2306} INFO - Setting next_dagrun for example_subdag_operator.section-1 to None
[2021-08-13 23:31:03,833] {logging_mixin.py:104} INFO - [2021-08-13 23:31:03,833] {dag.py:2306} INFO - Setting next_dagrun for example_subdag_operator.section-2 to None
[2021-08-13 23:31:03,841] {scheduler_job.py:189} INFO - Processing /home/airflow/.local/lib/python3.6/site-packages/airflow/example_dags/example_subdag_operator.py took 0.113 seconds
[2021-08-13 23:31:34,390] {scheduler_job.py:181} INFO - Started process (PID=214) to work on /home/airflow/.local/lib/python3.6/site-packages/airflow/example_dags/example_subdag_operator.py
[2021-08-13 23:31:34,391] {scheduler_job.py:632} INFO - Processing file /home/airflow/.local/lib/python3.6/site-packages/airflow/example_dags/example_subdag_operator.py for tasks to queue
[2021-08-13 23:31:34,402] {logging_mixin.py:104} INFO - [2021-08-13 23:31:34,392] {dagbag.py:496} INFO - Filling up the DagBag from /home/airflow/.local/lib/python3.6/site-packages/airflow/example_dags/example_subdag_operator.py
[2021-08-13 23:31:34,499] {scheduler_job.py:642} INFO - DAG(s) dict_keys(['example_subdag_operator.section-1', 'example_subdag_operator.section-2', 'example_subdag_operator']) retrieved from /home/airflow/.local/lib/python3.6/site-packages/airflow/example_dags/example_subdag_operator.py
[2021-08-13 23:31:34,542] {logging_mixin.py:104} INFO - [2021-08-13 23:31:34,542] {dag.py:1833} INFO - Sync 3 DAGs
[2021-08-13 23:31:34,610] {logging_mixin.py:104} INFO - [2021-08-13 23:31:34,610] {dag.py:2306} INFO - Setting next_dagrun for example_subdag_operator to 2021-08-11 00:00:00+00:00
[2021-08-13 23:31:34,612] {logging_mixin.py:104} INFO - [2021-08-13 23:31:34,611] {dag.py:2306} INFO - Setting next_dagrun for example_subdag_operator.section-1 to None
[2021-08-13 23:31:34,612] {logging_mixin.py:104} INFO - [2021-08-13 23:31:34,612] {dag.py:2306} INFO - Setting next_dagrun for example_subdag_operator.section-2 to None
[2021-08-13 23:31:34,653] {logging_mixin.py:104} INFO - [2021-08-13 23:31:34,653] {dag.py:1833} INFO - Sync 2 DAGs
[2021-08-13 23:31:34,672] {logging_mixin.py:104} INFO - [2021-08-13 23:31:34,672] {dag.py:2306} INFO - Setting next_dagrun for example_subdag_operator.section-1 to None
[2021-08-13 23:31:34,672] {logging_mixin.py:104} INFO - [2021-08-13 23:31:34,672] {dag.py:2306} INFO - Setting next_dagrun for example_subdag_operator.section-2 to None
[2021-08-13 23:31:34,697] {scheduler_job.py:189} INFO - Processing /home/airflow/.local/lib/python3.6/site-packages/airflow/example_dags/example_subdag_operator.py took 0.325 seconds
[2021-08-13 23:32:04,795] {scheduler_job.py:181} INFO - Started process (PID=270) to work on /home/airflow/.local/lib/python3.6/site-packages/airflow/example_dags/example_subdag_operator.py
[2021-08-13 23:32:04,796] {scheduler_job.py:632} INFO - Processing file /home/airflow/.local/lib/python3.6/site-packages/airflow/example_dags/example_subdag_operator.py for tasks to queue
[2021-08-13 23:32:04,797] {logging_mixin.py:104} INFO - [2021-08-13 23:32:04,796] {dagbag.py:496} INFO - Filling up the DagBag from /home/airflow/.local/lib/python3.6/site-packages/airflow/example_dags/example_subdag_operator.py
[2021-08-13 23:32:04,839] {scheduler_job.py:642} INFO - DAG(s) dict_keys(['example_subdag_operator.section-1', 'example_subdag_operator.section-2', 'example_subdag_operator']) retrieved from /home/airflow/.local/lib/python3.6/site-packages/airflow/example_dags/example_subdag_operator.py
[2021-08-13 23:32:04,859] {logging_mixin.py:104} INFO - [2021-08-13 23:32:04,859] {dag.py:1833} INFO - Sync 3 DAGs
[2021-08-13 23:32:04,890] {logging_mixin.py:104} INFO - [2021-08-13 23:32:04,890] {dag.py:2306} INFO - Setting next_dagrun for example_subdag_operator to 2021-08-11 00:00:00+00:00
[2021-08-13 23:32:04,891] {logging_mixin.py:104} INFO - [2021-08-13 23:32:04,891] {dag.py:2306} INFO - Setting next_dagrun for example_subdag_operator.section-1 to None
[2021-08-13 23:32:04,892] {logging_mixin.py:104} INFO - [2021-08-13 23:32:04,891] {dag.py:2306} INFO - Setting next_dagrun for example_subdag_operator.section-2 to None
[2021-08-13 23:32:04,934] {logging_mixin.py:104} INFO - [2021-08-13 23:32:04,934] {dag.py:1833} INFO - Sync 2 DAGs
[2021-08-13 23:32:04,952] {logging_mixin.py:104} INFO - [2021-08-13 23:32:04,952] {dag.py:2306} INFO - Setting next_dagrun for example_subdag_operator.section-1 to None
[2021-08-13 23:32:04,953] {logging_mixin.py:104} INFO - [2021-08-13 23:32:04,953] {dag.py:2306} INFO - Setting next_dagrun for example_subdag_operator.section-2 to None
[2021-08-13 23:32:04,976] {scheduler_job.py:189} INFO - Processing /home/airflow/.local/lib/python3.6/site-packages/airflow/example_dags/example_subdag_operator.py took 0.185 seconds
[2021-08-13 23:32:35,928] {scheduler_job.py:181} INFO - Started process (PID=323) to work on /home/airflow/.local/lib/python3.6/site-packages/airflow/example_dags/example_subdag_operator.py
[2021-08-13 23:32:35,938] {scheduler_job.py:632} INFO - Processing file /home/airflow/.local/lib/python3.6/site-packages/airflow/example_dags/example_subdag_operator.py for tasks to queue
[2021-08-13 23:32:35,938] {logging_mixin.py:104} INFO - [2021-08-13 23:32:35,938] {dagbag.py:496} INFO - Filling up the DagBag from /home/airflow/.local/lib/python3.6/site-packages/airflow/example_dags/example_subdag_operator.py
[2021-08-13 23:32:35,980] {scheduler_job.py:642} INFO - DAG(s) dict_keys(['example_subdag_operator.section-1', 'example_subdag_operator.section-2', 'example_subdag_operator']) retrieved from /home/airflow/.local/lib/python3.6/site-packages/airflow/example_dags/example_subdag_operator.py
[2021-08-13 23:32:35,998] {logging_mixin.py:104} INFO - [2021-08-13 23:32:35,998] {dag.py:1833} INFO - Sync 3 DAGs
[2021-08-13 23:32:36,027] {logging_mixin.py:104} INFO - [2021-08-13 23:32:36,027] {dag.py:2306} INFO - Setting next_dagrun for example_subdag_operator to 2021-08-11 00:00:00+00:00
[2021-08-13 23:32:36,029] {logging_mixin.py:104} INFO - [2021-08-13 23:32:36,029] {dag.py:2306} INFO - Setting next_dagrun for example_subdag_operator.section-1 to None
[2021-08-13 23:32:36,029] {logging_mixin.py:104} INFO - [2021-08-13 23:32:36,029] {dag.py:2306} INFO - Setting next_dagrun for example_subdag_operator.section-2 to None
[2021-08-13 23:32:36,041] {logging_mixin.py:104} INFO - [2021-08-13 23:32:36,041] {dag.py:1833} INFO - Sync 2 DAGs
[2021-08-13 23:32:36,053] {logging_mixin.py:104} INFO - [2021-08-13 23:32:36,053] {dag.py:2306} INFO - Setting next_dagrun for example_subdag_operator.section-1 to None
[2021-08-13 23:32:36,054] {logging_mixin.py:104} INFO - [2021-08-13 23:32:36,054] {dag.py:2306} INFO - Setting next_dagrun for example_subdag_operator.section-2 to None
[2021-08-13 23:32:36,069] {scheduler_job.py:189} INFO - Processing /home/airflow/.local/lib/python3.6/site-packages/airflow/example_dags/example_subdag_operator.py took 0.145 seconds
