[2021-08-13 22:59:56,310] {scheduler_job.py:181} INFO - Started process (PID=223) to work on /home/airflow/.local/lib/python3.6/site-packages/airflow/example_dags/example_skip_dag.py
[2021-08-13 22:59:56,311] {scheduler_job.py:632} INFO - Processing file /home/airflow/.local/lib/python3.6/site-packages/airflow/example_dags/example_skip_dag.py for tasks to queue
[2021-08-13 22:59:56,312] {logging_mixin.py:104} INFO - [2021-08-13 22:59:56,312] {dagbag.py:496} INFO - Filling up the DagBag from /home/airflow/.local/lib/python3.6/site-packages/airflow/example_dags/example_skip_dag.py
[2021-08-13 22:59:56,331] {scheduler_job.py:642} INFO - DAG(s) dict_keys(['example_skip_dag']) retrieved from /home/airflow/.local/lib/python3.6/site-packages/airflow/example_dags/example_skip_dag.py
[2021-08-13 23:00:00,526] {logging_mixin.py:104} INFO - [2021-08-13 23:00:00,525] {dag.py:1833} INFO - Sync 1 DAGs
[2021-08-13 23:00:00,640] {logging_mixin.py:104} INFO - [2021-08-13 23:00:00,635] {dag.py:1852} INFO - Creating ORM DAG for example_skip_dag
[2021-08-13 23:00:00,669] {logging_mixin.py:104} INFO - [2021-08-13 23:00:00,669] {dag.py:2306} INFO - Setting next_dagrun for example_skip_dag to 2021-08-11 00:00:00+00:00
[2021-08-13 23:00:00,701] {scheduler_job.py:189} INFO - Processing /home/airflow/.local/lib/python3.6/site-packages/airflow/example_dags/example_skip_dag.py took 4.398 seconds
[2021-08-13 23:00:31,526] {scheduler_job.py:181} INFO - Started process (PID=300) to work on /home/airflow/.local/lib/python3.6/site-packages/airflow/example_dags/example_skip_dag.py
[2021-08-13 23:00:31,538] {scheduler_job.py:632} INFO - Processing file /home/airflow/.local/lib/python3.6/site-packages/airflow/example_dags/example_skip_dag.py for tasks to queue
[2021-08-13 23:00:31,539] {logging_mixin.py:104} INFO - [2021-08-13 23:00:31,539] {dagbag.py:496} INFO - Filling up the DagBag from /home/airflow/.local/lib/python3.6/site-packages/airflow/example_dags/example_skip_dag.py
[2021-08-13 23:00:31,559] {scheduler_job.py:642} INFO - DAG(s) dict_keys(['example_skip_dag']) retrieved from /home/airflow/.local/lib/python3.6/site-packages/airflow/example_dags/example_skip_dag.py
[2021-08-13 23:00:31,594] {logging_mixin.py:104} INFO - [2021-08-13 23:00:31,594] {dag.py:1833} INFO - Sync 1 DAGs
[2021-08-13 23:00:31,619] {logging_mixin.py:104} INFO - [2021-08-13 23:00:31,619] {dag.py:2306} INFO - Setting next_dagrun for example_skip_dag to 2021-08-11 00:00:00+00:00
[2021-08-13 23:00:31,646] {scheduler_job.py:189} INFO - Processing /home/airflow/.local/lib/python3.6/site-packages/airflow/example_dags/example_skip_dag.py took 0.128 seconds
[2021-08-13 23:01:02,180] {scheduler_job.py:181} INFO - Started process (PID=351) to work on /home/airflow/.local/lib/python3.6/site-packages/airflow/example_dags/example_skip_dag.py
[2021-08-13 23:01:02,183] {scheduler_job.py:632} INFO - Processing file /home/airflow/.local/lib/python3.6/site-packages/airflow/example_dags/example_skip_dag.py for tasks to queue
[2021-08-13 23:01:02,184] {logging_mixin.py:104} INFO - [2021-08-13 23:01:02,183] {dagbag.py:496} INFO - Filling up the DagBag from /home/airflow/.local/lib/python3.6/site-packages/airflow/example_dags/example_skip_dag.py
[2021-08-13 23:01:02,198] {scheduler_job.py:642} INFO - DAG(s) dict_keys(['example_skip_dag']) retrieved from /home/airflow/.local/lib/python3.6/site-packages/airflow/example_dags/example_skip_dag.py
[2021-08-13 23:01:02,224] {logging_mixin.py:104} INFO - [2021-08-13 23:01:02,223] {dag.py:1833} INFO - Sync 1 DAGs
[2021-08-13 23:01:02,242] {logging_mixin.py:104} INFO - [2021-08-13 23:01:02,241] {dag.py:2306} INFO - Setting next_dagrun for example_skip_dag to 2021-08-11 00:00:00+00:00
[2021-08-13 23:01:02,252] {scheduler_job.py:189} INFO - Processing /home/airflow/.local/lib/python3.6/site-packages/airflow/example_dags/example_skip_dag.py took 0.075 seconds
[2021-08-13 23:01:32,594] {scheduler_job.py:181} INFO - Started process (PID=402) to work on /home/airflow/.local/lib/python3.6/site-packages/airflow/example_dags/example_skip_dag.py
[2021-08-13 23:01:32,596] {scheduler_job.py:632} INFO - Processing file /home/airflow/.local/lib/python3.6/site-packages/airflow/example_dags/example_skip_dag.py for tasks to queue
[2021-08-13 23:01:32,596] {logging_mixin.py:104} INFO - [2021-08-13 23:01:32,596] {dagbag.py:496} INFO - Filling up the DagBag from /home/airflow/.local/lib/python3.6/site-packages/airflow/example_dags/example_skip_dag.py
[2021-08-13 23:01:32,611] {scheduler_job.py:642} INFO - DAG(s) dict_keys(['example_skip_dag']) retrieved from /home/airflow/.local/lib/python3.6/site-packages/airflow/example_dags/example_skip_dag.py
[2021-08-13 23:01:32,642] {logging_mixin.py:104} INFO - [2021-08-13 23:01:32,642] {dag.py:1833} INFO - Sync 1 DAGs
[2021-08-13 23:01:32,664] {logging_mixin.py:104} INFO - [2021-08-13 23:01:32,664] {dag.py:2306} INFO - Setting next_dagrun for example_skip_dag to 2021-08-11 00:00:00+00:00
[2021-08-13 23:01:32,675] {scheduler_job.py:189} INFO - Processing /home/airflow/.local/lib/python3.6/site-packages/airflow/example_dags/example_skip_dag.py took 0.084 seconds
[2021-08-13 23:02:03,311] {scheduler_job.py:181} INFO - Started process (PID=453) to work on /home/airflow/.local/lib/python3.6/site-packages/airflow/example_dags/example_skip_dag.py
[2021-08-13 23:02:03,314] {scheduler_job.py:632} INFO - Processing file /home/airflow/.local/lib/python3.6/site-packages/airflow/example_dags/example_skip_dag.py for tasks to queue
[2021-08-13 23:02:03,315] {logging_mixin.py:104} INFO - [2021-08-13 23:02:03,315] {dagbag.py:496} INFO - Filling up the DagBag from /home/airflow/.local/lib/python3.6/site-packages/airflow/example_dags/example_skip_dag.py
[2021-08-13 23:02:03,331] {scheduler_job.py:642} INFO - DAG(s) dict_keys(['example_skip_dag']) retrieved from /home/airflow/.local/lib/python3.6/site-packages/airflow/example_dags/example_skip_dag.py
[2021-08-13 23:02:03,363] {logging_mixin.py:104} INFO - [2021-08-13 23:02:03,363] {dag.py:1833} INFO - Sync 1 DAGs
[2021-08-13 23:02:03,389] {logging_mixin.py:104} INFO - [2021-08-13 23:02:03,389] {dag.py:2306} INFO - Setting next_dagrun for example_skip_dag to 2021-08-11 00:00:00+00:00
[2021-08-13 23:02:03,401] {scheduler_job.py:189} INFO - Processing /home/airflow/.local/lib/python3.6/site-packages/airflow/example_dags/example_skip_dag.py took 0.093 seconds
[2021-08-13 23:30:09,628] {scheduler_job.py:181} INFO - Started process (PID=63) to work on /home/airflow/.local/lib/python3.6/site-packages/airflow/example_dags/example_skip_dag.py
[2021-08-13 23:30:09,633] {scheduler_job.py:632} INFO - Processing file /home/airflow/.local/lib/python3.6/site-packages/airflow/example_dags/example_skip_dag.py for tasks to queue
[2021-08-13 23:30:09,634] {logging_mixin.py:104} INFO - [2021-08-13 23:30:09,634] {dagbag.py:496} INFO - Filling up the DagBag from /home/airflow/.local/lib/python3.6/site-packages/airflow/example_dags/example_skip_dag.py
[2021-08-13 23:30:09,726] {scheduler_job.py:642} INFO - DAG(s) dict_keys(['example_skip_dag']) retrieved from /home/airflow/.local/lib/python3.6/site-packages/airflow/example_dags/example_skip_dag.py
[2021-08-13 23:30:09,867] {logging_mixin.py:104} INFO - [2021-08-13 23:30:09,867] {dag.py:1833} INFO - Sync 1 DAGs
[2021-08-13 23:30:09,984] {logging_mixin.py:104} INFO - [2021-08-13 23:30:09,984] {dag.py:2306} INFO - Setting next_dagrun for example_skip_dag to 2021-08-11 00:00:00+00:00
[2021-08-13 23:30:10,033] {scheduler_job.py:189} INFO - Processing /home/airflow/.local/lib/python3.6/site-packages/airflow/example_dags/example_skip_dag.py took 0.413 seconds
[2021-08-13 23:30:40,858] {scheduler_job.py:181} INFO - Started process (PID=118) to work on /home/airflow/.local/lib/python3.6/site-packages/airflow/example_dags/example_skip_dag.py
[2021-08-13 23:30:40,859] {scheduler_job.py:632} INFO - Processing file /home/airflow/.local/lib/python3.6/site-packages/airflow/example_dags/example_skip_dag.py for tasks to queue
[2021-08-13 23:30:40,864] {logging_mixin.py:104} INFO - [2021-08-13 23:30:40,860] {dagbag.py:496} INFO - Filling up the DagBag from /home/airflow/.local/lib/python3.6/site-packages/airflow/example_dags/example_skip_dag.py
[2021-08-13 23:30:41,023] {scheduler_job.py:642} INFO - DAG(s) dict_keys(['example_skip_dag']) retrieved from /home/airflow/.local/lib/python3.6/site-packages/airflow/example_dags/example_skip_dag.py
[2021-08-13 23:30:41,170] {logging_mixin.py:104} INFO - [2021-08-13 23:30:41,170] {dag.py:1833} INFO - Sync 1 DAGs
[2021-08-13 23:30:41,230] {logging_mixin.py:104} INFO - [2021-08-13 23:30:41,230] {dag.py:2306} INFO - Setting next_dagrun for example_skip_dag to 2021-08-11 00:00:00+00:00
[2021-08-13 23:30:41,264] {scheduler_job.py:189} INFO - Processing /home/airflow/.local/lib/python3.6/site-packages/airflow/example_dags/example_skip_dag.py took 0.429 seconds
[2021-08-13 23:31:12,131] {scheduler_job.py:181} INFO - Started process (PID=170) to work on /home/airflow/.local/lib/python3.6/site-packages/airflow/example_dags/example_skip_dag.py
[2021-08-13 23:31:12,146] {scheduler_job.py:632} INFO - Processing file /home/airflow/.local/lib/python3.6/site-packages/airflow/example_dags/example_skip_dag.py for tasks to queue
[2021-08-13 23:31:12,147] {logging_mixin.py:104} INFO - [2021-08-13 23:31:12,147] {dagbag.py:496} INFO - Filling up the DagBag from /home/airflow/.local/lib/python3.6/site-packages/airflow/example_dags/example_skip_dag.py
[2021-08-13 23:31:12,181] {scheduler_job.py:642} INFO - DAG(s) dict_keys(['example_skip_dag']) retrieved from /home/airflow/.local/lib/python3.6/site-packages/airflow/example_dags/example_skip_dag.py
[2021-08-13 23:31:12,263] {logging_mixin.py:104} INFO - [2021-08-13 23:31:12,263] {dag.py:1833} INFO - Sync 1 DAGs
[2021-08-13 23:31:12,353] {logging_mixin.py:104} INFO - [2021-08-13 23:31:12,353] {dag.py:2306} INFO - Setting next_dagrun for example_skip_dag to 2021-08-11 00:00:00+00:00
[2021-08-13 23:31:12,382] {scheduler_job.py:189} INFO - Processing /home/airflow/.local/lib/python3.6/site-packages/airflow/example_dags/example_skip_dag.py took 0.254 seconds
[2021-08-13 23:31:44,192] {scheduler_job.py:181} INFO - Started process (PID=232) to work on /home/airflow/.local/lib/python3.6/site-packages/airflow/example_dags/example_skip_dag.py
[2021-08-13 23:31:44,194] {scheduler_job.py:632} INFO - Processing file /home/airflow/.local/lib/python3.6/site-packages/airflow/example_dags/example_skip_dag.py for tasks to queue
[2021-08-13 23:31:44,195] {logging_mixin.py:104} INFO - [2021-08-13 23:31:44,195] {dagbag.py:496} INFO - Filling up the DagBag from /home/airflow/.local/lib/python3.6/site-packages/airflow/example_dags/example_skip_dag.py
[2021-08-13 23:31:44,233] {scheduler_job.py:642} INFO - DAG(s) dict_keys(['example_skip_dag']) retrieved from /home/airflow/.local/lib/python3.6/site-packages/airflow/example_dags/example_skip_dag.py
[2021-08-13 23:31:44,279] {logging_mixin.py:104} INFO - [2021-08-13 23:31:44,279] {dag.py:1833} INFO - Sync 1 DAGs
[2021-08-13 23:31:44,336] {logging_mixin.py:104} INFO - [2021-08-13 23:31:44,336] {dag.py:2306} INFO - Setting next_dagrun for example_skip_dag to 2021-08-11 00:00:00+00:00
[2021-08-13 23:31:44,368] {scheduler_job.py:189} INFO - Processing /home/airflow/.local/lib/python3.6/site-packages/airflow/example_dags/example_skip_dag.py took 0.187 seconds
[2021-08-13 23:32:14,486] {scheduler_job.py:181} INFO - Started process (PID=294) to work on /home/airflow/.local/lib/python3.6/site-packages/airflow/example_dags/example_skip_dag.py
[2021-08-13 23:32:14,487] {scheduler_job.py:632} INFO - Processing file /home/airflow/.local/lib/python3.6/site-packages/airflow/example_dags/example_skip_dag.py for tasks to queue
[2021-08-13 23:32:14,488] {logging_mixin.py:104} INFO - [2021-08-13 23:32:14,488] {dagbag.py:496} INFO - Filling up the DagBag from /home/airflow/.local/lib/python3.6/site-packages/airflow/example_dags/example_skip_dag.py
[2021-08-13 23:32:14,511] {scheduler_job.py:642} INFO - DAG(s) dict_keys(['example_skip_dag']) retrieved from /home/airflow/.local/lib/python3.6/site-packages/airflow/example_dags/example_skip_dag.py
[2021-08-13 23:32:14,548] {logging_mixin.py:104} INFO - [2021-08-13 23:32:14,548] {dag.py:1833} INFO - Sync 1 DAGs
[2021-08-13 23:32:14,571] {logging_mixin.py:104} INFO - [2021-08-13 23:32:14,570] {dag.py:2306} INFO - Setting next_dagrun for example_skip_dag to 2021-08-11 00:00:00+00:00
[2021-08-13 23:32:14,589] {scheduler_job.py:189} INFO - Processing /home/airflow/.local/lib/python3.6/site-packages/airflow/example_dags/example_skip_dag.py took 0.119 seconds
[2021-08-13 23:32:44,722] {scheduler_job.py:181} INFO - Started process (PID=347) to work on /home/airflow/.local/lib/python3.6/site-packages/airflow/example_dags/example_skip_dag.py
[2021-08-13 23:32:44,733] {scheduler_job.py:632} INFO - Processing file /home/airflow/.local/lib/python3.6/site-packages/airflow/example_dags/example_skip_dag.py for tasks to queue
[2021-08-13 23:32:44,733] {logging_mixin.py:104} INFO - [2021-08-13 23:32:44,733] {dagbag.py:496} INFO - Filling up the DagBag from /home/airflow/.local/lib/python3.6/site-packages/airflow/example_dags/example_skip_dag.py
[2021-08-13 23:32:44,754] {scheduler_job.py:642} INFO - DAG(s) dict_keys(['example_skip_dag']) retrieved from /home/airflow/.local/lib/python3.6/site-packages/airflow/example_dags/example_skip_dag.py
[2021-08-13 23:32:44,809] {logging_mixin.py:104} INFO - [2021-08-13 23:32:44,807] {dag.py:1833} INFO - Sync 1 DAGs
[2021-08-13 23:32:44,866] {logging_mixin.py:104} INFO - [2021-08-13 23:32:44,866] {dag.py:2306} INFO - Setting next_dagrun for example_skip_dag to 2021-08-11 00:00:00+00:00
[2021-08-13 23:32:44,884] {scheduler_job.py:189} INFO - Processing /home/airflow/.local/lib/python3.6/site-packages/airflow/example_dags/example_skip_dag.py took 0.165 seconds
