[2021-08-13 23:00:00,175] {scheduler_job.py:181} INFO - Started process (PID=232) to work on /home/airflow/.local/lib/python3.6/site-packages/airflow/example_dags/example_trigger_controller_dag.py
[2021-08-13 23:00:00,176] {scheduler_job.py:632} INFO - Processing file /home/airflow/.local/lib/python3.6/site-packages/airflow/example_dags/example_trigger_controller_dag.py for tasks to queue
[2021-08-13 23:00:00,177] {logging_mixin.py:104} INFO - [2021-08-13 23:00:00,176] {dagbag.py:496} INFO - Filling up the DagBag from /home/airflow/.local/lib/python3.6/site-packages/airflow/example_dags/example_trigger_controller_dag.py
[2021-08-13 23:00:00,195] {scheduler_job.py:642} INFO - DAG(s) dict_keys(['example_trigger_controller_dag']) retrieved from /home/airflow/.local/lib/python3.6/site-packages/airflow/example_dags/example_trigger_controller_dag.py
[2021-08-13 23:00:07,254] {logging_mixin.py:104} INFO - [2021-08-13 23:00:07,252] {dag.py:1833} INFO - Sync 1 DAGs
[2021-08-13 23:00:07,308] {logging_mixin.py:104} INFO - [2021-08-13 23:00:07,306] {dag.py:1852} INFO - Creating ORM DAG for example_trigger_controller_dag
[2021-08-13 23:00:07,317] {logging_mixin.py:104} INFO - [2021-08-13 23:00:07,317] {dag.py:2306} INFO - Setting next_dagrun for example_trigger_controller_dag to 2021-08-11 00:00:00+00:00
[2021-08-13 23:00:07,341] {scheduler_job.py:189} INFO - Processing /home/airflow/.local/lib/python3.6/site-packages/airflow/example_dags/example_trigger_controller_dag.py took 7.170 seconds
[2021-08-13 23:00:37,553] {scheduler_job.py:181} INFO - Started process (PID=301) to work on /home/airflow/.local/lib/python3.6/site-packages/airflow/example_dags/example_trigger_controller_dag.py
[2021-08-13 23:00:37,557] {scheduler_job.py:632} INFO - Processing file /home/airflow/.local/lib/python3.6/site-packages/airflow/example_dags/example_trigger_controller_dag.py for tasks to queue
[2021-08-13 23:00:37,568] {logging_mixin.py:104} INFO - [2021-08-13 23:00:37,568] {dagbag.py:496} INFO - Filling up the DagBag from /home/airflow/.local/lib/python3.6/site-packages/airflow/example_dags/example_trigger_controller_dag.py
[2021-08-13 23:00:37,611] {scheduler_job.py:642} INFO - DAG(s) dict_keys(['example_trigger_controller_dag']) retrieved from /home/airflow/.local/lib/python3.6/site-packages/airflow/example_dags/example_trigger_controller_dag.py
[2021-08-13 23:00:37,669] {logging_mixin.py:104} INFO - [2021-08-13 23:00:37,668] {dag.py:1833} INFO - Sync 1 DAGs
[2021-08-13 23:00:37,697] {logging_mixin.py:104} INFO - [2021-08-13 23:00:37,696] {dag.py:2306} INFO - Setting next_dagrun for example_trigger_controller_dag to 2021-08-11 00:00:00+00:00
[2021-08-13 23:00:37,715] {scheduler_job.py:189} INFO - Processing /home/airflow/.local/lib/python3.6/site-packages/airflow/example_dags/example_trigger_controller_dag.py took 0.166 seconds
[2021-08-13 23:01:08,233] {scheduler_job.py:181} INFO - Started process (PID=352) to work on /home/airflow/.local/lib/python3.6/site-packages/airflow/example_dags/example_trigger_controller_dag.py
[2021-08-13 23:01:08,238] {scheduler_job.py:632} INFO - Processing file /home/airflow/.local/lib/python3.6/site-packages/airflow/example_dags/example_trigger_controller_dag.py for tasks to queue
[2021-08-13 23:01:08,239] {logging_mixin.py:104} INFO - [2021-08-13 23:01:08,239] {dagbag.py:496} INFO - Filling up the DagBag from /home/airflow/.local/lib/python3.6/site-packages/airflow/example_dags/example_trigger_controller_dag.py
[2021-08-13 23:01:08,274] {scheduler_job.py:642} INFO - DAG(s) dict_keys(['example_trigger_controller_dag']) retrieved from /home/airflow/.local/lib/python3.6/site-packages/airflow/example_dags/example_trigger_controller_dag.py
[2021-08-13 23:01:08,333] {logging_mixin.py:104} INFO - [2021-08-13 23:01:08,332] {dag.py:1833} INFO - Sync 1 DAGs
[2021-08-13 23:01:08,351] {logging_mixin.py:104} INFO - [2021-08-13 23:01:08,351] {dag.py:2306} INFO - Setting next_dagrun for example_trigger_controller_dag to 2021-08-11 00:00:00+00:00
[2021-08-13 23:01:08,363] {scheduler_job.py:189} INFO - Processing /home/airflow/.local/lib/python3.6/site-packages/airflow/example_dags/example_trigger_controller_dag.py took 0.143 seconds
[2021-08-13 23:01:38,676] {scheduler_job.py:181} INFO - Started process (PID=403) to work on /home/airflow/.local/lib/python3.6/site-packages/airflow/example_dags/example_trigger_controller_dag.py
[2021-08-13 23:01:38,683] {scheduler_job.py:632} INFO - Processing file /home/airflow/.local/lib/python3.6/site-packages/airflow/example_dags/example_trigger_controller_dag.py for tasks to queue
[2021-08-13 23:01:38,686] {logging_mixin.py:104} INFO - [2021-08-13 23:01:38,685] {dagbag.py:496} INFO - Filling up the DagBag from /home/airflow/.local/lib/python3.6/site-packages/airflow/example_dags/example_trigger_controller_dag.py
[2021-08-13 23:01:38,731] {scheduler_job.py:642} INFO - DAG(s) dict_keys(['example_trigger_controller_dag']) retrieved from /home/airflow/.local/lib/python3.6/site-packages/airflow/example_dags/example_trigger_controller_dag.py
[2021-08-13 23:01:38,788] {logging_mixin.py:104} INFO - [2021-08-13 23:01:38,788] {dag.py:1833} INFO - Sync 1 DAGs
[2021-08-13 23:01:38,816] {logging_mixin.py:104} INFO - [2021-08-13 23:01:38,816] {dag.py:2306} INFO - Setting next_dagrun for example_trigger_controller_dag to 2021-08-11 00:00:00+00:00
[2021-08-13 23:01:38,831] {scheduler_job.py:189} INFO - Processing /home/airflow/.local/lib/python3.6/site-packages/airflow/example_dags/example_trigger_controller_dag.py took 0.167 seconds
[2021-08-13 23:02:09,344] {scheduler_job.py:181} INFO - Started process (PID=470) to work on /home/airflow/.local/lib/python3.6/site-packages/airflow/example_dags/example_trigger_controller_dag.py
[2021-08-13 23:02:09,346] {scheduler_job.py:632} INFO - Processing file /home/airflow/.local/lib/python3.6/site-packages/airflow/example_dags/example_trigger_controller_dag.py for tasks to queue
[2021-08-13 23:02:09,346] {logging_mixin.py:104} INFO - [2021-08-13 23:02:09,346] {dagbag.py:496} INFO - Filling up the DagBag from /home/airflow/.local/lib/python3.6/site-packages/airflow/example_dags/example_trigger_controller_dag.py
[2021-08-13 23:02:09,367] {scheduler_job.py:642} INFO - DAG(s) dict_keys(['example_trigger_controller_dag']) retrieved from /home/airflow/.local/lib/python3.6/site-packages/airflow/example_dags/example_trigger_controller_dag.py
[2021-08-13 23:02:09,403] {logging_mixin.py:104} INFO - [2021-08-13 23:02:09,403] {dag.py:1833} INFO - Sync 1 DAGs
[2021-08-13 23:02:09,431] {logging_mixin.py:104} INFO - [2021-08-13 23:02:09,431] {dag.py:2306} INFO - Setting next_dagrun for example_trigger_controller_dag to 2021-08-11 00:00:00+00:00
[2021-08-13 23:02:09,462] {scheduler_job.py:189} INFO - Processing /home/airflow/.local/lib/python3.6/site-packages/airflow/example_dags/example_trigger_controller_dag.py took 0.124 seconds
[2021-08-13 23:30:10,092] {scheduler_job.py:181} INFO - Started process (PID=64) to work on /home/airflow/.local/lib/python3.6/site-packages/airflow/example_dags/example_trigger_controller_dag.py
[2021-08-13 23:30:10,093] {scheduler_job.py:632} INFO - Processing file /home/airflow/.local/lib/python3.6/site-packages/airflow/example_dags/example_trigger_controller_dag.py for tasks to queue
[2021-08-13 23:30:10,094] {logging_mixin.py:104} INFO - [2021-08-13 23:30:10,094] {dagbag.py:496} INFO - Filling up the DagBag from /home/airflow/.local/lib/python3.6/site-packages/airflow/example_dags/example_trigger_controller_dag.py
[2021-08-13 23:30:10,161] {scheduler_job.py:642} INFO - DAG(s) dict_keys(['example_trigger_controller_dag']) retrieved from /home/airflow/.local/lib/python3.6/site-packages/airflow/example_dags/example_trigger_controller_dag.py
[2021-08-13 23:30:10,221] {logging_mixin.py:104} INFO - [2021-08-13 23:30:10,221] {dag.py:1833} INFO - Sync 1 DAGs
[2021-08-13 23:30:10,284] {logging_mixin.py:104} INFO - [2021-08-13 23:30:10,284] {dag.py:2306} INFO - Setting next_dagrun for example_trigger_controller_dag to 2021-08-11 00:00:00+00:00
[2021-08-13 23:30:10,382] {scheduler_job.py:189} INFO - Processing /home/airflow/.local/lib/python3.6/site-packages/airflow/example_dags/example_trigger_controller_dag.py took 0.304 seconds
[2021-08-13 23:30:41,378] {scheduler_job.py:181} INFO - Started process (PID=119) to work on /home/airflow/.local/lib/python3.6/site-packages/airflow/example_dags/example_trigger_controller_dag.py
[2021-08-13 23:30:41,379] {scheduler_job.py:632} INFO - Processing file /home/airflow/.local/lib/python3.6/site-packages/airflow/example_dags/example_trigger_controller_dag.py for tasks to queue
[2021-08-13 23:30:41,379] {logging_mixin.py:104} INFO - [2021-08-13 23:30:41,379] {dagbag.py:496} INFO - Filling up the DagBag from /home/airflow/.local/lib/python3.6/site-packages/airflow/example_dags/example_trigger_controller_dag.py
[2021-08-13 23:30:41,400] {scheduler_job.py:642} INFO - DAG(s) dict_keys(['example_trigger_controller_dag']) retrieved from /home/airflow/.local/lib/python3.6/site-packages/airflow/example_dags/example_trigger_controller_dag.py
[2021-08-13 23:30:41,429] {logging_mixin.py:104} INFO - [2021-08-13 23:30:41,429] {dag.py:1833} INFO - Sync 1 DAGs
[2021-08-13 23:30:41,525] {logging_mixin.py:104} INFO - [2021-08-13 23:30:41,523] {dag.py:2306} INFO - Setting next_dagrun for example_trigger_controller_dag to 2021-08-11 00:00:00+00:00
[2021-08-13 23:30:41,570] {scheduler_job.py:189} INFO - Processing /home/airflow/.local/lib/python3.6/site-packages/airflow/example_dags/example_trigger_controller_dag.py took 0.255 seconds
[2021-08-13 23:31:12,406] {scheduler_job.py:181} INFO - Started process (PID=171) to work on /home/airflow/.local/lib/python3.6/site-packages/airflow/example_dags/example_trigger_controller_dag.py
[2021-08-13 23:31:12,407] {scheduler_job.py:632} INFO - Processing file /home/airflow/.local/lib/python3.6/site-packages/airflow/example_dags/example_trigger_controller_dag.py for tasks to queue
[2021-08-13 23:31:12,408] {logging_mixin.py:104} INFO - [2021-08-13 23:31:12,408] {dagbag.py:496} INFO - Filling up the DagBag from /home/airflow/.local/lib/python3.6/site-packages/airflow/example_dags/example_trigger_controller_dag.py
[2021-08-13 23:31:12,454] {scheduler_job.py:642} INFO - DAG(s) dict_keys(['example_trigger_controller_dag']) retrieved from /home/airflow/.local/lib/python3.6/site-packages/airflow/example_dags/example_trigger_controller_dag.py
[2021-08-13 23:31:12,531] {logging_mixin.py:104} INFO - [2021-08-13 23:31:12,531] {dag.py:1833} INFO - Sync 1 DAGs
[2021-08-13 23:31:12,585] {logging_mixin.py:104} INFO - [2021-08-13 23:31:12,585] {dag.py:2306} INFO - Setting next_dagrun for example_trigger_controller_dag to 2021-08-11 00:00:00+00:00
[2021-08-13 23:31:12,627] {scheduler_job.py:189} INFO - Processing /home/airflow/.local/lib/python3.6/site-packages/airflow/example_dags/example_trigger_controller_dag.py took 0.225 seconds
[2021-08-13 23:31:44,425] {scheduler_job.py:181} INFO - Started process (PID=233) to work on /home/airflow/.local/lib/python3.6/site-packages/airflow/example_dags/example_trigger_controller_dag.py
[2021-08-13 23:31:44,427] {scheduler_job.py:632} INFO - Processing file /home/airflow/.local/lib/python3.6/site-packages/airflow/example_dags/example_trigger_controller_dag.py for tasks to queue
[2021-08-13 23:31:44,428] {logging_mixin.py:104} INFO - [2021-08-13 23:31:44,428] {dagbag.py:496} INFO - Filling up the DagBag from /home/airflow/.local/lib/python3.6/site-packages/airflow/example_dags/example_trigger_controller_dag.py
[2021-08-13 23:31:44,459] {scheduler_job.py:642} INFO - DAG(s) dict_keys(['example_trigger_controller_dag']) retrieved from /home/airflow/.local/lib/python3.6/site-packages/airflow/example_dags/example_trigger_controller_dag.py
[2021-08-13 23:31:44,523] {logging_mixin.py:104} INFO - [2021-08-13 23:31:44,523] {dag.py:1833} INFO - Sync 1 DAGs
[2021-08-13 23:31:44,558] {logging_mixin.py:104} INFO - [2021-08-13 23:31:44,558] {dag.py:2306} INFO - Setting next_dagrun for example_trigger_controller_dag to 2021-08-11 00:00:00+00:00
[2021-08-13 23:31:44,585] {scheduler_job.py:189} INFO - Processing /home/airflow/.local/lib/python3.6/site-packages/airflow/example_dags/example_trigger_controller_dag.py took 0.170 seconds
[2021-08-13 23:32:14,650] {scheduler_job.py:181} INFO - Started process (PID=295) to work on /home/airflow/.local/lib/python3.6/site-packages/airflow/example_dags/example_trigger_controller_dag.py
[2021-08-13 23:32:14,652] {scheduler_job.py:632} INFO - Processing file /home/airflow/.local/lib/python3.6/site-packages/airflow/example_dags/example_trigger_controller_dag.py for tasks to queue
[2021-08-13 23:32:14,653] {logging_mixin.py:104} INFO - [2021-08-13 23:32:14,653] {dagbag.py:496} INFO - Filling up the DagBag from /home/airflow/.local/lib/python3.6/site-packages/airflow/example_dags/example_trigger_controller_dag.py
[2021-08-13 23:32:14,729] {scheduler_job.py:642} INFO - DAG(s) dict_keys(['example_trigger_controller_dag']) retrieved from /home/airflow/.local/lib/python3.6/site-packages/airflow/example_dags/example_trigger_controller_dag.py
[2021-08-13 23:32:14,765] {logging_mixin.py:104} INFO - [2021-08-13 23:32:14,765] {dag.py:1833} INFO - Sync 1 DAGs
[2021-08-13 23:32:14,786] {logging_mixin.py:104} INFO - [2021-08-13 23:32:14,786] {dag.py:2306} INFO - Setting next_dagrun for example_trigger_controller_dag to 2021-08-11 00:00:00+00:00
[2021-08-13 23:32:14,804] {scheduler_job.py:189} INFO - Processing /home/airflow/.local/lib/python3.6/site-packages/airflow/example_dags/example_trigger_controller_dag.py took 0.176 seconds
[2021-08-13 23:32:44,929] {scheduler_job.py:181} INFO - Started process (PID=348) to work on /home/airflow/.local/lib/python3.6/site-packages/airflow/example_dags/example_trigger_controller_dag.py
[2021-08-13 23:32:44,939] {scheduler_job.py:632} INFO - Processing file /home/airflow/.local/lib/python3.6/site-packages/airflow/example_dags/example_trigger_controller_dag.py for tasks to queue
[2021-08-13 23:32:44,940] {logging_mixin.py:104} INFO - [2021-08-13 23:32:44,940] {dagbag.py:496} INFO - Filling up the DagBag from /home/airflow/.local/lib/python3.6/site-packages/airflow/example_dags/example_trigger_controller_dag.py
[2021-08-13 23:32:44,955] {scheduler_job.py:642} INFO - DAG(s) dict_keys(['example_trigger_controller_dag']) retrieved from /home/airflow/.local/lib/python3.6/site-packages/airflow/example_dags/example_trigger_controller_dag.py
[2021-08-13 23:32:45,009] {logging_mixin.py:104} INFO - [2021-08-13 23:32:45,009] {dag.py:1833} INFO - Sync 1 DAGs
[2021-08-13 23:32:45,041] {logging_mixin.py:104} INFO - [2021-08-13 23:32:45,041] {dag.py:2306} INFO - Setting next_dagrun for example_trigger_controller_dag to 2021-08-11 00:00:00+00:00
[2021-08-13 23:32:45,053] {scheduler_job.py:189} INFO - Processing /home/airflow/.local/lib/python3.6/site-packages/airflow/example_dags/example_trigger_controller_dag.py took 0.137 seconds
