[2021-08-13 22:58:21,812] {scheduler_job.py:181} INFO - Started process (PID=36) to work on /home/airflow/.local/lib/python3.6/site-packages/airflow/example_dags/example_bash_operator.py
[2021-08-13 22:58:21,813] {scheduler_job.py:632} INFO - Processing file /home/airflow/.local/lib/python3.6/site-packages/airflow/example_dags/example_bash_operator.py for tasks to queue
[2021-08-13 22:58:21,817] {logging_mixin.py:104} INFO - [2021-08-13 22:58:21,817] {dagbag.py:496} INFO - Filling up the DagBag from /home/airflow/.local/lib/python3.6/site-packages/airflow/example_dags/example_bash_operator.py
[2021-08-13 22:58:21,899] {scheduler_job.py:642} INFO - DAG(s) dict_keys(['example_bash_operator']) retrieved from /home/airflow/.local/lib/python3.6/site-packages/airflow/example_dags/example_bash_operator.py
[2021-08-13 22:58:32,671] {logging_mixin.py:104} INFO - [2021-08-13 22:58:32,669] {dag.py:1833} INFO - Sync 1 DAGs
[2021-08-13 22:58:32,693] {logging_mixin.py:104} INFO - [2021-08-13 22:58:32,692] {dag.py:1852} INFO - Creating ORM DAG for example_bash_operator
[2021-08-13 22:58:32,720] {logging_mixin.py:104} INFO - [2021-08-13 22:58:32,720] {dag.py:2306} INFO - Setting next_dagrun for example_bash_operator to 2021-08-11 00:00:00+00:00
[2021-08-13 22:58:32,738] {scheduler_job.py:189} INFO - Processing /home/airflow/.local/lib/python3.6/site-packages/airflow/example_dags/example_bash_operator.py took 10.935 seconds
[2021-08-13 23:00:07,545] {scheduler_job.py:181} INFO - Started process (PID=253) to work on /home/airflow/.local/lib/python3.6/site-packages/airflow/example_dags/example_bash_operator.py
[2021-08-13 23:00:07,564] {scheduler_job.py:632} INFO - Processing file /home/airflow/.local/lib/python3.6/site-packages/airflow/example_dags/example_bash_operator.py for tasks to queue
[2021-08-13 23:00:07,568] {logging_mixin.py:104} INFO - [2021-08-13 23:00:07,568] {dagbag.py:496} INFO - Filling up the DagBag from /home/airflow/.local/lib/python3.6/site-packages/airflow/example_dags/example_bash_operator.py
[2021-08-13 23:00:07,637] {scheduler_job.py:642} INFO - DAG(s) dict_keys(['example_bash_operator']) retrieved from /home/airflow/.local/lib/python3.6/site-packages/airflow/example_dags/example_bash_operator.py
[2021-08-13 23:00:07,703] {logging_mixin.py:104} INFO - [2021-08-13 23:00:07,703] {dag.py:1833} INFO - Sync 1 DAGs
[2021-08-13 23:00:07,750] {logging_mixin.py:104} INFO - [2021-08-13 23:00:07,749] {dag.py:2306} INFO - Setting next_dagrun for example_bash_operator to 2021-08-11 00:00:00+00:00
[2021-08-13 23:00:07,781] {scheduler_job.py:189} INFO - Processing /home/airflow/.local/lib/python3.6/site-packages/airflow/example_dags/example_bash_operator.py took 0.240 seconds
[2021-08-13 23:00:38,676] {scheduler_job.py:181} INFO - Started process (PID=303) to work on /home/airflow/.local/lib/python3.6/site-packages/airflow/example_dags/example_bash_operator.py
[2021-08-13 23:00:38,678] {scheduler_job.py:632} INFO - Processing file /home/airflow/.local/lib/python3.6/site-packages/airflow/example_dags/example_bash_operator.py for tasks to queue
[2021-08-13 23:00:38,679] {logging_mixin.py:104} INFO - [2021-08-13 23:00:38,678] {dagbag.py:496} INFO - Filling up the DagBag from /home/airflow/.local/lib/python3.6/site-packages/airflow/example_dags/example_bash_operator.py
[2021-08-13 23:00:38,701] {scheduler_job.py:642} INFO - DAG(s) dict_keys(['example_bash_operator']) retrieved from /home/airflow/.local/lib/python3.6/site-packages/airflow/example_dags/example_bash_operator.py
[2021-08-13 23:00:38,725] {logging_mixin.py:104} INFO - [2021-08-13 23:00:38,725] {dag.py:1833} INFO - Sync 1 DAGs
[2021-08-13 23:00:38,749] {logging_mixin.py:104} INFO - [2021-08-13 23:00:38,749] {dag.py:2306} INFO - Setting next_dagrun for example_bash_operator to 2021-08-11 00:00:00+00:00
[2021-08-13 23:00:38,764] {scheduler_job.py:189} INFO - Processing /home/airflow/.local/lib/python3.6/site-packages/airflow/example_dags/example_bash_operator.py took 0.097 seconds
[2021-08-13 23:01:09,322] {scheduler_job.py:181} INFO - Started process (PID=354) to work on /home/airflow/.local/lib/python3.6/site-packages/airflow/example_dags/example_bash_operator.py
[2021-08-13 23:01:09,327] {scheduler_job.py:632} INFO - Processing file /home/airflow/.local/lib/python3.6/site-packages/airflow/example_dags/example_bash_operator.py for tasks to queue
[2021-08-13 23:01:09,328] {logging_mixin.py:104} INFO - [2021-08-13 23:01:09,328] {dagbag.py:496} INFO - Filling up the DagBag from /home/airflow/.local/lib/python3.6/site-packages/airflow/example_dags/example_bash_operator.py
[2021-08-13 23:01:09,358] {scheduler_job.py:642} INFO - DAG(s) dict_keys(['example_bash_operator']) retrieved from /home/airflow/.local/lib/python3.6/site-packages/airflow/example_dags/example_bash_operator.py
[2021-08-13 23:01:09,404] {logging_mixin.py:104} INFO - [2021-08-13 23:01:09,404] {dag.py:1833} INFO - Sync 1 DAGs
[2021-08-13 23:01:09,456] {logging_mixin.py:104} INFO - [2021-08-13 23:01:09,455] {dag.py:2306} INFO - Setting next_dagrun for example_bash_operator to 2021-08-11 00:00:00+00:00
[2021-08-13 23:01:09,498] {scheduler_job.py:189} INFO - Processing /home/airflow/.local/lib/python3.6/site-packages/airflow/example_dags/example_bash_operator.py took 0.180 seconds
[2021-08-13 23:01:39,865] {scheduler_job.py:181} INFO - Started process (PID=405) to work on /home/airflow/.local/lib/python3.6/site-packages/airflow/example_dags/example_bash_operator.py
[2021-08-13 23:01:39,869] {scheduler_job.py:632} INFO - Processing file /home/airflow/.local/lib/python3.6/site-packages/airflow/example_dags/example_bash_operator.py for tasks to queue
[2021-08-13 23:01:39,872] {logging_mixin.py:104} INFO - [2021-08-13 23:01:39,871] {dagbag.py:496} INFO - Filling up the DagBag from /home/airflow/.local/lib/python3.6/site-packages/airflow/example_dags/example_bash_operator.py
[2021-08-13 23:01:39,940] {scheduler_job.py:642} INFO - DAG(s) dict_keys(['example_bash_operator']) retrieved from /home/airflow/.local/lib/python3.6/site-packages/airflow/example_dags/example_bash_operator.py
[2021-08-13 23:01:39,987] {logging_mixin.py:104} INFO - [2021-08-13 23:01:39,987] {dag.py:1833} INFO - Sync 1 DAGs
[2021-08-13 23:01:40,013] {logging_mixin.py:104} INFO - [2021-08-13 23:01:40,013] {dag.py:2306} INFO - Setting next_dagrun for example_bash_operator to 2021-08-11 00:00:00+00:00
[2021-08-13 23:01:40,036] {scheduler_job.py:189} INFO - Processing /home/airflow/.local/lib/python3.6/site-packages/airflow/example_dags/example_bash_operator.py took 0.190 seconds
[2021-08-13 23:02:10,419] {scheduler_job.py:181} INFO - Started process (PID=472) to work on /home/airflow/.local/lib/python3.6/site-packages/airflow/example_dags/example_bash_operator.py
[2021-08-13 23:02:10,420] {scheduler_job.py:632} INFO - Processing file /home/airflow/.local/lib/python3.6/site-packages/airflow/example_dags/example_bash_operator.py for tasks to queue
[2021-08-13 23:02:10,421] {logging_mixin.py:104} INFO - [2021-08-13 23:02:10,421] {dagbag.py:496} INFO - Filling up the DagBag from /home/airflow/.local/lib/python3.6/site-packages/airflow/example_dags/example_bash_operator.py
[2021-08-13 23:02:10,446] {scheduler_job.py:642} INFO - DAG(s) dict_keys(['example_bash_operator']) retrieved from /home/airflow/.local/lib/python3.6/site-packages/airflow/example_dags/example_bash_operator.py
[2021-08-13 23:02:10,510] {logging_mixin.py:104} INFO - [2021-08-13 23:02:10,510] {dag.py:1833} INFO - Sync 1 DAGs
[2021-08-13 23:02:10,559] {logging_mixin.py:104} INFO - [2021-08-13 23:02:10,558] {dag.py:2306} INFO - Setting next_dagrun for example_bash_operator to 2021-08-11 00:00:00+00:00
[2021-08-13 23:02:10,606] {scheduler_job.py:189} INFO - Processing /home/airflow/.local/lib/python3.6/site-packages/airflow/example_dags/example_bash_operator.py took 0.199 seconds
[2021-08-13 23:29:58,054] {scheduler_job.py:181} INFO - Started process (PID=25) to work on /home/airflow/.local/lib/python3.6/site-packages/airflow/example_dags/example_bash_operator.py
[2021-08-13 23:29:58,063] {scheduler_job.py:632} INFO - Processing file /home/airflow/.local/lib/python3.6/site-packages/airflow/example_dags/example_bash_operator.py for tasks to queue
[2021-08-13 23:29:58,064] {logging_mixin.py:104} INFO - [2021-08-13 23:29:58,064] {dagbag.py:496} INFO - Filling up the DagBag from /home/airflow/.local/lib/python3.6/site-packages/airflow/example_dags/example_bash_operator.py
[2021-08-13 23:29:58,102] {scheduler_job.py:642} INFO - DAG(s) dict_keys(['example_bash_operator']) retrieved from /home/airflow/.local/lib/python3.6/site-packages/airflow/example_dags/example_bash_operator.py
[2021-08-13 23:29:58,267] {logging_mixin.py:104} INFO - [2021-08-13 23:29:58,266] {dag.py:1833} INFO - Sync 1 DAGs
[2021-08-13 23:29:58,335] {logging_mixin.py:104} INFO - [2021-08-13 23:29:58,335] {dag.py:2306} INFO - Setting next_dagrun for example_bash_operator to 2021-08-11 00:00:00+00:00
[2021-08-13 23:29:58,401] {scheduler_job.py:189} INFO - Processing /home/airflow/.local/lib/python3.6/site-packages/airflow/example_dags/example_bash_operator.py took 0.350 seconds
[2021-08-13 23:30:28,599] {scheduler_job.py:181} INFO - Started process (PID=78) to work on /home/airflow/.local/lib/python3.6/site-packages/airflow/example_dags/example_bash_operator.py
[2021-08-13 23:30:28,607] {scheduler_job.py:632} INFO - Processing file /home/airflow/.local/lib/python3.6/site-packages/airflow/example_dags/example_bash_operator.py for tasks to queue
[2021-08-13 23:30:28,608] {logging_mixin.py:104} INFO - [2021-08-13 23:30:28,608] {dagbag.py:496} INFO - Filling up the DagBag from /home/airflow/.local/lib/python3.6/site-packages/airflow/example_dags/example_bash_operator.py
[2021-08-13 23:30:28,701] {scheduler_job.py:642} INFO - DAG(s) dict_keys(['example_bash_operator']) retrieved from /home/airflow/.local/lib/python3.6/site-packages/airflow/example_dags/example_bash_operator.py
[2021-08-13 23:30:28,821] {logging_mixin.py:104} INFO - [2021-08-13 23:30:28,820] {dag.py:1833} INFO - Sync 1 DAGs
[2021-08-13 23:30:28,973] {logging_mixin.py:104} INFO - [2021-08-13 23:30:28,973] {dag.py:2306} INFO - Setting next_dagrun for example_bash_operator to 2021-08-11 00:00:00+00:00
[2021-08-13 23:30:29,020] {scheduler_job.py:189} INFO - Processing /home/airflow/.local/lib/python3.6/site-packages/airflow/example_dags/example_bash_operator.py took 0.452 seconds
[2021-08-13 23:30:59,737] {scheduler_job.py:181} INFO - Started process (PID=133) to work on /home/airflow/.local/lib/python3.6/site-packages/airflow/example_dags/example_bash_operator.py
[2021-08-13 23:30:59,739] {scheduler_job.py:632} INFO - Processing file /home/airflow/.local/lib/python3.6/site-packages/airflow/example_dags/example_bash_operator.py for tasks to queue
[2021-08-13 23:30:59,739] {logging_mixin.py:104} INFO - [2021-08-13 23:30:59,739] {dagbag.py:496} INFO - Filling up the DagBag from /home/airflow/.local/lib/python3.6/site-packages/airflow/example_dags/example_bash_operator.py
[2021-08-13 23:30:59,768] {scheduler_job.py:642} INFO - DAG(s) dict_keys(['example_bash_operator']) retrieved from /home/airflow/.local/lib/python3.6/site-packages/airflow/example_dags/example_bash_operator.py
[2021-08-13 23:30:59,807] {logging_mixin.py:104} INFO - [2021-08-13 23:30:59,807] {dag.py:1833} INFO - Sync 1 DAGs
[2021-08-13 23:30:59,833] {logging_mixin.py:104} INFO - [2021-08-13 23:30:59,833] {dag.py:2306} INFO - Setting next_dagrun for example_bash_operator to 2021-08-11 00:00:00+00:00
[2021-08-13 23:30:59,851] {scheduler_job.py:189} INFO - Processing /home/airflow/.local/lib/python3.6/site-packages/airflow/example_dags/example_bash_operator.py took 0.117 seconds
[2021-08-13 23:31:29,926] {scheduler_job.py:181} INFO - Started process (PID=186) to work on /home/airflow/.local/lib/python3.6/site-packages/airflow/example_dags/example_bash_operator.py
[2021-08-13 23:31:29,928] {scheduler_job.py:632} INFO - Processing file /home/airflow/.local/lib/python3.6/site-packages/airflow/example_dags/example_bash_operator.py for tasks to queue
[2021-08-13 23:31:29,929] {logging_mixin.py:104} INFO - [2021-08-13 23:31:29,929] {dagbag.py:496} INFO - Filling up the DagBag from /home/airflow/.local/lib/python3.6/site-packages/airflow/example_dags/example_bash_operator.py
[2021-08-13 23:31:29,953] {scheduler_job.py:642} INFO - DAG(s) dict_keys(['example_bash_operator']) retrieved from /home/airflow/.local/lib/python3.6/site-packages/airflow/example_dags/example_bash_operator.py
[2021-08-13 23:31:29,981] {logging_mixin.py:104} INFO - [2021-08-13 23:31:29,981] {dag.py:1833} INFO - Sync 1 DAGs
[2021-08-13 23:31:30,007] {logging_mixin.py:104} INFO - [2021-08-13 23:31:30,007] {dag.py:2306} INFO - Setting next_dagrun for example_bash_operator to 2021-08-11 00:00:00+00:00
[2021-08-13 23:31:30,022] {scheduler_job.py:189} INFO - Processing /home/airflow/.local/lib/python3.6/site-packages/airflow/example_dags/example_bash_operator.py took 0.101 seconds
[2021-08-13 23:32:00,760] {scheduler_job.py:181} INFO - Started process (PID=257) to work on /home/airflow/.local/lib/python3.6/site-packages/airflow/example_dags/example_bash_operator.py
[2021-08-13 23:32:00,762] {scheduler_job.py:632} INFO - Processing file /home/airflow/.local/lib/python3.6/site-packages/airflow/example_dags/example_bash_operator.py for tasks to queue
[2021-08-13 23:32:00,763] {logging_mixin.py:104} INFO - [2021-08-13 23:32:00,762] {dagbag.py:496} INFO - Filling up the DagBag from /home/airflow/.local/lib/python3.6/site-packages/airflow/example_dags/example_bash_operator.py
[2021-08-13 23:32:00,817] {scheduler_job.py:642} INFO - DAG(s) dict_keys(['example_bash_operator']) retrieved from /home/airflow/.local/lib/python3.6/site-packages/airflow/example_dags/example_bash_operator.py
[2021-08-13 23:32:00,855] {logging_mixin.py:104} INFO - [2021-08-13 23:32:00,855] {dag.py:1833} INFO - Sync 1 DAGs
[2021-08-13 23:32:00,880] {logging_mixin.py:104} INFO - [2021-08-13 23:32:00,880] {dag.py:2306} INFO - Setting next_dagrun for example_bash_operator to 2021-08-11 00:00:00+00:00
[2021-08-13 23:32:00,898] {scheduler_job.py:189} INFO - Processing /home/airflow/.local/lib/python3.6/site-packages/airflow/example_dags/example_bash_operator.py took 0.142 seconds
[2021-08-13 23:32:31,008] {scheduler_job.py:181} INFO - Started process (PID=310) to work on /home/airflow/.local/lib/python3.6/site-packages/airflow/example_dags/example_bash_operator.py
[2021-08-13 23:32:31,009] {scheduler_job.py:632} INFO - Processing file /home/airflow/.local/lib/python3.6/site-packages/airflow/example_dags/example_bash_operator.py for tasks to queue
[2021-08-13 23:32:31,010] {logging_mixin.py:104} INFO - [2021-08-13 23:32:31,010] {dagbag.py:496} INFO - Filling up the DagBag from /home/airflow/.local/lib/python3.6/site-packages/airflow/example_dags/example_bash_operator.py
[2021-08-13 23:32:31,053] {scheduler_job.py:642} INFO - DAG(s) dict_keys(['example_bash_operator']) retrieved from /home/airflow/.local/lib/python3.6/site-packages/airflow/example_dags/example_bash_operator.py
[2021-08-13 23:32:31,101] {logging_mixin.py:104} INFO - [2021-08-13 23:32:31,101] {dag.py:1833} INFO - Sync 1 DAGs
[2021-08-13 23:32:31,153] {logging_mixin.py:104} INFO - [2021-08-13 23:32:31,152] {dag.py:2306} INFO - Setting next_dagrun for example_bash_operator to 2021-08-11 00:00:00+00:00
[2021-08-13 23:32:31,171] {scheduler_job.py:189} INFO - Processing /home/airflow/.local/lib/python3.6/site-packages/airflow/example_dags/example_bash_operator.py took 0.167 seconds
