[2021-08-13 22:58:32,774] {scheduler_job.py:181} INFO - Started process (PID=57) to work on /home/airflow/.local/lib/python3.6/site-packages/airflow/example_dags/example_python_operator.py
[2021-08-13 22:58:32,776] {scheduler_job.py:632} INFO - Processing file /home/airflow/.local/lib/python3.6/site-packages/airflow/example_dags/example_python_operator.py for tasks to queue
[2021-08-13 22:58:32,776] {logging_mixin.py:104} INFO - [2021-08-13 22:58:32,776] {dagbag.py:496} INFO - Filling up the DagBag from /home/airflow/.local/lib/python3.6/site-packages/airflow/example_dags/example_python_operator.py
[2021-08-13 22:58:32,803] {scheduler_job.py:642} INFO - DAG(s) dict_keys(['example_python_operator']) retrieved from /home/airflow/.local/lib/python3.6/site-packages/airflow/example_dags/example_python_operator.py
[2021-08-13 22:58:41,667] {logging_mixin.py:104} INFO - [2021-08-13 22:58:41,666] {dag.py:1833} INFO - Sync 1 DAGs
[2021-08-13 22:58:41,708] {logging_mixin.py:104} INFO - [2021-08-13 22:58:41,706] {dag.py:1852} INFO - Creating ORM DAG for example_python_operator
[2021-08-13 22:58:41,716] {logging_mixin.py:104} INFO - [2021-08-13 22:58:41,716] {dag.py:2306} INFO - Setting next_dagrun for example_python_operator to None
[2021-08-13 22:58:41,744] {scheduler_job.py:189} INFO - Processing /home/airflow/.local/lib/python3.6/site-packages/airflow/example_dags/example_python_operator.py took 8.973 seconds
[2021-08-13 23:00:07,964] {scheduler_job.py:181} INFO - Started process (PID=255) to work on /home/airflow/.local/lib/python3.6/site-packages/airflow/example_dags/example_python_operator.py
[2021-08-13 23:00:07,977] {scheduler_job.py:632} INFO - Processing file /home/airflow/.local/lib/python3.6/site-packages/airflow/example_dags/example_python_operator.py for tasks to queue
[2021-08-13 23:00:07,978] {logging_mixin.py:104} INFO - [2021-08-13 23:00:07,978] {dagbag.py:496} INFO - Filling up the DagBag from /home/airflow/.local/lib/python3.6/site-packages/airflow/example_dags/example_python_operator.py
[2021-08-13 23:00:08,057] {scheduler_job.py:642} INFO - DAG(s) dict_keys(['example_python_operator']) retrieved from /home/airflow/.local/lib/python3.6/site-packages/airflow/example_dags/example_python_operator.py
[2021-08-13 23:00:08,129] {logging_mixin.py:104} INFO - [2021-08-13 23:00:08,129] {dag.py:1833} INFO - Sync 1 DAGs
[2021-08-13 23:00:08,171] {logging_mixin.py:104} INFO - [2021-08-13 23:00:08,171] {dag.py:2306} INFO - Setting next_dagrun for example_python_operator to None
[2021-08-13 23:00:08,193] {scheduler_job.py:189} INFO - Processing /home/airflow/.local/lib/python3.6/site-packages/airflow/example_dags/example_python_operator.py took 0.233 seconds
[2021-08-13 23:00:38,780] {scheduler_job.py:181} INFO - Started process (PID=305) to work on /home/airflow/.local/lib/python3.6/site-packages/airflow/example_dags/example_python_operator.py
[2021-08-13 23:00:38,782] {scheduler_job.py:632} INFO - Processing file /home/airflow/.local/lib/python3.6/site-packages/airflow/example_dags/example_python_operator.py for tasks to queue
[2021-08-13 23:00:38,783] {logging_mixin.py:104} INFO - [2021-08-13 23:00:38,782] {dagbag.py:496} INFO - Filling up the DagBag from /home/airflow/.local/lib/python3.6/site-packages/airflow/example_dags/example_python_operator.py
[2021-08-13 23:00:38,803] {scheduler_job.py:642} INFO - DAG(s) dict_keys(['example_python_operator']) retrieved from /home/airflow/.local/lib/python3.6/site-packages/airflow/example_dags/example_python_operator.py
[2021-08-13 23:00:38,835] {logging_mixin.py:104} INFO - [2021-08-13 23:00:38,835] {dag.py:1833} INFO - Sync 1 DAGs
[2021-08-13 23:00:38,881] {logging_mixin.py:104} INFO - [2021-08-13 23:00:38,881] {dag.py:2306} INFO - Setting next_dagrun for example_python_operator to None
[2021-08-13 23:00:38,898] {scheduler_job.py:189} INFO - Processing /home/airflow/.local/lib/python3.6/site-packages/airflow/example_dags/example_python_operator.py took 0.121 seconds
[2021-08-13 23:01:09,491] {scheduler_job.py:181} INFO - Started process (PID=356) to work on /home/airflow/.local/lib/python3.6/site-packages/airflow/example_dags/example_python_operator.py
[2021-08-13 23:01:09,494] {scheduler_job.py:632} INFO - Processing file /home/airflow/.local/lib/python3.6/site-packages/airflow/example_dags/example_python_operator.py for tasks to queue
[2021-08-13 23:01:09,508] {logging_mixin.py:104} INFO - [2021-08-13 23:01:09,507] {dagbag.py:496} INFO - Filling up the DagBag from /home/airflow/.local/lib/python3.6/site-packages/airflow/example_dags/example_python_operator.py
[2021-08-13 23:01:09,527] {scheduler_job.py:642} INFO - DAG(s) dict_keys(['example_python_operator']) retrieved from /home/airflow/.local/lib/python3.6/site-packages/airflow/example_dags/example_python_operator.py
[2021-08-13 23:01:09,562] {logging_mixin.py:104} INFO - [2021-08-13 23:01:09,562] {dag.py:1833} INFO - Sync 1 DAGs
[2021-08-13 23:01:09,618] {logging_mixin.py:104} INFO - [2021-08-13 23:01:09,617] {dag.py:2306} INFO - Setting next_dagrun for example_python_operator to None
[2021-08-13 23:01:09,663] {scheduler_job.py:189} INFO - Processing /home/airflow/.local/lib/python3.6/site-packages/airflow/example_dags/example_python_operator.py took 0.176 seconds
[2021-08-13 23:01:40,047] {scheduler_job.py:181} INFO - Started process (PID=407) to work on /home/airflow/.local/lib/python3.6/site-packages/airflow/example_dags/example_python_operator.py
[2021-08-13 23:01:40,048] {scheduler_job.py:632} INFO - Processing file /home/airflow/.local/lib/python3.6/site-packages/airflow/example_dags/example_python_operator.py for tasks to queue
[2021-08-13 23:01:40,049] {logging_mixin.py:104} INFO - [2021-08-13 23:01:40,049] {dagbag.py:496} INFO - Filling up the DagBag from /home/airflow/.local/lib/python3.6/site-packages/airflow/example_dags/example_python_operator.py
[2021-08-13 23:01:40,070] {scheduler_job.py:642} INFO - DAG(s) dict_keys(['example_python_operator']) retrieved from /home/airflow/.local/lib/python3.6/site-packages/airflow/example_dags/example_python_operator.py
[2021-08-13 23:01:40,109] {logging_mixin.py:104} INFO - [2021-08-13 23:01:40,109] {dag.py:1833} INFO - Sync 1 DAGs
[2021-08-13 23:01:40,139] {logging_mixin.py:104} INFO - [2021-08-13 23:01:40,139] {dag.py:2306} INFO - Setting next_dagrun for example_python_operator to None
[2021-08-13 23:01:40,162] {scheduler_job.py:189} INFO - Processing /home/airflow/.local/lib/python3.6/site-packages/airflow/example_dags/example_python_operator.py took 0.120 seconds
[2021-08-13 23:02:10,630] {scheduler_job.py:181} INFO - Started process (PID=474) to work on /home/airflow/.local/lib/python3.6/site-packages/airflow/example_dags/example_python_operator.py
[2021-08-13 23:02:10,631] {scheduler_job.py:632} INFO - Processing file /home/airflow/.local/lib/python3.6/site-packages/airflow/example_dags/example_python_operator.py for tasks to queue
[2021-08-13 23:02:10,640] {logging_mixin.py:104} INFO - [2021-08-13 23:02:10,632] {dagbag.py:496} INFO - Filling up the DagBag from /home/airflow/.local/lib/python3.6/site-packages/airflow/example_dags/example_python_operator.py
[2021-08-13 23:02:10,667] {scheduler_job.py:642} INFO - DAG(s) dict_keys(['example_python_operator']) retrieved from /home/airflow/.local/lib/python3.6/site-packages/airflow/example_dags/example_python_operator.py
[2021-08-13 23:02:10,705] {logging_mixin.py:104} INFO - [2021-08-13 23:02:10,704] {dag.py:1833} INFO - Sync 1 DAGs
[2021-08-13 23:02:10,748] {logging_mixin.py:104} INFO - [2021-08-13 23:02:10,746] {dag.py:2306} INFO - Setting next_dagrun for example_python_operator to None
[2021-08-13 23:02:10,763] {scheduler_job.py:189} INFO - Processing /home/airflow/.local/lib/python3.6/site-packages/airflow/example_dags/example_python_operator.py took 0.142 seconds
[2021-08-13 23:29:58,470] {scheduler_job.py:181} INFO - Started process (PID=27) to work on /home/airflow/.local/lib/python3.6/site-packages/airflow/example_dags/example_python_operator.py
[2021-08-13 23:29:58,472] {scheduler_job.py:632} INFO - Processing file /home/airflow/.local/lib/python3.6/site-packages/airflow/example_dags/example_python_operator.py for tasks to queue
[2021-08-13 23:29:58,473] {logging_mixin.py:104} INFO - [2021-08-13 23:29:58,472] {dagbag.py:496} INFO - Filling up the DagBag from /home/airflow/.local/lib/python3.6/site-packages/airflow/example_dags/example_python_operator.py
[2021-08-13 23:29:58,535] {scheduler_job.py:642} INFO - DAG(s) dict_keys(['example_python_operator']) retrieved from /home/airflow/.local/lib/python3.6/site-packages/airflow/example_dags/example_python_operator.py
[2021-08-13 23:29:58,641] {logging_mixin.py:104} INFO - [2021-08-13 23:29:58,640] {dag.py:1833} INFO - Sync 1 DAGs
[2021-08-13 23:29:58,693] {logging_mixin.py:104} INFO - [2021-08-13 23:29:58,693] {dag.py:2306} INFO - Setting next_dagrun for example_python_operator to None
[2021-08-13 23:29:58,739] {scheduler_job.py:189} INFO - Processing /home/airflow/.local/lib/python3.6/site-packages/airflow/example_dags/example_python_operator.py took 0.285 seconds
[2021-08-13 23:30:28,940] {scheduler_job.py:181} INFO - Started process (PID=80) to work on /home/airflow/.local/lib/python3.6/site-packages/airflow/example_dags/example_python_operator.py
[2021-08-13 23:30:28,945] {scheduler_job.py:632} INFO - Processing file /home/airflow/.local/lib/python3.6/site-packages/airflow/example_dags/example_python_operator.py for tasks to queue
[2021-08-13 23:30:28,946] {logging_mixin.py:104} INFO - [2021-08-13 23:30:28,945] {dagbag.py:496} INFO - Filling up the DagBag from /home/airflow/.local/lib/python3.6/site-packages/airflow/example_dags/example_python_operator.py
[2021-08-13 23:30:29,002] {scheduler_job.py:642} INFO - DAG(s) dict_keys(['example_python_operator']) retrieved from /home/airflow/.local/lib/python3.6/site-packages/airflow/example_dags/example_python_operator.py
[2021-08-13 23:30:29,052] {logging_mixin.py:104} INFO - [2021-08-13 23:30:29,052] {dag.py:1833} INFO - Sync 1 DAGs
[2021-08-13 23:30:29,105] {logging_mixin.py:104} INFO - [2021-08-13 23:30:29,105] {dag.py:2306} INFO - Setting next_dagrun for example_python_operator to None
[2021-08-13 23:30:29,149] {scheduler_job.py:189} INFO - Processing /home/airflow/.local/lib/python3.6/site-packages/airflow/example_dags/example_python_operator.py took 0.213 seconds
[2021-08-13 23:30:59,869] {scheduler_job.py:181} INFO - Started process (PID=135) to work on /home/airflow/.local/lib/python3.6/site-packages/airflow/example_dags/example_python_operator.py
[2021-08-13 23:30:59,870] {scheduler_job.py:632} INFO - Processing file /home/airflow/.local/lib/python3.6/site-packages/airflow/example_dags/example_python_operator.py for tasks to queue
[2021-08-13 23:30:59,871] {logging_mixin.py:104} INFO - [2021-08-13 23:30:59,871] {dagbag.py:496} INFO - Filling up the DagBag from /home/airflow/.local/lib/python3.6/site-packages/airflow/example_dags/example_python_operator.py
[2021-08-13 23:30:59,900] {scheduler_job.py:642} INFO - DAG(s) dict_keys(['example_python_operator']) retrieved from /home/airflow/.local/lib/python3.6/site-packages/airflow/example_dags/example_python_operator.py
[2021-08-13 23:30:59,927] {logging_mixin.py:104} INFO - [2021-08-13 23:30:59,927] {dag.py:1833} INFO - Sync 1 DAGs
[2021-08-13 23:30:59,946] {logging_mixin.py:104} INFO - [2021-08-13 23:30:59,946] {dag.py:2306} INFO - Setting next_dagrun for example_python_operator to None
[2021-08-13 23:30:59,958] {scheduler_job.py:189} INFO - Processing /home/airflow/.local/lib/python3.6/site-packages/airflow/example_dags/example_python_operator.py took 0.092 seconds
[2021-08-13 23:31:30,040] {scheduler_job.py:181} INFO - Started process (PID=187) to work on /home/airflow/.local/lib/python3.6/site-packages/airflow/example_dags/example_python_operator.py
[2021-08-13 23:31:30,041] {scheduler_job.py:632} INFO - Processing file /home/airflow/.local/lib/python3.6/site-packages/airflow/example_dags/example_python_operator.py for tasks to queue
[2021-08-13 23:31:30,042] {logging_mixin.py:104} INFO - [2021-08-13 23:31:30,042] {dagbag.py:496} INFO - Filling up the DagBag from /home/airflow/.local/lib/python3.6/site-packages/airflow/example_dags/example_python_operator.py
[2021-08-13 23:31:30,060] {scheduler_job.py:642} INFO - DAG(s) dict_keys(['example_python_operator']) retrieved from /home/airflow/.local/lib/python3.6/site-packages/airflow/example_dags/example_python_operator.py
[2021-08-13 23:31:30,086] {logging_mixin.py:104} INFO - [2021-08-13 23:31:30,086] {dag.py:1833} INFO - Sync 1 DAGs
[2021-08-13 23:31:30,105] {logging_mixin.py:104} INFO - [2021-08-13 23:31:30,105] {dag.py:2306} INFO - Setting next_dagrun for example_python_operator to None
[2021-08-13 23:31:30,118] {scheduler_job.py:189} INFO - Processing /home/airflow/.local/lib/python3.6/site-packages/airflow/example_dags/example_python_operator.py took 0.081 seconds
[2021-08-13 23:32:00,955] {scheduler_job.py:181} INFO - Started process (PID=259) to work on /home/airflow/.local/lib/python3.6/site-packages/airflow/example_dags/example_python_operator.py
[2021-08-13 23:32:00,956] {scheduler_job.py:632} INFO - Processing file /home/airflow/.local/lib/python3.6/site-packages/airflow/example_dags/example_python_operator.py for tasks to queue
[2021-08-13 23:32:00,957] {logging_mixin.py:104} INFO - [2021-08-13 23:32:00,957] {dagbag.py:496} INFO - Filling up the DagBag from /home/airflow/.local/lib/python3.6/site-packages/airflow/example_dags/example_python_operator.py
[2021-08-13 23:32:00,990] {scheduler_job.py:642} INFO - DAG(s) dict_keys(['example_python_operator']) retrieved from /home/airflow/.local/lib/python3.6/site-packages/airflow/example_dags/example_python_operator.py
[2021-08-13 23:32:01,029] {logging_mixin.py:104} INFO - [2021-08-13 23:32:01,029] {dag.py:1833} INFO - Sync 1 DAGs
[2021-08-13 23:32:01,105] {logging_mixin.py:104} INFO - [2021-08-13 23:32:01,105] {dag.py:2306} INFO - Setting next_dagrun for example_python_operator to None
[2021-08-13 23:32:01,155] {scheduler_job.py:189} INFO - Processing /home/airflow/.local/lib/python3.6/site-packages/airflow/example_dags/example_python_operator.py took 0.216 seconds
[2021-08-13 23:32:31,194] {scheduler_job.py:181} INFO - Started process (PID=312) to work on /home/airflow/.local/lib/python3.6/site-packages/airflow/example_dags/example_python_operator.py
[2021-08-13 23:32:31,195] {scheduler_job.py:632} INFO - Processing file /home/airflow/.local/lib/python3.6/site-packages/airflow/example_dags/example_python_operator.py for tasks to queue
[2021-08-13 23:32:31,196] {logging_mixin.py:104} INFO - [2021-08-13 23:32:31,196] {dagbag.py:496} INFO - Filling up the DagBag from /home/airflow/.local/lib/python3.6/site-packages/airflow/example_dags/example_python_operator.py
[2021-08-13 23:32:31,220] {scheduler_job.py:642} INFO - DAG(s) dict_keys(['example_python_operator']) retrieved from /home/airflow/.local/lib/python3.6/site-packages/airflow/example_dags/example_python_operator.py
[2021-08-13 23:32:31,253] {logging_mixin.py:104} INFO - [2021-08-13 23:32:31,253] {dag.py:1833} INFO - Sync 1 DAGs
[2021-08-13 23:32:31,272] {logging_mixin.py:104} INFO - [2021-08-13 23:32:31,272] {dag.py:2306} INFO - Setting next_dagrun for example_python_operator to None
[2021-08-13 23:32:31,287] {scheduler_job.py:189} INFO - Processing /home/airflow/.local/lib/python3.6/site-packages/airflow/example_dags/example_python_operator.py took 0.097 seconds
