[2021-08-13 22:59:26,334] {scheduler_job.py:181} INFO - Started process (PID=152) to work on /home/airflow/.local/lib/python3.6/site-packages/airflow/example_dags/example_complex.py
[2021-08-13 22:59:26,338] {scheduler_job.py:632} INFO - Processing file /home/airflow/.local/lib/python3.6/site-packages/airflow/example_dags/example_complex.py for tasks to queue
[2021-08-13 22:59:26,339] {logging_mixin.py:104} INFO - [2021-08-13 22:59:26,339] {dagbag.py:496} INFO - Filling up the DagBag from /home/airflow/.local/lib/python3.6/site-packages/airflow/example_dags/example_complex.py
[2021-08-13 22:59:26,391] {scheduler_job.py:642} INFO - DAG(s) dict_keys(['example_complex']) retrieved from /home/airflow/.local/lib/python3.6/site-packages/airflow/example_dags/example_complex.py
[2021-08-13 22:59:33,185] {logging_mixin.py:104} INFO - [2021-08-13 22:59:33,183] {dag.py:1833} INFO - Sync 1 DAGs
[2021-08-13 22:59:33,216] {logging_mixin.py:104} INFO - [2021-08-13 22:59:33,214] {dag.py:1852} INFO - Creating ORM DAG for example_complex
[2021-08-13 22:59:33,233] {logging_mixin.py:104} INFO - [2021-08-13 22:59:33,233] {dag.py:2306} INFO - Setting next_dagrun for example_complex to None
[2021-08-13 22:59:33,262] {scheduler_job.py:189} INFO - Processing /home/airflow/.local/lib/python3.6/site-packages/airflow/example_dags/example_complex.py took 6.941 seconds
[2021-08-13 23:00:10,076] {scheduler_job.py:181} INFO - Started process (PID=269) to work on /home/airflow/.local/lib/python3.6/site-packages/airflow/example_dags/example_complex.py
[2021-08-13 23:00:10,077] {scheduler_job.py:632} INFO - Processing file /home/airflow/.local/lib/python3.6/site-packages/airflow/example_dags/example_complex.py for tasks to queue
[2021-08-13 23:00:10,078] {logging_mixin.py:104} INFO - [2021-08-13 23:00:10,077] {dagbag.py:496} INFO - Filling up the DagBag from /home/airflow/.local/lib/python3.6/site-packages/airflow/example_dags/example_complex.py
[2021-08-13 23:00:10,118] {scheduler_job.py:642} INFO - DAG(s) dict_keys(['example_complex']) retrieved from /home/airflow/.local/lib/python3.6/site-packages/airflow/example_dags/example_complex.py
[2021-08-13 23:00:10,172] {logging_mixin.py:104} INFO - [2021-08-13 23:00:10,172] {dag.py:1833} INFO - Sync 1 DAGs
[2021-08-13 23:00:10,244] {logging_mixin.py:104} INFO - [2021-08-13 23:00:10,244] {dag.py:2306} INFO - Setting next_dagrun for example_complex to None
[2021-08-13 23:00:10,286] {scheduler_job.py:189} INFO - Processing /home/airflow/.local/lib/python3.6/site-packages/airflow/example_dags/example_complex.py took 0.214 seconds
[2021-08-13 23:00:41,067] {scheduler_job.py:181} INFO - Started process (PID=320) to work on /home/airflow/.local/lib/python3.6/site-packages/airflow/example_dags/example_complex.py
[2021-08-13 23:00:41,069] {scheduler_job.py:632} INFO - Processing file /home/airflow/.local/lib/python3.6/site-packages/airflow/example_dags/example_complex.py for tasks to queue
[2021-08-13 23:00:41,069] {logging_mixin.py:104} INFO - [2021-08-13 23:00:41,069] {dagbag.py:496} INFO - Filling up the DagBag from /home/airflow/.local/lib/python3.6/site-packages/airflow/example_dags/example_complex.py
[2021-08-13 23:00:41,153] {scheduler_job.py:642} INFO - DAG(s) dict_keys(['example_complex']) retrieved from /home/airflow/.local/lib/python3.6/site-packages/airflow/example_dags/example_complex.py
[2021-08-13 23:00:41,217] {logging_mixin.py:104} INFO - [2021-08-13 23:00:41,217] {dag.py:1833} INFO - Sync 1 DAGs
[2021-08-13 23:00:41,251] {logging_mixin.py:104} INFO - [2021-08-13 23:00:41,251] {dag.py:2306} INFO - Setting next_dagrun for example_complex to None
[2021-08-13 23:00:41,282] {scheduler_job.py:189} INFO - Processing /home/airflow/.local/lib/python3.6/site-packages/airflow/example_dags/example_complex.py took 0.232 seconds
[2021-08-13 23:01:12,958] {scheduler_job.py:181} INFO - Started process (PID=381) to work on /home/airflow/.local/lib/python3.6/site-packages/airflow/example_dags/example_complex.py
[2021-08-13 23:01:12,970] {scheduler_job.py:632} INFO - Processing file /home/airflow/.local/lib/python3.6/site-packages/airflow/example_dags/example_complex.py for tasks to queue
[2021-08-13 23:01:12,991] {logging_mixin.py:104} INFO - [2021-08-13 23:01:12,971] {dagbag.py:496} INFO - Filling up the DagBag from /home/airflow/.local/lib/python3.6/site-packages/airflow/example_dags/example_complex.py
[2021-08-13 23:01:13,137] {scheduler_job.py:642} INFO - DAG(s) dict_keys(['example_complex']) retrieved from /home/airflow/.local/lib/python3.6/site-packages/airflow/example_dags/example_complex.py
[2021-08-13 23:01:13,297] {logging_mixin.py:104} INFO - [2021-08-13 23:01:13,297] {dag.py:1833} INFO - Sync 1 DAGs
[2021-08-13 23:01:13,454] {logging_mixin.py:104} INFO - [2021-08-13 23:01:13,454] {dag.py:2306} INFO - Setting next_dagrun for example_complex to None
[2021-08-13 23:01:13,509] {scheduler_job.py:189} INFO - Processing /home/airflow/.local/lib/python3.6/site-packages/airflow/example_dags/example_complex.py took 0.577 seconds
[2021-08-13 23:01:43,819] {scheduler_job.py:181} INFO - Started process (PID=432) to work on /home/airflow/.local/lib/python3.6/site-packages/airflow/example_dags/example_complex.py
[2021-08-13 23:01:43,820] {scheduler_job.py:632} INFO - Processing file /home/airflow/.local/lib/python3.6/site-packages/airflow/example_dags/example_complex.py for tasks to queue
[2021-08-13 23:01:43,820] {logging_mixin.py:104} INFO - [2021-08-13 23:01:43,820] {dagbag.py:496} INFO - Filling up the DagBag from /home/airflow/.local/lib/python3.6/site-packages/airflow/example_dags/example_complex.py
[2021-08-13 23:01:43,858] {scheduler_job.py:642} INFO - DAG(s) dict_keys(['example_complex']) retrieved from /home/airflow/.local/lib/python3.6/site-packages/airflow/example_dags/example_complex.py
[2021-08-13 23:01:43,927] {logging_mixin.py:104} INFO - [2021-08-13 23:01:43,927] {dag.py:1833} INFO - Sync 1 DAGs
[2021-08-13 23:01:43,951] {logging_mixin.py:104} INFO - [2021-08-13 23:01:43,950] {dag.py:2306} INFO - Setting next_dagrun for example_complex to None
[2021-08-13 23:01:43,967] {scheduler_job.py:189} INFO - Processing /home/airflow/.local/lib/python3.6/site-packages/airflow/example_dags/example_complex.py took 0.151 seconds
[2021-08-13 23:02:14,601] {scheduler_job.py:181} INFO - Started process (PID=489) to work on /home/airflow/.local/lib/python3.6/site-packages/airflow/example_dags/example_complex.py
[2021-08-13 23:02:14,603] {scheduler_job.py:632} INFO - Processing file /home/airflow/.local/lib/python3.6/site-packages/airflow/example_dags/example_complex.py for tasks to queue
[2021-08-13 23:02:14,604] {logging_mixin.py:104} INFO - [2021-08-13 23:02:14,604] {dagbag.py:496} INFO - Filling up the DagBag from /home/airflow/.local/lib/python3.6/site-packages/airflow/example_dags/example_complex.py
[2021-08-13 23:02:14,644] {scheduler_job.py:642} INFO - DAG(s) dict_keys(['example_complex']) retrieved from /home/airflow/.local/lib/python3.6/site-packages/airflow/example_dags/example_complex.py
[2021-08-13 23:02:14,686] {logging_mixin.py:104} INFO - [2021-08-13 23:02:14,686] {dag.py:1833} INFO - Sync 1 DAGs
[2021-08-13 23:02:14,705] {logging_mixin.py:104} INFO - [2021-08-13 23:02:14,705] {dag.py:2306} INFO - Setting next_dagrun for example_complex to None
[2021-08-13 23:02:14,718] {scheduler_job.py:189} INFO - Processing /home/airflow/.local/lib/python3.6/site-packages/airflow/example_dags/example_complex.py took 0.123 seconds
[2021-08-13 23:30:03,158] {scheduler_job.py:181} INFO - Started process (PID=49) to work on /home/airflow/.local/lib/python3.6/site-packages/airflow/example_dags/example_complex.py
[2021-08-13 23:30:03,159] {scheduler_job.py:632} INFO - Processing file /home/airflow/.local/lib/python3.6/site-packages/airflow/example_dags/example_complex.py for tasks to queue
[2021-08-13 23:30:03,160] {logging_mixin.py:104} INFO - [2021-08-13 23:30:03,160] {dagbag.py:496} INFO - Filling up the DagBag from /home/airflow/.local/lib/python3.6/site-packages/airflow/example_dags/example_complex.py
[2021-08-13 23:30:03,205] {scheduler_job.py:642} INFO - DAG(s) dict_keys(['example_complex']) retrieved from /home/airflow/.local/lib/python3.6/site-packages/airflow/example_dags/example_complex.py
[2021-08-13 23:30:03,513] {logging_mixin.py:104} INFO - [2021-08-13 23:30:03,513] {dag.py:1833} INFO - Sync 1 DAGs
[2021-08-13 23:30:03,646] {logging_mixin.py:104} INFO - [2021-08-13 23:30:03,645] {dag.py:2306} INFO - Setting next_dagrun for example_complex to None
[2021-08-13 23:30:03,761] {scheduler_job.py:189} INFO - Processing /home/airflow/.local/lib/python3.6/site-packages/airflow/example_dags/example_complex.py took 0.607 seconds
[2021-08-13 23:30:33,856] {scheduler_job.py:181} INFO - Started process (PID=93) to work on /home/airflow/.local/lib/python3.6/site-packages/airflow/example_dags/example_complex.py
[2021-08-13 23:30:33,881] {scheduler_job.py:632} INFO - Processing file /home/airflow/.local/lib/python3.6/site-packages/airflow/example_dags/example_complex.py for tasks to queue
[2021-08-13 23:30:33,882] {logging_mixin.py:104} INFO - [2021-08-13 23:30:33,882] {dagbag.py:496} INFO - Filling up the DagBag from /home/airflow/.local/lib/python3.6/site-packages/airflow/example_dags/example_complex.py
[2021-08-13 23:30:34,019] {scheduler_job.py:642} INFO - DAG(s) dict_keys(['example_complex']) retrieved from /home/airflow/.local/lib/python3.6/site-packages/airflow/example_dags/example_complex.py
[2021-08-13 23:30:34,135] {logging_mixin.py:104} INFO - [2021-08-13 23:30:34,135] {dag.py:1833} INFO - Sync 1 DAGs
[2021-08-13 23:30:34,206] {logging_mixin.py:104} INFO - [2021-08-13 23:30:34,205] {dag.py:2306} INFO - Setting next_dagrun for example_complex to None
[2021-08-13 23:30:34,239] {scheduler_job.py:189} INFO - Processing /home/airflow/.local/lib/python3.6/site-packages/airflow/example_dags/example_complex.py took 0.387 seconds
[2021-08-13 23:31:04,773] {scheduler_job.py:181} INFO - Started process (PID=148) to work on /home/airflow/.local/lib/python3.6/site-packages/airflow/example_dags/example_complex.py
[2021-08-13 23:31:04,774] {scheduler_job.py:632} INFO - Processing file /home/airflow/.local/lib/python3.6/site-packages/airflow/example_dags/example_complex.py for tasks to queue
[2021-08-13 23:31:04,775] {logging_mixin.py:104} INFO - [2021-08-13 23:31:04,775] {dagbag.py:496} INFO - Filling up the DagBag from /home/airflow/.local/lib/python3.6/site-packages/airflow/example_dags/example_complex.py
[2021-08-13 23:31:04,811] {scheduler_job.py:642} INFO - DAG(s) dict_keys(['example_complex']) retrieved from /home/airflow/.local/lib/python3.6/site-packages/airflow/example_dags/example_complex.py
[2021-08-13 23:31:04,848] {logging_mixin.py:104} INFO - [2021-08-13 23:31:04,848] {dag.py:1833} INFO - Sync 1 DAGs
[2021-08-13 23:31:04,872] {logging_mixin.py:104} INFO - [2021-08-13 23:31:04,872] {dag.py:2306} INFO - Setting next_dagrun for example_complex to None
[2021-08-13 23:31:04,888] {scheduler_job.py:189} INFO - Processing /home/airflow/.local/lib/python3.6/site-packages/airflow/example_dags/example_complex.py took 0.118 seconds
[2021-08-13 23:31:35,432] {scheduler_job.py:181} INFO - Started process (PID=216) to work on /home/airflow/.local/lib/python3.6/site-packages/airflow/example_dags/example_complex.py
[2021-08-13 23:31:35,433] {scheduler_job.py:632} INFO - Processing file /home/airflow/.local/lib/python3.6/site-packages/airflow/example_dags/example_complex.py for tasks to queue
[2021-08-13 23:31:35,434] {logging_mixin.py:104} INFO - [2021-08-13 23:31:35,434] {dagbag.py:496} INFO - Filling up the DagBag from /home/airflow/.local/lib/python3.6/site-packages/airflow/example_dags/example_complex.py
[2021-08-13 23:31:35,483] {scheduler_job.py:642} INFO - DAG(s) dict_keys(['example_complex']) retrieved from /home/airflow/.local/lib/python3.6/site-packages/airflow/example_dags/example_complex.py
[2021-08-13 23:31:35,533] {logging_mixin.py:104} INFO - [2021-08-13 23:31:35,533] {dag.py:1833} INFO - Sync 1 DAGs
[2021-08-13 23:31:35,559] {logging_mixin.py:104} INFO - [2021-08-13 23:31:35,559] {dag.py:2306} INFO - Setting next_dagrun for example_complex to None
[2021-08-13 23:31:35,579] {scheduler_job.py:189} INFO - Processing /home/airflow/.local/lib/python3.6/site-packages/airflow/example_dags/example_complex.py took 0.151 seconds
[2021-08-13 23:32:05,877] {scheduler_job.py:181} INFO - Started process (PID=272) to work on /home/airflow/.local/lib/python3.6/site-packages/airflow/example_dags/example_complex.py
[2021-08-13 23:32:05,878] {scheduler_job.py:632} INFO - Processing file /home/airflow/.local/lib/python3.6/site-packages/airflow/example_dags/example_complex.py for tasks to queue
[2021-08-13 23:32:05,879] {logging_mixin.py:104} INFO - [2021-08-13 23:32:05,879] {dagbag.py:496} INFO - Filling up the DagBag from /home/airflow/.local/lib/python3.6/site-packages/airflow/example_dags/example_complex.py
[2021-08-13 23:32:05,918] {scheduler_job.py:642} INFO - DAG(s) dict_keys(['example_complex']) retrieved from /home/airflow/.local/lib/python3.6/site-packages/airflow/example_dags/example_complex.py
[2021-08-13 23:32:05,968] {logging_mixin.py:104} INFO - [2021-08-13 23:32:05,968] {dag.py:1833} INFO - Sync 1 DAGs
[2021-08-13 23:32:05,985] {logging_mixin.py:104} INFO - [2021-08-13 23:32:05,985] {dag.py:2306} INFO - Setting next_dagrun for example_complex to None
[2021-08-13 23:32:05,997] {scheduler_job.py:189} INFO - Processing /home/airflow/.local/lib/python3.6/site-packages/airflow/example_dags/example_complex.py took 0.125 seconds
[2021-08-13 23:32:36,102] {scheduler_job.py:181} INFO - Started process (PID=325) to work on /home/airflow/.local/lib/python3.6/site-packages/airflow/example_dags/example_complex.py
[2021-08-13 23:32:36,109] {scheduler_job.py:632} INFO - Processing file /home/airflow/.local/lib/python3.6/site-packages/airflow/example_dags/example_complex.py for tasks to queue
[2021-08-13 23:32:36,113] {logging_mixin.py:104} INFO - [2021-08-13 23:32:36,112] {dagbag.py:496} INFO - Filling up the DagBag from /home/airflow/.local/lib/python3.6/site-packages/airflow/example_dags/example_complex.py
[2021-08-13 23:32:36,151] {scheduler_job.py:642} INFO - DAG(s) dict_keys(['example_complex']) retrieved from /home/airflow/.local/lib/python3.6/site-packages/airflow/example_dags/example_complex.py
[2021-08-13 23:32:36,215] {logging_mixin.py:104} INFO - [2021-08-13 23:32:36,215] {dag.py:1833} INFO - Sync 1 DAGs
[2021-08-13 23:32:36,237] {logging_mixin.py:104} INFO - [2021-08-13 23:32:36,237] {dag.py:2306} INFO - Setting next_dagrun for example_complex to None
[2021-08-13 23:32:36,253] {scheduler_job.py:189} INFO - Processing /home/airflow/.local/lib/python3.6/site-packages/airflow/example_dags/example_complex.py took 0.155 seconds
