[2021-08-13 22:58:21,847] {scheduler_job.py:181} INFO - Started process (PID=37) to work on /home/airflow/.local/lib/python3.6/site-packages/airflow/example_dags/example_trigger_target_dag.py
[2021-08-13 22:58:21,848] {scheduler_job.py:632} INFO - Processing file /home/airflow/.local/lib/python3.6/site-packages/airflow/example_dags/example_trigger_target_dag.py for tasks to queue
[2021-08-13 22:58:21,856] {logging_mixin.py:104} INFO - [2021-08-13 22:58:21,856] {dagbag.py:496} INFO - Filling up the DagBag from /home/airflow/.local/lib/python3.6/site-packages/airflow/example_dags/example_trigger_target_dag.py
[2021-08-13 22:58:21,978] {scheduler_job.py:642} INFO - DAG(s) dict_keys(['example_trigger_target_dag']) retrieved from /home/airflow/.local/lib/python3.6/site-packages/airflow/example_dags/example_trigger_target_dag.py
[2021-08-13 22:58:32,701] {logging_mixin.py:104} INFO - [2021-08-13 22:58:32,699] {dag.py:1833} INFO - Sync 1 DAGs
[2021-08-13 22:58:32,722] {logging_mixin.py:104} INFO - [2021-08-13 22:58:32,720] {dag.py:1852} INFO - Creating ORM DAG for example_trigger_target_dag
[2021-08-13 22:58:32,735] {logging_mixin.py:104} INFO - [2021-08-13 22:58:32,734] {dag.py:2306} INFO - Setting next_dagrun for example_trigger_target_dag to None
[2021-08-13 22:58:32,759] {scheduler_job.py:189} INFO - Processing /home/airflow/.local/lib/python3.6/site-packages/airflow/example_dags/example_trigger_target_dag.py took 10.924 seconds
[2021-08-13 23:00:07,801] {scheduler_job.py:181} INFO - Started process (PID=254) to work on /home/airflow/.local/lib/python3.6/site-packages/airflow/example_dags/example_trigger_target_dag.py
[2021-08-13 23:00:07,802] {scheduler_job.py:632} INFO - Processing file /home/airflow/.local/lib/python3.6/site-packages/airflow/example_dags/example_trigger_target_dag.py for tasks to queue
[2021-08-13 23:00:07,803] {logging_mixin.py:104} INFO - [2021-08-13 23:00:07,803] {dagbag.py:496} INFO - Filling up the DagBag from /home/airflow/.local/lib/python3.6/site-packages/airflow/example_dags/example_trigger_target_dag.py
[2021-08-13 23:00:07,827] {scheduler_job.py:642} INFO - DAG(s) dict_keys(['example_trigger_target_dag']) retrieved from /home/airflow/.local/lib/python3.6/site-packages/airflow/example_dags/example_trigger_target_dag.py
[2021-08-13 23:00:07,865] {logging_mixin.py:104} INFO - [2021-08-13 23:00:07,865] {dag.py:1833} INFO - Sync 1 DAGs
[2021-08-13 23:00:07,895] {logging_mixin.py:104} INFO - [2021-08-13 23:00:07,895] {dag.py:2306} INFO - Setting next_dagrun for example_trigger_target_dag to None
[2021-08-13 23:00:07,915] {scheduler_job.py:189} INFO - Processing /home/airflow/.local/lib/python3.6/site-packages/airflow/example_dags/example_trigger_target_dag.py took 0.119 seconds
[2021-08-13 23:00:38,679] {scheduler_job.py:181} INFO - Started process (PID=304) to work on /home/airflow/.local/lib/python3.6/site-packages/airflow/example_dags/example_trigger_target_dag.py
[2021-08-13 23:00:38,681] {scheduler_job.py:632} INFO - Processing file /home/airflow/.local/lib/python3.6/site-packages/airflow/example_dags/example_trigger_target_dag.py for tasks to queue
[2021-08-13 23:00:38,682] {logging_mixin.py:104} INFO - [2021-08-13 23:00:38,682] {dagbag.py:496} INFO - Filling up the DagBag from /home/airflow/.local/lib/python3.6/site-packages/airflow/example_dags/example_trigger_target_dag.py
[2021-08-13 23:00:38,701] {scheduler_job.py:642} INFO - DAG(s) dict_keys(['example_trigger_target_dag']) retrieved from /home/airflow/.local/lib/python3.6/site-packages/airflow/example_dags/example_trigger_target_dag.py
[2021-08-13 23:00:38,730] {logging_mixin.py:104} INFO - [2021-08-13 23:00:38,730] {dag.py:1833} INFO - Sync 1 DAGs
[2021-08-13 23:00:38,750] {logging_mixin.py:104} INFO - [2021-08-13 23:00:38,750] {dag.py:2306} INFO - Setting next_dagrun for example_trigger_target_dag to None
[2021-08-13 23:00:38,770] {scheduler_job.py:189} INFO - Processing /home/airflow/.local/lib/python3.6/site-packages/airflow/example_dags/example_trigger_target_dag.py took 0.095 seconds
[2021-08-13 23:01:09,332] {scheduler_job.py:181} INFO - Started process (PID=355) to work on /home/airflow/.local/lib/python3.6/site-packages/airflow/example_dags/example_trigger_target_dag.py
[2021-08-13 23:01:09,335] {scheduler_job.py:632} INFO - Processing file /home/airflow/.local/lib/python3.6/site-packages/airflow/example_dags/example_trigger_target_dag.py for tasks to queue
[2021-08-13 23:01:09,340] {logging_mixin.py:104} INFO - [2021-08-13 23:01:09,340] {dagbag.py:496} INFO - Filling up the DagBag from /home/airflow/.local/lib/python3.6/site-packages/airflow/example_dags/example_trigger_target_dag.py
[2021-08-13 23:01:09,366] {scheduler_job.py:642} INFO - DAG(s) dict_keys(['example_trigger_target_dag']) retrieved from /home/airflow/.local/lib/python3.6/site-packages/airflow/example_dags/example_trigger_target_dag.py
[2021-08-13 23:01:09,414] {logging_mixin.py:104} INFO - [2021-08-13 23:01:09,414] {dag.py:1833} INFO - Sync 1 DAGs
[2021-08-13 23:01:09,445] {logging_mixin.py:104} INFO - [2021-08-13 23:01:09,445] {dag.py:2306} INFO - Setting next_dagrun for example_trigger_target_dag to None
[2021-08-13 23:01:09,469] {scheduler_job.py:189} INFO - Processing /home/airflow/.local/lib/python3.6/site-packages/airflow/example_dags/example_trigger_target_dag.py took 0.145 seconds
[2021-08-13 23:01:39,885] {scheduler_job.py:181} INFO - Started process (PID=406) to work on /home/airflow/.local/lib/python3.6/site-packages/airflow/example_dags/example_trigger_target_dag.py
[2021-08-13 23:01:39,890] {scheduler_job.py:632} INFO - Processing file /home/airflow/.local/lib/python3.6/site-packages/airflow/example_dags/example_trigger_target_dag.py for tasks to queue
[2021-08-13 23:01:39,893] {logging_mixin.py:104} INFO - [2021-08-13 23:01:39,892] {dagbag.py:496} INFO - Filling up the DagBag from /home/airflow/.local/lib/python3.6/site-packages/airflow/example_dags/example_trigger_target_dag.py
[2021-08-13 23:01:39,938] {scheduler_job.py:642} INFO - DAG(s) dict_keys(['example_trigger_target_dag']) retrieved from /home/airflow/.local/lib/python3.6/site-packages/airflow/example_dags/example_trigger_target_dag.py
[2021-08-13 23:01:39,981] {logging_mixin.py:104} INFO - [2021-08-13 23:01:39,980] {dag.py:1833} INFO - Sync 1 DAGs
[2021-08-13 23:01:40,007] {logging_mixin.py:104} INFO - [2021-08-13 23:01:40,007] {dag.py:2306} INFO - Setting next_dagrun for example_trigger_target_dag to None
[2021-08-13 23:01:40,023] {scheduler_job.py:189} INFO - Processing /home/airflow/.local/lib/python3.6/site-packages/airflow/example_dags/example_trigger_target_dag.py took 0.156 seconds
[2021-08-13 23:02:10,416] {scheduler_job.py:181} INFO - Started process (PID=473) to work on /home/airflow/.local/lib/python3.6/site-packages/airflow/example_dags/example_trigger_target_dag.py
[2021-08-13 23:02:10,417] {scheduler_job.py:632} INFO - Processing file /home/airflow/.local/lib/python3.6/site-packages/airflow/example_dags/example_trigger_target_dag.py for tasks to queue
[2021-08-13 23:02:10,418] {logging_mixin.py:104} INFO - [2021-08-13 23:02:10,418] {dagbag.py:496} INFO - Filling up the DagBag from /home/airflow/.local/lib/python3.6/site-packages/airflow/example_dags/example_trigger_target_dag.py
[2021-08-13 23:02:10,447] {scheduler_job.py:642} INFO - DAG(s) dict_keys(['example_trigger_target_dag']) retrieved from /home/airflow/.local/lib/python3.6/site-packages/airflow/example_dags/example_trigger_target_dag.py
[2021-08-13 23:02:10,518] {logging_mixin.py:104} INFO - [2021-08-13 23:02:10,518] {dag.py:1833} INFO - Sync 1 DAGs
[2021-08-13 23:02:10,558] {logging_mixin.py:104} INFO - [2021-08-13 23:02:10,558] {dag.py:2306} INFO - Setting next_dagrun for example_trigger_target_dag to None
[2021-08-13 23:02:10,602] {scheduler_job.py:189} INFO - Processing /home/airflow/.local/lib/python3.6/site-packages/airflow/example_dags/example_trigger_target_dag.py took 0.190 seconds
[2021-08-13 23:29:58,343] {scheduler_job.py:181} INFO - Started process (PID=26) to work on /home/airflow/.local/lib/python3.6/site-packages/airflow/example_dags/example_trigger_target_dag.py
[2021-08-13 23:29:58,344] {scheduler_job.py:632} INFO - Processing file /home/airflow/.local/lib/python3.6/site-packages/airflow/example_dags/example_trigger_target_dag.py for tasks to queue
[2021-08-13 23:29:58,345] {logging_mixin.py:104} INFO - [2021-08-13 23:29:58,344] {dagbag.py:496} INFO - Filling up the DagBag from /home/airflow/.local/lib/python3.6/site-packages/airflow/example_dags/example_trigger_target_dag.py
[2021-08-13 23:29:58,374] {scheduler_job.py:642} INFO - DAG(s) dict_keys(['example_trigger_target_dag']) retrieved from /home/airflow/.local/lib/python3.6/site-packages/airflow/example_dags/example_trigger_target_dag.py
[2021-08-13 23:29:58,427] {logging_mixin.py:104} INFO - [2021-08-13 23:29:58,427] {dag.py:1833} INFO - Sync 1 DAGs
[2021-08-13 23:29:58,458] {logging_mixin.py:104} INFO - [2021-08-13 23:29:58,458] {dag.py:2306} INFO - Setting next_dagrun for example_trigger_target_dag to None
[2021-08-13 23:29:58,506] {scheduler_job.py:189} INFO - Processing /home/airflow/.local/lib/python3.6/site-packages/airflow/example_dags/example_trigger_target_dag.py took 0.166 seconds
[2021-08-13 23:30:28,658] {scheduler_job.py:181} INFO - Started process (PID=79) to work on /home/airflow/.local/lib/python3.6/site-packages/airflow/example_dags/example_trigger_target_dag.py
[2021-08-13 23:30:28,660] {scheduler_job.py:632} INFO - Processing file /home/airflow/.local/lib/python3.6/site-packages/airflow/example_dags/example_trigger_target_dag.py for tasks to queue
[2021-08-13 23:30:28,662] {logging_mixin.py:104} INFO - [2021-08-13 23:30:28,662] {dagbag.py:496} INFO - Filling up the DagBag from /home/airflow/.local/lib/python3.6/site-packages/airflow/example_dags/example_trigger_target_dag.py
[2021-08-13 23:30:28,755] {scheduler_job.py:642} INFO - DAG(s) dict_keys(['example_trigger_target_dag']) retrieved from /home/airflow/.local/lib/python3.6/site-packages/airflow/example_dags/example_trigger_target_dag.py
[2021-08-13 23:30:28,800] {logging_mixin.py:104} INFO - [2021-08-13 23:30:28,800] {dag.py:1833} INFO - Sync 1 DAGs
[2021-08-13 23:30:28,841] {logging_mixin.py:104} INFO - [2021-08-13 23:30:28,841] {dag.py:2306} INFO - Setting next_dagrun for example_trigger_target_dag to None
[2021-08-13 23:30:28,876] {scheduler_job.py:189} INFO - Processing /home/airflow/.local/lib/python3.6/site-packages/airflow/example_dags/example_trigger_target_dag.py took 0.223 seconds
[2021-08-13 23:30:59,746] {scheduler_job.py:181} INFO - Started process (PID=134) to work on /home/airflow/.local/lib/python3.6/site-packages/airflow/example_dags/example_trigger_target_dag.py
[2021-08-13 23:30:59,748] {scheduler_job.py:632} INFO - Processing file /home/airflow/.local/lib/python3.6/site-packages/airflow/example_dags/example_trigger_target_dag.py for tasks to queue
[2021-08-13 23:30:59,749] {logging_mixin.py:104} INFO - [2021-08-13 23:30:59,749] {dagbag.py:496} INFO - Filling up the DagBag from /home/airflow/.local/lib/python3.6/site-packages/airflow/example_dags/example_trigger_target_dag.py
[2021-08-13 23:30:59,774] {scheduler_job.py:642} INFO - DAG(s) dict_keys(['example_trigger_target_dag']) retrieved from /home/airflow/.local/lib/python3.6/site-packages/airflow/example_dags/example_trigger_target_dag.py
[2021-08-13 23:30:59,810] {logging_mixin.py:104} INFO - [2021-08-13 23:30:59,810] {dag.py:1833} INFO - Sync 1 DAGs
[2021-08-13 23:30:59,829] {logging_mixin.py:104} INFO - [2021-08-13 23:30:59,829] {dag.py:2306} INFO - Setting next_dagrun for example_trigger_target_dag to None
[2021-08-13 23:30:59,843] {scheduler_job.py:189} INFO - Processing /home/airflow/.local/lib/python3.6/site-packages/airflow/example_dags/example_trigger_target_dag.py took 0.101 seconds
[2021-08-13 23:31:29,871] {scheduler_job.py:181} INFO - Started process (PID=185) to work on /home/airflow/.local/lib/python3.6/site-packages/airflow/example_dags/example_trigger_target_dag.py
[2021-08-13 23:31:29,873] {scheduler_job.py:632} INFO - Processing file /home/airflow/.local/lib/python3.6/site-packages/airflow/example_dags/example_trigger_target_dag.py for tasks to queue
[2021-08-13 23:31:29,873] {logging_mixin.py:104} INFO - [2021-08-13 23:31:29,873] {dagbag.py:496} INFO - Filling up the DagBag from /home/airflow/.local/lib/python3.6/site-packages/airflow/example_dags/example_trigger_target_dag.py
[2021-08-13 23:31:29,895] {scheduler_job.py:642} INFO - DAG(s) dict_keys(['example_trigger_target_dag']) retrieved from /home/airflow/.local/lib/python3.6/site-packages/airflow/example_dags/example_trigger_target_dag.py
[2021-08-13 23:31:29,922] {logging_mixin.py:104} INFO - [2021-08-13 23:31:29,921] {dag.py:1833} INFO - Sync 1 DAGs
[2021-08-13 23:31:29,941] {logging_mixin.py:104} INFO - [2021-08-13 23:31:29,941] {dag.py:2306} INFO - Setting next_dagrun for example_trigger_target_dag to None
[2021-08-13 23:31:29,952] {scheduler_job.py:189} INFO - Processing /home/airflow/.local/lib/python3.6/site-packages/airflow/example_dags/example_trigger_target_dag.py took 0.084 seconds
[2021-08-13 23:32:00,774] {scheduler_job.py:181} INFO - Started process (PID=258) to work on /home/airflow/.local/lib/python3.6/site-packages/airflow/example_dags/example_trigger_target_dag.py
[2021-08-13 23:32:00,776] {scheduler_job.py:632} INFO - Processing file /home/airflow/.local/lib/python3.6/site-packages/airflow/example_dags/example_trigger_target_dag.py for tasks to queue
[2021-08-13 23:32:00,777] {logging_mixin.py:104} INFO - [2021-08-13 23:32:00,776] {dagbag.py:496} INFO - Filling up the DagBag from /home/airflow/.local/lib/python3.6/site-packages/airflow/example_dags/example_trigger_target_dag.py
[2021-08-13 23:32:00,817] {scheduler_job.py:642} INFO - DAG(s) dict_keys(['example_trigger_target_dag']) retrieved from /home/airflow/.local/lib/python3.6/site-packages/airflow/example_dags/example_trigger_target_dag.py
[2021-08-13 23:32:00,854] {logging_mixin.py:104} INFO - [2021-08-13 23:32:00,854] {dag.py:1833} INFO - Sync 1 DAGs
[2021-08-13 23:32:00,879] {logging_mixin.py:104} INFO - [2021-08-13 23:32:00,879] {dag.py:2306} INFO - Setting next_dagrun for example_trigger_target_dag to None
[2021-08-13 23:32:00,899] {scheduler_job.py:189} INFO - Processing /home/airflow/.local/lib/python3.6/site-packages/airflow/example_dags/example_trigger_target_dag.py took 0.142 seconds
[2021-08-13 23:32:31,012] {scheduler_job.py:181} INFO - Started process (PID=311) to work on /home/airflow/.local/lib/python3.6/site-packages/airflow/example_dags/example_trigger_target_dag.py
[2021-08-13 23:32:31,014] {scheduler_job.py:632} INFO - Processing file /home/airflow/.local/lib/python3.6/site-packages/airflow/example_dags/example_trigger_target_dag.py for tasks to queue
[2021-08-13 23:32:31,014] {logging_mixin.py:104} INFO - [2021-08-13 23:32:31,014] {dagbag.py:496} INFO - Filling up the DagBag from /home/airflow/.local/lib/python3.6/site-packages/airflow/example_dags/example_trigger_target_dag.py
[2021-08-13 23:32:31,045] {scheduler_job.py:642} INFO - DAG(s) dict_keys(['example_trigger_target_dag']) retrieved from /home/airflow/.local/lib/python3.6/site-packages/airflow/example_dags/example_trigger_target_dag.py
[2021-08-13 23:32:31,083] {logging_mixin.py:104} INFO - [2021-08-13 23:32:31,083] {dag.py:1833} INFO - Sync 1 DAGs
[2021-08-13 23:32:31,119] {logging_mixin.py:104} INFO - [2021-08-13 23:32:31,118] {dag.py:2306} INFO - Setting next_dagrun for example_trigger_target_dag to None
[2021-08-13 23:32:31,135] {scheduler_job.py:189} INFO - Processing /home/airflow/.local/lib/python3.6/site-packages/airflow/example_dags/example_trigger_target_dag.py took 0.132 seconds
