[2021-08-13 22:58:39,249] {scheduler_job.py:181} INFO - Started process (PID=69) to work on /home/airflow/.local/lib/python3.6/site-packages/airflow/example_dags/example_latest_only.py
[2021-08-13 22:58:39,250] {scheduler_job.py:632} INFO - Processing file /home/airflow/.local/lib/python3.6/site-packages/airflow/example_dags/example_latest_only.py for tasks to queue
[2021-08-13 22:58:39,251] {logging_mixin.py:104} INFO - [2021-08-13 22:58:39,251] {dagbag.py:496} INFO - Filling up the DagBag from /home/airflow/.local/lib/python3.6/site-packages/airflow/example_dags/example_latest_only.py
[2021-08-13 22:58:39,294] {scheduler_job.py:642} INFO - DAG(s) dict_keys(['latest_only']) retrieved from /home/airflow/.local/lib/python3.6/site-packages/airflow/example_dags/example_latest_only.py
[2021-08-13 22:58:45,395] {logging_mixin.py:104} INFO - [2021-08-13 22:58:45,393] {dag.py:1833} INFO - Sync 1 DAGs
[2021-08-13 22:58:45,470] {logging_mixin.py:104} INFO - [2021-08-13 22:58:45,468] {dag.py:1852} INFO - Creating ORM DAG for latest_only
[2021-08-13 22:58:45,506] {logging_mixin.py:104} INFO - [2021-08-13 22:58:45,506] {dag.py:2306} INFO - Setting next_dagrun for latest_only to 2021-08-11 00:00:00+00:00
[2021-08-13 22:58:45,559] {scheduler_job.py:189} INFO - Processing /home/airflow/.local/lib/python3.6/site-packages/airflow/example_dags/example_latest_only.py took 6.318 seconds
[2021-08-13 23:00:08,199] {scheduler_job.py:181} INFO - Started process (PID=257) to work on /home/airflow/.local/lib/python3.6/site-packages/airflow/example_dags/example_latest_only.py
[2021-08-13 23:00:08,210] {scheduler_job.py:632} INFO - Processing file /home/airflow/.local/lib/python3.6/site-packages/airflow/example_dags/example_latest_only.py for tasks to queue
[2021-08-13 23:00:08,210] {logging_mixin.py:104} INFO - [2021-08-13 23:00:08,210] {dagbag.py:496} INFO - Filling up the DagBag from /home/airflow/.local/lib/python3.6/site-packages/airflow/example_dags/example_latest_only.py
[2021-08-13 23:00:08,242] {scheduler_job.py:642} INFO - DAG(s) dict_keys(['latest_only']) retrieved from /home/airflow/.local/lib/python3.6/site-packages/airflow/example_dags/example_latest_only.py
[2021-08-13 23:00:08,296] {logging_mixin.py:104} INFO - [2021-08-13 23:00:08,296] {dag.py:1833} INFO - Sync 1 DAGs
[2021-08-13 23:00:08,330] {logging_mixin.py:104} INFO - [2021-08-13 23:00:08,330] {dag.py:2306} INFO - Setting next_dagrun for latest_only to 2021-08-11 00:00:00+00:00
[2021-08-13 23:00:08,379] {scheduler_job.py:189} INFO - Processing /home/airflow/.local/lib/python3.6/site-packages/airflow/example_dags/example_latest_only.py took 0.183 seconds
[2021-08-13 23:00:38,921] {scheduler_job.py:181} INFO - Started process (PID=307) to work on /home/airflow/.local/lib/python3.6/site-packages/airflow/example_dags/example_latest_only.py
[2021-08-13 23:00:38,922] {scheduler_job.py:632} INFO - Processing file /home/airflow/.local/lib/python3.6/site-packages/airflow/example_dags/example_latest_only.py for tasks to queue
[2021-08-13 23:00:38,923] {logging_mixin.py:104} INFO - [2021-08-13 23:00:38,922] {dagbag.py:496} INFO - Filling up the DagBag from /home/airflow/.local/lib/python3.6/site-packages/airflow/example_dags/example_latest_only.py
[2021-08-13 23:00:38,943] {scheduler_job.py:642} INFO - DAG(s) dict_keys(['latest_only']) retrieved from /home/airflow/.local/lib/python3.6/site-packages/airflow/example_dags/example_latest_only.py
[2021-08-13 23:00:39,053] {logging_mixin.py:104} INFO - [2021-08-13 23:00:39,053] {dag.py:1833} INFO - Sync 1 DAGs
[2021-08-13 23:00:39,098] {logging_mixin.py:104} INFO - [2021-08-13 23:00:39,098] {dag.py:2306} INFO - Setting next_dagrun for latest_only to 2021-08-11 00:00:00+00:00
[2021-08-13 23:00:39,116] {scheduler_job.py:189} INFO - Processing /home/airflow/.local/lib/python3.6/site-packages/airflow/example_dags/example_latest_only.py took 0.200 seconds
[2021-08-13 23:01:09,695] {scheduler_job.py:181} INFO - Started process (PID=358) to work on /home/airflow/.local/lib/python3.6/site-packages/airflow/example_dags/example_latest_only.py
[2021-08-13 23:01:09,704] {scheduler_job.py:632} INFO - Processing file /home/airflow/.local/lib/python3.6/site-packages/airflow/example_dags/example_latest_only.py for tasks to queue
[2021-08-13 23:01:09,705] {logging_mixin.py:104} INFO - [2021-08-13 23:01:09,705] {dagbag.py:496} INFO - Filling up the DagBag from /home/airflow/.local/lib/python3.6/site-packages/airflow/example_dags/example_latest_only.py
[2021-08-13 23:01:09,725] {scheduler_job.py:642} INFO - DAG(s) dict_keys(['latest_only']) retrieved from /home/airflow/.local/lib/python3.6/site-packages/airflow/example_dags/example_latest_only.py
[2021-08-13 23:01:09,773] {logging_mixin.py:104} INFO - [2021-08-13 23:01:09,772] {dag.py:1833} INFO - Sync 1 DAGs
[2021-08-13 23:01:09,804] {logging_mixin.py:104} INFO - [2021-08-13 23:01:09,803] {dag.py:2306} INFO - Setting next_dagrun for latest_only to 2021-08-11 00:00:00+00:00
[2021-08-13 23:01:09,850] {scheduler_job.py:189} INFO - Processing /home/airflow/.local/lib/python3.6/site-packages/airflow/example_dags/example_latest_only.py took 0.159 seconds
[2021-08-13 23:01:40,194] {scheduler_job.py:181} INFO - Started process (PID=409) to work on /home/airflow/.local/lib/python3.6/site-packages/airflow/example_dags/example_latest_only.py
[2021-08-13 23:01:40,195] {scheduler_job.py:632} INFO - Processing file /home/airflow/.local/lib/python3.6/site-packages/airflow/example_dags/example_latest_only.py for tasks to queue
[2021-08-13 23:01:40,196] {logging_mixin.py:104} INFO - [2021-08-13 23:01:40,196] {dagbag.py:496} INFO - Filling up the DagBag from /home/airflow/.local/lib/python3.6/site-packages/airflow/example_dags/example_latest_only.py
[2021-08-13 23:01:40,223] {scheduler_job.py:642} INFO - DAG(s) dict_keys(['latest_only']) retrieved from /home/airflow/.local/lib/python3.6/site-packages/airflow/example_dags/example_latest_only.py
[2021-08-13 23:01:40,274] {logging_mixin.py:104} INFO - [2021-08-13 23:01:40,274] {dag.py:1833} INFO - Sync 1 DAGs
[2021-08-13 23:01:40,297] {logging_mixin.py:104} INFO - [2021-08-13 23:01:40,297] {dag.py:2306} INFO - Setting next_dagrun for latest_only to 2021-08-11 00:00:00+00:00
[2021-08-13 23:01:40,311] {scheduler_job.py:189} INFO - Processing /home/airflow/.local/lib/python3.6/site-packages/airflow/example_dags/example_latest_only.py took 0.121 seconds
[2021-08-13 23:02:10,802] {scheduler_job.py:181} INFO - Started process (PID=476) to work on /home/airflow/.local/lib/python3.6/site-packages/airflow/example_dags/example_latest_only.py
[2021-08-13 23:02:10,803] {scheduler_job.py:632} INFO - Processing file /home/airflow/.local/lib/python3.6/site-packages/airflow/example_dags/example_latest_only.py for tasks to queue
[2021-08-13 23:02:10,804] {logging_mixin.py:104} INFO - [2021-08-13 23:02:10,804] {dagbag.py:496} INFO - Filling up the DagBag from /home/airflow/.local/lib/python3.6/site-packages/airflow/example_dags/example_latest_only.py
[2021-08-13 23:02:10,821] {scheduler_job.py:642} INFO - DAG(s) dict_keys(['latest_only']) retrieved from /home/airflow/.local/lib/python3.6/site-packages/airflow/example_dags/example_latest_only.py
[2021-08-13 23:02:10,846] {logging_mixin.py:104} INFO - [2021-08-13 23:02:10,846] {dag.py:1833} INFO - Sync 1 DAGs
[2021-08-13 23:02:10,867] {logging_mixin.py:104} INFO - [2021-08-13 23:02:10,867] {dag.py:2306} INFO - Setting next_dagrun for latest_only to 2021-08-11 00:00:00+00:00
[2021-08-13 23:02:10,884] {scheduler_job.py:189} INFO - Processing /home/airflow/.local/lib/python3.6/site-packages/airflow/example_dags/example_latest_only.py took 0.100 seconds
[2021-08-13 23:29:58,797] {scheduler_job.py:181} INFO - Started process (PID=29) to work on /home/airflow/.local/lib/python3.6/site-packages/airflow/example_dags/example_latest_only.py
[2021-08-13 23:29:58,810] {scheduler_job.py:632} INFO - Processing file /home/airflow/.local/lib/python3.6/site-packages/airflow/example_dags/example_latest_only.py for tasks to queue
[2021-08-13 23:29:58,814] {logging_mixin.py:104} INFO - [2021-08-13 23:29:58,811] {dagbag.py:496} INFO - Filling up the DagBag from /home/airflow/.local/lib/python3.6/site-packages/airflow/example_dags/example_latest_only.py
[2021-08-13 23:29:58,887] {scheduler_job.py:642} INFO - DAG(s) dict_keys(['latest_only']) retrieved from /home/airflow/.local/lib/python3.6/site-packages/airflow/example_dags/example_latest_only.py
[2021-08-13 23:29:58,947] {logging_mixin.py:104} INFO - [2021-08-13 23:29:58,947] {dag.py:1833} INFO - Sync 1 DAGs
[2021-08-13 23:29:58,972] {logging_mixin.py:104} INFO - [2021-08-13 23:29:58,972] {dag.py:2306} INFO - Setting next_dagrun for latest_only to 2021-08-11 00:00:00+00:00
[2021-08-13 23:29:59,010] {scheduler_job.py:189} INFO - Processing /home/airflow/.local/lib/python3.6/site-packages/airflow/example_dags/example_latest_only.py took 0.227 seconds
[2021-08-13 23:30:29,202] {scheduler_job.py:181} INFO - Started process (PID=82) to work on /home/airflow/.local/lib/python3.6/site-packages/airflow/example_dags/example_latest_only.py
[2021-08-13 23:30:29,203] {scheduler_job.py:632} INFO - Processing file /home/airflow/.local/lib/python3.6/site-packages/airflow/example_dags/example_latest_only.py for tasks to queue
[2021-08-13 23:30:29,208] {logging_mixin.py:104} INFO - [2021-08-13 23:30:29,204] {dagbag.py:496} INFO - Filling up the DagBag from /home/airflow/.local/lib/python3.6/site-packages/airflow/example_dags/example_latest_only.py
[2021-08-13 23:30:29,264] {scheduler_job.py:642} INFO - DAG(s) dict_keys(['latest_only']) retrieved from /home/airflow/.local/lib/python3.6/site-packages/airflow/example_dags/example_latest_only.py
[2021-08-13 23:30:29,325] {logging_mixin.py:104} INFO - [2021-08-13 23:30:29,325] {dag.py:1833} INFO - Sync 1 DAGs
[2021-08-13 23:30:29,389] {logging_mixin.py:104} INFO - [2021-08-13 23:30:29,389] {dag.py:2306} INFO - Setting next_dagrun for latest_only to 2021-08-11 00:00:00+00:00
[2021-08-13 23:30:29,420] {scheduler_job.py:189} INFO - Processing /home/airflow/.local/lib/python3.6/site-packages/airflow/example_dags/example_latest_only.py took 0.238 seconds
[2021-08-13 23:30:59,983] {scheduler_job.py:181} INFO - Started process (PID=137) to work on /home/airflow/.local/lib/python3.6/site-packages/airflow/example_dags/example_latest_only.py
[2021-08-13 23:30:59,984] {scheduler_job.py:632} INFO - Processing file /home/airflow/.local/lib/python3.6/site-packages/airflow/example_dags/example_latest_only.py for tasks to queue
[2021-08-13 23:30:59,985] {logging_mixin.py:104} INFO - [2021-08-13 23:30:59,985] {dagbag.py:496} INFO - Filling up the DagBag from /home/airflow/.local/lib/python3.6/site-packages/airflow/example_dags/example_latest_only.py
[2021-08-13 23:31:00,003] {scheduler_job.py:642} INFO - DAG(s) dict_keys(['latest_only']) retrieved from /home/airflow/.local/lib/python3.6/site-packages/airflow/example_dags/example_latest_only.py
[2021-08-13 23:31:00,045] {logging_mixin.py:104} INFO - [2021-08-13 23:31:00,040] {dag.py:1833} INFO - Sync 1 DAGs
[2021-08-13 23:31:00,102] {logging_mixin.py:104} INFO - [2021-08-13 23:31:00,102] {dag.py:2306} INFO - Setting next_dagrun for latest_only to 2021-08-11 00:00:00+00:00
[2021-08-13 23:31:00,163] {scheduler_job.py:189} INFO - Processing /home/airflow/.local/lib/python3.6/site-packages/airflow/example_dags/example_latest_only.py took 0.183 seconds
[2021-08-13 23:31:31,081] {scheduler_job.py:181} INFO - Started process (PID=189) to work on /home/airflow/.local/lib/python3.6/site-packages/airflow/example_dags/example_latest_only.py
[2021-08-13 23:31:31,083] {scheduler_job.py:632} INFO - Processing file /home/airflow/.local/lib/python3.6/site-packages/airflow/example_dags/example_latest_only.py for tasks to queue
[2021-08-13 23:31:31,083] {logging_mixin.py:104} INFO - [2021-08-13 23:31:31,083] {dagbag.py:496} INFO - Filling up the DagBag from /home/airflow/.local/lib/python3.6/site-packages/airflow/example_dags/example_latest_only.py
[2021-08-13 23:31:31,130] {scheduler_job.py:642} INFO - DAG(s) dict_keys(['latest_only']) retrieved from /home/airflow/.local/lib/python3.6/site-packages/airflow/example_dags/example_latest_only.py
[2021-08-13 23:31:31,162] {logging_mixin.py:104} INFO - [2021-08-13 23:31:31,162] {dag.py:1833} INFO - Sync 1 DAGs
[2021-08-13 23:31:31,188] {logging_mixin.py:104} INFO - [2021-08-13 23:31:31,188] {dag.py:2306} INFO - Setting next_dagrun for latest_only to 2021-08-11 00:00:00+00:00
[2021-08-13 23:31:31,233] {scheduler_job.py:189} INFO - Processing /home/airflow/.local/lib/python3.6/site-packages/airflow/example_dags/example_latest_only.py took 0.155 seconds
[2021-08-13 23:32:01,961] {scheduler_job.py:181} INFO - Started process (PID=261) to work on /home/airflow/.local/lib/python3.6/site-packages/airflow/example_dags/example_latest_only.py
[2021-08-13 23:32:01,962] {scheduler_job.py:632} INFO - Processing file /home/airflow/.local/lib/python3.6/site-packages/airflow/example_dags/example_latest_only.py for tasks to queue
[2021-08-13 23:32:01,963] {logging_mixin.py:104} INFO - [2021-08-13 23:32:01,963] {dagbag.py:496} INFO - Filling up the DagBag from /home/airflow/.local/lib/python3.6/site-packages/airflow/example_dags/example_latest_only.py
[2021-08-13 23:32:01,985] {scheduler_job.py:642} INFO - DAG(s) dict_keys(['latest_only']) retrieved from /home/airflow/.local/lib/python3.6/site-packages/airflow/example_dags/example_latest_only.py
[2021-08-13 23:32:02,012] {logging_mixin.py:104} INFO - [2021-08-13 23:32:02,012] {dag.py:1833} INFO - Sync 1 DAGs
[2021-08-13 23:32:02,033] {logging_mixin.py:104} INFO - [2021-08-13 23:32:02,033] {dag.py:2306} INFO - Setting next_dagrun for latest_only to 2021-08-11 00:00:00+00:00
[2021-08-13 23:32:02,047] {scheduler_job.py:189} INFO - Processing /home/airflow/.local/lib/python3.6/site-packages/airflow/example_dags/example_latest_only.py took 0.090 seconds
[2021-08-13 23:32:32,259] {scheduler_job.py:181} INFO - Started process (PID=314) to work on /home/airflow/.local/lib/python3.6/site-packages/airflow/example_dags/example_latest_only.py
[2021-08-13 23:32:32,264] {scheduler_job.py:632} INFO - Processing file /home/airflow/.local/lib/python3.6/site-packages/airflow/example_dags/example_latest_only.py for tasks to queue
[2021-08-13 23:32:32,267] {logging_mixin.py:104} INFO - [2021-08-13 23:32:32,267] {dagbag.py:496} INFO - Filling up the DagBag from /home/airflow/.local/lib/python3.6/site-packages/airflow/example_dags/example_latest_only.py
[2021-08-13 23:32:32,301] {scheduler_job.py:642} INFO - DAG(s) dict_keys(['latest_only']) retrieved from /home/airflow/.local/lib/python3.6/site-packages/airflow/example_dags/example_latest_only.py
[2021-08-13 23:32:32,324] {logging_mixin.py:104} INFO - [2021-08-13 23:32:32,324] {dag.py:1833} INFO - Sync 1 DAGs
[2021-08-13 23:32:32,345] {logging_mixin.py:104} INFO - [2021-08-13 23:32:32,345] {dag.py:2306} INFO - Setting next_dagrun for latest_only to 2021-08-11 00:00:00+00:00
[2021-08-13 23:32:32,362] {scheduler_job.py:189} INFO - Processing /home/airflow/.local/lib/python3.6/site-packages/airflow/example_dags/example_latest_only.py took 0.118 seconds
