[2021-08-13 22:58:45,670] {scheduler_job.py:181} INFO - Started process (PID=79) to work on /home/airflow/.local/lib/python3.6/site-packages/airflow/example_dags/example_task_group.py
[2021-08-13 22:58:45,672] {scheduler_job.py:632} INFO - Processing file /home/airflow/.local/lib/python3.6/site-packages/airflow/example_dags/example_task_group.py for tasks to queue
[2021-08-13 22:58:45,673] {logging_mixin.py:104} INFO - [2021-08-13 22:58:45,672] {dagbag.py:496} INFO - Filling up the DagBag from /home/airflow/.local/lib/python3.6/site-packages/airflow/example_dags/example_task_group.py
[2021-08-13 22:58:45,757] {scheduler_job.py:642} INFO - DAG(s) dict_keys(['example_task_group']) retrieved from /home/airflow/.local/lib/python3.6/site-packages/airflow/example_dags/example_task_group.py
[2021-08-13 22:58:53,674] {logging_mixin.py:104} INFO - [2021-08-13 22:58:53,669] {dag.py:1833} INFO - Sync 1 DAGs
[2021-08-13 22:58:53,861] {logging_mixin.py:104} INFO - [2021-08-13 22:58:53,825] {dag.py:1852} INFO - Creating ORM DAG for example_task_group
[2021-08-13 22:58:53,986] {logging_mixin.py:104} INFO - [2021-08-13 22:58:53,986] {dag.py:2306} INFO - Setting next_dagrun for example_task_group to 2021-08-11 00:00:00+00:00
[2021-08-13 22:58:54,129] {scheduler_job.py:189} INFO - Processing /home/airflow/.local/lib/python3.6/site-packages/airflow/example_dags/example_task_group.py took 8.463 seconds
[2021-08-13 23:00:08,426] {scheduler_job.py:181} INFO - Started process (PID=259) to work on /home/airflow/.local/lib/python3.6/site-packages/airflow/example_dags/example_task_group.py
[2021-08-13 23:00:08,430] {scheduler_job.py:632} INFO - Processing file /home/airflow/.local/lib/python3.6/site-packages/airflow/example_dags/example_task_group.py for tasks to queue
[2021-08-13 23:00:08,431] {logging_mixin.py:104} INFO - [2021-08-13 23:00:08,431] {dagbag.py:496} INFO - Filling up the DagBag from /home/airflow/.local/lib/python3.6/site-packages/airflow/example_dags/example_task_group.py
[2021-08-13 23:00:08,490] {scheduler_job.py:642} INFO - DAG(s) dict_keys(['example_task_group']) retrieved from /home/airflow/.local/lib/python3.6/site-packages/airflow/example_dags/example_task_group.py
[2021-08-13 23:00:08,562] {logging_mixin.py:104} INFO - [2021-08-13 23:00:08,562] {dag.py:1833} INFO - Sync 1 DAGs
[2021-08-13 23:00:08,679] {logging_mixin.py:104} INFO - [2021-08-13 23:00:08,670] {dag.py:2306} INFO - Setting next_dagrun for example_task_group to 2021-08-11 00:00:00+00:00
[2021-08-13 23:00:08,759] {scheduler_job.py:189} INFO - Processing /home/airflow/.local/lib/python3.6/site-packages/airflow/example_dags/example_task_group.py took 0.343 seconds
[2021-08-13 23:00:39,148] {scheduler_job.py:181} INFO - Started process (PID=310) to work on /home/airflow/.local/lib/python3.6/site-packages/airflow/example_dags/example_task_group.py
[2021-08-13 23:00:39,149] {scheduler_job.py:632} INFO - Processing file /home/airflow/.local/lib/python3.6/site-packages/airflow/example_dags/example_task_group.py for tasks to queue
[2021-08-13 23:00:39,150] {logging_mixin.py:104} INFO - [2021-08-13 23:00:39,150] {dagbag.py:496} INFO - Filling up the DagBag from /home/airflow/.local/lib/python3.6/site-packages/airflow/example_dags/example_task_group.py
[2021-08-13 23:00:39,179] {scheduler_job.py:642} INFO - DAG(s) dict_keys(['example_task_group']) retrieved from /home/airflow/.local/lib/python3.6/site-packages/airflow/example_dags/example_task_group.py
[2021-08-13 23:00:39,219] {logging_mixin.py:104} INFO - [2021-08-13 23:00:39,219] {dag.py:1833} INFO - Sync 1 DAGs
[2021-08-13 23:00:39,255] {logging_mixin.py:104} INFO - [2021-08-13 23:00:39,254] {dag.py:2306} INFO - Setting next_dagrun for example_task_group to 2021-08-11 00:00:00+00:00
[2021-08-13 23:00:39,276] {scheduler_job.py:189} INFO - Processing /home/airflow/.local/lib/python3.6/site-packages/airflow/example_dags/example_task_group.py took 0.136 seconds
[2021-08-13 23:01:09,880] {scheduler_job.py:181} INFO - Started process (PID=360) to work on /home/airflow/.local/lib/python3.6/site-packages/airflow/example_dags/example_task_group.py
[2021-08-13 23:01:09,882] {scheduler_job.py:632} INFO - Processing file /home/airflow/.local/lib/python3.6/site-packages/airflow/example_dags/example_task_group.py for tasks to queue
[2021-08-13 23:01:09,883] {logging_mixin.py:104} INFO - [2021-08-13 23:01:09,883] {dagbag.py:496} INFO - Filling up the DagBag from /home/airflow/.local/lib/python3.6/site-packages/airflow/example_dags/example_task_group.py
[2021-08-13 23:01:09,984] {scheduler_job.py:642} INFO - DAG(s) dict_keys(['example_task_group']) retrieved from /home/airflow/.local/lib/python3.6/site-packages/airflow/example_dags/example_task_group.py
[2021-08-13 23:01:10,116] {logging_mixin.py:104} INFO - [2021-08-13 23:01:10,116] {dag.py:1833} INFO - Sync 1 DAGs
[2021-08-13 23:01:10,187] {logging_mixin.py:104} INFO - [2021-08-13 23:01:10,187] {dag.py:2306} INFO - Setting next_dagrun for example_task_group to 2021-08-11 00:00:00+00:00
[2021-08-13 23:01:10,212] {scheduler_job.py:189} INFO - Processing /home/airflow/.local/lib/python3.6/site-packages/airflow/example_dags/example_task_group.py took 0.338 seconds
[2021-08-13 23:01:40,351] {scheduler_job.py:181} INFO - Started process (PID=412) to work on /home/airflow/.local/lib/python3.6/site-packages/airflow/example_dags/example_task_group.py
[2021-08-13 23:01:40,353] {scheduler_job.py:632} INFO - Processing file /home/airflow/.local/lib/python3.6/site-packages/airflow/example_dags/example_task_group.py for tasks to queue
[2021-08-13 23:01:40,354] {logging_mixin.py:104} INFO - [2021-08-13 23:01:40,354] {dagbag.py:496} INFO - Filling up the DagBag from /home/airflow/.local/lib/python3.6/site-packages/airflow/example_dags/example_task_group.py
[2021-08-13 23:01:40,373] {scheduler_job.py:642} INFO - DAG(s) dict_keys(['example_task_group']) retrieved from /home/airflow/.local/lib/python3.6/site-packages/airflow/example_dags/example_task_group.py
[2021-08-13 23:01:40,403] {logging_mixin.py:104} INFO - [2021-08-13 23:01:40,403] {dag.py:1833} INFO - Sync 1 DAGs
[2021-08-13 23:01:40,427] {logging_mixin.py:104} INFO - [2021-08-13 23:01:40,427] {dag.py:2306} INFO - Setting next_dagrun for example_task_group to 2021-08-11 00:00:00+00:00
[2021-08-13 23:01:40,445] {scheduler_job.py:189} INFO - Processing /home/airflow/.local/lib/python3.6/site-packages/airflow/example_dags/example_task_group.py took 0.098 seconds
[2021-08-13 23:02:10,902] {scheduler_job.py:181} INFO - Started process (PID=478) to work on /home/airflow/.local/lib/python3.6/site-packages/airflow/example_dags/example_task_group.py
[2021-08-13 23:02:10,903] {scheduler_job.py:632} INFO - Processing file /home/airflow/.local/lib/python3.6/site-packages/airflow/example_dags/example_task_group.py for tasks to queue
[2021-08-13 23:02:10,903] {logging_mixin.py:104} INFO - [2021-08-13 23:02:10,903] {dagbag.py:496} INFO - Filling up the DagBag from /home/airflow/.local/lib/python3.6/site-packages/airflow/example_dags/example_task_group.py
[2021-08-13 23:02:10,923] {scheduler_job.py:642} INFO - DAG(s) dict_keys(['example_task_group']) retrieved from /home/airflow/.local/lib/python3.6/site-packages/airflow/example_dags/example_task_group.py
[2021-08-13 23:02:10,952] {logging_mixin.py:104} INFO - [2021-08-13 23:02:10,952] {dag.py:1833} INFO - Sync 1 DAGs
[2021-08-13 23:02:10,976] {logging_mixin.py:104} INFO - [2021-08-13 23:02:10,976] {dag.py:2306} INFO - Setting next_dagrun for example_task_group to 2021-08-11 00:00:00+00:00
[2021-08-13 23:02:11,010] {scheduler_job.py:189} INFO - Processing /home/airflow/.local/lib/python3.6/site-packages/airflow/example_dags/example_task_group.py took 0.111 seconds
[2021-08-13 23:29:59,043] {scheduler_job.py:181} INFO - Started process (PID=31) to work on /home/airflow/.local/lib/python3.6/site-packages/airflow/example_dags/example_task_group.py
[2021-08-13 23:29:59,044] {scheduler_job.py:632} INFO - Processing file /home/airflow/.local/lib/python3.6/site-packages/airflow/example_dags/example_task_group.py for tasks to queue
[2021-08-13 23:29:59,045] {logging_mixin.py:104} INFO - [2021-08-13 23:29:59,044] {dagbag.py:496} INFO - Filling up the DagBag from /home/airflow/.local/lib/python3.6/site-packages/airflow/example_dags/example_task_group.py
[2021-08-13 23:29:59,115] {scheduler_job.py:642} INFO - DAG(s) dict_keys(['example_task_group']) retrieved from /home/airflow/.local/lib/python3.6/site-packages/airflow/example_dags/example_task_group.py
[2021-08-13 23:29:59,167] {logging_mixin.py:104} INFO - [2021-08-13 23:29:59,167] {dag.py:1833} INFO - Sync 1 DAGs
[2021-08-13 23:29:59,225] {logging_mixin.py:104} INFO - [2021-08-13 23:29:59,225] {dag.py:2306} INFO - Setting next_dagrun for example_task_group to 2021-08-11 00:00:00+00:00
[2021-08-13 23:29:59,272] {scheduler_job.py:189} INFO - Processing /home/airflow/.local/lib/python3.6/site-packages/airflow/example_dags/example_task_group.py took 0.236 seconds
[2021-08-13 23:30:29,500] {scheduler_job.py:181} INFO - Started process (PID=84) to work on /home/airflow/.local/lib/python3.6/site-packages/airflow/example_dags/example_task_group.py
[2021-08-13 23:30:29,501] {scheduler_job.py:632} INFO - Processing file /home/airflow/.local/lib/python3.6/site-packages/airflow/example_dags/example_task_group.py for tasks to queue
[2021-08-13 23:30:29,502] {logging_mixin.py:104} INFO - [2021-08-13 23:30:29,502] {dagbag.py:496} INFO - Filling up the DagBag from /home/airflow/.local/lib/python3.6/site-packages/airflow/example_dags/example_task_group.py
[2021-08-13 23:30:29,671] {scheduler_job.py:642} INFO - DAG(s) dict_keys(['example_task_group']) retrieved from /home/airflow/.local/lib/python3.6/site-packages/airflow/example_dags/example_task_group.py
[2021-08-13 23:30:29,786] {logging_mixin.py:104} INFO - [2021-08-13 23:30:29,786] {dag.py:1833} INFO - Sync 1 DAGs
[2021-08-13 23:30:29,865] {logging_mixin.py:104} INFO - [2021-08-13 23:30:29,865] {dag.py:2306} INFO - Setting next_dagrun for example_task_group to 2021-08-11 00:00:00+00:00
[2021-08-13 23:30:29,917] {scheduler_job.py:189} INFO - Processing /home/airflow/.local/lib/python3.6/site-packages/airflow/example_dags/example_task_group.py took 0.441 seconds
[2021-08-13 23:31:00,341] {scheduler_job.py:181} INFO - Started process (PID=139) to work on /home/airflow/.local/lib/python3.6/site-packages/airflow/example_dags/example_task_group.py
[2021-08-13 23:31:00,342] {scheduler_job.py:632} INFO - Processing file /home/airflow/.local/lib/python3.6/site-packages/airflow/example_dags/example_task_group.py for tasks to queue
[2021-08-13 23:31:00,343] {logging_mixin.py:104} INFO - [2021-08-13 23:31:00,343] {dagbag.py:496} INFO - Filling up the DagBag from /home/airflow/.local/lib/python3.6/site-packages/airflow/example_dags/example_task_group.py
[2021-08-13 23:31:00,379] {scheduler_job.py:642} INFO - DAG(s) dict_keys(['example_task_group']) retrieved from /home/airflow/.local/lib/python3.6/site-packages/airflow/example_dags/example_task_group.py
[2021-08-13 23:31:00,411] {logging_mixin.py:104} INFO - [2021-08-13 23:31:00,411] {dag.py:1833} INFO - Sync 1 DAGs
[2021-08-13 23:31:00,427] {logging_mixin.py:104} INFO - [2021-08-13 23:31:00,427] {dag.py:2306} INFO - Setting next_dagrun for example_task_group to 2021-08-11 00:00:00+00:00
[2021-08-13 23:31:00,444] {scheduler_job.py:189} INFO - Processing /home/airflow/.local/lib/python3.6/site-packages/airflow/example_dags/example_task_group.py took 0.107 seconds
[2021-08-13 23:31:31,277] {scheduler_job.py:181} INFO - Started process (PID=191) to work on /home/airflow/.local/lib/python3.6/site-packages/airflow/example_dags/example_task_group.py
[2021-08-13 23:31:31,278] {scheduler_job.py:632} INFO - Processing file /home/airflow/.local/lib/python3.6/site-packages/airflow/example_dags/example_task_group.py for tasks to queue
[2021-08-13 23:31:31,279] {logging_mixin.py:104} INFO - [2021-08-13 23:31:31,279] {dagbag.py:496} INFO - Filling up the DagBag from /home/airflow/.local/lib/python3.6/site-packages/airflow/example_dags/example_task_group.py
[2021-08-13 23:31:31,303] {scheduler_job.py:642} INFO - DAG(s) dict_keys(['example_task_group']) retrieved from /home/airflow/.local/lib/python3.6/site-packages/airflow/example_dags/example_task_group.py
[2021-08-13 23:31:31,373] {logging_mixin.py:104} INFO - [2021-08-13 23:31:31,373] {dag.py:1833} INFO - Sync 1 DAGs
[2021-08-13 23:31:31,434] {logging_mixin.py:104} INFO - [2021-08-13 23:31:31,434] {dag.py:2306} INFO - Setting next_dagrun for example_task_group to 2021-08-11 00:00:00+00:00
[2021-08-13 23:31:31,491] {scheduler_job.py:189} INFO - Processing /home/airflow/.local/lib/python3.6/site-packages/airflow/example_dags/example_task_group.py took 0.240 seconds
[2021-08-13 23:32:02,096] {scheduler_job.py:181} INFO - Started process (PID=263) to work on /home/airflow/.local/lib/python3.6/site-packages/airflow/example_dags/example_task_group.py
[2021-08-13 23:32:02,101] {scheduler_job.py:632} INFO - Processing file /home/airflow/.local/lib/python3.6/site-packages/airflow/example_dags/example_task_group.py for tasks to queue
[2021-08-13 23:32:02,102] {logging_mixin.py:104} INFO - [2021-08-13 23:32:02,102] {dagbag.py:496} INFO - Filling up the DagBag from /home/airflow/.local/lib/python3.6/site-packages/airflow/example_dags/example_task_group.py
[2021-08-13 23:32:02,173] {scheduler_job.py:642} INFO - DAG(s) dict_keys(['example_task_group']) retrieved from /home/airflow/.local/lib/python3.6/site-packages/airflow/example_dags/example_task_group.py
[2021-08-13 23:32:02,215] {logging_mixin.py:104} INFO - [2021-08-13 23:32:02,215] {dag.py:1833} INFO - Sync 1 DAGs
[2021-08-13 23:32:02,240] {logging_mixin.py:104} INFO - [2021-08-13 23:32:02,240] {dag.py:2306} INFO - Setting next_dagrun for example_task_group to 2021-08-11 00:00:00+00:00
[2021-08-13 23:32:02,260] {scheduler_job.py:189} INFO - Processing /home/airflow/.local/lib/python3.6/site-packages/airflow/example_dags/example_task_group.py took 0.178 seconds
[2021-08-13 23:32:32,381] {scheduler_job.py:181} INFO - Started process (PID=316) to work on /home/airflow/.local/lib/python3.6/site-packages/airflow/example_dags/example_task_group.py
[2021-08-13 23:32:32,382] {scheduler_job.py:632} INFO - Processing file /home/airflow/.local/lib/python3.6/site-packages/airflow/example_dags/example_task_group.py for tasks to queue
[2021-08-13 23:32:32,383] {logging_mixin.py:104} INFO - [2021-08-13 23:32:32,383] {dagbag.py:496} INFO - Filling up the DagBag from /home/airflow/.local/lib/python3.6/site-packages/airflow/example_dags/example_task_group.py
[2021-08-13 23:32:32,407] {scheduler_job.py:642} INFO - DAG(s) dict_keys(['example_task_group']) retrieved from /home/airflow/.local/lib/python3.6/site-packages/airflow/example_dags/example_task_group.py
[2021-08-13 23:32:32,431] {logging_mixin.py:104} INFO - [2021-08-13 23:32:32,431] {dag.py:1833} INFO - Sync 1 DAGs
[2021-08-13 23:32:32,453] {logging_mixin.py:104} INFO - [2021-08-13 23:32:32,453] {dag.py:2306} INFO - Setting next_dagrun for example_task_group to 2021-08-11 00:00:00+00:00
[2021-08-13 23:32:32,468] {scheduler_job.py:189} INFO - Processing /home/airflow/.local/lib/python3.6/site-packages/airflow/example_dags/example_task_group.py took 0.090 seconds
