[2021-08-13 22:59:51,059] {scheduler_job.py:181} INFO - Started process (PID=216) to work on /home/airflow/.local/lib/python3.6/site-packages/airflow/example_dags/example_external_task_marker_dag.py
[2021-08-13 22:59:51,060] {scheduler_job.py:632} INFO - Processing file /home/airflow/.local/lib/python3.6/site-packages/airflow/example_dags/example_external_task_marker_dag.py for tasks to queue
[2021-08-13 22:59:51,069] {logging_mixin.py:104} INFO - [2021-08-13 22:59:51,069] {dagbag.py:496} INFO - Filling up the DagBag from /home/airflow/.local/lib/python3.6/site-packages/airflow/example_dags/example_external_task_marker_dag.py
[2021-08-13 22:59:51,109] {scheduler_job.py:642} INFO - DAG(s) dict_keys(['example_external_task_marker_parent', 'example_external_task_marker_child']) retrieved from /home/airflow/.local/lib/python3.6/site-packages/airflow/example_dags/example_external_task_marker_dag.py
[2021-08-13 22:59:56,200] {logging_mixin.py:104} INFO - [2021-08-13 22:59:56,199] {dag.py:1833} INFO - Sync 2 DAGs
[2021-08-13 22:59:56,229] {logging_mixin.py:104} INFO - [2021-08-13 22:59:56,227] {dag.py:1852} INFO - Creating ORM DAG for example_external_task_marker_child
[2021-08-13 22:59:56,229] {logging_mixin.py:104} INFO - [2021-08-13 22:59:56,229] {dag.py:1852} INFO - Creating ORM DAG for example_external_task_marker_parent
[2021-08-13 22:59:56,242] {logging_mixin.py:104} INFO - [2021-08-13 22:59:56,242] {dag.py:2306} INFO - Setting next_dagrun for example_external_task_marker_child to None
[2021-08-13 22:59:56,242] {logging_mixin.py:104} INFO - [2021-08-13 22:59:56,242] {dag.py:2306} INFO - Setting next_dagrun for example_external_task_marker_parent to None
[2021-08-13 22:59:56,266] {scheduler_job.py:189} INFO - Processing /home/airflow/.local/lib/python3.6/site-packages/airflow/example_dags/example_external_task_marker_dag.py took 5.220 seconds
[2021-08-13 23:00:26,357] {scheduler_job.py:181} INFO - Started process (PID=289) to work on /home/airflow/.local/lib/python3.6/site-packages/airflow/example_dags/example_external_task_marker_dag.py
[2021-08-13 23:00:26,371] {scheduler_job.py:632} INFO - Processing file /home/airflow/.local/lib/python3.6/site-packages/airflow/example_dags/example_external_task_marker_dag.py for tasks to queue
[2021-08-13 23:00:26,372] {logging_mixin.py:104} INFO - [2021-08-13 23:00:26,371] {dagbag.py:496} INFO - Filling up the DagBag from /home/airflow/.local/lib/python3.6/site-packages/airflow/example_dags/example_external_task_marker_dag.py
[2021-08-13 23:00:26,393] {scheduler_job.py:642} INFO - DAG(s) dict_keys(['example_external_task_marker_parent', 'example_external_task_marker_child']) retrieved from /home/airflow/.local/lib/python3.6/site-packages/airflow/example_dags/example_external_task_marker_dag.py
[2021-08-13 23:00:26,426] {logging_mixin.py:104} INFO - [2021-08-13 23:00:26,426] {dag.py:1833} INFO - Sync 2 DAGs
[2021-08-13 23:00:26,451] {logging_mixin.py:104} INFO - [2021-08-13 23:00:26,451] {dag.py:2306} INFO - Setting next_dagrun for example_external_task_marker_child to None
[2021-08-13 23:00:26,453] {logging_mixin.py:104} INFO - [2021-08-13 23:00:26,452] {dag.py:2306} INFO - Setting next_dagrun for example_external_task_marker_parent to None
[2021-08-13 23:00:26,471] {scheduler_job.py:189} INFO - Processing /home/airflow/.local/lib/python3.6/site-packages/airflow/example_dags/example_external_task_marker_dag.py took 0.117 seconds
[2021-08-13 23:00:56,879] {scheduler_job.py:181} INFO - Started process (PID=345) to work on /home/airflow/.local/lib/python3.6/site-packages/airflow/example_dags/example_external_task_marker_dag.py
[2021-08-13 23:00:56,899] {scheduler_job.py:632} INFO - Processing file /home/airflow/.local/lib/python3.6/site-packages/airflow/example_dags/example_external_task_marker_dag.py for tasks to queue
[2021-08-13 23:00:56,900] {logging_mixin.py:104} INFO - [2021-08-13 23:00:56,899] {dagbag.py:496} INFO - Filling up the DagBag from /home/airflow/.local/lib/python3.6/site-packages/airflow/example_dags/example_external_task_marker_dag.py
[2021-08-13 23:00:57,015] {scheduler_job.py:642} INFO - DAG(s) dict_keys(['example_external_task_marker_parent', 'example_external_task_marker_child']) retrieved from /home/airflow/.local/lib/python3.6/site-packages/airflow/example_dags/example_external_task_marker_dag.py
[2021-08-13 23:00:57,072] {logging_mixin.py:104} INFO - [2021-08-13 23:00:57,072] {dag.py:1833} INFO - Sync 2 DAGs
[2021-08-13 23:00:57,100] {logging_mixin.py:104} INFO - [2021-08-13 23:00:57,099] {dag.py:2306} INFO - Setting next_dagrun for example_external_task_marker_child to None
[2021-08-13 23:00:57,101] {logging_mixin.py:104} INFO - [2021-08-13 23:00:57,101] {dag.py:2306} INFO - Setting next_dagrun for example_external_task_marker_parent to None
[2021-08-13 23:00:57,129] {scheduler_job.py:189} INFO - Processing /home/airflow/.local/lib/python3.6/site-packages/airflow/example_dags/example_external_task_marker_dag.py took 0.266 seconds
[2021-08-13 23:01:27,171] {scheduler_job.py:181} INFO - Started process (PID=398) to work on /home/airflow/.local/lib/python3.6/site-packages/airflow/example_dags/example_external_task_marker_dag.py
[2021-08-13 23:01:27,187] {scheduler_job.py:632} INFO - Processing file /home/airflow/.local/lib/python3.6/site-packages/airflow/example_dags/example_external_task_marker_dag.py for tasks to queue
[2021-08-13 23:01:27,188] {logging_mixin.py:104} INFO - [2021-08-13 23:01:27,187] {dagbag.py:496} INFO - Filling up the DagBag from /home/airflow/.local/lib/python3.6/site-packages/airflow/example_dags/example_external_task_marker_dag.py
[2021-08-13 23:01:27,220] {scheduler_job.py:642} INFO - DAG(s) dict_keys(['example_external_task_marker_parent', 'example_external_task_marker_child']) retrieved from /home/airflow/.local/lib/python3.6/site-packages/airflow/example_dags/example_external_task_marker_dag.py
[2021-08-13 23:01:27,303] {logging_mixin.py:104} INFO - [2021-08-13 23:01:27,303] {dag.py:1833} INFO - Sync 2 DAGs
[2021-08-13 23:01:27,391] {logging_mixin.py:104} INFO - [2021-08-13 23:01:27,391] {dag.py:2306} INFO - Setting next_dagrun for example_external_task_marker_child to None
[2021-08-13 23:01:27,407] {logging_mixin.py:104} INFO - [2021-08-13 23:01:27,407] {dag.py:2306} INFO - Setting next_dagrun for example_external_task_marker_parent to None
[2021-08-13 23:01:27,430] {scheduler_job.py:189} INFO - Processing /home/airflow/.local/lib/python3.6/site-packages/airflow/example_dags/example_external_task_marker_dag.py took 0.270 seconds
[2021-08-13 23:01:57,882] {scheduler_job.py:181} INFO - Started process (PID=451) to work on /home/airflow/.local/lib/python3.6/site-packages/airflow/example_dags/example_external_task_marker_dag.py
[2021-08-13 23:01:57,883] {scheduler_job.py:632} INFO - Processing file /home/airflow/.local/lib/python3.6/site-packages/airflow/example_dags/example_external_task_marker_dag.py for tasks to queue
[2021-08-13 23:01:57,887] {logging_mixin.py:104} INFO - [2021-08-13 23:01:57,887] {dagbag.py:496} INFO - Filling up the DagBag from /home/airflow/.local/lib/python3.6/site-packages/airflow/example_dags/example_external_task_marker_dag.py
[2021-08-13 23:01:57,924] {scheduler_job.py:642} INFO - DAG(s) dict_keys(['example_external_task_marker_parent', 'example_external_task_marker_child']) retrieved from /home/airflow/.local/lib/python3.6/site-packages/airflow/example_dags/example_external_task_marker_dag.py
[2021-08-13 23:01:58,006] {logging_mixin.py:104} INFO - [2021-08-13 23:01:58,006] {dag.py:1833} INFO - Sync 2 DAGs
[2021-08-13 23:01:58,083] {logging_mixin.py:104} INFO - [2021-08-13 23:01:58,083] {dag.py:2306} INFO - Setting next_dagrun for example_external_task_marker_child to None
[2021-08-13 23:01:58,084] {logging_mixin.py:104} INFO - [2021-08-13 23:01:58,084] {dag.py:2306} INFO - Setting next_dagrun for example_external_task_marker_parent to None
[2021-08-13 23:01:58,203] {scheduler_job.py:189} INFO - Processing /home/airflow/.local/lib/python3.6/site-packages/airflow/example_dags/example_external_task_marker_dag.py took 0.325 seconds
[2021-08-13 23:30:08,289] {scheduler_job.py:181} INFO - Started process (PID=61) to work on /home/airflow/.local/lib/python3.6/site-packages/airflow/example_dags/example_external_task_marker_dag.py
[2021-08-13 23:30:08,315] {scheduler_job.py:632} INFO - Processing file /home/airflow/.local/lib/python3.6/site-packages/airflow/example_dags/example_external_task_marker_dag.py for tasks to queue
[2021-08-13 23:30:08,316] {logging_mixin.py:104} INFO - [2021-08-13 23:30:08,316] {dagbag.py:496} INFO - Filling up the DagBag from /home/airflow/.local/lib/python3.6/site-packages/airflow/example_dags/example_external_task_marker_dag.py
[2021-08-13 23:30:08,471] {scheduler_job.py:642} INFO - DAG(s) dict_keys(['example_external_task_marker_parent', 'example_external_task_marker_child']) retrieved from /home/airflow/.local/lib/python3.6/site-packages/airflow/example_dags/example_external_task_marker_dag.py
[2021-08-13 23:30:09,911] {logging_mixin.py:104} INFO - [2021-08-13 23:30:09,911] {dag.py:1833} INFO - Sync 2 DAGs
[2021-08-13 23:30:09,993] {logging_mixin.py:104} INFO - [2021-08-13 23:30:09,993] {dag.py:2306} INFO - Setting next_dagrun for example_external_task_marker_child to None
[2021-08-13 23:30:09,994] {logging_mixin.py:104} INFO - [2021-08-13 23:30:09,994] {dag.py:2306} INFO - Setting next_dagrun for example_external_task_marker_parent to None
[2021-08-13 23:30:10,093] {scheduler_job.py:189} INFO - Processing /home/airflow/.local/lib/python3.6/site-packages/airflow/example_dags/example_external_task_marker_dag.py took 1.849 seconds
[2021-08-13 23:30:40,352] {scheduler_job.py:181} INFO - Started process (PID=116) to work on /home/airflow/.local/lib/python3.6/site-packages/airflow/example_dags/example_external_task_marker_dag.py
[2021-08-13 23:30:40,354] {scheduler_job.py:632} INFO - Processing file /home/airflow/.local/lib/python3.6/site-packages/airflow/example_dags/example_external_task_marker_dag.py for tasks to queue
[2021-08-13 23:30:40,357] {logging_mixin.py:104} INFO - [2021-08-13 23:30:40,357] {dagbag.py:496} INFO - Filling up the DagBag from /home/airflow/.local/lib/python3.6/site-packages/airflow/example_dags/example_external_task_marker_dag.py
[2021-08-13 23:30:40,387] {scheduler_job.py:642} INFO - DAG(s) dict_keys(['example_external_task_marker_parent', 'example_external_task_marker_child']) retrieved from /home/airflow/.local/lib/python3.6/site-packages/airflow/example_dags/example_external_task_marker_dag.py
[2021-08-13 23:30:41,109] {logging_mixin.py:104} INFO - [2021-08-13 23:30:41,109] {dag.py:1833} INFO - Sync 2 DAGs
[2021-08-13 23:30:41,201] {logging_mixin.py:104} INFO - [2021-08-13 23:30:41,201] {dag.py:2306} INFO - Setting next_dagrun for example_external_task_marker_child to None
[2021-08-13 23:30:41,202] {logging_mixin.py:104} INFO - [2021-08-13 23:30:41,202] {dag.py:2306} INFO - Setting next_dagrun for example_external_task_marker_parent to None
[2021-08-13 23:30:41,241] {scheduler_job.py:189} INFO - Processing /home/airflow/.local/lib/python3.6/site-packages/airflow/example_dags/example_external_task_marker_dag.py took 0.894 seconds
[2021-08-13 23:31:12,170] {scheduler_job.py:181} INFO - Started process (PID=169) to work on /home/airflow/.local/lib/python3.6/site-packages/airflow/example_dags/example_external_task_marker_dag.py
[2021-08-13 23:31:12,171] {scheduler_job.py:632} INFO - Processing file /home/airflow/.local/lib/python3.6/site-packages/airflow/example_dags/example_external_task_marker_dag.py for tasks to queue
[2021-08-13 23:31:12,172] {logging_mixin.py:104} INFO - [2021-08-13 23:31:12,171] {dagbag.py:496} INFO - Filling up the DagBag from /home/airflow/.local/lib/python3.6/site-packages/airflow/example_dags/example_external_task_marker_dag.py
[2021-08-13 23:31:12,236] {scheduler_job.py:642} INFO - DAG(s) dict_keys(['example_external_task_marker_parent', 'example_external_task_marker_child']) retrieved from /home/airflow/.local/lib/python3.6/site-packages/airflow/example_dags/example_external_task_marker_dag.py
[2021-08-13 23:31:12,689] {logging_mixin.py:104} INFO - [2021-08-13 23:31:12,689] {dag.py:1833} INFO - Sync 2 DAGs
[2021-08-13 23:31:12,742] {logging_mixin.py:104} INFO - [2021-08-13 23:31:12,741] {dag.py:2306} INFO - Setting next_dagrun for example_external_task_marker_child to None
[2021-08-13 23:31:12,743] {logging_mixin.py:104} INFO - [2021-08-13 23:31:12,742] {dag.py:2306} INFO - Setting next_dagrun for example_external_task_marker_parent to None
[2021-08-13 23:31:12,782] {scheduler_job.py:189} INFO - Processing /home/airflow/.local/lib/python3.6/site-packages/airflow/example_dags/example_external_task_marker_dag.py took 0.617 seconds
[2021-08-13 23:31:43,093] {scheduler_job.py:181} INFO - Started process (PID=231) to work on /home/airflow/.local/lib/python3.6/site-packages/airflow/example_dags/example_external_task_marker_dag.py
[2021-08-13 23:31:43,094] {scheduler_job.py:632} INFO - Processing file /home/airflow/.local/lib/python3.6/site-packages/airflow/example_dags/example_external_task_marker_dag.py for tasks to queue
[2021-08-13 23:31:43,095] {logging_mixin.py:104} INFO - [2021-08-13 23:31:43,095] {dagbag.py:496} INFO - Filling up the DagBag from /home/airflow/.local/lib/python3.6/site-packages/airflow/example_dags/example_external_task_marker_dag.py
[2021-08-13 23:31:43,169] {scheduler_job.py:642} INFO - DAG(s) dict_keys(['example_external_task_marker_parent', 'example_external_task_marker_child']) retrieved from /home/airflow/.local/lib/python3.6/site-packages/airflow/example_dags/example_external_task_marker_dag.py
[2021-08-13 23:31:44,102] {logging_mixin.py:104} INFO - [2021-08-13 23:31:44,102] {dag.py:1833} INFO - Sync 2 DAGs
[2021-08-13 23:31:44,135] {logging_mixin.py:104} INFO - [2021-08-13 23:31:44,135] {dag.py:2306} INFO - Setting next_dagrun for example_external_task_marker_child to None
[2021-08-13 23:31:44,137] {logging_mixin.py:104} INFO - [2021-08-13 23:31:44,137] {dag.py:2306} INFO - Setting next_dagrun for example_external_task_marker_parent to None
[2021-08-13 23:31:44,155] {scheduler_job.py:189} INFO - Processing /home/airflow/.local/lib/python3.6/site-packages/airflow/example_dags/example_external_task_marker_dag.py took 1.065 seconds
[2021-08-13 23:32:14,442] {scheduler_job.py:181} INFO - Started process (PID=293) to work on /home/airflow/.local/lib/python3.6/site-packages/airflow/example_dags/example_external_task_marker_dag.py
[2021-08-13 23:32:14,447] {scheduler_job.py:632} INFO - Processing file /home/airflow/.local/lib/python3.6/site-packages/airflow/example_dags/example_external_task_marker_dag.py for tasks to queue
[2021-08-13 23:32:14,447] {logging_mixin.py:104} INFO - [2021-08-13 23:32:14,447] {dagbag.py:496} INFO - Filling up the DagBag from /home/airflow/.local/lib/python3.6/site-packages/airflow/example_dags/example_external_task_marker_dag.py
[2021-08-13 23:32:14,512] {scheduler_job.py:642} INFO - DAG(s) dict_keys(['example_external_task_marker_parent', 'example_external_task_marker_child']) retrieved from /home/airflow/.local/lib/python3.6/site-packages/airflow/example_dags/example_external_task_marker_dag.py
[2021-08-13 23:32:14,586] {logging_mixin.py:104} INFO - [2021-08-13 23:32:14,586] {dag.py:1833} INFO - Sync 2 DAGs
[2021-08-13 23:32:14,635] {logging_mixin.py:104} INFO - [2021-08-13 23:32:14,634] {dag.py:2306} INFO - Setting next_dagrun for example_external_task_marker_child to None
[2021-08-13 23:32:14,636] {logging_mixin.py:104} INFO - [2021-08-13 23:32:14,635] {dag.py:2306} INFO - Setting next_dagrun for example_external_task_marker_parent to None
[2021-08-13 23:32:14,655] {scheduler_job.py:189} INFO - Processing /home/airflow/.local/lib/python3.6/site-packages/airflow/example_dags/example_external_task_marker_dag.py took 0.224 seconds
[2021-08-13 23:32:44,727] {scheduler_job.py:181} INFO - Started process (PID=346) to work on /home/airflow/.local/lib/python3.6/site-packages/airflow/example_dags/example_external_task_marker_dag.py
[2021-08-13 23:32:44,738] {scheduler_job.py:632} INFO - Processing file /home/airflow/.local/lib/python3.6/site-packages/airflow/example_dags/example_external_task_marker_dag.py for tasks to queue
[2021-08-13 23:32:44,739] {logging_mixin.py:104} INFO - [2021-08-13 23:32:44,739] {dagbag.py:496} INFO - Filling up the DagBag from /home/airflow/.local/lib/python3.6/site-packages/airflow/example_dags/example_external_task_marker_dag.py
[2021-08-13 23:32:44,764] {scheduler_job.py:642} INFO - DAG(s) dict_keys(['example_external_task_marker_parent', 'example_external_task_marker_child']) retrieved from /home/airflow/.local/lib/python3.6/site-packages/airflow/example_dags/example_external_task_marker_dag.py
[2021-08-13 23:32:45,316] {logging_mixin.py:104} INFO - [2021-08-13 23:32:45,316] {dag.py:1833} INFO - Sync 2 DAGs
[2021-08-13 23:32:45,370] {logging_mixin.py:104} INFO - [2021-08-13 23:32:45,370] {dag.py:2306} INFO - Setting next_dagrun for example_external_task_marker_child to None
[2021-08-13 23:32:45,376] {logging_mixin.py:104} INFO - [2021-08-13 23:32:45,372] {dag.py:2306} INFO - Setting next_dagrun for example_external_task_marker_parent to None
[2021-08-13 23:32:45,414] {scheduler_job.py:189} INFO - Processing /home/airflow/.local/lib/python3.6/site-packages/airflow/example_dags/example_external_task_marker_dag.py took 0.694 seconds
