[2021-08-13 22:59:33,324] {scheduler_job.py:181} INFO - Started process (PID=171) to work on /home/airflow/.local/lib/python3.6/site-packages/airflow/example_dags/tutorial.py
[2021-08-13 22:59:33,325] {scheduler_job.py:632} INFO - Processing file /home/airflow/.local/lib/python3.6/site-packages/airflow/example_dags/tutorial.py for tasks to queue
[2021-08-13 22:59:33,326] {logging_mixin.py:104} INFO - [2021-08-13 22:59:33,326] {dagbag.py:496} INFO - Filling up the DagBag from /home/airflow/.local/lib/python3.6/site-packages/airflow/example_dags/tutorial.py
[2021-08-13 22:59:33,362] {scheduler_job.py:642} INFO - DAG(s) dict_keys(['tutorial']) retrieved from /home/airflow/.local/lib/python3.6/site-packages/airflow/example_dags/tutorial.py
[2021-08-13 22:59:38,583] {logging_mixin.py:104} INFO - [2021-08-13 22:59:38,581] {dag.py:1833} INFO - Sync 1 DAGs
[2021-08-13 22:59:38,601] {logging_mixin.py:104} INFO - [2021-08-13 22:59:38,599] {dag.py:1852} INFO - Creating ORM DAG for tutorial
[2021-08-13 22:59:38,614] {logging_mixin.py:104} INFO - [2021-08-13 22:59:38,614] {dag.py:2306} INFO - Setting next_dagrun for tutorial to 2021-08-11 00:00:00+00:00
[2021-08-13 22:59:38,642] {scheduler_job.py:189} INFO - Processing /home/airflow/.local/lib/python3.6/site-packages/airflow/example_dags/tutorial.py took 5.322 seconds
[2021-08-13 23:00:10,340] {scheduler_job.py:181} INFO - Started process (PID=271) to work on /home/airflow/.local/lib/python3.6/site-packages/airflow/example_dags/tutorial.py
[2021-08-13 23:00:10,344] {scheduler_job.py:632} INFO - Processing file /home/airflow/.local/lib/python3.6/site-packages/airflow/example_dags/tutorial.py for tasks to queue
[2021-08-13 23:00:10,345] {logging_mixin.py:104} INFO - [2021-08-13 23:00:10,345] {dagbag.py:496} INFO - Filling up the DagBag from /home/airflow/.local/lib/python3.6/site-packages/airflow/example_dags/tutorial.py
[2021-08-13 23:00:10,374] {scheduler_job.py:642} INFO - DAG(s) dict_keys(['tutorial']) retrieved from /home/airflow/.local/lib/python3.6/site-packages/airflow/example_dags/tutorial.py
[2021-08-13 23:00:10,424] {logging_mixin.py:104} INFO - [2021-08-13 23:00:10,423] {dag.py:1833} INFO - Sync 1 DAGs
[2021-08-13 23:00:10,456] {logging_mixin.py:104} INFO - [2021-08-13 23:00:10,455] {dag.py:2306} INFO - Setting next_dagrun for tutorial to 2021-08-11 00:00:00+00:00
[2021-08-13 23:00:10,470] {scheduler_job.py:189} INFO - Processing /home/airflow/.local/lib/python3.6/site-packages/airflow/example_dags/tutorial.py took 0.147 seconds
[2021-08-13 23:00:41,381] {scheduler_job.py:181} INFO - Started process (PID=322) to work on /home/airflow/.local/lib/python3.6/site-packages/airflow/example_dags/tutorial.py
[2021-08-13 23:00:41,382] {scheduler_job.py:632} INFO - Processing file /home/airflow/.local/lib/python3.6/site-packages/airflow/example_dags/tutorial.py for tasks to queue
[2021-08-13 23:00:41,386] {logging_mixin.py:104} INFO - [2021-08-13 23:00:41,386] {dagbag.py:496} INFO - Filling up the DagBag from /home/airflow/.local/lib/python3.6/site-packages/airflow/example_dags/tutorial.py
[2021-08-13 23:00:41,443] {scheduler_job.py:642} INFO - DAG(s) dict_keys(['tutorial']) retrieved from /home/airflow/.local/lib/python3.6/site-packages/airflow/example_dags/tutorial.py
[2021-08-13 23:00:41,496] {logging_mixin.py:104} INFO - [2021-08-13 23:00:41,495] {dag.py:1833} INFO - Sync 1 DAGs
[2021-08-13 23:00:41,528] {logging_mixin.py:104} INFO - [2021-08-13 23:00:41,528] {dag.py:2306} INFO - Setting next_dagrun for tutorial to 2021-08-11 00:00:00+00:00
[2021-08-13 23:00:41,548] {scheduler_job.py:189} INFO - Processing /home/airflow/.local/lib/python3.6/site-packages/airflow/example_dags/tutorial.py took 0.202 seconds
[2021-08-13 23:01:13,562] {scheduler_job.py:181} INFO - Started process (PID=383) to work on /home/airflow/.local/lib/python3.6/site-packages/airflow/example_dags/tutorial.py
[2021-08-13 23:01:13,573] {scheduler_job.py:632} INFO - Processing file /home/airflow/.local/lib/python3.6/site-packages/airflow/example_dags/tutorial.py for tasks to queue
[2021-08-13 23:01:13,574] {logging_mixin.py:104} INFO - [2021-08-13 23:01:13,574] {dagbag.py:496} INFO - Filling up the DagBag from /home/airflow/.local/lib/python3.6/site-packages/airflow/example_dags/tutorial.py
[2021-08-13 23:01:13,663] {scheduler_job.py:642} INFO - DAG(s) dict_keys(['tutorial']) retrieved from /home/airflow/.local/lib/python3.6/site-packages/airflow/example_dags/tutorial.py
[2021-08-13 23:01:13,775] {logging_mixin.py:104} INFO - [2021-08-13 23:01:13,775] {dag.py:1833} INFO - Sync 1 DAGs
[2021-08-13 23:01:13,857] {logging_mixin.py:104} INFO - [2021-08-13 23:01:13,857] {dag.py:2306} INFO - Setting next_dagrun for tutorial to 2021-08-11 00:00:00+00:00
[2021-08-13 23:01:13,971] {scheduler_job.py:189} INFO - Processing /home/airflow/.local/lib/python3.6/site-packages/airflow/example_dags/tutorial.py took 0.425 seconds
[2021-08-13 23:01:44,825] {scheduler_job.py:181} INFO - Started process (PID=433) to work on /home/airflow/.local/lib/python3.6/site-packages/airflow/example_dags/tutorial.py
[2021-08-13 23:01:44,827] {scheduler_job.py:632} INFO - Processing file /home/airflow/.local/lib/python3.6/site-packages/airflow/example_dags/tutorial.py for tasks to queue
[2021-08-13 23:01:44,827] {logging_mixin.py:104} INFO - [2021-08-13 23:01:44,827] {dagbag.py:496} INFO - Filling up the DagBag from /home/airflow/.local/lib/python3.6/site-packages/airflow/example_dags/tutorial.py
[2021-08-13 23:01:44,843] {scheduler_job.py:642} INFO - DAG(s) dict_keys(['tutorial']) retrieved from /home/airflow/.local/lib/python3.6/site-packages/airflow/example_dags/tutorial.py
[2021-08-13 23:01:44,873] {logging_mixin.py:104} INFO - [2021-08-13 23:01:44,873] {dag.py:1833} INFO - Sync 1 DAGs
[2021-08-13 23:01:44,892] {logging_mixin.py:104} INFO - [2021-08-13 23:01:44,891] {dag.py:2306} INFO - Setting next_dagrun for tutorial to 2021-08-11 00:00:00+00:00
[2021-08-13 23:01:44,904] {scheduler_job.py:189} INFO - Processing /home/airflow/.local/lib/python3.6/site-packages/airflow/example_dags/tutorial.py took 0.083 seconds
[2021-08-13 23:02:14,959] {scheduler_job.py:181} INFO - Started process (PID=490) to work on /home/airflow/.local/lib/python3.6/site-packages/airflow/example_dags/tutorial.py
[2021-08-13 23:02:14,960] {scheduler_job.py:632} INFO - Processing file /home/airflow/.local/lib/python3.6/site-packages/airflow/example_dags/tutorial.py for tasks to queue
[2021-08-13 23:02:14,960] {logging_mixin.py:104} INFO - [2021-08-13 23:02:14,960] {dagbag.py:496} INFO - Filling up the DagBag from /home/airflow/.local/lib/python3.6/site-packages/airflow/example_dags/tutorial.py
[2021-08-13 23:02:14,972] {scheduler_job.py:642} INFO - DAG(s) dict_keys(['tutorial']) retrieved from /home/airflow/.local/lib/python3.6/site-packages/airflow/example_dags/tutorial.py
[2021-08-13 23:02:14,998] {logging_mixin.py:104} INFO - [2021-08-13 23:02:14,998] {dag.py:1833} INFO - Sync 1 DAGs
[2021-08-13 23:02:15,015] {logging_mixin.py:104} INFO - [2021-08-13 23:02:15,015] {dag.py:2306} INFO - Setting next_dagrun for tutorial to 2021-08-11 00:00:00+00:00
[2021-08-13 23:02:15,030] {scheduler_job.py:189} INFO - Processing /home/airflow/.local/lib/python3.6/site-packages/airflow/example_dags/tutorial.py took 0.073 seconds
[2021-08-13 23:30:04,038] {scheduler_job.py:181} INFO - Started process (PID=53) to work on /home/airflow/.local/lib/python3.6/site-packages/airflow/example_dags/tutorial.py
[2021-08-13 23:30:04,040] {scheduler_job.py:632} INFO - Processing file /home/airflow/.local/lib/python3.6/site-packages/airflow/example_dags/tutorial.py for tasks to queue
[2021-08-13 23:30:04,066] {logging_mixin.py:104} INFO - [2021-08-13 23:30:04,066] {dagbag.py:496} INFO - Filling up the DagBag from /home/airflow/.local/lib/python3.6/site-packages/airflow/example_dags/tutorial.py
[2021-08-13 23:30:04,305] {scheduler_job.py:642} INFO - DAG(s) dict_keys(['tutorial']) retrieved from /home/airflow/.local/lib/python3.6/site-packages/airflow/example_dags/tutorial.py
[2021-08-13 23:30:04,581] {logging_mixin.py:104} INFO - [2021-08-13 23:30:04,581] {dag.py:1833} INFO - Sync 1 DAGs
[2021-08-13 23:30:04,738] {logging_mixin.py:104} INFO - [2021-08-13 23:30:04,738] {dag.py:2306} INFO - Setting next_dagrun for tutorial to 2021-08-11 00:00:00+00:00
[2021-08-13 23:30:04,866] {scheduler_job.py:189} INFO - Processing /home/airflow/.local/lib/python3.6/site-packages/airflow/example_dags/tutorial.py took 0.857 seconds
[2021-08-13 23:30:35,005] {scheduler_job.py:181} INFO - Started process (PID=95) to work on /home/airflow/.local/lib/python3.6/site-packages/airflow/example_dags/tutorial.py
[2021-08-13 23:30:35,006] {scheduler_job.py:632} INFO - Processing file /home/airflow/.local/lib/python3.6/site-packages/airflow/example_dags/tutorial.py for tasks to queue
[2021-08-13 23:30:35,013] {logging_mixin.py:104} INFO - [2021-08-13 23:30:35,012] {dagbag.py:496} INFO - Filling up the DagBag from /home/airflow/.local/lib/python3.6/site-packages/airflow/example_dags/tutorial.py
[2021-08-13 23:30:35,032] {scheduler_job.py:642} INFO - DAG(s) dict_keys(['tutorial']) retrieved from /home/airflow/.local/lib/python3.6/site-packages/airflow/example_dags/tutorial.py
[2021-08-13 23:30:35,065] {logging_mixin.py:104} INFO - [2021-08-13 23:30:35,065] {dag.py:1833} INFO - Sync 1 DAGs
[2021-08-13 23:30:35,137] {logging_mixin.py:104} INFO - [2021-08-13 23:30:35,137] {dag.py:2306} INFO - Setting next_dagrun for tutorial to 2021-08-11 00:00:00+00:00
[2021-08-13 23:30:35,156] {scheduler_job.py:189} INFO - Processing /home/airflow/.local/lib/python3.6/site-packages/airflow/example_dags/tutorial.py took 0.155 seconds
[2021-08-13 23:31:05,907] {scheduler_job.py:181} INFO - Started process (PID=150) to work on /home/airflow/.local/lib/python3.6/site-packages/airflow/example_dags/tutorial.py
[2021-08-13 23:31:05,910] {scheduler_job.py:632} INFO - Processing file /home/airflow/.local/lib/python3.6/site-packages/airflow/example_dags/tutorial.py for tasks to queue
[2021-08-13 23:31:05,911] {logging_mixin.py:104} INFO - [2021-08-13 23:31:05,911] {dagbag.py:496} INFO - Filling up the DagBag from /home/airflow/.local/lib/python3.6/site-packages/airflow/example_dags/tutorial.py
[2021-08-13 23:31:05,946] {scheduler_job.py:642} INFO - DAG(s) dict_keys(['tutorial']) retrieved from /home/airflow/.local/lib/python3.6/site-packages/airflow/example_dags/tutorial.py
[2021-08-13 23:31:05,977] {logging_mixin.py:104} INFO - [2021-08-13 23:31:05,977] {dag.py:1833} INFO - Sync 1 DAGs
[2021-08-13 23:31:05,995] {logging_mixin.py:104} INFO - [2021-08-13 23:31:05,995] {dag.py:2306} INFO - Setting next_dagrun for tutorial to 2021-08-11 00:00:00+00:00
[2021-08-13 23:31:06,008] {scheduler_job.py:189} INFO - Processing /home/airflow/.local/lib/python3.6/site-packages/airflow/example_dags/tutorial.py took 0.107 seconds
[2021-08-13 23:31:36,634] {scheduler_job.py:181} INFO - Started process (PID=218) to work on /home/airflow/.local/lib/python3.6/site-packages/airflow/example_dags/tutorial.py
[2021-08-13 23:31:36,635] {scheduler_job.py:632} INFO - Processing file /home/airflow/.local/lib/python3.6/site-packages/airflow/example_dags/tutorial.py for tasks to queue
[2021-08-13 23:31:36,636] {logging_mixin.py:104} INFO - [2021-08-13 23:31:36,636] {dagbag.py:496} INFO - Filling up the DagBag from /home/airflow/.local/lib/python3.6/site-packages/airflow/example_dags/tutorial.py
[2021-08-13 23:31:36,658] {scheduler_job.py:642} INFO - DAG(s) dict_keys(['tutorial']) retrieved from /home/airflow/.local/lib/python3.6/site-packages/airflow/example_dags/tutorial.py
[2021-08-13 23:31:36,693] {logging_mixin.py:104} INFO - [2021-08-13 23:31:36,692] {dag.py:1833} INFO - Sync 1 DAGs
[2021-08-13 23:31:36,714] {logging_mixin.py:104} INFO - [2021-08-13 23:31:36,713] {dag.py:2306} INFO - Setting next_dagrun for tutorial to 2021-08-11 00:00:00+00:00
[2021-08-13 23:31:36,727] {scheduler_job.py:189} INFO - Processing /home/airflow/.local/lib/python3.6/site-packages/airflow/example_dags/tutorial.py took 0.099 seconds
[2021-08-13 23:32:07,010] {scheduler_job.py:181} INFO - Started process (PID=273) to work on /home/airflow/.local/lib/python3.6/site-packages/airflow/example_dags/tutorial.py
[2021-08-13 23:32:07,011] {scheduler_job.py:632} INFO - Processing file /home/airflow/.local/lib/python3.6/site-packages/airflow/example_dags/tutorial.py for tasks to queue
[2021-08-13 23:32:07,012] {logging_mixin.py:104} INFO - [2021-08-13 23:32:07,012] {dagbag.py:496} INFO - Filling up the DagBag from /home/airflow/.local/lib/python3.6/site-packages/airflow/example_dags/tutorial.py
[2021-08-13 23:32:07,034] {scheduler_job.py:642} INFO - DAG(s) dict_keys(['tutorial']) retrieved from /home/airflow/.local/lib/python3.6/site-packages/airflow/example_dags/tutorial.py
[2021-08-13 23:32:07,072] {logging_mixin.py:104} INFO - [2021-08-13 23:32:07,072] {dag.py:1833} INFO - Sync 1 DAGs
[2021-08-13 23:32:07,095] {logging_mixin.py:104} INFO - [2021-08-13 23:32:07,095] {dag.py:2306} INFO - Setting next_dagrun for tutorial to 2021-08-11 00:00:00+00:00
[2021-08-13 23:32:07,122] {scheduler_job.py:189} INFO - Processing /home/airflow/.local/lib/python3.6/site-packages/airflow/example_dags/tutorial.py took 0.123 seconds
[2021-08-13 23:32:37,194] {scheduler_job.py:181} INFO - Started process (PID=326) to work on /home/airflow/.local/lib/python3.6/site-packages/airflow/example_dags/tutorial.py
[2021-08-13 23:32:37,201] {scheduler_job.py:632} INFO - Processing file /home/airflow/.local/lib/python3.6/site-packages/airflow/example_dags/tutorial.py for tasks to queue
[2021-08-13 23:32:37,202] {logging_mixin.py:104} INFO - [2021-08-13 23:32:37,202] {dagbag.py:496} INFO - Filling up the DagBag from /home/airflow/.local/lib/python3.6/site-packages/airflow/example_dags/tutorial.py
[2021-08-13 23:32:37,221] {scheduler_job.py:642} INFO - DAG(s) dict_keys(['tutorial']) retrieved from /home/airflow/.local/lib/python3.6/site-packages/airflow/example_dags/tutorial.py
[2021-08-13 23:32:37,254] {logging_mixin.py:104} INFO - [2021-08-13 23:32:37,254] {dag.py:1833} INFO - Sync 1 DAGs
[2021-08-13 23:32:37,279] {logging_mixin.py:104} INFO - [2021-08-13 23:32:37,279] {dag.py:2306} INFO - Setting next_dagrun for tutorial to 2021-08-11 00:00:00+00:00
[2021-08-13 23:32:37,303] {scheduler_job.py:189} INFO - Processing /home/airflow/.local/lib/python3.6/site-packages/airflow/example_dags/tutorial.py took 0.114 seconds
