[2021-08-13 22:59:39,376] {scheduler_job.py:181} INFO - Started process (PID=186) to work on /home/airflow/.local/lib/python3.6/site-packages/airflow/example_dags/tutorial_taskflow_api_etl_virtualenv.py
[2021-08-13 22:59:39,377] {scheduler_job.py:632} INFO - Processing file /home/airflow/.local/lib/python3.6/site-packages/airflow/example_dags/tutorial_taskflow_api_etl_virtualenv.py for tasks to queue
[2021-08-13 22:59:39,378] {logging_mixin.py:104} INFO - [2021-08-13 22:59:39,378] {dagbag.py:496} INFO - Filling up the DagBag from /home/airflow/.local/lib/python3.6/site-packages/airflow/example_dags/tutorial_taskflow_api_etl_virtualenv.py
[2021-08-13 22:59:39,397] {scheduler_job.py:642} INFO - DAG(s) dict_keys(['tutorial_taskflow_api_etl_virtualenv']) retrieved from /home/airflow/.local/lib/python3.6/site-packages/airflow/example_dags/tutorial_taskflow_api_etl_virtualenv.py
[2021-08-13 22:59:44,258] {logging_mixin.py:104} INFO - [2021-08-13 22:59:44,256] {dag.py:1833} INFO - Sync 1 DAGs
[2021-08-13 22:59:44,310] {logging_mixin.py:104} INFO - [2021-08-13 22:59:44,306] {dag.py:1852} INFO - Creating ORM DAG for tutorial_taskflow_api_etl_virtualenv
[2021-08-13 22:59:44,325] {logging_mixin.py:104} INFO - [2021-08-13 22:59:44,325] {dag.py:2306} INFO - Setting next_dagrun for tutorial_taskflow_api_etl_virtualenv to None
[2021-08-13 22:59:44,356] {scheduler_job.py:189} INFO - Processing /home/airflow/.local/lib/python3.6/site-packages/airflow/example_dags/tutorial_taskflow_api_etl_virtualenv.py took 4.983 seconds
[2021-08-13 23:00:14,784] {scheduler_job.py:181} INFO - Started process (PID=274) to work on /home/airflow/.local/lib/python3.6/site-packages/airflow/example_dags/tutorial_taskflow_api_etl_virtualenv.py
[2021-08-13 23:00:14,789] {scheduler_job.py:632} INFO - Processing file /home/airflow/.local/lib/python3.6/site-packages/airflow/example_dags/tutorial_taskflow_api_etl_virtualenv.py for tasks to queue
[2021-08-13 23:00:14,790] {logging_mixin.py:104} INFO - [2021-08-13 23:00:14,790] {dagbag.py:496} INFO - Filling up the DagBag from /home/airflow/.local/lib/python3.6/site-packages/airflow/example_dags/tutorial_taskflow_api_etl_virtualenv.py
[2021-08-13 23:00:14,811] {scheduler_job.py:642} INFO - DAG(s) dict_keys(['tutorial_taskflow_api_etl_virtualenv']) retrieved from /home/airflow/.local/lib/python3.6/site-packages/airflow/example_dags/tutorial_taskflow_api_etl_virtualenv.py
[2021-08-13 23:00:15,170] {logging_mixin.py:104} INFO - [2021-08-13 23:00:15,170] {dag.py:1833} INFO - Sync 1 DAGs
[2021-08-13 23:00:15,194] {logging_mixin.py:104} INFO - [2021-08-13 23:00:15,194] {dag.py:2306} INFO - Setting next_dagrun for tutorial_taskflow_api_etl_virtualenv to None
[2021-08-13 23:00:15,229] {scheduler_job.py:189} INFO - Processing /home/airflow/.local/lib/python3.6/site-packages/airflow/example_dags/tutorial_taskflow_api_etl_virtualenv.py took 0.450 seconds
[2021-08-13 23:00:46,108] {scheduler_job.py:181} INFO - Started process (PID=335) to work on /home/airflow/.local/lib/python3.6/site-packages/airflow/example_dags/tutorial_taskflow_api_etl_virtualenv.py
[2021-08-13 23:00:46,110] {scheduler_job.py:632} INFO - Processing file /home/airflow/.local/lib/python3.6/site-packages/airflow/example_dags/tutorial_taskflow_api_etl_virtualenv.py for tasks to queue
[2021-08-13 23:00:46,111] {logging_mixin.py:104} INFO - [2021-08-13 23:00:46,111] {dagbag.py:496} INFO - Filling up the DagBag from /home/airflow/.local/lib/python3.6/site-packages/airflow/example_dags/tutorial_taskflow_api_etl_virtualenv.py
[2021-08-13 23:00:46,149] {scheduler_job.py:642} INFO - DAG(s) dict_keys(['tutorial_taskflow_api_etl_virtualenv']) retrieved from /home/airflow/.local/lib/python3.6/site-packages/airflow/example_dags/tutorial_taskflow_api_etl_virtualenv.py
[2021-08-13 23:00:46,678] {logging_mixin.py:104} INFO - [2021-08-13 23:00:46,678] {dag.py:1833} INFO - Sync 1 DAGs
[2021-08-13 23:00:46,696] {logging_mixin.py:104} INFO - [2021-08-13 23:00:46,696] {dag.py:2306} INFO - Setting next_dagrun for tutorial_taskflow_api_etl_virtualenv to None
[2021-08-13 23:00:46,708] {scheduler_job.py:189} INFO - Processing /home/airflow/.local/lib/python3.6/site-packages/airflow/example_dags/tutorial_taskflow_api_etl_virtualenv.py took 0.614 seconds
[2021-08-13 23:01:16,918] {scheduler_job.py:181} INFO - Started process (PID=386) to work on /home/airflow/.local/lib/python3.6/site-packages/airflow/example_dags/tutorial_taskflow_api_etl_virtualenv.py
[2021-08-13 23:01:16,920] {scheduler_job.py:632} INFO - Processing file /home/airflow/.local/lib/python3.6/site-packages/airflow/example_dags/tutorial_taskflow_api_etl_virtualenv.py for tasks to queue
[2021-08-13 23:01:16,920] {logging_mixin.py:104} INFO - [2021-08-13 23:01:16,920] {dagbag.py:496} INFO - Filling up the DagBag from /home/airflow/.local/lib/python3.6/site-packages/airflow/example_dags/tutorial_taskflow_api_etl_virtualenv.py
[2021-08-13 23:01:16,939] {scheduler_job.py:642} INFO - DAG(s) dict_keys(['tutorial_taskflow_api_etl_virtualenv']) retrieved from /home/airflow/.local/lib/python3.6/site-packages/airflow/example_dags/tutorial_taskflow_api_etl_virtualenv.py
[2021-08-13 23:01:16,964] {logging_mixin.py:104} INFO - [2021-08-13 23:01:16,964] {dag.py:1833} INFO - Sync 1 DAGs
[2021-08-13 23:01:16,992] {logging_mixin.py:104} INFO - [2021-08-13 23:01:16,991] {dag.py:2306} INFO - Setting next_dagrun for tutorial_taskflow_api_etl_virtualenv to None
[2021-08-13 23:01:17,007] {scheduler_job.py:189} INFO - Processing /home/airflow/.local/lib/python3.6/site-packages/airflow/example_dags/tutorial_taskflow_api_etl_virtualenv.py took 0.092 seconds
[2021-08-13 23:01:47,426] {scheduler_job.py:181} INFO - Started process (PID=437) to work on /home/airflow/.local/lib/python3.6/site-packages/airflow/example_dags/tutorial_taskflow_api_etl_virtualenv.py
[2021-08-13 23:01:47,427] {scheduler_job.py:632} INFO - Processing file /home/airflow/.local/lib/python3.6/site-packages/airflow/example_dags/tutorial_taskflow_api_etl_virtualenv.py for tasks to queue
[2021-08-13 23:01:47,428] {logging_mixin.py:104} INFO - [2021-08-13 23:01:47,427] {dagbag.py:496} INFO - Filling up the DagBag from /home/airflow/.local/lib/python3.6/site-packages/airflow/example_dags/tutorial_taskflow_api_etl_virtualenv.py
[2021-08-13 23:01:47,449] {scheduler_job.py:642} INFO - DAG(s) dict_keys(['tutorial_taskflow_api_etl_virtualenv']) retrieved from /home/airflow/.local/lib/python3.6/site-packages/airflow/example_dags/tutorial_taskflow_api_etl_virtualenv.py
[2021-08-13 23:01:47,720] {logging_mixin.py:104} INFO - [2021-08-13 23:01:47,720] {dag.py:1833} INFO - Sync 1 DAGs
[2021-08-13 23:01:47,742] {logging_mixin.py:104} INFO - [2021-08-13 23:01:47,742] {dag.py:2306} INFO - Setting next_dagrun for tutorial_taskflow_api_etl_virtualenv to None
[2021-08-13 23:01:47,774] {scheduler_job.py:189} INFO - Processing /home/airflow/.local/lib/python3.6/site-packages/airflow/example_dags/tutorial_taskflow_api_etl_virtualenv.py took 0.352 seconds
[2021-08-13 23:02:18,241] {scheduler_job.py:181} INFO - Started process (PID=494) to work on /home/airflow/.local/lib/python3.6/site-packages/airflow/example_dags/tutorial_taskflow_api_etl_virtualenv.py
[2021-08-13 23:02:18,244] {scheduler_job.py:632} INFO - Processing file /home/airflow/.local/lib/python3.6/site-packages/airflow/example_dags/tutorial_taskflow_api_etl_virtualenv.py for tasks to queue
[2021-08-13 23:02:18,246] {logging_mixin.py:104} INFO - [2021-08-13 23:02:18,246] {dagbag.py:496} INFO - Filling up the DagBag from /home/airflow/.local/lib/python3.6/site-packages/airflow/example_dags/tutorial_taskflow_api_etl_virtualenv.py
[2021-08-13 23:02:18,269] {scheduler_job.py:642} INFO - DAG(s) dict_keys(['tutorial_taskflow_api_etl_virtualenv']) retrieved from /home/airflow/.local/lib/python3.6/site-packages/airflow/example_dags/tutorial_taskflow_api_etl_virtualenv.py
[2021-08-13 23:02:18,492] {logging_mixin.py:104} INFO - [2021-08-13 23:02:18,491] {dag.py:1833} INFO - Sync 1 DAGs
[2021-08-13 23:02:18,521] {logging_mixin.py:104} INFO - [2021-08-13 23:02:18,521] {dag.py:2306} INFO - Setting next_dagrun for tutorial_taskflow_api_etl_virtualenv to None
[2021-08-13 23:02:18,540] {scheduler_job.py:189} INFO - Processing /home/airflow/.local/lib/python3.6/site-packages/airflow/example_dags/tutorial_taskflow_api_etl_virtualenv.py took 0.309 seconds
[2021-08-13 23:30:05,954] {scheduler_job.py:181} INFO - Started process (PID=56) to work on /home/airflow/.local/lib/python3.6/site-packages/airflow/example_dags/tutorial_taskflow_api_etl_virtualenv.py
[2021-08-13 23:30:05,956] {scheduler_job.py:632} INFO - Processing file /home/airflow/.local/lib/python3.6/site-packages/airflow/example_dags/tutorial_taskflow_api_etl_virtualenv.py for tasks to queue
[2021-08-13 23:30:05,963] {logging_mixin.py:104} INFO - [2021-08-13 23:30:05,960] {dagbag.py:496} INFO - Filling up the DagBag from /home/airflow/.local/lib/python3.6/site-packages/airflow/example_dags/tutorial_taskflow_api_etl_virtualenv.py
[2021-08-13 23:30:06,175] {scheduler_job.py:642} INFO - DAG(s) dict_keys(['tutorial_taskflow_api_etl_virtualenv']) retrieved from /home/airflow/.local/lib/python3.6/site-packages/airflow/example_dags/tutorial_taskflow_api_etl_virtualenv.py
[2021-08-13 23:30:07,232] {logging_mixin.py:104} INFO - [2021-08-13 23:30:07,231] {dag.py:1833} INFO - Sync 1 DAGs
[2021-08-13 23:30:07,256] {logging_mixin.py:104} INFO - [2021-08-13 23:30:07,255] {dag.py:2306} INFO - Setting next_dagrun for tutorial_taskflow_api_etl_virtualenv to None
[2021-08-13 23:30:07,301] {scheduler_job.py:189} INFO - Processing /home/airflow/.local/lib/python3.6/site-packages/airflow/example_dags/tutorial_taskflow_api_etl_virtualenv.py took 1.375 seconds
[2021-08-13 23:30:37,984] {scheduler_job.py:181} INFO - Started process (PID=112) to work on /home/airflow/.local/lib/python3.6/site-packages/airflow/example_dags/tutorial_taskflow_api_etl_virtualenv.py
[2021-08-13 23:30:38,005] {scheduler_job.py:632} INFO - Processing file /home/airflow/.local/lib/python3.6/site-packages/airflow/example_dags/tutorial_taskflow_api_etl_virtualenv.py for tasks to queue
[2021-08-13 23:30:38,005] {logging_mixin.py:104} INFO - [2021-08-13 23:30:38,005] {dagbag.py:496} INFO - Filling up the DagBag from /home/airflow/.local/lib/python3.6/site-packages/airflow/example_dags/tutorial_taskflow_api_etl_virtualenv.py
[2021-08-13 23:30:38,063] {scheduler_job.py:642} INFO - DAG(s) dict_keys(['tutorial_taskflow_api_etl_virtualenv']) retrieved from /home/airflow/.local/lib/python3.6/site-packages/airflow/example_dags/tutorial_taskflow_api_etl_virtualenv.py
[2021-08-13 23:30:39,316] {logging_mixin.py:104} INFO - [2021-08-13 23:30:39,316] {dag.py:1833} INFO - Sync 1 DAGs
[2021-08-13 23:30:39,418] {logging_mixin.py:104} INFO - [2021-08-13 23:30:39,417] {dag.py:2306} INFO - Setting next_dagrun for tutorial_taskflow_api_etl_virtualenv to None
[2021-08-13 23:30:39,485] {scheduler_job.py:189} INFO - Processing /home/airflow/.local/lib/python3.6/site-packages/airflow/example_dags/tutorial_taskflow_api_etl_virtualenv.py took 1.514 seconds
[2021-08-13 23:31:09,517] {scheduler_job.py:181} INFO - Started process (PID=165) to work on /home/airflow/.local/lib/python3.6/site-packages/airflow/example_dags/tutorial_taskflow_api_etl_virtualenv.py
[2021-08-13 23:31:09,533] {scheduler_job.py:632} INFO - Processing file /home/airflow/.local/lib/python3.6/site-packages/airflow/example_dags/tutorial_taskflow_api_etl_virtualenv.py for tasks to queue
[2021-08-13 23:31:09,534] {logging_mixin.py:104} INFO - [2021-08-13 23:31:09,534] {dagbag.py:496} INFO - Filling up the DagBag from /home/airflow/.local/lib/python3.6/site-packages/airflow/example_dags/tutorial_taskflow_api_etl_virtualenv.py
[2021-08-13 23:31:09,574] {scheduler_job.py:642} INFO - DAG(s) dict_keys(['tutorial_taskflow_api_etl_virtualenv']) retrieved from /home/airflow/.local/lib/python3.6/site-packages/airflow/example_dags/tutorial_taskflow_api_etl_virtualenv.py
[2021-08-13 23:31:09,920] {logging_mixin.py:104} INFO - [2021-08-13 23:31:09,920] {dag.py:1833} INFO - Sync 1 DAGs
[2021-08-13 23:31:09,951] {logging_mixin.py:104} INFO - [2021-08-13 23:31:09,951] {dag.py:2306} INFO - Setting next_dagrun for tutorial_taskflow_api_etl_virtualenv to None
[2021-08-13 23:31:09,976] {scheduler_job.py:189} INFO - Processing /home/airflow/.local/lib/python3.6/site-packages/airflow/example_dags/tutorial_taskflow_api_etl_virtualenv.py took 0.463 seconds
[2021-08-13 23:31:40,276] {scheduler_job.py:181} INFO - Started process (PID=228) to work on /home/airflow/.local/lib/python3.6/site-packages/airflow/example_dags/tutorial_taskflow_api_etl_virtualenv.py
[2021-08-13 23:31:40,288] {scheduler_job.py:632} INFO - Processing file /home/airflow/.local/lib/python3.6/site-packages/airflow/example_dags/tutorial_taskflow_api_etl_virtualenv.py for tasks to queue
[2021-08-13 23:31:40,298] {logging_mixin.py:104} INFO - [2021-08-13 23:31:40,289] {dagbag.py:496} INFO - Filling up the DagBag from /home/airflow/.local/lib/python3.6/site-packages/airflow/example_dags/tutorial_taskflow_api_etl_virtualenv.py
[2021-08-13 23:31:40,385] {scheduler_job.py:642} INFO - DAG(s) dict_keys(['tutorial_taskflow_api_etl_virtualenv']) retrieved from /home/airflow/.local/lib/python3.6/site-packages/airflow/example_dags/tutorial_taskflow_api_etl_virtualenv.py
[2021-08-13 23:31:41,351] {logging_mixin.py:104} INFO - [2021-08-13 23:31:41,351] {dag.py:1833} INFO - Sync 1 DAGs
[2021-08-13 23:31:41,374] {logging_mixin.py:104} INFO - [2021-08-13 23:31:41,374] {dag.py:2306} INFO - Setting next_dagrun for tutorial_taskflow_api_etl_virtualenv to None
[2021-08-13 23:31:41,410] {scheduler_job.py:189} INFO - Processing /home/airflow/.local/lib/python3.6/site-packages/airflow/example_dags/tutorial_taskflow_api_etl_virtualenv.py took 1.138 seconds
[2021-08-13 23:32:11,602] {scheduler_job.py:181} INFO - Started process (PID=280) to work on /home/airflow/.local/lib/python3.6/site-packages/airflow/example_dags/tutorial_taskflow_api_etl_virtualenv.py
[2021-08-13 23:32:11,607] {scheduler_job.py:632} INFO - Processing file /home/airflow/.local/lib/python3.6/site-packages/airflow/example_dags/tutorial_taskflow_api_etl_virtualenv.py for tasks to queue
[2021-08-13 23:32:11,610] {logging_mixin.py:104} INFO - [2021-08-13 23:32:11,609] {dagbag.py:496} INFO - Filling up the DagBag from /home/airflow/.local/lib/python3.6/site-packages/airflow/example_dags/tutorial_taskflow_api_etl_virtualenv.py
[2021-08-13 23:32:11,657] {scheduler_job.py:642} INFO - DAG(s) dict_keys(['tutorial_taskflow_api_etl_virtualenv']) retrieved from /home/airflow/.local/lib/python3.6/site-packages/airflow/example_dags/tutorial_taskflow_api_etl_virtualenv.py
[2021-08-13 23:32:12,053] {logging_mixin.py:104} INFO - [2021-08-13 23:32:12,053] {dag.py:1833} INFO - Sync 1 DAGs
[2021-08-13 23:32:12,075] {logging_mixin.py:104} INFO - [2021-08-13 23:32:12,074] {dag.py:2306} INFO - Setting next_dagrun for tutorial_taskflow_api_etl_virtualenv to None
[2021-08-13 23:32:12,103] {scheduler_job.py:189} INFO - Processing /home/airflow/.local/lib/python3.6/site-packages/airflow/example_dags/tutorial_taskflow_api_etl_virtualenv.py took 0.510 seconds
[2021-08-13 23:32:42,437] {scheduler_job.py:181} INFO - Started process (PID=343) to work on /home/airflow/.local/lib/python3.6/site-packages/airflow/example_dags/tutorial_taskflow_api_etl_virtualenv.py
[2021-08-13 23:32:42,443] {scheduler_job.py:632} INFO - Processing file /home/airflow/.local/lib/python3.6/site-packages/airflow/example_dags/tutorial_taskflow_api_etl_virtualenv.py for tasks to queue
[2021-08-13 23:32:42,444] {logging_mixin.py:104} INFO - [2021-08-13 23:32:42,444] {dagbag.py:496} INFO - Filling up the DagBag from /home/airflow/.local/lib/python3.6/site-packages/airflow/example_dags/tutorial_taskflow_api_etl_virtualenv.py
[2021-08-13 23:32:42,468] {scheduler_job.py:642} INFO - DAG(s) dict_keys(['tutorial_taskflow_api_etl_virtualenv']) retrieved from /home/airflow/.local/lib/python3.6/site-packages/airflow/example_dags/tutorial_taskflow_api_etl_virtualenv.py
[2021-08-13 23:32:42,827] {logging_mixin.py:104} INFO - [2021-08-13 23:32:42,827] {dag.py:1833} INFO - Sync 1 DAGs
[2021-08-13 23:32:42,845] {logging_mixin.py:104} INFO - [2021-08-13 23:32:42,845] {dag.py:2306} INFO - Setting next_dagrun for tutorial_taskflow_api_etl_virtualenv to None
[2021-08-13 23:32:42,861] {scheduler_job.py:189} INFO - Processing /home/airflow/.local/lib/python3.6/site-packages/airflow/example_dags/tutorial_taskflow_api_etl_virtualenv.py took 0.428 seconds
