[2021-08-13 22:58:41,787] {scheduler_job.py:181} INFO - Started process (PID=74) to work on /home/airflow/.local/lib/python3.6/site-packages/airflow/example_dags/tutorial_etl_dag.py
[2021-08-13 22:58:41,793] {scheduler_job.py:632} INFO - Processing file /home/airflow/.local/lib/python3.6/site-packages/airflow/example_dags/tutorial_etl_dag.py for tasks to queue
[2021-08-13 22:58:41,794] {logging_mixin.py:104} INFO - [2021-08-13 22:58:41,794] {dagbag.py:496} INFO - Filling up the DagBag from /home/airflow/.local/lib/python3.6/site-packages/airflow/example_dags/tutorial_etl_dag.py
[2021-08-13 22:58:41,823] {scheduler_job.py:642} INFO - DAG(s) dict_keys(['tutorial_etl_dag']) retrieved from /home/airflow/.local/lib/python3.6/site-packages/airflow/example_dags/tutorial_etl_dag.py
[2021-08-13 22:58:50,395] {logging_mixin.py:104} INFO - [2021-08-13 22:58:50,393] {dag.py:1833} INFO - Sync 1 DAGs
[2021-08-13 22:58:50,450] {logging_mixin.py:104} INFO - [2021-08-13 22:58:50,448] {dag.py:1852} INFO - Creating ORM DAG for tutorial_etl_dag
[2021-08-13 22:58:50,478] {logging_mixin.py:104} INFO - [2021-08-13 22:58:50,478] {dag.py:2306} INFO - Setting next_dagrun for tutorial_etl_dag to None
[2021-08-13 22:58:50,583] {scheduler_job.py:189} INFO - Processing /home/airflow/.local/lib/python3.6/site-packages/airflow/example_dags/tutorial_etl_dag.py took 8.800 seconds
[2021-08-13 23:00:08,221] {scheduler_job.py:181} INFO - Started process (PID=258) to work on /home/airflow/.local/lib/python3.6/site-packages/airflow/example_dags/tutorial_etl_dag.py
[2021-08-13 23:00:08,231] {scheduler_job.py:632} INFO - Processing file /home/airflow/.local/lib/python3.6/site-packages/airflow/example_dags/tutorial_etl_dag.py for tasks to queue
[2021-08-13 23:00:08,232] {logging_mixin.py:104} INFO - [2021-08-13 23:00:08,232] {dagbag.py:496} INFO - Filling up the DagBag from /home/airflow/.local/lib/python3.6/site-packages/airflow/example_dags/tutorial_etl_dag.py
[2021-08-13 23:00:08,257] {scheduler_job.py:642} INFO - DAG(s) dict_keys(['tutorial_etl_dag']) retrieved from /home/airflow/.local/lib/python3.6/site-packages/airflow/example_dags/tutorial_etl_dag.py
[2021-08-13 23:00:08,370] {logging_mixin.py:104} INFO - [2021-08-13 23:00:08,370] {dag.py:1833} INFO - Sync 1 DAGs
[2021-08-13 23:00:08,416] {logging_mixin.py:104} INFO - [2021-08-13 23:00:08,416] {dag.py:2306} INFO - Setting next_dagrun for tutorial_etl_dag to None
[2021-08-13 23:00:08,449] {scheduler_job.py:189} INFO - Processing /home/airflow/.local/lib/python3.6/site-packages/airflow/example_dags/tutorial_etl_dag.py took 0.232 seconds
[2021-08-13 23:00:38,956] {scheduler_job.py:181} INFO - Started process (PID=308) to work on /home/airflow/.local/lib/python3.6/site-packages/airflow/example_dags/tutorial_etl_dag.py
[2021-08-13 23:00:38,958] {scheduler_job.py:632} INFO - Processing file /home/airflow/.local/lib/python3.6/site-packages/airflow/example_dags/tutorial_etl_dag.py for tasks to queue
[2021-08-13 23:00:38,959] {logging_mixin.py:104} INFO - [2021-08-13 23:00:38,958] {dagbag.py:496} INFO - Filling up the DagBag from /home/airflow/.local/lib/python3.6/site-packages/airflow/example_dags/tutorial_etl_dag.py
[2021-08-13 23:00:38,981] {scheduler_job.py:642} INFO - DAG(s) dict_keys(['tutorial_etl_dag']) retrieved from /home/airflow/.local/lib/python3.6/site-packages/airflow/example_dags/tutorial_etl_dag.py
[2021-08-13 23:00:39,015] {logging_mixin.py:104} INFO - [2021-08-13 23:00:39,015] {dag.py:1833} INFO - Sync 1 DAGs
[2021-08-13 23:00:39,071] {logging_mixin.py:104} INFO - [2021-08-13 23:00:39,071] {dag.py:2306} INFO - Setting next_dagrun for tutorial_etl_dag to None
[2021-08-13 23:00:39,093] {scheduler_job.py:189} INFO - Processing /home/airflow/.local/lib/python3.6/site-packages/airflow/example_dags/tutorial_etl_dag.py took 0.142 seconds
[2021-08-13 23:01:09,717] {scheduler_job.py:181} INFO - Started process (PID=359) to work on /home/airflow/.local/lib/python3.6/site-packages/airflow/example_dags/tutorial_etl_dag.py
[2021-08-13 23:01:09,724] {scheduler_job.py:632} INFO - Processing file /home/airflow/.local/lib/python3.6/site-packages/airflow/example_dags/tutorial_etl_dag.py for tasks to queue
[2021-08-13 23:01:09,725] {logging_mixin.py:104} INFO - [2021-08-13 23:01:09,724] {dagbag.py:496} INFO - Filling up the DagBag from /home/airflow/.local/lib/python3.6/site-packages/airflow/example_dags/tutorial_etl_dag.py
[2021-08-13 23:01:09,766] {scheduler_job.py:642} INFO - DAG(s) dict_keys(['tutorial_etl_dag']) retrieved from /home/airflow/.local/lib/python3.6/site-packages/airflow/example_dags/tutorial_etl_dag.py
[2021-08-13 23:01:09,838] {logging_mixin.py:104} INFO - [2021-08-13 23:01:09,838] {dag.py:1833} INFO - Sync 1 DAGs
[2021-08-13 23:01:09,877] {logging_mixin.py:104} INFO - [2021-08-13 23:01:09,877] {dag.py:2306} INFO - Setting next_dagrun for tutorial_etl_dag to None
[2021-08-13 23:01:09,898] {scheduler_job.py:189} INFO - Processing /home/airflow/.local/lib/python3.6/site-packages/airflow/example_dags/tutorial_etl_dag.py took 0.188 seconds
[2021-08-13 23:01:40,211] {scheduler_job.py:181} INFO - Started process (PID=410) to work on /home/airflow/.local/lib/python3.6/site-packages/airflow/example_dags/tutorial_etl_dag.py
[2021-08-13 23:01:40,220] {scheduler_job.py:632} INFO - Processing file /home/airflow/.local/lib/python3.6/site-packages/airflow/example_dags/tutorial_etl_dag.py for tasks to queue
[2021-08-13 23:01:40,220] {logging_mixin.py:104} INFO - [2021-08-13 23:01:40,220] {dagbag.py:496} INFO - Filling up the DagBag from /home/airflow/.local/lib/python3.6/site-packages/airflow/example_dags/tutorial_etl_dag.py
[2021-08-13 23:01:40,242] {scheduler_job.py:642} INFO - DAG(s) dict_keys(['tutorial_etl_dag']) retrieved from /home/airflow/.local/lib/python3.6/site-packages/airflow/example_dags/tutorial_etl_dag.py
[2021-08-13 23:01:40,269] {logging_mixin.py:104} INFO - [2021-08-13 23:01:40,269] {dag.py:1833} INFO - Sync 1 DAGs
[2021-08-13 23:01:40,297] {logging_mixin.py:104} INFO - [2021-08-13 23:01:40,297] {dag.py:2306} INFO - Setting next_dagrun for tutorial_etl_dag to None
[2021-08-13 23:01:40,319] {scheduler_job.py:189} INFO - Processing /home/airflow/.local/lib/python3.6/site-packages/airflow/example_dags/tutorial_etl_dag.py took 0.111 seconds
[2021-08-13 23:02:10,804] {scheduler_job.py:181} INFO - Started process (PID=477) to work on /home/airflow/.local/lib/python3.6/site-packages/airflow/example_dags/tutorial_etl_dag.py
[2021-08-13 23:02:10,808] {scheduler_job.py:632} INFO - Processing file /home/airflow/.local/lib/python3.6/site-packages/airflow/example_dags/tutorial_etl_dag.py for tasks to queue
[2021-08-13 23:02:10,809] {logging_mixin.py:104} INFO - [2021-08-13 23:02:10,808] {dagbag.py:496} INFO - Filling up the DagBag from /home/airflow/.local/lib/python3.6/site-packages/airflow/example_dags/tutorial_etl_dag.py
[2021-08-13 23:02:10,827] {scheduler_job.py:642} INFO - DAG(s) dict_keys(['tutorial_etl_dag']) retrieved from /home/airflow/.local/lib/python3.6/site-packages/airflow/example_dags/tutorial_etl_dag.py
[2021-08-13 23:02:10,854] {logging_mixin.py:104} INFO - [2021-08-13 23:02:10,854] {dag.py:1833} INFO - Sync 1 DAGs
[2021-08-13 23:02:10,872] {logging_mixin.py:104} INFO - [2021-08-13 23:02:10,872] {dag.py:2306} INFO - Setting next_dagrun for tutorial_etl_dag to None
[2021-08-13 23:02:10,886] {scheduler_job.py:189} INFO - Processing /home/airflow/.local/lib/python3.6/site-packages/airflow/example_dags/tutorial_etl_dag.py took 0.086 seconds
[2021-08-13 23:29:58,863] {scheduler_job.py:181} INFO - Started process (PID=30) to work on /home/airflow/.local/lib/python3.6/site-packages/airflow/example_dags/tutorial_etl_dag.py
[2021-08-13 23:29:58,864] {scheduler_job.py:632} INFO - Processing file /home/airflow/.local/lib/python3.6/site-packages/airflow/example_dags/tutorial_etl_dag.py for tasks to queue
[2021-08-13 23:29:58,874] {logging_mixin.py:104} INFO - [2021-08-13 23:29:58,874] {dagbag.py:496} INFO - Filling up the DagBag from /home/airflow/.local/lib/python3.6/site-packages/airflow/example_dags/tutorial_etl_dag.py
[2021-08-13 23:29:58,922] {scheduler_job.py:642} INFO - DAG(s) dict_keys(['tutorial_etl_dag']) retrieved from /home/airflow/.local/lib/python3.6/site-packages/airflow/example_dags/tutorial_etl_dag.py
[2021-08-13 23:29:59,003] {logging_mixin.py:104} INFO - [2021-08-13 23:29:59,003] {dag.py:1833} INFO - Sync 1 DAGs
[2021-08-13 23:29:59,054] {logging_mixin.py:104} INFO - [2021-08-13 23:29:59,054] {dag.py:2306} INFO - Setting next_dagrun for tutorial_etl_dag to None
[2021-08-13 23:29:59,126] {scheduler_job.py:189} INFO - Processing /home/airflow/.local/lib/python3.6/site-packages/airflow/example_dags/tutorial_etl_dag.py took 0.270 seconds
[2021-08-13 23:30:29,398] {scheduler_job.py:181} INFO - Started process (PID=83) to work on /home/airflow/.local/lib/python3.6/site-packages/airflow/example_dags/tutorial_etl_dag.py
[2021-08-13 23:30:29,400] {scheduler_job.py:632} INFO - Processing file /home/airflow/.local/lib/python3.6/site-packages/airflow/example_dags/tutorial_etl_dag.py for tasks to queue
[2021-08-13 23:30:29,404] {logging_mixin.py:104} INFO - [2021-08-13 23:30:29,404] {dagbag.py:496} INFO - Filling up the DagBag from /home/airflow/.local/lib/python3.6/site-packages/airflow/example_dags/tutorial_etl_dag.py
[2021-08-13 23:30:29,498] {scheduler_job.py:642} INFO - DAG(s) dict_keys(['tutorial_etl_dag']) retrieved from /home/airflow/.local/lib/python3.6/site-packages/airflow/example_dags/tutorial_etl_dag.py
[2021-08-13 23:30:29,626] {logging_mixin.py:104} INFO - [2021-08-13 23:30:29,625] {dag.py:1833} INFO - Sync 1 DAGs
[2021-08-13 23:30:29,737] {logging_mixin.py:104} INFO - [2021-08-13 23:30:29,737] {dag.py:2306} INFO - Setting next_dagrun for tutorial_etl_dag to None
[2021-08-13 23:30:29,799] {scheduler_job.py:189} INFO - Processing /home/airflow/.local/lib/python3.6/site-packages/airflow/example_dags/tutorial_etl_dag.py took 0.439 seconds
[2021-08-13 23:31:00,207] {scheduler_job.py:181} INFO - Started process (PID=138) to work on /home/airflow/.local/lib/python3.6/site-packages/airflow/example_dags/tutorial_etl_dag.py
[2021-08-13 23:31:00,208] {scheduler_job.py:632} INFO - Processing file /home/airflow/.local/lib/python3.6/site-packages/airflow/example_dags/tutorial_etl_dag.py for tasks to queue
[2021-08-13 23:31:00,209] {logging_mixin.py:104} INFO - [2021-08-13 23:31:00,209] {dagbag.py:496} INFO - Filling up the DagBag from /home/airflow/.local/lib/python3.6/site-packages/airflow/example_dags/tutorial_etl_dag.py
[2021-08-13 23:31:00,228] {scheduler_job.py:642} INFO - DAG(s) dict_keys(['tutorial_etl_dag']) retrieved from /home/airflow/.local/lib/python3.6/site-packages/airflow/example_dags/tutorial_etl_dag.py
[2021-08-13 23:31:00,272] {logging_mixin.py:104} INFO - [2021-08-13 23:31:00,272] {dag.py:1833} INFO - Sync 1 DAGs
[2021-08-13 23:31:00,300] {logging_mixin.py:104} INFO - [2021-08-13 23:31:00,300] {dag.py:2306} INFO - Setting next_dagrun for tutorial_etl_dag to None
[2021-08-13 23:31:00,314] {scheduler_job.py:189} INFO - Processing /home/airflow/.local/lib/python3.6/site-packages/airflow/example_dags/tutorial_etl_dag.py took 0.126 seconds
[2021-08-13 23:31:31,222] {scheduler_job.py:181} INFO - Started process (PID=190) to work on /home/airflow/.local/lib/python3.6/site-packages/airflow/example_dags/tutorial_etl_dag.py
[2021-08-13 23:31:31,224] {scheduler_job.py:632} INFO - Processing file /home/airflow/.local/lib/python3.6/site-packages/airflow/example_dags/tutorial_etl_dag.py for tasks to queue
[2021-08-13 23:31:31,225] {logging_mixin.py:104} INFO - [2021-08-13 23:31:31,224] {dagbag.py:496} INFO - Filling up the DagBag from /home/airflow/.local/lib/python3.6/site-packages/airflow/example_dags/tutorial_etl_dag.py
[2021-08-13 23:31:31,256] {scheduler_job.py:642} INFO - DAG(s) dict_keys(['tutorial_etl_dag']) retrieved from /home/airflow/.local/lib/python3.6/site-packages/airflow/example_dags/tutorial_etl_dag.py
[2021-08-13 23:31:31,313] {logging_mixin.py:104} INFO - [2021-08-13 23:31:31,313] {dag.py:1833} INFO - Sync 1 DAGs
[2021-08-13 23:31:31,342] {logging_mixin.py:104} INFO - [2021-08-13 23:31:31,342] {dag.py:2306} INFO - Setting next_dagrun for tutorial_etl_dag to None
[2021-08-13 23:31:31,393] {scheduler_job.py:189} INFO - Processing /home/airflow/.local/lib/python3.6/site-packages/airflow/example_dags/tutorial_etl_dag.py took 0.175 seconds
[2021-08-13 23:32:02,068] {scheduler_job.py:181} INFO - Started process (PID=262) to work on /home/airflow/.local/lib/python3.6/site-packages/airflow/example_dags/tutorial_etl_dag.py
[2021-08-13 23:32:02,069] {scheduler_job.py:632} INFO - Processing file /home/airflow/.local/lib/python3.6/site-packages/airflow/example_dags/tutorial_etl_dag.py for tasks to queue
[2021-08-13 23:32:02,070] {logging_mixin.py:104} INFO - [2021-08-13 23:32:02,070] {dagbag.py:496} INFO - Filling up the DagBag from /home/airflow/.local/lib/python3.6/site-packages/airflow/example_dags/tutorial_etl_dag.py
[2021-08-13 23:32:02,100] {scheduler_job.py:642} INFO - DAG(s) dict_keys(['tutorial_etl_dag']) retrieved from /home/airflow/.local/lib/python3.6/site-packages/airflow/example_dags/tutorial_etl_dag.py
[2021-08-13 23:32:02,141] {logging_mixin.py:104} INFO - [2021-08-13 23:32:02,141] {dag.py:1833} INFO - Sync 1 DAGs
[2021-08-13 23:32:02,165] {logging_mixin.py:104} INFO - [2021-08-13 23:32:02,165] {dag.py:2306} INFO - Setting next_dagrun for tutorial_etl_dag to None
[2021-08-13 23:32:02,197] {scheduler_job.py:189} INFO - Processing /home/airflow/.local/lib/python3.6/site-packages/airflow/example_dags/tutorial_etl_dag.py took 0.137 seconds
[2021-08-13 23:32:32,373] {scheduler_job.py:181} INFO - Started process (PID=315) to work on /home/airflow/.local/lib/python3.6/site-packages/airflow/example_dags/tutorial_etl_dag.py
[2021-08-13 23:32:32,374] {scheduler_job.py:632} INFO - Processing file /home/airflow/.local/lib/python3.6/site-packages/airflow/example_dags/tutorial_etl_dag.py for tasks to queue
[2021-08-13 23:32:32,375] {logging_mixin.py:104} INFO - [2021-08-13 23:32:32,375] {dagbag.py:496} INFO - Filling up the DagBag from /home/airflow/.local/lib/python3.6/site-packages/airflow/example_dags/tutorial_etl_dag.py
[2021-08-13 23:32:32,398] {scheduler_job.py:642} INFO - DAG(s) dict_keys(['tutorial_etl_dag']) retrieved from /home/airflow/.local/lib/python3.6/site-packages/airflow/example_dags/tutorial_etl_dag.py
[2021-08-13 23:32:32,421] {logging_mixin.py:104} INFO - [2021-08-13 23:32:32,421] {dag.py:1833} INFO - Sync 1 DAGs
[2021-08-13 23:32:32,438] {logging_mixin.py:104} INFO - [2021-08-13 23:32:32,438] {dag.py:2306} INFO - Setting next_dagrun for tutorial_etl_dag to None
[2021-08-13 23:32:32,451] {scheduler_job.py:189} INFO - Processing /home/airflow/.local/lib/python3.6/site-packages/airflow/example_dags/tutorial_etl_dag.py took 0.081 seconds
